2023-12-21 18:15:50,387 [INFO] Activator:176 - 


2023-12-21 18:15:50,396 [INFO] Activator:177 - !SESSION log4j initialized
2023-12-21 18:16:08,502 [INFO] LogOutputStream:77 - [STDOUT_REDIRECT] 
2023-12-21 18:16:19,826 [INFO] ApplicationProperties:184 - Using Application install path: C:\ST\STM32CubeIDE_1.13.2\STM32CubeIDE\plugins\com.st.stm32cube.common.mx_6.10.0.202311202037
2023-12-21 18:16:19,862 [INFO] DbMcusXml:78 - Set database path to: C:\ST\STM32CubeIDE_1.13.2\STM32CubeIDE\plugins\com.st.stm32cube.common.mx_6.10.0.202311202037\\db\/mcu/
2023-12-21 18:16:19,863 [INFO] ApiDb:274 - Set plugin database path to: C:\ST\STM32CubeIDE_1.13.2\STM32CubeIDE\plugins\com.st.stm32cube.common.mx_6.10.0.202311202037\\db\/plugins/boardmanager/
2023-12-21 18:16:19,863 [WARN] ApiDb:259 - Overriding images path with different value:  => C:\ST\STM32CubeIDE_1.13.2\STM32CubeIDE\plugins\com.st.stm32cube.common.mx_6.10.0.202311202037\\db\/plugins/mcufinder/images/
2023-12-21 18:16:19,944 [INFO] ApiDb:250 - Set database path to: C:\Users\Administrator\.stmcufinder\plugins\mcufinder//mcu/
2023-12-21 18:16:19,948 [INFO] DbMcusAds:125 - Set database path to: C:\Users\Administrator\.stmcufinder\plugins\mcufinder//mcu/
2023-12-21 18:16:19,992 [INFO] CrossReferenceDbSqlite:203 - Set database path to: C:\Users\Administrator\.stmcufinder\plugins\mcufinder//mcu/cs/
2023-12-21 18:16:20,253 [INFO] RulesReader:64 - Compatibility file has been processed (297 Rules)
2023-12-21 18:16:20,421 [INFO] DbMcusXml:78 - Set database path to: C:\ST\STM32CubeIDE_1.13.2\STM32CubeIDE\plugins\com.st.stm32cube.common.mx_6.10.0.202311202037\\db\/mcu/
2023-12-21 18:16:20,422 [INFO] ApiDb:274 - Set plugin database path to: C:\ST\STM32CubeIDE_1.13.2\STM32CubeIDE\plugins\com.st.stm32cube.common.mx_6.10.0.202311202037\\db\/plugins/boardmanager/
2023-12-21 18:16:20,422 [INFO] ApiDb:261 - Set plugin images path to: C:\ST\STM32CubeIDE_1.13.2\STM32CubeIDE\plugins\com.st.stm32cube.common.mx_6.10.0.202311202037\\db\/plugins/mcufinder/images/
2023-12-21 18:16:20,422 [WARN] DbFile:41 - Overriding database path with different value: C:\Users\Administrator\.stmcufinder\plugins\mcufinder/ => C:\Users\Administrator\.stmcufinder\plugins\mcufinder
2023-12-21 18:16:20,422 [INFO] ApiDb:250 - Set database path to: C:\Users\Administrator\.stmcufinder\plugins\mcufinder//mcu/
2023-12-21 18:16:20,422 [WARN] DbFile:41 - Overriding database path with different value: C:\Users\Administrator\.stmcufinder\plugins\mcufinder/ => C:\Users\Administrator\.stmcufinder\plugins\mcufinder
2023-12-21 18:16:20,422 [INFO] DbMcusAds:125 - Set database path to: C:\Users\Administrator\.stmcufinder\plugins\mcufinder//mcu/
2023-12-21 18:16:20,423 [WARN] DbFile:41 - Overriding database path with different value: C:\Users\Administrator\.stmcufinder\plugins\mcufinder/ => C:\Users\Administrator\.stmcufinder\plugins\mcufinder
2023-12-21 18:16:20,423 [WARN] DbFile:41 - Overriding database path with different value: C:\Users\Administrator\.stmcufinder\plugins\mcufinder/ => C:\Users\Administrator\.stmcufinder\plugins\mcufinder
2023-12-21 18:16:20,423 [INFO] CrossReferenceDbSqlite:203 - Set database path to: C:\Users\Administrator\.stmcufinder\plugins\mcufinder//mcu/cs/
2023-12-21 18:16:20,559 [INFO] MainPanel:264 - HeapMemory: 268435456
2023-12-21 18:16:20,719 [INFO] DbMcusXml:78 - Set database path to: C:\ST\STM32CubeIDE_1.13.2\STM32CubeIDE\plugins\com.st.stm32cube.common.mx_6.10.0.202311202037\\db\/mcu/
2023-12-21 18:16:20,719 [INFO] ApiDb:274 - Set plugin database path to: C:\ST\STM32CubeIDE_1.13.2\STM32CubeIDE\plugins\com.st.stm32cube.common.mx_6.10.0.202311202037\\db\/plugins/boardmanager/
2023-12-21 18:16:20,720 [INFO] ApiDb:261 - Set plugin images path to: C:\ST\STM32CubeIDE_1.13.2\STM32CubeIDE\plugins\com.st.stm32cube.common.mx_6.10.0.202311202037\\db\/plugins/mcufinder/images/
2023-12-21 18:16:20,720 [WARN] DbFile:41 - Overriding database path with different value: C:\Users\Administrator\.stmcufinder\plugins\mcufinder/ => C:\Users\Administrator\.stmcufinder\plugins\mcufinder
2023-12-21 18:16:20,720 [INFO] ApiDb:250 - Set database path to: C:\Users\Administrator\.stmcufinder\plugins\mcufinder//mcu/
2023-12-21 18:16:20,720 [WARN] DbFile:41 - Overriding database path with different value: C:\Users\Administrator\.stmcufinder\plugins\mcufinder/ => C:\Users\Administrator\.stmcufinder\plugins\mcufinder
2023-12-21 18:16:20,720 [INFO] DbMcusAds:125 - Set database path to: C:\Users\Administrator\.stmcufinder\plugins\mcufinder//mcu/
2023-12-21 18:16:20,721 [WARN] DbFile:41 - Overriding database path with different value: C:\Users\Administrator\.stmcufinder\plugins\mcufinder/ => C:\Users\Administrator\.stmcufinder\plugins\mcufinder
2023-12-21 18:16:20,721 [WARN] DbFile:41 - Overriding database path with different value: C:\Users\Administrator\.stmcufinder\plugins\mcufinder/ => C:\Users\Administrator\.stmcufinder\plugins\mcufinder
2023-12-21 18:16:20,721 [INFO] CrossReferenceDbSqlite:203 - Set database path to: C:\Users\Administrator\.stmcufinder\plugins\mcufinder//mcu/cs/
2023-12-21 18:16:20,751 [INFO] ApplicationProperties:184 - Using Application install path: C:\ST\STM32CubeIDE_1.13.2\STM32CubeIDE\plugins\com.st.stm32cube.common.mx_6.10.0.202311202037
2023-12-21 18:16:20,754 [INFO] PluginManage:196 - Search for loadable plugins [exclusion list=, ]
2023-12-21 18:16:20,756 [INFO] PluginManage:310 - Check plugin analytics
2023-12-21 18:16:30,583 [INFO] AnalyticsPlugin:253 - Accepted Software Licenses: 
2023-12-21 18:16:30,583 [INFO] AnalyticsPlugin:255 - Accepted CMSIS Pack Licenses: 
2023-12-21 18:16:30,583 [INFO] AnalyticsPlugin:257 - Accepted Firmware Licenses: FW.F4.1.28.0
2023-12-21 18:16:30,586 [INFO] PluginManage:359 - Loaded plugin analytics (category:tool,tabindex:-1)
2023-12-21 18:16:30,586 [INFO] PluginManage:310 - Check plugin cadmodel
2023-12-21 18:16:30,605 [INFO] CADModel:105 - Init CAD model plugin
2023-12-21 18:16:30,606 [INFO] PluginManage:359 - Loaded plugin cadmodel (category:power,tabindex:5)
2023-12-21 18:16:30,606 [INFO] PluginManage:310 - Check plugin clock
2023-12-21 18:16:30,638 [INFO] PluginManage:359 - Loaded plugin clock (category:base,tabindex:2)
2023-12-21 18:16:30,638 [INFO] PluginManage:310 - Check plugin ddr
2023-12-21 18:16:30,643 [INFO] PluginManage:359 - Loaded plugin ddr (category:tool,tabindex:6)
2023-12-21 18:16:30,643 [INFO] PluginManage:310 - Check plugin filemanager
2023-12-21 18:16:30,880 [INFO] PluginManage:359 - Loaded plugin filemanager (category:base,tabindex:10)
2023-12-21 18:16:30,880 [INFO] PluginManage:310 - Check plugin ipmanager
2023-12-21 18:16:30,894 [INFO] PluginManage:359 - Loaded plugin ipmanager (category:base,tabindex:5)
2023-12-21 18:16:30,895 [INFO] PluginManage:310 - Check plugin lpbam
2023-12-21 18:16:30,924 [INFO] PluginManage:359 - Loaded plugin lpbam (category:base,tabindex:0)
2023-12-21 18:16:30,925 [INFO] PluginManage:310 - Check plugin memorymap
2023-12-21 18:16:30,967 [INFO] PluginManage:359 - Loaded plugin memorymap (category:base,tabindex:4)
2023-12-21 18:16:30,968 [INFO] PluginManage:310 - Check plugin pinoutandconfiguration
2023-12-21 18:16:30,997 [INFO] PluginManage:359 - Loaded plugin pinoutandconfiguration (category:base,tabindex:1)
2023-12-21 18:16:30,998 [INFO] PluginManage:310 - Check plugin pinoutconfig
2023-12-21 18:16:31,181 [WARN] SupportedApi:132 - Cannot load RTOS API schema: s4s-elt-must-match.1: The content of 'definitions' must match (annotation?, (simpleType | complexType)?, (unique | key | keyref)*)). A problem was found starting at: attribute.
2023-12-21 18:16:31,474 [INFO] PluginManage:359 - Loaded plugin pinoutconfig (category:base,tabindex:0)
2023-12-21 18:16:31,474 [INFO] PluginManage:310 - Check plugin power
2023-12-21 18:16:31,509 [INFO] PluginManage:359 - Loaded plugin power (category:power,tabindex:4)
2023-12-21 18:16:31,509 [INFO] PluginManage:310 - Check plugin projectmanager
2023-12-21 18:16:31,538 [INFO] PluginManage:359 - Loaded plugin projectmanager (category:projectmanager,tabindex:3)
2023-12-21 18:16:31,538 [INFO] PluginManage:310 - Check plugin thirdparty
2023-12-21 18:16:31,999 [INFO] PluginManage:359 - Loaded plugin thirdparty (category:base,tabindex:-1)
2023-12-21 18:16:31,999 [WARN] IntegrityCheckThread:84 - waiting for thirdparty lock release [integrity check]
2023-12-21 18:16:31,999 [INFO] PluginManage:310 - Check plugin tools
2023-12-21 18:16:31,999 [INFO] IntegrityCheckThread:86 - entering critical section [integrity check]
2023-12-21 18:16:32,000 [INFO] ThirdPartyUpdaterWithRetryManager:70 - Updater plugin not ready yet. [1/15]
2023-12-21 18:16:32,045 [INFO] PluginManage:359 - Loaded plugin tools (category:base,tabindex:7)
2023-12-21 18:16:32,045 [INFO] PluginManage:310 - Check plugin tutovideos
2023-12-21 18:16:32,427 [INFO] PluginManage:359 - Loaded plugin tutovideos (category:base,tabindex:-1)
2023-12-21 18:16:32,427 [INFO] PluginManage:310 - Check plugin updater
2023-12-21 18:16:32,458 [INFO] PluginManage:359 - Loaded plugin updater (category:base,tabindex:12)
2023-12-21 18:16:32,458 [INFO] PluginManage:310 - Check plugin userauth
2023-12-21 18:16:32,468 [INFO] UserAuth:114 - Init User Auth plugin
2023-12-21 18:16:32,468 [INFO] PluginManage:359 - Loaded plugin userauth (category:base,tabindex:14)
2023-12-21 18:16:32,469 [INFO] PluginManage:283 - PluginManage : Loaded plugins [17]
2023-12-21 18:16:32,948 [INFO] PinOutPanel:1499 - setPackage(No Configuration,No Configuration)
2023-12-21 18:16:33,100 [INFO] CADModel:165 - CPN selected for project level
2023-12-21 18:16:33,100 [INFO] CADModel:114 - Register for checkConnection events
2023-12-21 18:16:33,152 [INFO] IPUIPlugin:80 - create IPUIPlugin
2023-12-21 18:16:33,152 [INFO] PluginManager:220 - loadIPPluginJar : add adc
2023-12-21 18:16:33,223 [INFO] IPUIPlugin:80 - create IPUIPlugin
2023-12-21 18:16:33,223 [INFO] PluginManager:220 - loadIPPluginJar : add aes
2023-12-21 18:16:33,297 [INFO] IPUIPlugin:80 - create IPUIPlugin
2023-12-21 18:16:33,297 [INFO] PluginManager:220 - loadIPPluginJar : add can
2023-12-21 18:16:33,339 [INFO] IPUIPlugin:80 - create IPUIPlugin
2023-12-21 18:16:33,339 [INFO] PluginManager:220 - loadIPPluginJar : add comp
2023-12-21 18:16:33,387 [INFO] IPUIPlugin:80 - create IPUIPlugin
2023-12-21 18:16:33,387 [INFO] PluginManager:220 - loadIPPluginJar : add cryp
2023-12-21 18:16:33,420 [INFO] IPUIPlugin:80 - create IPUIPlugin
2023-12-21 18:16:33,420 [INFO] PluginManager:220 - loadIPPluginJar : add dfsdm
2023-12-21 18:16:33,442 [INFO] IPUIPlugin:80 - create IPUIPlugin
2023-12-21 18:16:33,443 [INFO] PluginManager:220 - loadIPPluginJar : add dma
2023-12-21 18:16:33,500 [INFO] IPUIPlugin:80 - create IPUIPlugin
2023-12-21 18:16:33,501 [INFO] PluginManager:220 - loadIPPluginJar : add dma3
2023-12-21 18:16:33,529 [INFO] IPUIPlugin:80 - create IPUIPlugin
2023-12-21 18:16:33,529 [INFO] PluginManager:220 - loadIPPluginJar : add fatfs
2023-12-21 18:16:33,589 [INFO] IPUIPlugin:80 - create IPUIPlugin
2023-12-21 18:16:33,589 [INFO] PluginManager:220 - loadIPPluginJar : add fmc
2023-12-21 18:16:33,610 [INFO] IPUIPlugin:80 - create IPUIPlugin
2023-12-21 18:16:33,610 [INFO] PluginManager:220 - loadIPPluginJar : add freertos
2023-12-21 18:16:33,633 [INFO] IPUIPlugin:80 - create IPUIPlugin
2023-12-21 18:16:33,633 [INFO] PluginManager:220 - loadIPPluginJar : add genericplugin
2023-12-21 18:16:33,749 [INFO] IPUIPlugin:80 - create IPUIPlugin
2023-12-21 18:16:33,749 [INFO] PluginManager:220 - loadIPPluginJar : add gfxmmu
2023-12-21 18:16:33,932 [INFO] IPUIPlugin:80 - create IPUIPlugin
2023-12-21 18:16:33,932 [INFO] PluginManager:220 - loadIPPluginJar : add gic
2023-12-21 18:16:33,952 [INFO] IPUIPlugin:80 - create IPUIPlugin
2023-12-21 18:16:33,952 [INFO] PluginManager:220 - loadIPPluginJar : add gpio
2023-12-21 18:16:34,098 [INFO] IPUIPlugin:80 - create IPUIPlugin
2023-12-21 18:16:34,098 [INFO] PluginManager:220 - loadIPPluginJar : add gtzc
2023-12-21 18:16:34,162 [INFO] IPUIPlugin:80 - create IPUIPlugin
2023-12-21 18:16:34,162 [INFO] PluginManager:220 - loadIPPluginJar : add hash
2023-12-21 18:16:34,255 [INFO] IPUIPlugin:80 - create IPUIPlugin
2023-12-21 18:16:34,255 [INFO] PluginManager:220 - loadIPPluginJar : add i2c
2023-12-21 18:16:34,314 [INFO] IPUIPlugin:80 - create IPUIPlugin
2023-12-21 18:16:34,314 [INFO] PluginManager:220 - loadIPPluginJar : add i2s
2023-12-21 18:16:34,368 [INFO] IPUIPlugin:80 - create IPUIPlugin
2023-12-21 18:16:34,368 [INFO] PluginManager:220 - loadIPPluginJar : add i3c
2023-12-21 18:16:34,505 [INFO] IPUIPlugin:80 - create IPUIPlugin
2023-12-21 18:16:34,505 [INFO] PluginManager:220 - loadIPPluginJar : add ipddr
2023-12-21 18:16:34,658 [INFO] IPUIPlugin:80 - create IPUIPlugin
2023-12-21 18:16:34,659 [INFO] PluginManager:220 - loadIPPluginJar : add linkedlist
2023-12-21 18:16:34,726 [INFO] IPUIPlugin:80 - create IPUIPlugin
2023-12-21 18:16:34,726 [INFO] PluginManager:220 - loadIPPluginJar : add lorawan
2023-12-21 18:16:34,784 [INFO] IPUIPlugin:80 - create IPUIPlugin
2023-12-21 18:16:34,785 [INFO] PluginManager:220 - loadIPPluginJar : add ltdc
2023-12-21 18:16:34,806 [INFO] IPUIPlugin:80 - create IPUIPlugin
2023-12-21 18:16:34,807 [INFO] PluginManager:220 - loadIPPluginJar : add mdma
2023-12-21 18:16:34,824 [INFO] IPUIPlugin:80 - create IPUIPlugin
2023-12-21 18:16:34,824 [INFO] PluginManager:220 - loadIPPluginJar : add nvic
2023-12-21 18:16:34,868 [INFO] IPUIPlugin:80 - create IPUIPlugin
2023-12-21 18:16:34,868 [INFO] PluginManager:220 - loadIPPluginJar : add opamp
2023-12-21 18:16:35,007 [INFO] ThirdPartyUpdaterWithRetryManager:70 - Updater plugin not ready yet. [2/15]
2023-12-21 18:16:35,011 [INFO] IPUIPlugin:80 - create IPUIPlugin
2023-12-21 18:16:35,012 [INFO] PluginManager:220 - loadIPPluginJar : add openamp
2023-12-21 18:16:35,114 [INFO] IPUIPlugin:80 - create IPUIPlugin
2023-12-21 18:16:35,115 [INFO] PluginManager:220 - loadIPPluginJar : add pdm2pcm
2023-12-21 18:16:35,136 [INFO] IPUIPlugin:80 - create IPUIPlugin
2023-12-21 18:16:35,139 [INFO] PluginManager:220 - loadIPPluginJar : add plateformsettings
2023-12-21 18:16:35,170 [INFO] IPUIPlugin:80 - create IPUIPlugin
2023-12-21 18:16:35,170 [INFO] PluginManager:220 - loadIPPluginJar : add quadspi
2023-12-21 18:16:35,188 [INFO] IPUIPlugin:80 - create IPUIPlugin
2023-12-21 18:16:35,188 [INFO] PluginManager:220 - loadIPPluginJar : add resmgrutility
2023-12-21 18:16:35,260 [INFO] IPUIPlugin:80 - create IPUIPlugin
2023-12-21 18:16:35,260 [INFO] PluginManager:220 - loadIPPluginJar : add sai
2023-12-21 18:16:35,312 [INFO] IPUIPlugin:80 - create IPUIPlugin
2023-12-21 18:16:35,312 [INFO] PluginManager:220 - loadIPPluginJar : add spi
2023-12-21 18:16:35,415 [INFO] IPUIPlugin:80 - create IPUIPlugin
2023-12-21 18:16:35,415 [INFO] PluginManager:220 - loadIPPluginJar : add stm32_wpan
2023-12-21 18:16:35,455 [INFO] IPUIPlugin:80 - create IPUIPlugin
2023-12-21 18:16:35,455 [INFO] PluginManager:220 - loadIPPluginJar : add tim
2023-12-21 18:16:35,544 [INFO] IPUIPlugin:80 - create IPUIPlugin
2023-12-21 18:16:35,544 [INFO] PluginManager:220 - loadIPPluginJar : add touchsensing
2023-12-21 18:16:35,571 [INFO] IPUIPlugin:80 - create IPUIPlugin
2023-12-21 18:16:35,572 [INFO] PluginManager:220 - loadIPPluginJar : add tracer_emb
2023-12-21 18:16:35,600 [INFO] IPUIPlugin:80 - create IPUIPlugin
2023-12-21 18:16:35,601 [INFO] PluginManager:220 - loadIPPluginJar : add ts
2023-12-21 18:16:35,625 [INFO] IPUIPlugin:80 - create IPUIPlugin
2023-12-21 18:16:35,625 [INFO] PluginManager:220 - loadIPPluginJar : add tsc
2023-12-21 18:16:35,656 [INFO] IPUIPlugin:80 - create IPUIPlugin
2023-12-21 18:16:35,656 [INFO] PluginManager:220 - loadIPPluginJar : add ucpd
2023-12-21 18:16:35,715 [INFO] IPUIPlugin:80 - create IPUIPlugin
2023-12-21 18:16:35,715 [INFO] PluginManager:220 - loadIPPluginJar : add usart
2023-12-21 18:16:35,784 [INFO] IPUIPlugin:80 - create IPUIPlugin
2023-12-21 18:16:35,784 [INFO] PluginManager:220 - loadIPPluginJar : add usbx
2023-12-21 18:16:36,023 [INFO] CADModel:165 - CPN selected for project level
2023-12-21 18:16:36,024 [INFO] CADModel:114 - Register for checkConnection events
2023-12-21 18:16:36,025 [FATAL] Updater:308 - Updater called before beeing initialized
2023-12-21 18:16:36,025 [ERROR] CADModel:125 - Updater not yet initialized, retry later 
2023-12-21 18:16:36,356 [INFO] CADModel:165 - CPN selected for project level
2023-12-21 18:16:36,357 [INFO] CADModel:114 - Register for checkConnection events
2023-12-21 18:16:36,357 [FATAL] Updater:308 - Updater called before beeing initialized
2023-12-21 18:16:36,357 [ERROR] CADModel:125 - Updater not yet initialized, retry later 
2023-12-21 18:16:36,364 [FATAL] Updater:308 - Updater called before beeing initialized
2023-12-21 18:16:36,572 [FATAL] Updater:308 - Updater called before beeing initialized
2023-12-21 18:16:36,584 [INFO] DbMcusAds:53 - JSON generation date=Wed Nov 29 16:22:38 IST 2023 (1701255158764)
2023-12-21 18:16:36,585 [FATAL] Updater:308 - Updater called before beeing initialized
2023-12-21 18:16:36,741 [WARN] DetailPanel:346 - Failed to get advertising image, set to default
2023-12-21 18:16:36,880 [FATAL] Updater:308 - Updater called before beeing initialized
2023-12-21 18:16:36,884 [FATAL] Updater:308 - Updater called before beeing initialized
2023-12-21 18:16:36,884 [FATAL] Updater:308 - Updater called before beeing initialized
2023-12-21 18:16:36,884 [WARN] DetailPanel:346 - Failed to get advertising image, set to default
2023-12-21 18:16:36,886 [FATAL] Updater:308 - Updater called before beeing initialized
2023-12-21 18:16:36,978 [ERROR] Updater:1120 - MainUpdater not yet initialized. External WinMGr cannot be set.
2023-12-21 18:16:36,991 [INFO] Updater:1056 - Updater Version found : 6.10.0
2023-12-21 18:16:37,024 [INFO] ApplicationProperties:184 - Using Application install path: C:\ST\STM32CubeIDE_1.13.2\STM32CubeIDE\plugins\com.st.stm32cube.common.mx_6.10.0.202311202037
2023-12-21 18:16:38,018 [INFO] ThirdPartyUpdaterWithRetryManager:70 - Updater plugin not ready yet. [3/15]
2023-12-21 18:16:38,662 [ERROR] LogOutputStream:75 - [STDERR_REDIRECT] Dec 21, 2023 6:16:38 PM java.util.prefs.WindowsPreferences <init>
2023-12-21 18:16:38,668 [ERROR] LogOutputStream:75 - [STDERR_REDIRECT] WARNING: Could not open/create prefs root node Software\JavaSoft\Prefs at root 0xffffffff80000002. Windows RegCreateKeyEx(...) returned error code 5.
2023-12-21 18:16:38,668 [ERROR] LogOutputStream:75 - [STDERR_REDIRECT] 
2023-12-21 18:16:39,331 [INFO] MainUpdater:2873 - connection check result : 10
2023-12-21 18:16:39,333 [INFO] MainUpdater:290 - Updater Check For Update Now.
2023-12-21 18:16:39,333 [INFO] MicroXplorer:498 - Change Database Version : DB.6.0.100
2023-12-21 18:16:39,363 [INFO] McuFinderGlobals:63 - Set McuFinder mode to 2 (CubeIDE integrated)
2023-12-21 18:16:39,644 [INFO] CheckServerUpdateThread:120 - End of CheckServer Thread
2023-12-21 18:16:39,755 [INFO] UserAuth:404 - Internet connection configuration mode: 1
2023-12-21 18:16:39,794 [INFO] JxBrowserEngine:152 - Initiate JxBrowser Engine with user profile folder
2023-12-21 18:16:41,280 [WARN] PackLoader:240 - Cannot read IP mode file for STMicroelectronics.X-CUBE-SMBUS.2.1.0
2023-12-21 18:16:41,297 [WARN] PackLoader:240 - Cannot read IP mode file for STMicroelectronics.X-CUBE-TOUCHGFX.4.23.0
2023-12-21 18:16:41,357 [WARN] PackLoader:240 - Cannot read IP mode file for STMicroelectronics.X-CUBE-AZRTOS-F7.1.1.0
2023-12-21 18:16:41,381 [WARN] PackLoader:240 - Cannot read IP mode file for STMicroelectronics.FP-SNS-MOTENV1.4.3.2
2023-12-21 18:16:41,401 [WARN] PackLoader:240 - Cannot read IP mode file for STMicroelectronics.FP-SNS-FLIGHT1.5.0.2
2023-12-21 18:16:41,425 [WARN] PackLoader:240 - Cannot read IP mode file for STMicroelectronics.X-CUBE-DISPLAY.3.0.0
2023-12-21 18:16:41,468 [WARN] PackLoader:240 - Cannot read IP mode file for STMicroelectronics.X-CUBE-BLE1.7.0.0
2023-12-21 18:16:41,486 [WARN] PackLoader:240 - Cannot read IP mode file for emotas.I-CUBE-CANOPEN.1.3.0
2023-12-21 18:16:41,500 [WARN] PackLoader:240 - Cannot read IP mode file for STMicroelectronics.X-CUBE-TOUCHGFX.4.22.1
2023-12-21 18:16:41,518 [WARN] PackLoader:240 - Cannot read IP mode file for STMicroelectronics.FP-SNS-SMARTAG2.1.2.0
2023-12-21 18:16:41,546 [INFO] LogOutputStream:77 - [STDOUT_REDIRECT] 1 : Invalid condition id : UX_CORESTACK_Condition cause : null
2023-12-21 18:16:41,547 [INFO] LogOutputStream:77 - [STDOUT_REDIRECT] 1 : Invalid condition id : UX_CORESTACK_Condition cause : null
2023-12-21 18:16:41,549 [INFO] LogOutputStream:77 - [STDOUT_REDIRECT] 1 : Invalid condition id : UX_CORESTACK_Condition cause : null
2023-12-21 18:16:41,552 [INFO] LogOutputStream:77 - [STDOUT_REDIRECT] 1 : Invalid condition id : UX_CORESTACK_Condition cause : null
2023-12-21 18:16:41,553 [INFO] LogOutputStream:77 - [STDOUT_REDIRECT] 1 : Invalid condition id : UX_CORESTACK_Condition cause : null
2023-12-21 18:16:41,561 [WARN] PackLoader:240 - Cannot read IP mode file for STMicroelectronics.X-CUBE-AZRTOS-WL.2.0.0
2023-12-21 18:16:41,587 [WARN] PackLoader:240 - Cannot read IP mode file for WES.I-CUBE-Cesium.1.3.0
2023-12-21 18:16:41,607 [WARN] PackLoader:240 - Cannot read IP mode file for STMicroelectronics.X-CUBE-BLE2.3.3.0
2023-12-21 18:16:41,628 [WARN] PackLoader:240 - Cannot read IP mode file for STMicroelectronics.X-CUBE-ALGOBUILD.1.3.0
2023-12-21 18:16:41,694 [WARN] PackLoader:240 - Cannot read IP mode file for STMicroelectronics.X-CUBE-AZRTOS-G0.1.1.0
2023-12-21 18:16:41,718 [WARN] PackLoader:240 - Cannot read IP mode file for STMicroelectronics.X-CUBE-NFC4.3.0.0
2023-12-21 18:16:41,745 [WARN] PackLoader:240 - Cannot read IP mode file for STMicroelectronics.X-CUBE-BLEMGR.3.0.0
2023-12-21 18:16:41,762 [WARN] PackLoader:240 - Cannot read IP mode file for STMicroelectronics.FP-ATR-SIGFOX1.3.2.0
2023-12-21 18:16:41,781 [WARN] PackLoader:240 - Cannot read IP mode file for STMicroelectronics.X-CUBE-GNSS1.6.0.0
2023-12-21 18:16:41,829 [WARN] PackLoader:240 - Cannot read IP mode file for STMicroelectronics.X-CUBE-AZRTOS-F4.1.1.0
2023-12-21 18:16:41,854 [WARN] PackLoader:240 - Cannot read IP mode file for wolfSSL.I-CUBE-wolfSSL.5.6.3
2023-12-21 18:16:41,903 [WARN] PackLoader:240 - Cannot read IP mode file for STMicroelectronics.X-CUBE-AZRTOS-L5.2.0.0
2023-12-21 18:16:41,927 [WARN] PackLoader:240 - Cannot read IP mode file for STMicroelectronics.X-CUBE-EEPRMA1.4.2.0
2023-12-21 18:16:41,943 [WARN] PackLoader:240 - Cannot read IP mode file for ITTIA_DB.I-CUBE-ITTIADB.8.8.0
2023-12-21 18:16:41,962 [WARN] PackLoader:240 - Cannot read IP mode file for STMicroelectronics.X-CUBE-BLEMGR.2.0.0
2023-12-21 18:16:41,999 [WARN] ConditionMgr:438 - getConditionDescription Invalid condition id : UX DEVICE CLASS RTOS Condition cause : null
2023-12-21 18:16:41,999 [WARN] ConditionMgr:438 - getConditionDescription Invalid condition id : UX DEVICE CLASS RTOS Condition cause : null
2023-12-21 18:16:42,004 [WARN] PackLoader:240 - Cannot read IP mode file for STMicroelectronics.X-CUBE-AZRTOS-H7.3.1.0
2023-12-21 18:16:42,005 [WARN] ConditionMgr:1039 - genDependencies : Invalid condition id : UX DEVICE CLASS RTOS Condition cause : null
2023-12-21 18:16:42,006 [WARN] ConditionMgr:1039 - genDependencies : Invalid condition id : UX DEVICE CLASS RTOS Condition cause : null
2023-12-21 18:16:42,006 [WARN] ConditionMgr:1039 - genDependencies : Invalid condition id : UX DEVICE CLASS RTOS Condition cause : null
2023-12-21 18:16:42,007 [WARN] ConditionMgr:1039 - genDependencies : Invalid condition id : UX DEVICE CLASS RTOS Condition cause : null
2023-12-21 18:16:42,007 [WARN] ConditionMgr:1039 - genDependencies : Invalid condition id : UX DEVICE CLASS RTOS Condition cause : null
2023-12-21 18:16:42,029 [WARN] PackLoader:240 - Cannot read IP mode file for STMicroelectronics.X-CUBE-NFC7.1.0.1
2023-12-21 18:16:42,060 [WARN] PackLoader:240 - Cannot read IP mode file for STMicroelectronics.X-CUBE-NFC6.3.0.0
2023-12-21 18:16:42,083 [WARN] PackLoader:240 - Cannot read IP mode file for STMicroelectronics.X-CUBE-AI.8.1.0
2023-12-21 18:16:42,133 [WARN] ConditionMgr:438 - getConditionDescription Invalid condition id : LAN8742 Phy interface Condition cause : null
2023-12-21 18:16:42,134 [WARN] PackLoader:240 - Cannot read IP mode file for STMicroelectronics.X-CUBE-AZRTOS-L4.2.0.0
2023-12-21 18:16:42,135 [WARN] ConditionMgr:1039 - genDependencies : Invalid condition id : LAN8742 Phy interface Condition cause : null
2023-12-21 18:16:42,136 [WARN] ConditionMgr:1039 - genDependencies : Invalid condition id : LAN8742 Phy interface Condition cause : null
2023-12-21 18:16:42,136 [WARN] ConditionMgr:1039 - genDependencies : Invalid condition id : LAN8742 Phy interface Condition cause : null
2023-12-21 18:16:42,160 [WARN] PackLoader:240 - Cannot read IP mode file for STMicroelectronics.X-CUBE-SFXS2LP1.4.0.0
2023-12-21 18:16:42,180 [WARN] PackLoader:240 - Cannot read IP mode file for STMicroelectronics.X-CUBE-ISPU.1.1.0
2023-12-21 18:16:42,230 [WARN] ConditionMgr:438 - getConditionDescription Invalid condition id : UX DEVICE CLASS RTOS Condition cause : null
2023-12-21 18:16:42,230 [WARN] ConditionMgr:438 - getConditionDescription Invalid condition id : UX DEVICE CLASS RTOS Condition cause : null
2023-12-21 18:16:42,234 [WARN] PackLoader:240 - Cannot read IP mode file for STMicroelectronics.X-CUBE-AZRTOS-WB.2.0.0
2023-12-21 18:16:42,235 [WARN] ConditionMgr:1039 - genDependencies : Invalid condition id : UX DEVICE CLASS RTOS Condition cause : null
2023-12-21 18:16:42,235 [WARN] ConditionMgr:1039 - genDependencies : Invalid condition id : UX DEVICE CLASS RTOS Condition cause : null
2023-12-21 18:16:42,236 [WARN] ConditionMgr:1039 - genDependencies : Invalid condition id : UX DEVICE CLASS RTOS Condition cause : null
2023-12-21 18:16:42,237 [WARN] ConditionMgr:1039 - genDependencies : Invalid condition id : UX DEVICE CLASS RTOS Condition cause : null
2023-12-21 18:16:42,237 [WARN] ConditionMgr:1039 - genDependencies : Invalid condition id : UX DEVICE CLASS RTOS Condition cause : null
2023-12-21 18:16:42,271 [WARN] PackLoader:240 - Cannot read IP mode file for STMicroelectronics.X-CUBE-SUBG2.5.0.0
2023-12-21 18:16:42,318 [WARN] PackLoader:240 - Cannot read IP mode file for STMicroelectronics.X-CUBE-TOF1.3.3.1
2023-12-21 18:16:42,384 [WARN] PackLoader:240 - Cannot read IP mode file for STMicroelectronics.X-CUBE-AZRTOS-G4.2.0.0
2023-12-21 18:16:42,428 [WARN] PackLoader:240 - Cannot read IP mode file for Infineon.AIROC-Wi-Fi-Bluetooth-STM32.1.5.1
2023-12-21 18:16:42,456 [WARN] PackLoader:240 - Cannot read IP mode file for STMicroelectronics.FP-SNS-MOTENVWB1.1.3.0
2023-12-21 18:16:42,476 [WARN] PackLoader:240 - Cannot read IP mode file for STMicroelectronics.FP-SNS-MOTENVWB1.1.3.1
2023-12-21 18:16:42,493 [WARN] PackLoader:240 - Cannot read IP mode file for STMicroelectronics.X-CUBE-ISPU.2.0.0
2023-12-21 18:16:42,577 [WARN] PackLoader:240 - Cannot read IP mode file for STMicroelectronics.X-CUBE-MEMS1.10.0.0
2023-12-21 18:16:42,800 [WARN] PackLoader:240 - Cannot read IP mode file for STMicroelectronics.X-CUBE-FREERTOS.1.1.0
2023-12-21 18:16:42,822 [WARN] PackLoader:240 - Cannot read IP mode file for portGmbH.I-Cube-SoM-uGOAL.1.1.0
2023-12-21 18:16:42,843 [WARN] PackLoader:240 - Cannot read IP mode file for STMicroelectronics.X-CUBE-ALS.1.0.1
2023-12-21 18:16:42,862 [WARN] PackLoader:240 - Cannot read IP mode file for STMicroelectronics.FP-ATR-ASTRA1.2.0.0
2023-12-21 18:16:42,923 [WARN] PackLoader:240 - Cannot read IP mode file for STMicroelectronics.X-CUBE-TOF1.3.4.0
2023-12-21 18:16:43,020 [WARN] PackLoader:240 - Cannot read IP mode file for STMicroelectronics.X-CUBE-AZRTOS-H7.3.2.0
2023-12-21 18:16:43,027 [INFO] ThirdParty:978 - Integrity check success = true
2023-12-21 18:16:43,027 [INFO] IntegrityCheckThread:100 - exiting critical section [integrity check]
2023-12-21 18:16:43,028 [INFO] IntegrityCheckThread:103 - End integrity checks thread
2023-12-21 18:16:44,562 [INFO] WebApp:161 - Instantiating new browser for Auth
2023-12-21 18:16:45,435 [INFO] WebApp:780 - Register for checkConnection events
2023-12-21 18:16:45,435 [INFO] WebApp:414 - Apply proxy settings
2023-12-21 18:16:45,435 [INFO] WebApp:499 - Chromium requires no authentication
2023-12-21 18:16:45,446 [INFO] WebApp:442 - Direct internet connection detected
2023-12-21 18:16:45,684 [INFO] WebApp:192 - Starting web application
2023-12-21 18:16:45,685 [INFO] WebApp:544 - Web application path used C:\ST\STM32CubeIDE_1.13.2\STM32CubeIDE\plugins\com.st.stm32cube.common.mx_6.10.0.202311202037\db\plugins\mcufinder\reactClient1\index.html
2023-12-21 18:17:07,126 [ERROR] LogOutputStream:75 - [STDERR_REDIRECT] SLF4J: Failed to load class "org.slf4j.impl.StaticLoggerBinder".
2023-12-21 18:17:07,128 [ERROR] LogOutputStream:75 - [STDERR_REDIRECT] SLF4J: Defaulting to no-operation (NOP) logger implementation
2023-12-21 18:17:07,130 [ERROR] LogOutputStream:75 - [STDERR_REDIRECT] SLF4J: See http://www.slf4j.org/codes.html#StaticLoggerBinder for further details.
2023-12-21 18:17:37,016 [INFO] McuFinderGlobals:63 - Set McuFinder mode to 2 (CubeIDE integrated)
2023-12-21 18:17:37,048 [INFO] MainUpdater:2873 - connection check result : 10
2023-12-21 18:17:37,057 [INFO] MainUpdater:2873 - connection check result : 10
2023-12-21 18:17:37,346 [INFO] MicroXplorer:468 - Change Database Path : 
2023-12-21 18:17:37,346 [INFO] MicroXplorer:498 - Change Database Version : DB.6.0.100
2023-12-21 18:17:37,352 [WARN] ThirdParty:871 - waiting for thirdparty lock release [close project]
2023-12-21 18:17:37,352 [INFO] ThirdParty:873 - entering critical section [close project]
2023-12-21 18:17:37,353 [INFO] ThirdParty:883 - exiting critical section [close project]
2023-12-21 18:17:37,356 [INFO] PinOutPanel:1499 - setPackage(No Configuration,No Configuration)
2023-12-21 18:17:37,362 [INFO] UtilMem:75 - Begin LoadConfig() Used Memory: 333949368 Bytes (513802240)
2023-12-21 18:17:37,364 [INFO] MicroXplorer:468 - Change Database Path : 
2023-12-21 18:17:37,364 [INFO] MicroXplorer:498 - Change Database Version : DB.6.0.100
2023-12-21 18:17:37,364 [INFO] OpenFileManager:312 - Change cursor
2023-12-21 18:17:37,449 [INFO] Mcu:2016 - Initializing MCU STM32F446R(C-E)Tx STM32F446RETx STM32F446RET6
2023-12-21 18:17:41,181 [INFO] Context:659 - Trying to add GPIOservice into a context  which must be forbidden
2023-12-21 18:17:43,130 [INFO] RtosManager:555 - Registered RTOS mode: class=CMSIS, group=RTOS, mode=CMSIS_V1, owner=FREERTOS
2023-12-21 18:17:43,131 [INFO] RtosManager:555 - Registered RTOS mode: class=CMSIS, group=RTOS2, mode=CMSIS_V2, owner=FREERTOS
2023-12-21 18:17:43,131 [INFO] RtosManager:555 - Registered RTOS mode: class=RTOS, group=Core, mode=CMSIS_V1, owner=FREERTOS
2023-12-21 18:17:43,131 [INFO] RtosManager:555 - Registered RTOS mode: class=RTOS, group=Core, mode=CMSIS_V2, owner=FREERTOS
2023-12-21 18:17:43,131 [WARN] ModelIntegratedComponent:184 - Missing modes for component STMicroelectronics:FreeRTOS:0.0.1:STMicroelectronics:RTOS:FreeRTOS:Core:::10.2.0:
2023-12-21 18:17:43,169 [WARN] ModelIntegratedComponent:63 - No mode defined for component null
2023-12-21 18:17:43,169 [WARN] ModelIntegratedComponent:63 - No mode defined for component null
2023-12-21 18:17:43,169 [WARN] ModelIntegratedComponent:63 - No mode defined for component null
2023-12-21 18:17:43,169 [WARN] ModelIntegratedComponent:63 - No mode defined for component null
2023-12-21 18:17:43,169 [WARN] ModelIntegratedComponent:63 - No mode defined for component null
2023-12-21 18:17:43,169 [WARN] ModelIntegratedComponent:63 - No mode defined for component null
2023-12-21 18:17:43,169 [WARN] ModelIntegratedComponent:63 - No mode defined for component null
2023-12-21 18:17:43,170 [WARN] ModelIntegratedComponent:63 - No mode defined for component null
2023-12-21 18:17:43,170 [WARN] ModelIntegratedComponent:63 - No mode defined for component null
2023-12-21 18:17:43,170 [WARN] ModelIntegratedComponent:63 - No mode defined for component null
2023-12-21 18:17:43,170 [WARN] ModelIntegratedComponent:63 - No mode defined for component null
2023-12-21 18:17:43,170 [WARN] ModelIntegratedComponent:63 - No mode defined for component null
2023-12-21 18:17:43,170 [WARN] ModelIntegratedComponent:63 - No mode defined for component null
2023-12-21 18:17:43,170 [WARN] ModelIntegratedComponent:63 - No mode defined for component null
2023-12-21 18:17:43,170 [WARN] ModelIntegratedComponent:63 - No mode defined for component null
2023-12-21 18:17:43,170 [WARN] ModelIntegratedComponent:63 - No mode defined for component null
2023-12-21 18:17:43,170 [WARN] ModelIntegratedComponent:63 - No mode defined for component null
2023-12-21 18:17:43,170 [WARN] ModelIntegratedComponent:63 - No mode defined for component null
2023-12-21 18:17:43,170 [WARN] ModelIntegratedComponent:63 - No mode defined for component null
2023-12-21 18:17:43,170 [WARN] ModelIntegratedComponent:63 - No mode defined for component null
2023-12-21 18:17:43,170 [WARN] ModelIntegratedComponent:63 - No mode defined for component null
2023-12-21 18:17:43,170 [WARN] ModelIntegratedComponent:63 - No mode defined for component null
2023-12-21 18:17:43,171 [WARN] ModelIntegratedComponent:63 - No mode defined for component null
2023-12-21 18:17:43,171 [WARN] ModelIntegratedComponent:63 - No mode defined for component null
2023-12-21 18:17:43,171 [WARN] ModelIntegratedComponent:63 - No mode defined for component null
2023-12-21 18:17:43,171 [WARN] ModelIntegratedComponent:63 - No mode defined for component null
2023-12-21 18:17:43,171 [WARN] ModelIntegratedComponent:63 - No mode defined for component null
2023-12-21 18:17:43,171 [WARN] ModelIntegratedComponent:63 - No mode defined for component null
2023-12-21 18:17:43,171 [WARN] ModelIntegratedComponent:63 - No mode defined for component null
2023-12-21 18:17:43,171 [WARN] ModelIntegratedComponent:63 - No mode defined for component null
2023-12-21 18:17:43,171 [WARN] ModelIntegratedComponent:63 - No mode defined for component null
2023-12-21 18:17:43,171 [WARN] ModelIntegratedComponent:63 - No mode defined for component null
2023-12-21 18:17:43,171 [WARN] ModelIntegratedComponent:63 - No mode defined for component null
2023-12-21 18:17:43,412 [INFO] ThirdPartyModel:298 - Start build external matchings
2023-12-21 18:17:43,889 [INFO] ThirdPartyModel:316 - End build external matchings
2023-12-21 18:17:43,905 [INFO] ImportTextPane:194 - (OptionalMessage_ERROR) IP (RCC) : Invalid parameter (FamilyName)
2023-12-21 18:17:43,906 [INFO] ImportTextPane:194 - (OptionalMessage_ERROR) IP (RCC) : Parameter (PLLQCLKFreq_Value) has invalid value (96000000)
2023-12-21 18:17:43,906 [INFO] ImportTextPane:194 - (OptionalMessage_ERROR) IP (RCC) : Parameter (PLLSourceVirtual) has invalid value (RCC_PLLSOURCE_HSI)
2023-12-21 18:17:43,906 [INFO] ImportTextPane:194 - (OptionalMessage_ERROR) IP (RCC) : Parameter (SDIOFreq_Value) has invalid value (96000000)
2023-12-21 18:17:43,907 [INFO] ImportTextPane:194 - (OptionalMessage_ERROR) IP (RCC) : Parameter (USBFreq_Value) has invalid value (96000000)
2023-12-21 18:17:44,426 [INFO] UtilMem:75 - End LoadConfig() Used Memory: 448668896 Bytes (767557632)
2023-12-21 18:17:44,829 [INFO] ApiDb:581 - Connected to CubeFinder SQLite database (C:\Users\Administrator\.stmcufinder\plugins\mcufinder\mcu\cube-finder-db.db)
2023-12-21 18:17:45,096 [INFO] ApiDb:668 - CubeFinder database Data Model version=2.1
2023-12-21 18:17:45,097 [INFO] ApiDb:669 - CubeFinder database Configuration version=3.0.39
2023-12-21 18:17:45,097 [INFO] ApiDb:670 - CubeFinder database generation date=2023-11-06 (1699269565)
2023-12-21 18:17:45,097 [INFO] ApiDb:671 - CubeFinder database FW Pack versions=[FP-ATR-ASTRA1_V2.0.0, FP-SNS-FLIGHT1_V5.0.1, FP-SNS-FLIGHT1_V5.0.2, FP-SNS-MOTENV1_V4.3.1, FP-SNS-MOTENV1_V4.3.2, FP-SNS-MOTENVWB1_V1.3.0, FP-SNS-SMARTAG2_V1.2.0, STM32Cube_FW_C0_V1.1.0, STM32Cube_FW_F4_V1.28.0, STM32Cube_FW_F7_V1.17.0, STM32Cube_FW_G0_V1.6.1, STM32Cube_FW_G4_V1.5.1, STM32Cube_FW_H5_V0.5.1, STM32Cube_FW_H5_V1.1.1, STM32Cube_FW_H5_V1.2.0RC2, STM32Cube_FW_H7_V1.11.0, STM32Cube_FW_L0_V1.12.2, STM32Cube_FW_L5_V1.5.0, STM32Cube_FW_U5_V1.3.0RC4, STM32Cube_FW_U5_V1.4.0, STM32Cube_FW_WBA_V1.0.0RC1, STM32Cube_FW_WBA_V1.1.0RC1, STM32Cube_FW_WBA_V1.2.0, STM32Cube_FW_WBA_V1.2.0RC2, STM32Cube_FW_WB_V1.15.0RC1, STM32Cube_FW_WB_V1.16.0, STM32Cube_FW_WB_V1.16.0RC2, STM32Cube_FW_WB_V1.18.0, STM32Cube_FW_WL_V1.3.0, X-CUBE-ALGOBUILD_V1.3.0, X-CUBE-ALS_V1.0.1, X-CUBE-AZRTOS-F4_V1.1.0, X-CUBE-AZRTOS-F7_V1.1.0, X-CUBE-AZRTOS-G0_V1.1.0, X-CUBE-AZRTOS-G4_V2.0.0, X-CUBE-AZRTOS-H7_V3.1.0, X-CUBE-AZRTOS-L4_V1.0.0, X-CUBE-AZRTOS-L4_V2.0.0, X-CUBE-AZRTOS-L5_V1.1.0, X-CUBE-AZRTOS-WB_V2.0.0, X-CUBE-AZRTOS-WL_V2.0.0, X-CUBE-BLE1_V7.0.0, X-CUBE-BLE2_V3.3.0, X-CUBE-BLEMGR_V2.0.0, X-CUBE-EEPRMA1_V4.1.0, X-CUBE-EEPRMA1_V4.2.0, X-CUBE-FREERTOS_V1.1.0, X-CUBE-GNSS1_V6.0.0, X-CUBE-MEMS1_V10.0.0, X-CUBE-MEMS1_V9.1.0, X-CUBE-MEMS1_V9.4.0, X-CUBE-MEMS1_V9.6.0, X-CUBE-NFC4_V3.0.0, X-CUBE-NFC7_V1.0.1, X-CUBE-SFXS2LP1_V4.0.0, X-CUBE-SUBG2_V5.0.0, X-CUBE-TOF1_V3.3.1]
2023-12-21 18:17:49,142 [INFO] ApiDb:240 - Found 371 in-development CPN: [B-G473E-ZEST1S, B-WB1M-WPAN1, B-WL5M-SUBG1, NUCLEO-C031C6, NUCLEO-H503RB, NUCLEO-H563ZI, NUCLEO-U545RE-Q, NUCLEO-U5A5ZJ-Q, NUCLEO-WBA52CG, NUCLEO-WBA55CG, STEVAL-MKBOXPRO, STEVAL-PROTEUS1, STEVAL-STWINBX1, STM320518-EVAL, STM32C0116-DK, STM32C011D6Y3TR, STM32C011D6Y6TR, STM32C011F4P3, STM32C011F4P6, STM32C011F4U3, STM32C011F4U6TR, STM32C011F6P3, STM32C011F6P6, STM32C011F6U3, STM32C011F6U6TR, STM32C011J4M3, STM32C011J4M6, STM32C011J6M3, STM32C011J6M6, STM32C0316-DK, STM32C031C4T3, STM32C031C4T6, STM32C031C4U3, STM32C031C4U6, STM32C031C6T3, STM32C031C6T6, STM32C031C6U3, STM32C031C6U6, STM32C031F4P3, STM32C031F4P6, STM32C031F6P3, STM32C031F6P6, STM32C031G4U3, STM32C031G4U6, STM32C031G6U3, STM32C031G6U6, STM32C031K4T3, STM32C031K4T6, STM32C031K4U3, STM32C031K4U6, STM32C031K6T3, STM32C031K6T6, STM32C031K6U3, STM32C031K6U6, STM32G071K8TXN, STM32G071K8UXN, STM32G081GBU6N, STM32G081KBT6N, STM32G081KBUXN, STM32G0B1CCT6N, STM32G0B1KCT6, STM32G0B1NEY6TR, STM32G0B1RCT6N, STM32G0C1CCT6, STM32G0C1CCT6N, STM32G0C1CCU6N, STM32G0C1CET6N, STM32G0C1CEU6N, STM32G0C1KCT6, STM32G0C1NEY6TR, STM32G0C1RCI6N, STM32G0C1RCT6N, STM32G0C1REI6N, STM32G0C1RET6N, STM32G0C1VCI6, STM32G0C1VEI6, STM32G471CCT6, STM32G471CCU6, STM32G471CET3, STM32G471CET6, STM32G471CEU3, STM32G471CEU6, STM32G471MCT6, STM32G471MET3, STM32G471MET6, STM32G471MEY6TR, STM32G471QCT6, STM32G471QET3, STM32G471RCT6, STM32G471RET3, STM32G471RET6, STM32G471VCH6, STM32G471VCI6, STM32G471VCT6, STM32G471VEH3, STM32G471VEH6, STM32G471VEI3, STM32G471VEI6, STM32G471VET3, STM32G471VET6, STM32G474CCT6, STM32H503CBT6, STM32H503CBU6, STM32H503EBY6TR, STM32H503KBU6, STM32H503RBT6, STM32H562AGI6, STM32H562AII6, STM32H562IGK6, STM32H562IGT6, STM32H562IIK6, STM32H562IIT6, STM32H562RGT6, STM32H562RGV6, STM32H562RIT6, STM32H562RIV6, STM32H562VGT6, STM32H562VIT6, STM32H562ZGT6, STM32H562ZIT6, STM32H563AGI6, STM32H563AII3Q, STM32H563AII6, STM32H563IGK6, STM32H563IGT6, STM32H563IIK3Q, STM32H563IIK6, STM32H563IIT3Q, STM32H563IIT6, STM32H563MIY3QTR, STM32H563RGT6, STM32H563RGV6, STM32H563RIT6, STM32H563RIV6, STM32H563VGT6, STM32H563VIT3Q, STM32H563VIT6, STM32H563ZGT6, STM32H563ZIT3Q, STM32H563ZIT6, STM32H573AII3Q, STM32H573AII6, STM32H573I-DK, STM32H573IIK3Q, STM32H573IIK6, STM32H573IIT3Q, STM32H573IIT6, STM32H573MIY3QTR, STM32H573RIT6, STM32H573RIV6, STM32H573VIT3Q, STM32H573VIT6, STM32H573ZIT3Q, STM32H573ZIT6, STM32L4R5QGI6STR, STM32MP131AAE3, STM32MP131AAF3, STM32MP131AAG3, STM32MP131CAE3, STM32MP131CAF3, STM32MP131CAG3, STM32MP131DAE7, STM32MP131DAF7, STM32MP131DAG7, STM32MP131FAE7, STM32MP131FAF7, STM32MP131FAG7, STM32MP133AAE3, STM32MP133AAF3, STM32MP133AAG3, STM32MP133CAE3, STM32MP133CAF3, STM32MP133CAG3, STM32MP133DAE7, STM32MP133DAF7, STM32MP133DAG7, STM32MP133FAE7, STM32MP133FAF7, STM32MP133FAG7, STM32MP135AAE3, STM32MP135AAF3, STM32MP135AAG3, STM32MP135CAE3, STM32MP135CAF3, STM32MP135CAG3, STM32MP135DAE7, STM32MP135DAF7, STM32MP135DAG7, STM32MP135F-DK, STM32MP135FAE7, STM32MP135FAF7, STM32MP135FAF7T, STM32MP135FAF7U, STM32MP135FAG7, STM32U535CBT6, STM32U535CBT6Q, STM32U535CBU6, STM32U535CBU6Q, STM32U535CCT6, STM32U535CCT6Q, STM32U535CCU6, STM32U535CCU6Q, STM32U535CET6, STM32U535CET6Q, STM32U535CEU6, STM32U535CEU6Q, STM32U535JEY6QTR, STM32U535NCY6QTR, STM32U535NEY6QTR, STM32U535RBI6, STM32U535RBI6Q, STM32U535RBT6, STM32U535RBT6Q, STM32U535RCI6, STM32U535RCI6Q, STM32U535RCT6, STM32U535RCT6Q, STM32U535REI6, STM32U535REI6Q, STM32U535RET6, STM32U535RET6Q, STM32U535VCI6, STM32U535VCI6Q, STM32U535VCT6, STM32U535VCT6Q, STM32U535VEI6, STM32U535VEI6Q, STM32U535VET6, STM32U535VET6Q, STM32U545CET6, STM32U545CET6Q, STM32U545CEU6, STM32U545CEU6Q, STM32U545JEY6QTR, STM32U545NEY6QTR, STM32U545REI6, STM32U545REI6Q, STM32U545RET6, STM32U545RET6Q, STM32U545VEI6, STM32U545VEI6Q, STM32U545VET6, STM32U545VET6Q, STM32U595AIH6, STM32U595AIH6Q, STM32U595AJH6, STM32U595AJH6Q, STM32U595QII6, STM32U595QII6Q, STM32U595QJI6, STM32U595QJI6Q, STM32U595RIT6, STM32U595RIT6Q, STM32U595RJT6, STM32U595RJT6Q, STM32U595VIT6, STM32U595VIT6Q, STM32U595VJT6, STM32U595VJT6Q, STM32U595ZIT6, STM32U595ZIT6Q, STM32U595ZIY6QTR, STM32U595ZJT6, STM32U595ZJT6Q, STM32U595ZJY6QTR, STM32U599BJY6QTR, STM32U599NIH6Q, STM32U599NJH6Q, STM32U599VIT6Q, STM32U599VJT6, STM32U599VJT6Q, STM32U599ZIT6Q, STM32U599ZIY6QTR, STM32U599ZJT6Q, STM32U599ZJY6QTR, STM32U5A5AJH6, STM32U5A5AJH6Q, STM32U5A5QJI6, STM32U5A5QJI6Q, STM32U5A5RJT6, STM32U5A5RJT6Q, STM32U5A5VJT6, STM32U5A5VJT6Q, STM32U5A5ZJT6, STM32U5A5ZJT6Q, STM32U5A5ZJY6QTR, STM32U5A9BJY6QTR, STM32U5A9J-DK, STM32U5A9NJH6Q, STM32U5A9VJT6Q, STM32U5A9ZJT6Q, STM32U5A9ZJY6QTR, STM32U5F7VIT6, STM32U5F7VIT6Q, STM32U5F7VJT6, STM32U5F7VJT6Q, STM32U5F9BJY6QTR, STM32U5F9NJH6Q, STM32U5F9VIT6Q, STM32U5F9VJT6Q, STM32U5F9ZIJ6QTR, STM32U5F9ZIT6Q, STM32U5F9ZJJ6QTR, STM32U5F9ZJT6Q, STM32U5G7VJT6, STM32U5G7VJT6Q, STM32U5G9BJY6QTR, STM32U5G9J-DK1, STM32U5G9J-DK2, STM32U5G9NJH6Q, STM32U5G9VJT6Q, STM32U5G9ZJJ6QTR, STM32U5G9ZJT6Q, STM32WB1MMCH6, STM32WBA50KEU6, STM32WBA50KEU6TR, STM32WBA50KGU6, STM32WBA50KGU6TR, STM32WBA52CEU6, STM32WBA52CEU6TR, STM32WBA52CEU7, STM32WBA52CEU7TR, STM32WBA52CGU6, STM32WBA52CGU6TR, STM32WBA52CGU6U, STM32WBA52CGU7, STM32WBA52CGU7TR, STM32WBA52KEU6, STM32WBA52KEU6TR, STM32WBA52KGU6, STM32WBA52KGU6TR, STM32WBA54CEU6, STM32WBA54CEU6TR, STM32WBA54CEU7, STM32WBA54CEU7TR, STM32WBA54CGU6, STM32WBA54CGU6TR, STM32WBA54CGU7, STM32WBA54CGU7TR, STM32WBA54KEU6, STM32WBA54KEU6TR, STM32WBA54KEU7, STM32WBA54KEU7TR, STM32WBA54KGU6, STM32WBA54KGU6TR, STM32WBA54KGU7, STM32WBA54KGU7TR, STM32WBA55CEU6, STM32WBA55CEU6TR, STM32WBA55CEU7, STM32WBA55CEU7TR, STM32WBA55CGU6, STM32WBA55CGU6TR, STM32WBA55CGU6U, STM32WBA55CGU7, STM32WBA55CGU7TR, STM32WBA55G-DK1, STM32WBA55HEF6, STM32WBA55HEF7, STM32WBA55HGF6, STM32WBA55HGF7, STM32WBA55UEI6, STM32WBA55UEI6TR, STM32WBA55UEI7, STM32WBA55UEI7TR, STM32WBA55UGI6, STM32WBA55UGI6TR, STM32WBA55UGI7, STM32WBA55UGI7TR, STM32WL5MOCH6, STM32WL5MOCH6TR]
2023-12-21 18:17:49,149 [INFO] DbMcus:218 - Found 3930 MCUs, 3930 are supported
2023-12-21 18:17:49,149 [INFO] ApiDb:423 - Load user favorites file C:\Users\Administrator/.stm32cubeide/favorites.mcus.txt: 0 item(s)
2023-12-21 18:17:49,149 [INFO] ApiDb:427 - User favorites MCUs=[]
2023-12-21 18:17:49,150 [INFO] DbMcus:224 - Set 0 / 0 favorites MCUs
2023-12-21 18:17:49,670 [INFO] MicroXplorer:468 - Change Database Path : 
2023-12-21 18:17:49,671 [INFO] MicroXplorer:498 - Change Database Version : DB.6.0.100
2023-12-21 18:17:49,671 [WARN] ThirdParty:833 - waiting for thirdparty lock release [change project]
2023-12-21 18:17:49,671 [INFO] ThirdParty:835 - entering critical section [change project]
2023-12-21 18:17:49,673 [INFO] ThirdParty:1030 - CMSIS Pack Vendor :STMicroelectronics X-CUBE-ISPU 1.1.0
2023-12-21 18:17:49,673 [INFO] ThirdParty:1030 - CMSIS Pack Vendor :STMicroelectronics USBPD 4.1
2023-12-21 18:17:49,673 [INFO] ThirdParty:1030 - CMSIS Pack Vendor :STMicroelectronics X-CUBE-GNSS1 6.0.0
2023-12-21 18:17:49,673 [INFO] ThirdParty:1030 - CMSIS Pack Vendor :STMicroelectronics USB_HOST 2.0.0
2023-12-21 18:17:49,673 [INFO] ThirdParty:1030 - CMSIS Pack Vendor :STMicroelectronics X-CUBE-AZRTOS-F4 1.1.0
2023-12-21 18:17:49,673 [INFO] ThirdParty:1030 - CMSIS Pack Vendor :STMicroelectronics LIBJPEG 8.0.0
2023-12-21 18:17:49,673 [INFO] ThirdParty:1030 - CMSIS Pack Vendor :wolfSSL I-CUBE-wolfSSL 5.6.3
2023-12-21 18:17:49,673 [INFO] ThirdParty:1030 - CMSIS Pack Vendor :STMicroelectronics X-CUBE-SMBUS 2.1.0
2023-12-21 18:17:49,673 [INFO] ThirdParty:1030 - CMSIS Pack Vendor :STMicroelectronics USB_DEVICE 3.0.0
2023-12-21 18:17:49,673 [INFO] ThirdParty:1030 - CMSIS Pack Vendor :STMicroelectronics X-CUBE-AZRTOS-WB 2.0.0
2023-12-21 18:17:49,673 [INFO] ThirdParty:1030 - CMSIS Pack Vendor :STMicroelectronics X-CUBE-TOUCHGFX 4.23.0
2023-12-21 18:17:49,673 [INFO] ThirdParty:1030 - CMSIS Pack Vendor :STMicroelectronics X-CUBE-AZRTOS-F7 1.1.0
2023-12-21 18:17:49,673 [INFO] ThirdParty:1030 - CMSIS Pack Vendor :STMicroelectronics X-CUBE-AZRTOS-L5 2.0.0
2023-12-21 18:17:49,673 [INFO] ThirdParty:1030 - CMSIS Pack Vendor :STMicroelectronics USB_DEVICE 2.0.0
2023-12-21 18:17:49,673 [INFO] ThirdParty:1030 - CMSIS Pack Vendor :STMicroelectronics X-CUBE-EEPRMA1 4.2.0
2023-12-21 18:17:49,673 [INFO] ThirdParty:1030 - CMSIS Pack Vendor :ITTIA_DB I-CUBE-ITTIADB 8.8.0
2023-12-21 18:17:49,673 [INFO] ThirdParty:1030 - CMSIS Pack Vendor :STMicroelectronics FP-SNS-MOTENV1 4.3.2
2023-12-21 18:17:49,673 [INFO] ThirdParty:1030 - CMSIS Pack Vendor :STMicroelectronics X-CUBE-ALGOBUILD 1.3.0
2023-12-21 18:17:49,673 [INFO] ThirdParty:1030 - CMSIS Pack Vendor :STMicroelectronics FreeRTOS 0.0.1
2023-12-21 18:17:49,673 [INFO] ThirdParty:1030 - CMSIS Pack Vendor :STMicroelectronics X-CUBE-AZRTOS-G0 1.1.0
2023-12-21 18:17:49,673 [INFO] ThirdParty:1030 - CMSIS Pack Vendor :STMicroelectronics X-CUBE-BLEMGR 2.0.0
2023-12-21 18:17:49,673 [INFO] ThirdParty:1030 - CMSIS Pack Vendor :STMicroelectronics X-CUBE-NFC4 3.0.0
2023-12-21 18:17:49,673 [INFO] ThirdParty:1030 - CMSIS Pack Vendor :STMicroelectronics X-CUBE-SUBG2 5.0.0
2023-12-21 18:17:49,673 [INFO] ThirdParty:1030 - CMSIS Pack Vendor :STMicroelectronics STM32_WPAN 1.0.0
2023-12-21 18:17:49,674 [INFO] ThirdParty:1030 - CMSIS Pack Vendor :STMicroelectronics lwIP 2.0.3
2023-12-21 18:17:49,674 [INFO] ThirdParty:1030 - CMSIS Pack Vendor :STMicroelectronics FP-SNS-FLIGHT1 5.0.2
2023-12-21 18:17:49,674 [INFO] ThirdParty:1030 - CMSIS Pack Vendor :STMicroelectronics USB_HOST 1.0.0
2023-12-21 18:17:49,674 [INFO] ThirdParty:1030 - CMSIS Pack Vendor :STMicroelectronics X-CUBE-TOF1 3.3.1
2023-12-21 18:17:49,674 [INFO] ThirdParty:1030 - CMSIS Pack Vendor :STMicroelectronics X-CUBE-AZRTOS-G4 2.0.0
2023-12-21 18:17:49,674 [INFO] ThirdParty:1030 - CMSIS Pack Vendor :STMicroelectronics PDM2PCM 3.1.0
2023-12-21 18:17:49,674 [INFO] ThirdParty:1030 - CMSIS Pack Vendor :STMicroelectronics X-CUBE-AZRTOS-H7 3.1.0
2023-12-21 18:17:49,674 [INFO] ThirdParty:1030 - CMSIS Pack Vendor :Infineon AIROC-Wi-Fi-Bluetooth-STM32 1.5.1
2023-12-21 18:17:49,674 [INFO] ThirdParty:1030 - CMSIS Pack Vendor :STMicroelectronics X-CUBE-BLEMGR 3.0.0
2023-12-21 18:17:49,674 [INFO] ThirdParty:1030 - CMSIS Pack Vendor :STMicroelectronics PDM2PCM 3.3.0
2023-12-21 18:17:49,674 [INFO] ThirdParty:1030 - CMSIS Pack Vendor :STMicroelectronics X-CUBE-DISPLAY 3.0.0
2023-12-21 18:17:49,674 [INFO] ThirdParty:1030 - CMSIS Pack Vendor :STMicroelectronics FP-SNS-MOTENVWB1 1.3.0
2023-12-21 18:17:49,674 [INFO] ThirdParty:1030 - CMSIS Pack Vendor :STMicroelectronics FP-SNS-MOTENVWB1 1.3.1
2023-12-21 18:17:49,674 [INFO] ThirdParty:1030 - CMSIS Pack Vendor :STMicroelectronics X-CUBE-BLE1 7.0.0
2023-12-21 18:17:49,675 [INFO] ThirdParty:1030 - CMSIS Pack Vendor :STMicroelectronics FP-ATR-SIGFOX1 3.2.0
2023-12-21 18:17:49,675 [INFO] ThirdParty:1030 - CMSIS Pack Vendor :STMicroelectronics X-CUBE-ISPU 2.0.0
2023-12-21 18:17:49,675 [INFO] ThirdParty:1030 - CMSIS Pack Vendor :STMicroelectronics HAL Drivers 0.0.0
2023-12-21 18:17:49,675 [INFO] ThirdParty:1030 - CMSIS Pack Vendor :STMicroelectronics MBEDTLS 2.16.2
2023-12-21 18:17:49,675 [INFO] ThirdParty:1030 - CMSIS Pack Vendor :emotas I-CUBE-CANOPEN 1.3.0
2023-12-21 18:17:49,675 [INFO] ThirdParty:1030 - CMSIS Pack Vendor :STMicroelectronics X-CUBE-MEMS1 10.0.0
2023-12-21 18:17:49,675 [INFO] ThirdParty:1030 - CMSIS Pack Vendor :STMicroelectronics X-CUBE-FREERTOS 1.1.0
2023-12-21 18:17:49,675 [INFO] ThirdParty:1030 - CMSIS Pack Vendor :STMicroelectronics X-CUBE-NFC7 1.0.1
2023-12-21 18:17:49,675 [INFO] ThirdParty:1030 - CMSIS Pack Vendor :STMicroelectronics MBEDTLS 2.14.1
2023-12-21 18:17:49,675 [INFO] ThirdParty:1030 - CMSIS Pack Vendor :STMicroelectronics X-CUBE-TOUCHGFX 4.22.1
2023-12-21 18:17:49,675 [INFO] ThirdParty:1030 - CMSIS Pack Vendor :STMicroelectronics X-CUBE-NFC6 3.0.0
2023-12-21 18:17:49,675 [INFO] ThirdParty:1030 - CMSIS Pack Vendor :portGmbH I-Cube-SoM-uGOAL 1.1.0
2023-12-21 18:17:49,675 [INFO] ThirdParty:1030 - CMSIS Pack Vendor :STMicroelectronics X-CUBE-ALS 1.0.1
2023-12-21 18:17:49,675 [INFO] ThirdParty:1030 - CMSIS Pack Vendor :STMicroelectronics ThreadX 1.0.0
2023-12-21 18:17:49,675 [INFO] ThirdParty:1030 - CMSIS Pack Vendor :STMicroelectronics FP-SNS-SMARTAG2 1.2.0
2023-12-21 18:17:49,675 [INFO] ThirdParty:1030 - CMSIS Pack Vendor :STMicroelectronics X-CUBE-AZRTOS-WL 2.0.0
2023-12-21 18:17:49,676 [INFO] ThirdParty:1030 - CMSIS Pack Vendor :STMicroelectronics USB_DEVICE 1.0.0
2023-12-21 18:17:49,676 [INFO] ThirdParty:1030 - CMSIS Pack Vendor :STMicroelectronics X-CUBE-AI 8.1.0
2023-12-21 18:17:49,676 [INFO] ThirdParty:1030 - CMSIS Pack Vendor :STMicroelectronics X-CUBE-AZRTOS-L4 2.0.0
2023-12-21 18:17:49,676 [INFO] ThirdParty:1030 - CMSIS Pack Vendor :STMicroelectronics ThreadX 0.0.2
2023-12-21 18:17:49,676 [INFO] ThirdParty:1030 - CMSIS Pack Vendor :WES I-CUBE-Cesium 1.3.0
2023-12-21 18:17:49,676 [INFO] ThirdParty:1030 - CMSIS Pack Vendor :STMicroelectronics FP-ATR-ASTRA1 2.0.0
2023-12-21 18:17:49,676 [INFO] ThirdParty:1030 - CMSIS Pack Vendor :STMicroelectronics lwIP 2.1.2
2023-12-21 18:17:49,676 [INFO] ThirdParty:1030 - CMSIS Pack Vendor :STMicroelectronics X-CUBE-SFXS2LP1 4.0.0
2023-12-21 18:17:49,676 [INFO] ThirdParty:1030 - CMSIS Pack Vendor :STMicroelectronics X-CUBE-BLE2 3.3.0
2023-12-21 18:17:49,676 [INFO] ThirdParty:1030 - CMSIS Pack Vendor :STMicroelectronics X-CUBE-TOF1 3.4.0
2023-12-21 18:17:49,676 [INFO] ThirdParty:1030 - CMSIS Pack Vendor :STMicroelectronics X-CUBE-AZRTOS-H7 3.2.0
2023-12-21 18:17:49,676 [INFO] ThirdParty:1030 - CMSIS Pack Vendor :STMicroelectronics PDM2PCM 3.2.0
2023-12-21 18:17:49,676 [INFO] ThirdParty:841 - exiting critical section [change project]
2023-12-21 18:17:50,348 [INFO] PinOutPanel:1499 - setPackage(No Configuration,No Configuration)
2023-12-21 18:17:50,350 [INFO] PinOutPanel:1499 - setPackage(STM32F446RETx,LQFP64)
2023-12-21 18:17:52,435 [INFO] UtilMem:75 - Before build in PCC Used Memory: 453711056 Bytes (877658112)
2023-12-21 18:17:54,020 [INFO] UtilMem:75 - After build in PCC Used Memory: 588211160 Bytes (877658112)
2023-12-21 18:17:54,124 [INFO] IPUIPlugin:80 - create IPUIPlugin
2023-12-21 18:17:54,124 [INFO] IPUIPlugin:80 - create IPUIPlugin
2023-12-21 18:17:54,124 [INFO] IPUIPlugin:80 - create IPUIPlugin
2023-12-21 18:17:54,125 [INFO] IPUIPlugin:80 - create IPUIPlugin
2023-12-21 18:17:54,125 [INFO] IPUIPlugin:80 - create IPUIPlugin
2023-12-21 18:17:54,125 [INFO] IPUIPlugin:80 - create IPUIPlugin
2023-12-21 18:17:54,126 [INFO] IPUIPlugin:80 - create IPUIPlugin
2023-12-21 18:17:54,126 [INFO] IPUIPlugin:80 - create IPUIPlugin
2023-12-21 18:17:54,126 [INFO] IPUIPlugin:80 - create IPUIPlugin
2023-12-21 18:17:54,127 [INFO] IPUIPlugin:80 - create IPUIPlugin
2023-12-21 18:17:54,127 [INFO] IPUIPlugin:80 - create IPUIPlugin
2023-12-21 18:17:54,128 [INFO] IPUIPlugin:80 - create IPUIPlugin
2023-12-21 18:17:54,128 [INFO] IPUIPlugin:80 - create IPUIPlugin
2023-12-21 18:17:54,130 [INFO] IPUIPlugin:80 - create IPUIPlugin
2023-12-21 18:17:54,131 [INFO] IPUIPlugin:80 - create IPUIPlugin
2023-12-21 18:17:54,132 [INFO] IPUIPlugin:80 - create IPUIPlugin
2023-12-21 18:17:54,132 [INFO] IPUIPlugin:80 - create IPUIPlugin
2023-12-21 18:17:54,133 [INFO] IPUIPlugin:80 - create IPUIPlugin
2023-12-21 18:17:54,133 [INFO] IPUIPlugin:80 - create IPUIPlugin
2023-12-21 18:17:54,134 [INFO] IPUIPlugin:80 - create IPUIPlugin
2023-12-21 18:17:54,135 [INFO] IPUIPlugin:80 - create IPUIPlugin
2023-12-21 18:17:54,136 [INFO] IPUIPlugin:80 - create IPUIPlugin
2023-12-21 18:17:54,137 [INFO] IPUIPlugin:80 - create IPUIPlugin
2023-12-21 18:17:54,138 [INFO] IPUIPlugin:80 - create IPUIPlugin
2023-12-21 18:17:54,138 [INFO] IPUIPlugin:80 - create IPUIPlugin
2023-12-21 18:17:54,139 [INFO] IPUIPlugin:80 - create IPUIPlugin
2023-12-21 18:17:54,140 [INFO] IPUIPlugin:80 - create IPUIPlugin
2023-12-21 18:17:54,141 [INFO] IPUIPlugin:80 - create IPUIPlugin
2023-12-21 18:17:54,142 [INFO] IPUIPlugin:80 - create IPUIPlugin
2023-12-21 18:17:54,142 [INFO] IPUIPlugin:80 - create IPUIPlugin
2023-12-21 18:17:54,144 [INFO] IPUIPlugin:80 - create IPUIPlugin
2023-12-21 18:17:54,144 [INFO] IPUIPlugin:80 - create IPUIPlugin
2023-12-21 18:17:54,145 [INFO] IPUIPlugin:80 - create IPUIPlugin
2023-12-21 18:17:54,146 [INFO] IPUIPlugin:80 - create IPUIPlugin
2023-12-21 18:17:54,147 [INFO] IPUIPlugin:80 - create IPUIPlugin
2023-12-21 18:17:54,148 [INFO] IPUIPlugin:80 - create IPUIPlugin
2023-12-21 18:17:54,149 [INFO] IPUIPlugin:80 - create IPUIPlugin
2023-12-21 18:17:54,150 [INFO] IPUIPlugin:80 - create IPUIPlugin
2023-12-21 18:17:54,150 [INFO] IPUIPlugin:80 - create IPUIPlugin
2023-12-21 18:17:54,151 [INFO] IPUIPlugin:80 - create IPUIPlugin
2023-12-21 18:17:54,152 [INFO] IPUIPlugin:80 - create IPUIPlugin
2023-12-21 18:17:54,152 [INFO] IPUIPlugin:80 - create IPUIPlugin
2023-12-21 18:17:54,153 [INFO] IPUIPlugin:80 - create IPUIPlugin
2023-12-21 18:17:54,154 [INFO] IPUIPlugin:80 - create IPUIPlugin
2023-12-21 18:17:54,155 [INFO] IPUIPlugin:80 - create IPUIPlugin
2023-12-21 18:17:54,156 [INFO] IPUIPlugin:80 - create IPUIPlugin
2023-12-21 18:17:54,156 [INFO] IPUIPlugin:80 - create IPUIPlugin
2023-12-21 18:17:54,158 [INFO] IPUIPlugin:80 - create IPUIPlugin
2023-12-21 18:17:54,158 [INFO] IPUIPlugin:80 - create IPUIPlugin
2023-12-21 18:17:54,160 [INFO] IPUIPlugin:80 - create IPUIPlugin
2023-12-21 18:17:54,161 [INFO] IPUIPlugin:80 - create IPUIPlugin
2023-12-21 18:17:54,162 [INFO] IPUIPlugin:80 - create IPUIPlugin
2023-12-21 18:17:54,164 [INFO] IPUIPlugin:80 - create IPUIPlugin
2023-12-21 18:17:54,165 [INFO] IPUIPlugin:80 - create IPUIPlugin
2023-12-21 18:17:54,166 [INFO] IPUIPlugin:80 - create IPUIPlugin
2023-12-21 18:17:54,168 [INFO] IPUIPlugin:80 - create IPUIPlugin
2023-12-21 18:17:54,169 [INFO] IPUIPlugin:80 - create IPUIPlugin
2023-12-21 18:17:54,170 [INFO] IPUIPlugin:80 - create IPUIPlugin
2023-12-21 18:17:54,172 [INFO] IPUIPlugin:80 - create IPUIPlugin
2023-12-21 18:17:54,174 [INFO] IPUIPlugin:80 - create IPUIPlugin
2023-12-21 18:17:54,471 [INFO] ApiDbMcu:508 - Load IP Config File for PDM2PCM
2023-12-21 18:17:54,503 [INFO] Can:71 - Can Add PropertyChangeListener com.st.microxplorer.plugins.ip.can.Can@441494e8
2023-12-21 18:17:54,506 [WARN] IP:2119 - I2C_Coeff_DF not found: check if there is a RefParameter without a condition.
2023-12-21 18:17:54,506 [WARN] IP:2119 - Analog_Filter not found: check if there is a RefParameter without a condition.
2023-12-21 18:17:55,074 [INFO] CADModel:165 - CPN selected for project levelSTM32F446RET6
2023-12-21 18:17:55,075 [INFO] CADModel:114 - Register for checkConnection events
2023-12-21 18:17:55,157 [INFO] OpenFileManager:343 - Restore cursor
2023-12-21 18:17:55,782 [WARN] IP:2119 - I2C_Coeff_DF not found: check if there is a RefParameter without a condition.
2023-12-21 18:17:55,782 [WARN] IP:2119 - Analog_Filter not found: check if there is a RefParameter without a condition.
2023-12-21 18:17:55,783 [WARN] IP:2119 - I2C_Coeff_DF not found: check if there is a RefParameter without a condition.
2023-12-21 18:17:55,783 [WARN] IP:2119 - Analog_Filter not found: check if there is a RefParameter without a condition.
2023-12-21 18:19:30,569 [WARN] IP:2119 - I2C_Coeff_DF not found: check if there is a RefParameter without a condition.
2023-12-21 18:19:30,569 [WARN] IP:2119 - Analog_Filter not found: check if there is a RefParameter without a condition.
2023-12-21 18:19:30,570 [WARN] IP:2119 - I2C_Coeff_DF not found: check if there is a RefParameter without a condition.
2023-12-21 18:19:30,570 [WARN] IP:2119 - Analog_Filter not found: check if there is a RefParameter without a condition.
2023-12-21 18:19:44,321 [WARN] IP:2119 - I2C_Coeff_DF not found: check if there is a RefParameter without a condition.
2023-12-21 18:19:44,321 [WARN] IP:2119 - Analog_Filter not found: check if there is a RefParameter without a condition.
2023-12-21 18:19:44,322 [WARN] IP:2119 - I2C_Coeff_DF not found: check if there is a RefParameter without a condition.
2023-12-21 18:19:44,322 [WARN] IP:2119 - Analog_Filter not found: check if there is a RefParameter without a condition.
2023-12-21 18:19:44,481 [WARN] IP:2119 - I2C_Coeff_DF not found: check if there is a RefParameter without a condition.
2023-12-21 18:19:44,481 [WARN] IP:2119 - Analog_Filter not found: check if there is a RefParameter without a condition.
2023-12-21 18:19:44,608 [WARN] IP:2119 - I2C_Coeff_DF not found: check if there is a RefParameter without a condition.
2023-12-21 18:19:44,608 [WARN] IP:2119 - Analog_Filter not found: check if there is a RefParameter without a condition.
2023-12-21 18:19:53,090 [WARN] IP:2119 - I2C_Coeff_DF not found: check if there is a RefParameter without a condition.
2023-12-21 18:19:53,090 [WARN] IP:2119 - Analog_Filter not found: check if there is a RefParameter without a condition.
2023-12-21 18:19:53,091 [WARN] IP:2119 - I2C_Coeff_DF not found: check if there is a RefParameter without a condition.
2023-12-21 18:19:53,092 [WARN] IP:2119 - Analog_Filter not found: check if there is a RefParameter without a condition.
2023-12-21 18:20:15,267 [WARN] IP:2119 - I2C_Coeff_DF not found: check if there is a RefParameter without a condition.
2023-12-21 18:20:15,267 [WARN] IP:2119 - Analog_Filter not found: check if there is a RefParameter without a condition.
2023-12-21 18:20:15,269 [WARN] IP:2119 - I2C_Coeff_DF not found: check if there is a RefParameter without a condition.
2023-12-21 18:20:15,269 [WARN] IP:2119 - Analog_Filter not found: check if there is a RefParameter without a condition.
2023-12-21 18:20:15,407 [WARN] IP:2119 - I2C_Coeff_DF not found: check if there is a RefParameter without a condition.
2023-12-21 18:20:15,408 [WARN] IP:2119 - Analog_Filter not found: check if there is a RefParameter without a condition.
2023-12-21 18:20:15,489 [WARN] IP:2119 - I2C_Coeff_DF not found: check if there is a RefParameter without a condition.
2023-12-21 18:20:15,490 [WARN] IP:2119 - Analog_Filter not found: check if there is a RefParameter without a condition.
2023-12-21 18:20:52,347 [WARN] IP:2119 - I2C_Coeff_DF not found: check if there is a RefParameter without a condition.
2023-12-21 18:20:52,347 [WARN] IP:2119 - Analog_Filter not found: check if there is a RefParameter without a condition.
2023-12-21 18:20:52,349 [WARN] IP:2119 - I2C_Coeff_DF not found: check if there is a RefParameter without a condition.
2023-12-21 18:20:52,349 [WARN] IP:2119 - Analog_Filter not found: check if there is a RefParameter without a condition.
2023-12-21 18:20:52,429 [WARN] IP:2119 - I2C_Coeff_DF not found: check if there is a RefParameter without a condition.
2023-12-21 18:20:52,429 [WARN] IP:2119 - Analog_Filter not found: check if there is a RefParameter without a condition.
2023-12-21 18:20:52,498 [WARN] IP:2119 - I2C_Coeff_DF not found: check if there is a RefParameter without a condition.
2023-12-21 18:20:52,498 [WARN] IP:2119 - Analog_Filter not found: check if there is a RefParameter without a condition.
2023-12-21 18:21:09,040 [INFO] UtilMem:75 - End SaveConfig() Used Memory: 571307704 Bytes (1073741824)
2023-12-21 18:21:54,211 [WARN] IP:2119 - I2C_Coeff_DF not found: check if there is a RefParameter without a condition.
2023-12-21 18:21:54,212 [WARN] IP:2119 - Analog_Filter not found: check if there is a RefParameter without a condition.
2023-12-21 18:21:54,212 [WARN] IP:2119 - I2C_Coeff_DF not found: check if there is a RefParameter without a condition.
2023-12-21 18:21:54,212 [WARN] IP:2119 - Analog_Filter not found: check if there is a RefParameter without a condition.
2023-12-21 18:22:14,219 [WARN] IP:2119 - I2C_Coeff_DF not found: check if there is a RefParameter without a condition.
2023-12-21 18:22:14,220 [WARN] IP:2119 - Analog_Filter not found: check if there is a RefParameter without a condition.
2023-12-21 18:22:14,220 [WARN] IP:2119 - I2C_Coeff_DF not found: check if there is a RefParameter without a condition.
2023-12-21 18:22:14,220 [WARN] IP:2119 - Analog_Filter not found: check if there is a RefParameter without a condition.
2023-12-21 18:22:17,846 [WARN] IP:2119 - I2C_Coeff_DF not found: check if there is a RefParameter without a condition.
2023-12-21 18:22:17,846 [WARN] IP:2119 - Analog_Filter not found: check if there is a RefParameter without a condition.
2023-12-21 18:22:17,846 [WARN] IP:2119 - I2C_Coeff_DF not found: check if there is a RefParameter without a condition.
2023-12-21 18:22:17,846 [WARN] IP:2119 - Analog_Filter not found: check if there is a RefParameter without a condition.
2023-12-21 18:22:22,734 [WARN] IP:2119 - I2C_Coeff_DF not found: check if there is a RefParameter without a condition.
2023-12-21 18:22:22,734 [WARN] IP:2119 - Analog_Filter not found: check if there is a RefParameter without a condition.
2023-12-21 18:22:22,734 [WARN] IP:2119 - I2C_Coeff_DF not found: check if there is a RefParameter without a condition.
2023-12-21 18:22:22,734 [WARN] IP:2119 - Analog_Filter not found: check if there is a RefParameter without a condition.
2023-12-21 18:22:50,017 [WARN] IP:2119 - I2C_Coeff_DF not found: check if there is a RefParameter without a condition.
2023-12-21 18:22:50,017 [WARN] IP:2119 - Analog_Filter not found: check if there is a RefParameter without a condition.
2023-12-21 18:22:50,018 [WARN] IP:2119 - I2C_Coeff_DF not found: check if there is a RefParameter without a condition.
2023-12-21 18:22:50,018 [WARN] IP:2119 - Analog_Filter not found: check if there is a RefParameter without a condition.
2023-12-21 18:22:58,979 [WARN] IP:2119 - I2C_Coeff_DF not found: check if there is a RefParameter without a condition.
2023-12-21 18:22:58,979 [WARN] IP:2119 - Analog_Filter not found: check if there is a RefParameter without a condition.
2023-12-21 18:22:58,980 [WARN] IP:2119 - I2C_Coeff_DF not found: check if there is a RefParameter without a condition.
2023-12-21 18:22:58,980 [WARN] IP:2119 - Analog_Filter not found: check if there is a RefParameter without a condition.
2023-12-21 18:23:04,661 [WARN] IP:2119 - I2C_Coeff_DF not found: check if there is a RefParameter without a condition.
2023-12-21 18:23:04,661 [WARN] IP:2119 - Analog_Filter not found: check if there is a RefParameter without a condition.
2023-12-21 18:23:04,661 [WARN] IP:2119 - I2C_Coeff_DF not found: check if there is a RefParameter without a condition.
2023-12-21 18:23:04,661 [WARN] IP:2119 - Analog_Filter not found: check if there is a RefParameter without a condition.
2023-12-21 18:23:13,648 [WARN] IP:2119 - I2C_Coeff_DF not found: check if there is a RefParameter without a condition.
2023-12-21 18:23:13,649 [WARN] IP:2119 - Analog_Filter not found: check if there is a RefParameter without a condition.
2023-12-21 18:23:13,649 [WARN] IP:2119 - I2C_Coeff_DF not found: check if there is a RefParameter without a condition.
2023-12-21 18:23:13,649 [WARN] IP:2119 - Analog_Filter not found: check if there is a RefParameter without a condition.
2023-12-21 18:23:27,586 [WARN] IP:2119 - I2C_Coeff_DF not found: check if there is a RefParameter without a condition.
2023-12-21 18:23:27,586 [WARN] IP:2119 - Analog_Filter not found: check if there is a RefParameter without a condition.
2023-12-21 18:23:27,587 [WARN] IP:2119 - I2C_Coeff_DF not found: check if there is a RefParameter without a condition.
2023-12-21 18:23:27,587 [WARN] IP:2119 - Analog_Filter not found: check if there is a RefParameter without a condition.
2023-12-21 18:23:45,339 [WARN] MainPanel:272 - <html><b><center>Warning: This peripheral has no parameters to be configured<br></b></html>
2023-12-21 18:23:45,394 [WARN] MainPanel:272 - <html><b><center>Warning: This peripheral has no parameters to be configured<br></b></html>
2023-12-21 18:24:04,299 [WARN] IP:2119 - I2C_Coeff_DF not found: check if there is a RefParameter without a condition.
2023-12-21 18:24:04,299 [WARN] IP:2119 - Analog_Filter not found: check if there is a RefParameter without a condition.
2023-12-21 18:24:04,299 [WARN] IP:2119 - I2C_Coeff_DF not found: check if there is a RefParameter without a condition.
2023-12-21 18:24:04,300 [WARN] IP:2119 - Analog_Filter not found: check if there is a RefParameter without a condition.
2023-12-21 18:24:11,604 [WARN] IP:2119 - I2C_Coeff_DF not found: check if there is a RefParameter without a condition.
2023-12-21 18:24:11,604 [WARN] IP:2119 - Analog_Filter not found: check if there is a RefParameter without a condition.
2023-12-21 18:24:11,605 [WARN] IP:2119 - I2C_Coeff_DF not found: check if there is a RefParameter without a condition.
2023-12-21 18:24:11,605 [WARN] IP:2119 - Analog_Filter not found: check if there is a RefParameter without a condition.
2023-12-21 18:24:21,825 [WARN] IP:2119 - I2C_Coeff_DF not found: check if there is a RefParameter without a condition.
2023-12-21 18:24:21,825 [WARN] IP:2119 - Analog_Filter not found: check if there is a RefParameter without a condition.
2023-12-21 18:24:21,825 [WARN] IP:2119 - I2C_Coeff_DF not found: check if there is a RefParameter without a condition.
2023-12-21 18:24:21,825 [WARN] IP:2119 - Analog_Filter not found: check if there is a RefParameter without a condition.
2023-12-21 18:24:28,442 [WARN] IP:2119 - I2C_Coeff_DF not found: check if there is a RefParameter without a condition.
2023-12-21 18:24:28,442 [WARN] IP:2119 - Analog_Filter not found: check if there is a RefParameter without a condition.
2023-12-21 18:24:28,443 [WARN] IP:2119 - I2C_Coeff_DF not found: check if there is a RefParameter without a condition.
2023-12-21 18:24:28,443 [WARN] IP:2119 - Analog_Filter not found: check if there is a RefParameter without a condition.
2023-12-21 18:24:47,759 [WARN] IP:2119 - I2C_Coeff_DF not found: check if there is a RefParameter without a condition.
2023-12-21 18:24:47,760 [WARN] IP:2119 - Analog_Filter not found: check if there is a RefParameter without a condition.
2023-12-21 18:24:47,760 [WARN] IP:2119 - I2C_Coeff_DF not found: check if there is a RefParameter without a condition.
2023-12-21 18:24:47,760 [WARN] IP:2119 - Analog_Filter not found: check if there is a RefParameter without a condition.
2023-12-21 18:24:50,130 [WARN] IP:2119 - I2C_Coeff_DF not found: check if there is a RefParameter without a condition.
2023-12-21 18:24:50,130 [WARN] IP:2119 - Analog_Filter not found: check if there is a RefParameter without a condition.
2023-12-21 18:24:50,131 [WARN] IP:2119 - I2C_Coeff_DF not found: check if there is a RefParameter without a condition.
2023-12-21 18:24:50,131 [WARN] IP:2119 - Analog_Filter not found: check if there is a RefParameter without a condition.
2023-12-21 18:25:54,257 [INFO] UtilMem:75 - End SaveConfig() Used Memory: 633015328 Bytes (1073741824)
2023-12-21 18:25:55,553 [INFO] UtilMem:75 - End SaveConfig() Used Memory: 580411192 Bytes (1073741824)
2023-12-21 18:25:57,518 [INFO] UtilMem:75 - End SaveConfig() Used Memory: 608981696 Bytes (1073741824)
2023-12-21 18:25:58,117 [INFO] ProjectBuilder:2346 - IP not ready for code generation: Clock
2023-12-21 18:26:03,954 [ERROR] LogOutputStream:75 - [STDERR_REDIRECT] Exception in thread "AWT-EventQueue-0" java.lang.ClassCastException: class sun.awt.windows.WEmbeddedFrame cannot be cast to class javax.swing.JFrame (sun.awt.windows.WEmbeddedFrame and javax.swing.JFrame are in module java.desktop of loader 'bootstrap')
2023-12-21 18:26:03,957 [ERROR] LogOutputStream:75 - [STDERR_REDIRECT] 	at com.st.microxplorer.plugins.clock.ClockConfigurationView.activatePlugin(ClockConfigurationView.java:425)
2023-12-21 18:26:03,960 [ERROR] LogOutputStream:75 - [STDERR_REDIRECT] 	at com.st.microxplorer.maingui.MainPanel$1.stateChanged(MainPanel.java:369)
2023-12-21 18:26:03,963 [ERROR] LogOutputStream:75 - [STDERR_REDIRECT] 	at java.desktop/javax.swing.JTabbedPane.fireStateChanged(JTabbedPane.java:444)
2023-12-21 18:26:03,967 [ERROR] LogOutputStream:75 - [STDERR_REDIRECT] 	at java.desktop/javax.swing.JTabbedPane$ModelListener.stateChanged(JTabbedPane.java:295)
2023-12-21 18:26:03,970 [ERROR] LogOutputStream:75 - [STDERR_REDIRECT] 	at java.desktop/javax.swing.DefaultSingleSelectionModel.fireStateChanged(DefaultSingleSelectionModel.java:148)
2023-12-21 18:26:03,973 [ERROR] LogOutputStream:75 - [STDERR_REDIRECT] 	at java.desktop/javax.swing.DefaultSingleSelectionModel.setSelectedIndex(DefaultSingleSelectionModel.java:79)
2023-12-21 18:26:03,977 [ERROR] LogOutputStream:75 - [STDERR_REDIRECT] 	at java.desktop/javax.swing.JTabbedPane.setSelectedIndexImpl(JTabbedPane.java:648)
2023-12-21 18:26:03,980 [ERROR] LogOutputStream:75 - [STDERR_REDIRECT] 	at java.desktop/javax.swing.JTabbedPane.setSelectedIndex(JTabbedPane.java:623)
2023-12-21 18:26:03,985 [ERROR] LogOutputStream:75 - [STDERR_REDIRECT] 	at java.desktop/javax.swing.plaf.basic.BasicTabbedPaneUI$Handler.mousePressed(BasicTabbedPaneUI.java:4101)
2023-12-21 18:26:03,987 [ERROR] LogOutputStream:75 - [STDERR_REDIRECT] 	at java.desktop/java.awt.Component.processMouseEvent(Component.java:6623)
2023-12-21 18:26:03,989 [ERROR] LogOutputStream:75 - [STDERR_REDIRECT] 	at java.desktop/javax.swing.JComponent.processMouseEvent(JComponent.java:3389)
2023-12-21 18:26:03,992 [ERROR] LogOutputStream:75 - [STDERR_REDIRECT] 	at java.desktop/java.awt.Component.processEvent(Component.java:6391)
2023-12-21 18:26:03,996 [ERROR] LogOutputStream:75 - [STDERR_REDIRECT] 	at java.desktop/java.awt.Container.processEvent(Container.java:2266)
2023-12-21 18:26:03,999 [ERROR] LogOutputStream:75 - [STDERR_REDIRECT] 	at java.desktop/java.awt.Component.dispatchEventImpl(Component.java:5001)
2023-12-21 18:26:04,001 [ERROR] LogOutputStream:75 - [STDERR_REDIRECT] 	at java.desktop/java.awt.Container.dispatchEventImpl(Container.java:2324)
2023-12-21 18:26:04,002 [ERROR] LogOutputStream:75 - [STDERR_REDIRECT] 	at java.desktop/java.awt.Component.dispatchEvent(Component.java:4833)
2023-12-21 18:26:04,005 [ERROR] LogOutputStream:75 - [STDERR_REDIRECT] 	at java.desktop/java.awt.LightweightDispatcher.retargetMouseEvent(Container.java:4948)
2023-12-21 18:26:04,007 [ERROR] LogOutputStream:75 - [STDERR_REDIRECT] 	at java.desktop/java.awt.LightweightDispatcher.processMouseEvent(Container.java:4572)
2023-12-21 18:26:04,009 [ERROR] LogOutputStream:75 - [STDERR_REDIRECT] 	at java.desktop/java.awt.LightweightDispatcher.dispatchEvent(Container.java:4516)
2023-12-21 18:26:04,012 [ERROR] LogOutputStream:75 - [STDERR_REDIRECT] 	at java.desktop/java.awt.Container.dispatchEventImpl(Container.java:2310)
2023-12-21 18:26:04,016 [ERROR] LogOutputStream:75 - [STDERR_REDIRECT] 	at java.desktop/java.awt.Component.dispatchEvent(Component.java:4833)
2023-12-21 18:26:04,018 [ERROR] LogOutputStream:75 - [STDERR_REDIRECT] 	at java.desktop/java.awt.EventQueue.dispatchEventImpl(EventQueue.java:775)
2023-12-21 18:26:04,020 [ERROR] LogOutputStream:75 - [STDERR_REDIRECT] 	at java.desktop/java.awt.EventQueue$4.run(EventQueue.java:720)
2023-12-21 18:26:04,022 [ERROR] LogOutputStream:75 - [STDERR_REDIRECT] 	at java.desktop/java.awt.EventQueue$4.run(EventQueue.java:714)
2023-12-21 18:26:04,024 [ERROR] LogOutputStream:75 - [STDERR_REDIRECT] 	at java.base/java.security.AccessController.doPrivileged(AccessController.java:399)
2023-12-21 18:26:04,028 [ERROR] LogOutputStream:75 - [STDERR_REDIRECT] 	at java.base/java.security.ProtectionDomain$JavaSecurityAccessImpl.doIntersectionPrivilege(ProtectionDomain.java:86)
2023-12-21 18:26:04,033 [ERROR] LogOutputStream:75 - [STDERR_REDIRECT] 	at java.base/java.security.ProtectionDomain$JavaSecurityAccessImpl.doIntersectionPrivilege(ProtectionDomain.java:97)
2023-12-21 18:26:04,035 [ERROR] LogOutputStream:75 - [STDERR_REDIRECT] 	at java.desktop/java.awt.EventQueue$5.run(EventQueue.java:747)
2023-12-21 18:26:04,037 [ERROR] LogOutputStream:75 - [STDERR_REDIRECT] 	at java.desktop/java.awt.EventQueue$5.run(EventQueue.java:745)
2023-12-21 18:26:04,039 [ERROR] LogOutputStream:75 - [STDERR_REDIRECT] 	at java.base/java.security.AccessController.doPrivileged(AccessController.java:399)
2023-12-21 18:26:04,042 [ERROR] LogOutputStream:75 - [STDERR_REDIRECT] 	at java.base/java.security.ProtectionDomain$JavaSecurityAccessImpl.doIntersectionPrivilege(ProtectionDomain.java:86)
2023-12-21 18:26:04,045 [ERROR] LogOutputStream:75 - [STDERR_REDIRECT] 	at java.desktop/java.awt.EventQueue.dispatchEvent(EventQueue.java:744)
2023-12-21 18:26:04,048 [ERROR] LogOutputStream:75 - [STDERR_REDIRECT] 	at java.desktop/java.awt.EventDispatchThread.pumpOneEventForFilters(EventDispatchThread.java:203)
2023-12-21 18:26:04,051 [ERROR] LogOutputStream:75 - [STDERR_REDIRECT] 	at java.desktop/java.awt.EventDispatchThread.pumpEventsForFilter(EventDispatchThread.java:124)
2023-12-21 18:26:04,054 [ERROR] LogOutputStream:75 - [STDERR_REDIRECT] 	at java.desktop/java.awt.EventDispatchThread.pumpEventsForHierarchy(EventDispatchThread.java:113)
2023-12-21 18:26:04,056 [ERROR] LogOutputStream:75 - [STDERR_REDIRECT] 	at java.desktop/java.awt.EventDispatchThread.pumpEvents(EventDispatchThread.java:109)
2023-12-21 18:26:04,059 [ERROR] LogOutputStream:75 - [STDERR_REDIRECT] 	at java.desktop/java.awt.EventDispatchThread.pumpEvents(EventDispatchThread.java:101)
2023-12-21 18:26:04,062 [ERROR] LogOutputStream:75 - [STDERR_REDIRECT] 	at java.desktop/java.awt.EventDispatchThread.run(EventDispatchThread.java:90)
2023-12-21 18:34:12,757 [WARN] IP:2119 - I2C_Coeff_DF not found: check if there is a RefParameter without a condition.
2023-12-21 18:34:12,758 [WARN] IP:2119 - Analog_Filter not found: check if there is a RefParameter without a condition.
2023-12-21 18:34:12,759 [WARN] IP:2119 - I2C_Coeff_DF not found: check if there is a RefParameter without a condition.
2023-12-21 18:34:12,759 [WARN] IP:2119 - Analog_Filter not found: check if there is a RefParameter without a condition.
2023-12-21 18:34:13,124 [WARN] IP:2119 - I2C_Coeff_DF not found: check if there is a RefParameter without a condition.
2023-12-21 18:34:13,124 [WARN] IP:2119 - Analog_Filter not found: check if there is a RefParameter without a condition.
2023-12-21 18:34:13,125 [WARN] IP:2119 - I2C_Coeff_DF not found: check if there is a RefParameter without a condition.
2023-12-21 18:34:13,125 [WARN] IP:2119 - Analog_Filter not found: check if there is a RefParameter without a condition.
2023-12-21 18:34:13,415 [WARN] IP:2119 - I2C_Coeff_DF not found: check if there is a RefParameter without a condition.
2023-12-21 18:34:13,415 [WARN] IP:2119 - Analog_Filter not found: check if there is a RefParameter without a condition.
2023-12-21 18:34:13,417 [WARN] IP:2119 - I2C_Coeff_DF not found: check if there is a RefParameter without a condition.
2023-12-21 18:34:13,417 [WARN] IP:2119 - Analog_Filter not found: check if there is a RefParameter without a condition.
2023-12-21 18:34:13,941 [WARN] IP:2119 - I2C_Coeff_DF not found: check if there is a RefParameter without a condition.
2023-12-21 18:34:13,942 [WARN] IP:2119 - Analog_Filter not found: check if there is a RefParameter without a condition.
2023-12-21 18:34:13,942 [WARN] IP:2119 - I2C_Coeff_DF not found: check if there is a RefParameter without a condition.
2023-12-21 18:34:13,942 [WARN] IP:2119 - Analog_Filter not found: check if there is a RefParameter without a condition.
2023-12-21 18:35:33,275 [WARN] IP:2119 - I2C_Coeff_DF not found: check if there is a RefParameter without a condition.
2023-12-21 18:35:33,275 [WARN] IP:2119 - Analog_Filter not found: check if there is a RefParameter without a condition.
2023-12-21 18:35:33,277 [WARN] IP:2119 - I2C_Coeff_DF not found: check if there is a RefParameter without a condition.
2023-12-21 18:35:33,277 [WARN] IP:2119 - Analog_Filter not found: check if there is a RefParameter without a condition.
2023-12-21 18:35:33,482 [WARN] IP:2119 - I2C_Coeff_DF not found: check if there is a RefParameter without a condition.
2023-12-21 18:35:33,482 [WARN] IP:2119 - Analog_Filter not found: check if there is a RefParameter without a condition.
2023-12-21 18:35:33,577 [WARN] IP:2119 - I2C_Coeff_DF not found: check if there is a RefParameter without a condition.
2023-12-21 18:35:33,578 [WARN] IP:2119 - Analog_Filter not found: check if there is a RefParameter without a condition.
2023-12-21 18:38:25,477 [WARN] IP:2119 - I2C_Coeff_DF not found: check if there is a RefParameter without a condition.
2023-12-21 18:38:25,477 [WARN] IP:2119 - Analog_Filter not found: check if there is a RefParameter without a condition.
2023-12-21 18:38:25,477 [WARN] IP:2119 - I2C_Coeff_DF not found: check if there is a RefParameter without a condition.
2023-12-21 18:38:25,478 [WARN] IP:2119 - Analog_Filter not found: check if there is a RefParameter without a condition.
2023-12-21 18:38:25,602 [WARN] IP:2119 - I2C_Coeff_DF not found: check if there is a RefParameter without a condition.
2023-12-21 18:38:25,602 [WARN] IP:2119 - Analog_Filter not found: check if there is a RefParameter without a condition.
2023-12-21 18:38:25,698 [WARN] IP:2119 - I2C_Coeff_DF not found: check if there is a RefParameter without a condition.
2023-12-21 18:38:25,699 [WARN] IP:2119 - Analog_Filter not found: check if there is a RefParameter without a condition.
2023-12-21 18:38:36,231 [WARN] IP:2119 - I2C_Coeff_DF not found: check if there is a RefParameter without a condition.
2023-12-21 18:38:36,231 [WARN] IP:2119 - Analog_Filter not found: check if there is a RefParameter without a condition.
2023-12-21 18:38:36,232 [WARN] IP:2119 - I2C_Coeff_DF not found: check if there is a RefParameter without a condition.
2023-12-21 18:38:36,232 [WARN] IP:2119 - Analog_Filter not found: check if there is a RefParameter without a condition.
2023-12-21 18:38:36,331 [WARN] IP:2119 - I2C_Coeff_DF not found: check if there is a RefParameter without a condition.
2023-12-21 18:38:36,331 [WARN] IP:2119 - Analog_Filter not found: check if there is a RefParameter without a condition.
2023-12-21 18:38:36,430 [WARN] IP:2119 - I2C_Coeff_DF not found: check if there is a RefParameter without a condition.
2023-12-21 18:38:36,430 [WARN] IP:2119 - Analog_Filter not found: check if there is a RefParameter without a condition.
2023-12-21 18:38:39,102 [WARN] IP:2119 - I2C_Coeff_DF not found: check if there is a RefParameter without a condition.
2023-12-21 18:38:39,102 [WARN] IP:2119 - Analog_Filter not found: check if there is a RefParameter without a condition.
2023-12-21 18:38:53,465 [WARN] IP:2119 - I2C_Coeff_DF not found: check if there is a RefParameter without a condition.
2023-12-21 18:38:53,465 [WARN] IP:2119 - Analog_Filter not found: check if there is a RefParameter without a condition.
2023-12-21 18:38:53,626 [WARN] IP:2119 - I2C_Coeff_DF not found: check if there is a RefParameter without a condition.
2023-12-21 18:38:53,626 [WARN] IP:2119 - Analog_Filter not found: check if there is a RefParameter without a condition.
2023-12-21 18:38:53,626 [WARN] IP:2119 - I2C_Coeff_DF not found: check if there is a RefParameter without a condition.
2023-12-21 18:38:53,627 [WARN] IP:2119 - Analog_Filter not found: check if there is a RefParameter without a condition.
2023-12-21 18:38:53,718 [WARN] IP:2119 - I2C_Coeff_DF not found: check if there is a RefParameter without a condition.
2023-12-21 18:38:53,718 [WARN] IP:2119 - Analog_Filter not found: check if there is a RefParameter without a condition.
2023-12-21 18:38:53,834 [WARN] IP:2119 - I2C_Coeff_DF not found: check if there is a RefParameter without a condition.
2023-12-21 18:38:53,834 [WARN] IP:2119 - Analog_Filter not found: check if there is a RefParameter without a condition.
2023-12-21 18:39:01,916 [WARN] IP:2119 - I2C_Coeff_DF not found: check if there is a RefParameter without a condition.
2023-12-21 18:39:01,916 [WARN] IP:2119 - Analog_Filter not found: check if there is a RefParameter without a condition.
2023-12-21 18:39:02,340 [WARN] IP:2119 - I2C_Coeff_DF not found: check if there is a RefParameter without a condition.
2023-12-21 18:39:02,341 [WARN] IP:2119 - Analog_Filter not found: check if there is a RefParameter without a condition.
2023-12-21 18:39:02,342 [WARN] IP:2119 - I2C_Coeff_DF not found: check if there is a RefParameter without a condition.
2023-12-21 18:39:02,342 [WARN] IP:2119 - Analog_Filter not found: check if there is a RefParameter without a condition.
2023-12-21 18:39:02,463 [WARN] IP:2119 - I2C_Coeff_DF not found: check if there is a RefParameter without a condition.
2023-12-21 18:39:02,464 [WARN] IP:2119 - Analog_Filter not found: check if there is a RefParameter without a condition.
2023-12-21 18:39:02,548 [WARN] IP:2119 - I2C_Coeff_DF not found: check if there is a RefParameter without a condition.
2023-12-21 18:39:02,548 [WARN] IP:2119 - Analog_Filter not found: check if there is a RefParameter without a condition.
2023-12-21 18:39:24,072 [WARN] IP:2119 - I2C_Coeff_DF not found: check if there is a RefParameter without a condition.
2023-12-21 18:39:24,073 [WARN] IP:2119 - Analog_Filter not found: check if there is a RefParameter without a condition.
2023-12-21 18:39:24,073 [WARN] IP:2119 - I2C_Coeff_DF not found: check if there is a RefParameter without a condition.
2023-12-21 18:39:24,073 [WARN] IP:2119 - Analog_Filter not found: check if there is a RefParameter without a condition.
2023-12-21 18:39:24,156 [WARN] IP:2119 - I2C_Coeff_DF not found: check if there is a RefParameter without a condition.
2023-12-21 18:39:24,156 [WARN] IP:2119 - Analog_Filter not found: check if there is a RefParameter without a condition.
2023-12-21 18:39:24,243 [WARN] IP:2119 - I2C_Coeff_DF not found: check if there is a RefParameter without a condition.
2023-12-21 18:39:24,243 [WARN] IP:2119 - Analog_Filter not found: check if there is a RefParameter without a condition.
2023-12-21 18:39:33,432 [WARN] IP:2119 - I2C_Coeff_DF not found: check if there is a RefParameter without a condition.
2023-12-21 18:39:33,432 [WARN] IP:2119 - Analog_Filter not found: check if there is a RefParameter without a condition.
2023-12-21 18:39:33,433 [WARN] IP:2119 - I2C_Coeff_DF not found: check if there is a RefParameter without a condition.
2023-12-21 18:39:33,434 [WARN] IP:2119 - Analog_Filter not found: check if there is a RefParameter without a condition.
2023-12-21 18:39:33,584 [WARN] IP:2119 - I2C_Coeff_DF not found: check if there is a RefParameter without a condition.
2023-12-21 18:39:33,584 [WARN] IP:2119 - Analog_Filter not found: check if there is a RefParameter without a condition.
2023-12-21 18:39:33,664 [WARN] IP:2119 - I2C_Coeff_DF not found: check if there is a RefParameter without a condition.
2023-12-21 18:39:33,664 [WARN] IP:2119 - Analog_Filter not found: check if there is a RefParameter without a condition.
2023-12-21 18:47:40,567 [WARN] IP:2119 - I2C_Coeff_DF not found: check if there is a RefParameter without a condition.
2023-12-21 18:47:40,567 [WARN] IP:2119 - Analog_Filter not found: check if there is a RefParameter without a condition.
2023-12-21 18:47:40,567 [WARN] IP:2119 - I2C_Coeff_DF not found: check if there is a RefParameter without a condition.
2023-12-21 18:47:40,567 [WARN] IP:2119 - Analog_Filter not found: check if there is a RefParameter without a condition.
2023-12-21 18:47:40,670 [WARN] IP:2119 - I2C_Coeff_DF not found: check if there is a RefParameter without a condition.
2023-12-21 18:47:40,670 [WARN] IP:2119 - Analog_Filter not found: check if there is a RefParameter without a condition.
2023-12-21 18:47:40,767 [WARN] IP:2119 - I2C_Coeff_DF not found: check if there is a RefParameter without a condition.
2023-12-21 18:47:40,767 [WARN] IP:2119 - Analog_Filter not found: check if there is a RefParameter without a condition.
2023-12-21 18:48:04,746 [WARN] IP:2119 - I2C_Coeff_DF not found: check if there is a RefParameter without a condition.
2023-12-21 18:48:04,746 [WARN] IP:2119 - Analog_Filter not found: check if there is a RefParameter without a condition.
2023-12-21 18:48:04,747 [WARN] IP:2119 - I2C_Coeff_DF not found: check if there is a RefParameter without a condition.
2023-12-21 18:48:04,747 [WARN] IP:2119 - Analog_Filter not found: check if there is a RefParameter without a condition.
2023-12-21 18:48:04,837 [WARN] IP:2119 - I2C_Coeff_DF not found: check if there is a RefParameter without a condition.
2023-12-21 18:48:04,837 [WARN] IP:2119 - Analog_Filter not found: check if there is a RefParameter without a condition.
2023-12-21 18:48:04,936 [WARN] IP:2119 - I2C_Coeff_DF not found: check if there is a RefParameter without a condition.
2023-12-21 18:48:04,936 [WARN] IP:2119 - Analog_Filter not found: check if there is a RefParameter without a condition.
2023-12-21 18:48:20,259 [WARN] IP:2119 - I2C_Coeff_DF not found: check if there is a RefParameter without a condition.
2023-12-21 18:48:20,260 [WARN] IP:2119 - Analog_Filter not found: check if there is a RefParameter without a condition.
2023-12-21 18:48:20,260 [WARN] IP:2119 - I2C_Coeff_DF not found: check if there is a RefParameter without a condition.
2023-12-21 18:48:20,261 [WARN] IP:2119 - Analog_Filter not found: check if there is a RefParameter without a condition.
2023-12-21 18:48:20,385 [WARN] IP:2119 - I2C_Coeff_DF not found: check if there is a RefParameter without a condition.
2023-12-21 18:48:20,385 [WARN] IP:2119 - Analog_Filter not found: check if there is a RefParameter without a condition.
2023-12-21 18:48:20,513 [WARN] IP:2119 - I2C_Coeff_DF not found: check if there is a RefParameter without a condition.
2023-12-21 18:48:20,513 [WARN] IP:2119 - Analog_Filter not found: check if there is a RefParameter without a condition.
2023-12-21 18:48:24,650 [WARN] IP:2119 - I2C_Coeff_DF not found: check if there is a RefParameter without a condition.
2023-12-21 18:48:24,650 [WARN] IP:2119 - Analog_Filter not found: check if there is a RefParameter without a condition.
2023-12-21 18:48:24,651 [WARN] IP:2119 - I2C_Coeff_DF not found: check if there is a RefParameter without a condition.
2023-12-21 18:48:24,651 [WARN] IP:2119 - Analog_Filter not found: check if there is a RefParameter without a condition.
2023-12-21 18:48:24,735 [WARN] IP:2119 - I2C_Coeff_DF not found: check if there is a RefParameter without a condition.
2023-12-21 18:48:24,735 [WARN] IP:2119 - Analog_Filter not found: check if there is a RefParameter without a condition.
2023-12-21 18:48:24,818 [WARN] IP:2119 - I2C_Coeff_DF not found: check if there is a RefParameter without a condition.
2023-12-21 18:48:24,819 [WARN] IP:2119 - Analog_Filter not found: check if there is a RefParameter without a condition.
2023-12-21 18:49:25,006 [WARN] IP:2119 - I2C_Coeff_DF not found: check if there is a RefParameter without a condition.
2023-12-21 18:49:25,006 [WARN] IP:2119 - Analog_Filter not found: check if there is a RefParameter without a condition.
2023-12-21 18:49:25,008 [WARN] IP:2119 - I2C_Coeff_DF not found: check if there is a RefParameter without a condition.
2023-12-21 18:49:25,008 [WARN] IP:2119 - Analog_Filter not found: check if there is a RefParameter without a condition.
2023-12-21 18:49:25,130 [WARN] IP:2119 - I2C_Coeff_DF not found: check if there is a RefParameter without a condition.
2023-12-21 18:49:25,131 [WARN] IP:2119 - Analog_Filter not found: check if there is a RefParameter without a condition.
2023-12-21 18:49:25,231 [WARN] IP:2119 - I2C_Coeff_DF not found: check if there is a RefParameter without a condition.
2023-12-21 18:49:25,231 [WARN] IP:2119 - Analog_Filter not found: check if there is a RefParameter without a condition.
2023-12-21 18:57:25,273 [WARN] IP:2119 - I2C_Coeff_DF not found: check if there is a RefParameter without a condition.
2023-12-21 18:57:25,274 [WARN] IP:2119 - Analog_Filter not found: check if there is a RefParameter without a condition.
2023-12-21 18:57:25,274 [WARN] IP:2119 - I2C_Coeff_DF not found: check if there is a RefParameter without a condition.
2023-12-21 18:57:25,274 [WARN] IP:2119 - Analog_Filter not found: check if there is a RefParameter without a condition.
2023-12-21 18:57:25,384 [WARN] IP:2119 - I2C_Coeff_DF not found: check if there is a RefParameter without a condition.
2023-12-21 18:57:25,384 [WARN] IP:2119 - Analog_Filter not found: check if there is a RefParameter without a condition.
2023-12-21 18:57:25,497 [WARN] IP:2119 - I2C_Coeff_DF not found: check if there is a RefParameter without a condition.
2023-12-21 18:57:25,497 [WARN] IP:2119 - Analog_Filter not found: check if there is a RefParameter without a condition.
2023-12-21 18:57:31,135 [WARN] IP:2119 - I2C_Coeff_DF not found: check if there is a RefParameter without a condition.
2023-12-21 18:57:31,135 [WARN] IP:2119 - Analog_Filter not found: check if there is a RefParameter without a condition.
2023-12-21 18:57:31,136 [WARN] IP:2119 - I2C_Coeff_DF not found: check if there is a RefParameter without a condition.
2023-12-21 18:57:31,136 [WARN] IP:2119 - Analog_Filter not found: check if there is a RefParameter without a condition.
2023-12-21 18:57:31,216 [WARN] IP:2119 - I2C_Coeff_DF not found: check if there is a RefParameter without a condition.
2023-12-21 18:57:31,216 [WARN] IP:2119 - Analog_Filter not found: check if there is a RefParameter without a condition.
2023-12-21 18:57:31,316 [WARN] IP:2119 - I2C_Coeff_DF not found: check if there is a RefParameter without a condition.
2023-12-21 18:57:31,316 [WARN] IP:2119 - Analog_Filter not found: check if there is a RefParameter without a condition.
2023-12-21 19:02:58,809 [WARN] IP:2119 - I2C_Coeff_DF not found: check if there is a RefParameter without a condition.
2023-12-21 19:02:58,810 [WARN] IP:2119 - Analog_Filter not found: check if there is a RefParameter without a condition.
2023-12-21 19:02:58,810 [WARN] IP:2119 - I2C_Coeff_DF not found: check if there is a RefParameter without a condition.
2023-12-21 19:02:58,811 [WARN] IP:2119 - Analog_Filter not found: check if there is a RefParameter without a condition.
2023-12-21 19:02:58,906 [WARN] IP:2119 - I2C_Coeff_DF not found: check if there is a RefParameter without a condition.
2023-12-21 19:02:58,906 [WARN] IP:2119 - Analog_Filter not found: check if there is a RefParameter without a condition.
2023-12-21 19:02:59,025 [WARN] IP:2119 - I2C_Coeff_DF not found: check if there is a RefParameter without a condition.
2023-12-21 19:02:59,025 [WARN] IP:2119 - Analog_Filter not found: check if there is a RefParameter without a condition.
2023-12-21 19:03:35,867 [INFO] NvicIntPanel:101 - NVIC parent = com.st.microxplorer.plugins.ip.nvic.MultiNvicIntPanel[,0,0,0x0,invalid,layout=javax.swing.BoxLayout,alignmentX=0.0,alignmentY=0.0,border=,flags=9,maximumSize=,minimumSize=,preferredSize=]
2023-12-21 19:03:36,086 [INFO] NvicIntPanel:101 - NVIC parent = com.st.microxplorer.plugins.ip.nvic.MultiNvicIntPanel[,0,0,0x0,invalid,layout=javax.swing.BoxLayout,alignmentX=0.0,alignmentY=0.0,border=,flags=9,maximumSize=,minimumSize=,preferredSize=]
2023-12-21 19:03:36,503 [INFO] NvicIntPanel:101 - NVIC parent = com.st.microxplorer.plugins.ip.nvic.MultiNvicIntPanel[,0,0,0x0,invalid,layout=javax.swing.BoxLayout,alignmentX=0.0,alignmentY=0.0,border=,flags=9,maximumSize=,minimumSize=,preferredSize=]
2023-12-21 19:26:05,798 [WARN] IP:2119 - I2C_Coeff_DF not found: check if there is a RefParameter without a condition.
2023-12-21 19:26:05,799 [WARN] IP:2119 - Analog_Filter not found: check if there is a RefParameter without a condition.
2023-12-21 19:26:05,800 [WARN] IP:2119 - I2C_Coeff_DF not found: check if there is a RefParameter without a condition.
2023-12-21 19:26:05,800 [WARN] IP:2119 - Analog_Filter not found: check if there is a RefParameter without a condition.
2023-12-21 19:26:05,994 [WARN] IP:2119 - I2C_Coeff_DF not found: check if there is a RefParameter without a condition.
2023-12-21 19:26:05,994 [WARN] IP:2119 - Analog_Filter not found: check if there is a RefParameter without a condition.
2023-12-21 19:26:06,169 [WARN] IP:2119 - I2C_Coeff_DF not found: check if there is a RefParameter without a condition.
2023-12-21 19:26:06,169 [WARN] IP:2119 - Analog_Filter not found: check if there is a RefParameter without a condition.
2023-12-21 19:26:19,514 [WARN] IP:2119 - I2C_Coeff_DF not found: check if there is a RefParameter without a condition.
2023-12-21 19:26:19,515 [WARN] IP:2119 - Analog_Filter not found: check if there is a RefParameter without a condition.
2023-12-21 19:26:19,516 [WARN] IP:2119 - I2C_Coeff_DF not found: check if there is a RefParameter without a condition.
2023-12-21 19:26:19,516 [WARN] IP:2119 - Analog_Filter not found: check if there is a RefParameter without a condition.
2023-12-21 19:26:19,643 [WARN] IP:2119 - I2C_Coeff_DF not found: check if there is a RefParameter without a condition.
2023-12-21 19:26:19,643 [WARN] IP:2119 - Analog_Filter not found: check if there is a RefParameter without a condition.
2023-12-21 19:26:19,769 [WARN] IP:2119 - I2C_Coeff_DF not found: check if there is a RefParameter without a condition.
2023-12-21 19:26:19,769 [WARN] IP:2119 - Analog_Filter not found: check if there is a RefParameter without a condition.
2023-12-21 19:26:39,837 [WARN] IP:2119 - I2C_Coeff_DF not found: check if there is a RefParameter without a condition.
2023-12-21 19:26:39,837 [WARN] IP:2119 - Analog_Filter not found: check if there is a RefParameter without a condition.
2023-12-21 19:26:39,837 [WARN] IP:2119 - I2C_Coeff_DF not found: check if there is a RefParameter without a condition.
2023-12-21 19:26:39,838 [WARN] IP:2119 - Analog_Filter not found: check if there is a RefParameter without a condition.
2023-12-21 19:26:39,949 [WARN] IP:2119 - I2C_Coeff_DF not found: check if there is a RefParameter without a condition.
2023-12-21 19:26:39,949 [WARN] IP:2119 - Analog_Filter not found: check if there is a RefParameter without a condition.
2023-12-21 19:26:40,036 [WARN] IP:2119 - I2C_Coeff_DF not found: check if there is a RefParameter without a condition.
2023-12-21 19:26:40,036 [WARN] IP:2119 - Analog_Filter not found: check if there is a RefParameter without a condition.
2023-12-21 19:26:52,677 [WARN] IP:2119 - I2C_Coeff_DF not found: check if there is a RefParameter without a condition.
2023-12-21 19:26:52,677 [WARN] IP:2119 - Analog_Filter not found: check if there is a RefParameter without a condition.
2023-12-21 19:26:52,677 [WARN] IP:2119 - I2C_Coeff_DF not found: check if there is a RefParameter without a condition.
2023-12-21 19:26:52,677 [WARN] IP:2119 - Analog_Filter not found: check if there is a RefParameter without a condition.
2023-12-21 19:26:52,789 [WARN] IP:2119 - I2C_Coeff_DF not found: check if there is a RefParameter without a condition.
2023-12-21 19:26:52,789 [WARN] IP:2119 - Analog_Filter not found: check if there is a RefParameter without a condition.
2023-12-21 19:26:52,882 [WARN] IP:2119 - I2C_Coeff_DF not found: check if there is a RefParameter without a condition.
2023-12-21 19:26:52,882 [WARN] IP:2119 - Analog_Filter not found: check if there is a RefParameter without a condition.
2023-12-21 19:27:10,894 [INFO] UtilMem:75 - End SaveConfig() Used Memory: 544436856 Bytes (811597824)
2023-12-21 19:27:17,245 [ERROR] ConfigurationRetriever:142 - IOException on connection: Connect timed out
2023-12-21 19:59:48,131 [ERROR] LogOutputStream:75 - [STDERR_REDIRECT] 
