2023-11-06 11:10:52,663 [INFO] Activator:176 - 


2023-11-06 11:10:52,674 [INFO] Activator:177 - !SESSION log4j initialized
2023-11-06 11:11:02,585 [INFO] LogOutputStream:77 - [STDOUT_REDIRECT] 
2023-11-06 11:11:03,129 [ERROR] ConfigurationRetriever:142 - IOException on connection: sw-center.st.com
2023-11-06 11:11:03,130 [ERROR] ConfigurationRetriever:142 - IOException on connection: sw-center.st.com
2023-11-06 11:11:03,131 [ERROR] ConfigurationRetriever:142 - IOException on connection: sw-center.st.com
2023-11-06 11:11:04,112 [INFO] ApplicationProperties:184 - Using Application install path: C:\ST\STM32CubeIDE_1.13.2\STM32CubeIDE\plugins\com.st.stm32cube.common.mx_6.9.2.202309101412
2023-11-06 11:11:04,207 [INFO] DbMcusXml:78 - Set database path to: C:\ST\STM32CubeIDE_1.13.2\STM32CubeIDE\plugins\com.st.stm32cube.common.mx_6.9.2.202309101412\\db\/mcu/
2023-11-06 11:11:04,208 [INFO] ApiDb:274 - Set plugin database path to: C:\ST\STM32CubeIDE_1.13.2\STM32CubeIDE\plugins\com.st.stm32cube.common.mx_6.9.2.202309101412\\db\/plugins/boardmanager/
2023-11-06 11:11:04,208 [WARN] ApiDb:259 - Overriding images path with different value:  => C:\ST\STM32CubeIDE_1.13.2\STM32CubeIDE\plugins\com.st.stm32cube.common.mx_6.9.2.202309101412\\db\/plugins/mcufinder/images/
2023-11-06 11:11:04,239 [INFO] ApiDb:250 - Set database path to: C:\Users\Administrator\.stmcufinder\plugins\mcufinder//mcu/
2023-11-06 11:11:04,242 [INFO] DbMcusAds:125 - Set database path to: C:\Users\Administrator\.stmcufinder\plugins\mcufinder//mcu/
2023-11-06 11:11:04,246 [INFO] CrossReferenceDbSqlite:203 - Set database path to: C:\Users\Administrator\.stmcufinder\plugins\mcufinder//mcu/cs/
2023-11-06 11:11:04,472 [INFO] RulesReader:64 - Compatibility file has been processed (293 Rules)
2023-11-06 11:11:04,632 [INFO] DbMcusXml:78 - Set database path to: C:\ST\STM32CubeIDE_1.13.2\STM32CubeIDE\plugins\com.st.stm32cube.common.mx_6.9.2.202309101412\\db\/mcu/
2023-11-06 11:11:04,632 [INFO] ApiDb:274 - Set plugin database path to: C:\ST\STM32CubeIDE_1.13.2\STM32CubeIDE\plugins\com.st.stm32cube.common.mx_6.9.2.202309101412\\db\/plugins/boardmanager/
2023-11-06 11:11:04,633 [INFO] ApiDb:261 - Set plugin images path to: C:\ST\STM32CubeIDE_1.13.2\STM32CubeIDE\plugins\com.st.stm32cube.common.mx_6.9.2.202309101412\\db\/plugins/mcufinder/images/
2023-11-06 11:11:04,633 [WARN] DbFile:41 - Overriding database path with different value: C:\Users\Administrator\.stmcufinder\plugins\mcufinder/ => C:\Users\Administrator\.stmcufinder\plugins\mcufinder
2023-11-06 11:11:04,633 [INFO] ApiDb:250 - Set database path to: C:\Users\Administrator\.stmcufinder\plugins\mcufinder//mcu/
2023-11-06 11:11:04,634 [WARN] DbFile:41 - Overriding database path with different value: C:\Users\Administrator\.stmcufinder\plugins\mcufinder/ => C:\Users\Administrator\.stmcufinder\plugins\mcufinder
2023-11-06 11:11:04,634 [INFO] DbMcusAds:125 - Set database path to: C:\Users\Administrator\.stmcufinder\plugins\mcufinder//mcu/
2023-11-06 11:11:04,634 [WARN] DbFile:41 - Overriding database path with different value: C:\Users\Administrator\.stmcufinder\plugins\mcufinder/ => C:\Users\Administrator\.stmcufinder\plugins\mcufinder
2023-11-06 11:11:04,634 [WARN] DbFile:41 - Overriding database path with different value: C:\Users\Administrator\.stmcufinder\plugins\mcufinder/ => C:\Users\Administrator\.stmcufinder\plugins\mcufinder
2023-11-06 11:11:04,634 [INFO] CrossReferenceDbSqlite:203 - Set database path to: C:\Users\Administrator\.stmcufinder\plugins\mcufinder//mcu/cs/
2023-11-06 11:11:04,799 [INFO] MainPanel:262 - HeapMemory: 268435456
2023-11-06 11:11:05,033 [INFO] DbMcusXml:78 - Set database path to: C:\ST\STM32CubeIDE_1.13.2\STM32CubeIDE\plugins\com.st.stm32cube.common.mx_6.9.2.202309101412\\db\/mcu/
2023-11-06 11:11:05,034 [INFO] ApiDb:274 - Set plugin database path to: C:\ST\STM32CubeIDE_1.13.2\STM32CubeIDE\plugins\com.st.stm32cube.common.mx_6.9.2.202309101412\\db\/plugins/boardmanager/
2023-11-06 11:11:05,034 [INFO] ApiDb:261 - Set plugin images path to: C:\ST\STM32CubeIDE_1.13.2\STM32CubeIDE\plugins\com.st.stm32cube.common.mx_6.9.2.202309101412\\db\/plugins/mcufinder/images/
2023-11-06 11:11:05,035 [WARN] DbFile:41 - Overriding database path with different value: C:\Users\Administrator\.stmcufinder\plugins\mcufinder/ => C:\Users\Administrator\.stmcufinder\plugins\mcufinder
2023-11-06 11:11:05,036 [INFO] ApiDb:250 - Set database path to: C:\Users\Administrator\.stmcufinder\plugins\mcufinder//mcu/
2023-11-06 11:11:05,036 [WARN] DbFile:41 - Overriding database path with different value: C:\Users\Administrator\.stmcufinder\plugins\mcufinder/ => C:\Users\Administrator\.stmcufinder\plugins\mcufinder
2023-11-06 11:11:05,036 [INFO] DbMcusAds:125 - Set database path to: C:\Users\Administrator\.stmcufinder\plugins\mcufinder//mcu/
2023-11-06 11:11:05,036 [WARN] DbFile:41 - Overriding database path with different value: C:\Users\Administrator\.stmcufinder\plugins\mcufinder/ => C:\Users\Administrator\.stmcufinder\plugins\mcufinder
2023-11-06 11:11:05,037 [WARN] DbFile:41 - Overriding database path with different value: C:\Users\Administrator\.stmcufinder\plugins\mcufinder/ => C:\Users\Administrator\.stmcufinder\plugins\mcufinder
2023-11-06 11:11:05,037 [INFO] CrossReferenceDbSqlite:203 - Set database path to: C:\Users\Administrator\.stmcufinder\plugins\mcufinder//mcu/cs/
2023-11-06 11:11:05,087 [INFO] ApplicationProperties:184 - Using Application install path: C:\ST\STM32CubeIDE_1.13.2\STM32CubeIDE\plugins\com.st.stm32cube.common.mx_6.9.2.202309101412
2023-11-06 11:11:05,090 [INFO] PluginManage:196 - Search for loadable plugins [exclusion list=, ]
2023-11-06 11:11:05,094 [INFO] PluginManage:310 - Check plugin analytics
2023-11-06 11:11:05,560 [INFO] AnalyticsPlugin:253 - Accepted Software Licenses: 
2023-11-06 11:11:05,560 [INFO] AnalyticsPlugin:255 - Accepted CMSIS Pack Licenses: 
2023-11-06 11:11:05,561 [INFO] AnalyticsPlugin:257 - Accepted Firmware Licenses: 
2023-11-06 11:11:05,564 [INFO] PluginManage:359 - Loaded plugin analytics (category:tool,tabindex:-1)
2023-11-06 11:11:05,565 [INFO] PluginManage:310 - Check plugin cadmodel
2023-11-06 11:11:05,566 [ERROR] ConfigurationRetriever:142 - IOException on connection: sw-center.st.com
2023-11-06 11:11:05,568 [ERROR] ConfigurationRetriever:142 - IOException on connection: sw-center.st.com
2023-11-06 11:11:05,568 [ERROR] ConfigurationRetriever:142 - IOException on connection: sw-center.st.com
2023-11-06 11:11:05,578 [INFO] CADModel:105 - Init CAD model plugin
2023-11-06 11:11:05,578 [INFO] PluginManage:359 - Loaded plugin cadmodel (category:power,tabindex:5)
2023-11-06 11:11:05,578 [INFO] PluginManage:310 - Check plugin clock
2023-11-06 11:11:05,603 [INFO] PluginManage:359 - Loaded plugin clock (category:base,tabindex:2)
2023-11-06 11:11:05,603 [INFO] PluginManage:310 - Check plugin ddr
2023-11-06 11:11:05,609 [INFO] PluginManage:359 - Loaded plugin ddr (category:tool,tabindex:6)
2023-11-06 11:11:05,609 [INFO] PluginManage:310 - Check plugin filemanager
2023-11-06 11:11:06,063 [INFO] PluginManage:359 - Loaded plugin filemanager (category:base,tabindex:10)
2023-11-06 11:11:06,063 [INFO] PluginManage:310 - Check plugin ipmanager
2023-11-06 11:11:06,088 [INFO] PluginManage:359 - Loaded plugin ipmanager (category:base,tabindex:5)
2023-11-06 11:11:06,089 [INFO] PluginManage:310 - Check plugin lpbam
2023-11-06 11:11:06,120 [INFO] PluginManage:359 - Loaded plugin lpbam (category:base,tabindex:0)
2023-11-06 11:11:06,121 [INFO] PluginManage:310 - Check plugin memorymap
2023-11-06 11:11:06,198 [INFO] PluginManage:359 - Loaded plugin memorymap (category:base,tabindex:4)
2023-11-06 11:11:06,199 [INFO] PluginManage:310 - Check plugin pinoutandconfiguration
2023-11-06 11:11:06,237 [INFO] PluginManage:359 - Loaded plugin pinoutandconfiguration (category:base,tabindex:1)
2023-11-06 11:11:06,238 [INFO] PluginManage:310 - Check plugin pinoutconfig
2023-11-06 11:11:06,575 [WARN] SupportedApi:132 - Cannot load RTOS API schema: s4s-elt-must-match.1: The content of 'definitions' must match (annotation?, (simpleType | complexType)?, (unique | key | keyref)*)). A problem was found starting at: attribute.
2023-11-06 11:11:06,831 [INFO] PluginManage:359 - Loaded plugin pinoutconfig (category:base,tabindex:0)
2023-11-06 11:11:06,831 [INFO] PluginManage:310 - Check plugin power
2023-11-06 11:11:06,852 [INFO] PluginManage:359 - Loaded plugin power (category:power,tabindex:4)
2023-11-06 11:11:06,853 [INFO] PluginManage:310 - Check plugin projectmanager
2023-11-06 11:11:06,878 [INFO] PluginManage:359 - Loaded plugin projectmanager (category:projectmanager,tabindex:3)
2023-11-06 11:11:06,878 [INFO] PluginManage:310 - Check plugin thirdparty
2023-11-06 11:11:07,141 [INFO] PluginManage:359 - Loaded plugin thirdparty (category:base,tabindex:-1)
2023-11-06 11:11:07,140 [WARN] IntegrityCheckThread:84 - waiting for thirdparty lock release [integrity check]
2023-11-06 11:11:07,141 [INFO] PluginManage:310 - Check plugin tools
2023-11-06 11:11:07,141 [INFO] IntegrityCheckThread:86 - entering critical section [integrity check]
2023-11-06 11:11:07,142 [INFO] ThirdPartyUpdaterWithRetryManager:70 - Updater plugin not ready yet. [1/15]
2023-11-06 11:11:07,151 [INFO] PluginManage:359 - Loaded plugin tools (category:base,tabindex:7)
2023-11-06 11:11:07,151 [INFO] PluginManage:310 - Check plugin tutovideos
2023-11-06 11:11:07,626 [INFO] PluginManage:359 - Loaded plugin tutovideos (category:base,tabindex:-1)
2023-11-06 11:11:07,627 [INFO] PluginManage:310 - Check plugin updater
2023-11-06 11:11:07,647 [INFO] PluginManage:359 - Loaded plugin updater (category:base,tabindex:12)
2023-11-06 11:11:07,647 [INFO] PluginManage:310 - Check plugin userauth
2023-11-06 11:11:07,657 [INFO] UserAuth:113 - Init User Auth plugin
2023-11-06 11:11:07,657 [INFO] PluginManage:359 - Loaded plugin userauth (category:base,tabindex:14)
2023-11-06 11:11:07,658 [INFO] PluginManage:283 - PluginManage : Loaded plugins [17]
2023-11-06 11:11:08,178 [INFO] PinOutPanel:1499 - setPackage(No Configuration,No Configuration)
2023-11-06 11:11:08,406 [INFO] CADModel:165 - CPN selected for project level
2023-11-06 11:11:08,406 [INFO] CADModel:114 - Register for checkConnection events
2023-11-06 11:11:08,436 [INFO] IPUIPlugin:80 - create IPUIPlugin
2023-11-06 11:11:08,436 [INFO] PluginManager:220 - loadIPPluginJar : add adc
2023-11-06 11:11:08,442 [INFO] IPUIPlugin:80 - create IPUIPlugin
2023-11-06 11:11:08,442 [INFO] PluginManager:220 - loadIPPluginJar : add aes
2023-11-06 11:11:08,447 [INFO] IPUIPlugin:80 - create IPUIPlugin
2023-11-06 11:11:08,447 [INFO] PluginManager:220 - loadIPPluginJar : add can
2023-11-06 11:11:08,449 [INFO] IPUIPlugin:80 - create IPUIPlugin
2023-11-06 11:11:08,449 [INFO] PluginManager:220 - loadIPPluginJar : add comp
2023-11-06 11:11:08,455 [INFO] IPUIPlugin:80 - create IPUIPlugin
2023-11-06 11:11:08,455 [INFO] PluginManager:220 - loadIPPluginJar : add cryp
2023-11-06 11:11:08,460 [INFO] IPUIPlugin:80 - create IPUIPlugin
2023-11-06 11:11:08,460 [INFO] PluginManager:220 - loadIPPluginJar : add dfsdm
2023-11-06 11:11:08,469 [INFO] IPUIPlugin:80 - create IPUIPlugin
2023-11-06 11:11:08,470 [INFO] PluginManager:220 - loadIPPluginJar : add dma
2023-11-06 11:11:08,475 [INFO] IPUIPlugin:80 - create IPUIPlugin
2023-11-06 11:11:08,475 [INFO] PluginManager:220 - loadIPPluginJar : add dma3
2023-11-06 11:11:08,478 [INFO] IPUIPlugin:80 - create IPUIPlugin
2023-11-06 11:11:08,478 [INFO] PluginManager:220 - loadIPPluginJar : add fatfs
2023-11-06 11:11:08,485 [INFO] IPUIPlugin:80 - create IPUIPlugin
2023-11-06 11:11:08,485 [INFO] PluginManager:220 - loadIPPluginJar : add fmc
2023-11-06 11:11:08,497 [INFO] IPUIPlugin:80 - create IPUIPlugin
2023-11-06 11:11:08,497 [INFO] PluginManager:220 - loadIPPluginJar : add freertos
2023-11-06 11:11:08,501 [INFO] IPUIPlugin:80 - create IPUIPlugin
2023-11-06 11:11:08,501 [INFO] PluginManager:220 - loadIPPluginJar : add genericplugin
2023-11-06 11:11:08,506 [INFO] IPUIPlugin:80 - create IPUIPlugin
2023-11-06 11:11:08,506 [INFO] PluginManager:220 - loadIPPluginJar : add gfxmmu
2023-11-06 11:11:08,516 [INFO] IPUIPlugin:80 - create IPUIPlugin
2023-11-06 11:11:08,516 [INFO] PluginManager:220 - loadIPPluginJar : add gic
2023-11-06 11:11:08,529 [INFO] IPUIPlugin:80 - create IPUIPlugin
2023-11-06 11:11:08,529 [INFO] PluginManager:220 - loadIPPluginJar : add gpio
2023-11-06 11:11:08,538 [INFO] IPUIPlugin:80 - create IPUIPlugin
2023-11-06 11:11:08,538 [INFO] PluginManager:220 - loadIPPluginJar : add gtzc
2023-11-06 11:11:08,546 [INFO] IPUIPlugin:80 - create IPUIPlugin
2023-11-06 11:11:08,546 [INFO] PluginManager:220 - loadIPPluginJar : add hash
2023-11-06 11:11:08,554 [INFO] IPUIPlugin:80 - create IPUIPlugin
2023-11-06 11:11:08,554 [INFO] PluginManager:220 - loadIPPluginJar : add i2c
2023-11-06 11:11:08,561 [INFO] IPUIPlugin:80 - create IPUIPlugin
2023-11-06 11:11:08,561 [INFO] PluginManager:220 - loadIPPluginJar : add i2s
2023-11-06 11:11:08,569 [INFO] IPUIPlugin:80 - create IPUIPlugin
2023-11-06 11:11:08,569 [INFO] PluginManager:220 - loadIPPluginJar : add i3c
2023-11-06 11:11:08,581 [INFO] IPUIPlugin:80 - create IPUIPlugin
2023-11-06 11:11:08,581 [INFO] PluginManager:220 - loadIPPluginJar : add ipddr
2023-11-06 11:11:08,602 [INFO] IPUIPlugin:80 - create IPUIPlugin
2023-11-06 11:11:08,603 [INFO] PluginManager:220 - loadIPPluginJar : add linkedlist
2023-11-06 11:11:08,610 [INFO] IPUIPlugin:80 - create IPUIPlugin
2023-11-06 11:11:08,611 [INFO] PluginManager:220 - loadIPPluginJar : add lorawan
2023-11-06 11:11:08,618 [INFO] IPUIPlugin:80 - create IPUIPlugin
2023-11-06 11:11:08,618 [INFO] PluginManager:220 - loadIPPluginJar : add ltdc
2023-11-06 11:11:08,635 [INFO] IPUIPlugin:80 - create IPUIPlugin
2023-11-06 11:11:08,636 [INFO] PluginManager:220 - loadIPPluginJar : add mdma
2023-11-06 11:11:08,645 [INFO] IPUIPlugin:80 - create IPUIPlugin
2023-11-06 11:11:08,646 [INFO] PluginManager:220 - loadIPPluginJar : add nvic
2023-11-06 11:11:08,654 [INFO] IPUIPlugin:80 - create IPUIPlugin
2023-11-06 11:11:08,654 [INFO] PluginManager:220 - loadIPPluginJar : add opamp
2023-11-06 11:11:08,665 [INFO] IPUIPlugin:80 - create IPUIPlugin
2023-11-06 11:11:08,665 [INFO] PluginManager:220 - loadIPPluginJar : add openamp
2023-11-06 11:11:08,672 [INFO] IPUIPlugin:80 - create IPUIPlugin
2023-11-06 11:11:08,673 [INFO] PluginManager:220 - loadIPPluginJar : add pdm2pcm
2023-11-06 11:11:08,688 [INFO] IPUIPlugin:80 - create IPUIPlugin
2023-11-06 11:11:08,693 [INFO] PluginManager:220 - loadIPPluginJar : add plateformsettings
2023-11-06 11:11:08,696 [INFO] IPUIPlugin:80 - create IPUIPlugin
2023-11-06 11:11:08,696 [INFO] PluginManager:220 - loadIPPluginJar : add quadspi
2023-11-06 11:11:08,703 [INFO] IPUIPlugin:80 - create IPUIPlugin
2023-11-06 11:11:08,703 [INFO] PluginManager:220 - loadIPPluginJar : add resmgrutility
2023-11-06 11:11:08,707 [INFO] IPUIPlugin:80 - create IPUIPlugin
2023-11-06 11:11:08,707 [INFO] PluginManager:220 - loadIPPluginJar : add sai
2023-11-06 11:11:08,711 [INFO] IPUIPlugin:80 - create IPUIPlugin
2023-11-06 11:11:08,711 [INFO] PluginManager:220 - loadIPPluginJar : add spi
2023-11-06 11:11:08,720 [INFO] IPUIPlugin:80 - create IPUIPlugin
2023-11-06 11:11:08,721 [INFO] PluginManager:220 - loadIPPluginJar : add stm32_wpan
2023-11-06 11:11:08,724 [INFO] IPUIPlugin:80 - create IPUIPlugin
2023-11-06 11:11:08,725 [INFO] PluginManager:220 - loadIPPluginJar : add tim
2023-11-06 11:11:08,730 [INFO] IPUIPlugin:80 - create IPUIPlugin
2023-11-06 11:11:08,730 [INFO] PluginManager:220 - loadIPPluginJar : add touchsensing
2023-11-06 11:11:08,735 [INFO] IPUIPlugin:80 - create IPUIPlugin
2023-11-06 11:11:08,736 [INFO] PluginManager:220 - loadIPPluginJar : add tracer_emb
2023-11-06 11:11:08,740 [INFO] IPUIPlugin:80 - create IPUIPlugin
2023-11-06 11:11:08,741 [INFO] PluginManager:220 - loadIPPluginJar : add ts
2023-11-06 11:11:08,746 [INFO] IPUIPlugin:80 - create IPUIPlugin
2023-11-06 11:11:08,747 [INFO] PluginManager:220 - loadIPPluginJar : add tsc
2023-11-06 11:11:08,752 [INFO] IPUIPlugin:80 - create IPUIPlugin
2023-11-06 11:11:08,752 [INFO] PluginManager:220 - loadIPPluginJar : add ucpd
2023-11-06 11:11:08,759 [INFO] IPUIPlugin:80 - create IPUIPlugin
2023-11-06 11:11:08,759 [INFO] PluginManager:220 - loadIPPluginJar : add usart
2023-11-06 11:11:08,766 [INFO] IPUIPlugin:80 - create IPUIPlugin
2023-11-06 11:11:08,766 [INFO] PluginManager:220 - loadIPPluginJar : add usbx
2023-11-06 11:11:08,982 [INFO] CADModel:165 - CPN selected for project level
2023-11-06 11:11:08,982 [INFO] CADModel:114 - Register for checkConnection events
2023-11-06 11:11:08,983 [FATAL] Updater:308 - Updater called before beeing initialized
2023-11-06 11:11:08,984 [ERROR] CADModel:125 - Updater not yet initialized, retry later 
2023-11-06 11:11:09,424 [INFO] CADModel:165 - CPN selected for project level
2023-11-06 11:11:09,424 [INFO] CADModel:114 - Register for checkConnection events
2023-11-06 11:11:09,424 [FATAL] Updater:308 - Updater called before beeing initialized
2023-11-06 11:11:09,424 [ERROR] CADModel:125 - Updater not yet initialized, retry later 
2023-11-06 11:11:09,431 [FATAL] Updater:308 - Updater called before beeing initialized
2023-11-06 11:11:09,592 [FATAL] Updater:308 - Updater called before beeing initialized
2023-11-06 11:11:09,600 [INFO] DbMcusAds:53 - JSON generation date=Thu Sep 30 12:25:09 IST 2021 (1632984909247)
2023-11-06 11:11:09,600 [FATAL] Updater:308 - Updater called before beeing initialized
2023-11-06 11:11:09,697 [WARN] DetailPanel:346 - Failed to get advertising image, set to default
2023-11-06 11:11:09,867 [FATAL] Updater:308 - Updater called before beeing initialized
2023-11-06 11:11:09,870 [FATAL] Updater:308 - Updater called before beeing initialized
2023-11-06 11:11:09,870 [FATAL] Updater:308 - Updater called before beeing initialized
2023-11-06 11:11:09,870 [WARN] DetailPanel:346 - Failed to get advertising image, set to default
2023-11-06 11:11:09,872 [FATAL] Updater:308 - Updater called before beeing initialized
2023-11-06 11:11:09,949 [ERROR] Updater:1120 - MainUpdater not yet initialized. External WinMGr cannot be set.
2023-11-06 11:11:09,953 [INFO] Updater:1056 - Updater Version found : 6.9.2
2023-11-06 11:11:09,986 [INFO] ApplicationProperties:184 - Using Application install path: C:\ST\STM32CubeIDE_1.13.2\STM32CubeIDE\plugins\com.st.stm32cube.common.mx_6.9.2.202309101412
2023-11-06 11:11:10,145 [INFO] ThirdPartyUpdaterWithRetryManager:70 - Updater plugin not ready yet. [2/15]
2023-11-06 11:11:10,155 [ERROR] ServerAccessManage:1146 - Warning during Server Connection :  Unknown host sw-center.st.com
2023-11-06 11:11:10,161 [INFO] MainUpdater:2868 - connection check result : 22
2023-11-06 11:11:10,163 [INFO] MainUpdater:285 - Updater Check For Update Now.
2023-11-06 11:11:10,163 [INFO] MicroXplorer:498 - Change Database Version : DB.6.0.92
2023-11-06 11:11:10,175 [INFO] McuFinderGlobals:63 - Set McuFinder mode to 2 (CubeIDE integrated)
2023-11-06 11:11:10,175 [INFO] UserAuth:179 - activating auth plugin
2023-11-06 11:11:10,180 [INFO] UserAuth:393 - Internet connection configuration mode: 2
2023-11-06 11:11:10,446 [INFO] CheckServerUpdateThread:120 - End of CheckServer Thread
2023-11-06 11:11:13,467 [WARN] PackLoader:240 - Cannot read IP mode file for STMicroelectronics.X-CUBE-SMBUS.2.1.0
2023-11-06 11:11:13,536 [WARN] PackLoader:240 - Cannot read IP mode file for STMicroelectronics.X-CUBE-AZRTOS-F7.1.1.0
2023-11-06 11:11:13,558 [WARN] PackLoader:240 - Cannot read IP mode file for STMicroelectronics.FP-SNS-MOTENV1.4.3.2
2023-11-06 11:11:13,571 [WARN] PackLoader:240 - Cannot read IP mode file for STMicroelectronics.FP-SNS-FLIGHT1.5.0.2
2023-11-06 11:11:13,584 [WARN] PackLoader:240 - Cannot read IP mode file for STMicroelectronics.X-CUBE-DISPLAY.3.0.0
2023-11-06 11:11:13,612 [WARN] PackLoader:240 - Cannot read IP mode file for STMicroelectronics.X-CUBE-BLE1.7.0.0
2023-11-06 11:11:13,622 [WARN] PackLoader:240 - Cannot read IP mode file for emotas.I-CUBE-CANOPEN.1.3.0
2023-11-06 11:11:13,634 [WARN] PackLoader:240 - Cannot read IP mode file for STMicroelectronics.X-CUBE-TOUCHGFX.4.22.1
2023-11-06 11:11:13,642 [WARN] PackLoader:240 - Cannot read IP mode file for STMicroelectronics.FP-SNS-SMARTAG2.1.2.0
2023-11-06 11:11:13,670 [INFO] LogOutputStream:77 - [STDOUT_REDIRECT] 1 : Invalid condition id : UX_CORESTACK_Condition cause : null
2023-11-06 11:11:13,671 [INFO] LogOutputStream:77 - [STDOUT_REDIRECT] 1 : Invalid condition id : UX_CORESTACK_Condition cause : null
2023-11-06 11:11:13,673 [INFO] LogOutputStream:77 - [STDOUT_REDIRECT] 1 : Invalid condition id : UX_CORESTACK_Condition cause : null
2023-11-06 11:11:13,675 [INFO] LogOutputStream:77 - [STDOUT_REDIRECT] 1 : Invalid condition id : UX_CORESTACK_Condition cause : null
2023-11-06 11:11:13,678 [INFO] LogOutputStream:77 - [STDOUT_REDIRECT] 1 : Invalid condition id : UX_CORESTACK_Condition cause : null
2023-11-06 11:11:13,687 [WARN] PackLoader:240 - Cannot read IP mode file for STMicroelectronics.X-CUBE-AZRTOS-WL.2.0.0
2023-11-06 11:11:13,707 [WARN] PackLoader:240 - Cannot read IP mode file for WES.I-CUBE-Cesium.1.3.0
2023-11-06 11:11:13,716 [WARN] PackLoader:240 - Cannot read IP mode file for STMicroelectronics.X-CUBE-BLE2.3.3.0
2023-11-06 11:11:13,728 [WARN] PackLoader:240 - Cannot read IP mode file for STMicroelectronics.X-CUBE-ALGOBUILD.1.3.0
2023-11-06 11:11:13,761 [WARN] PackLoader:240 - Cannot read IP mode file for STMicroelectronics.X-CUBE-AZRTOS-G0.1.1.0
2023-11-06 11:11:13,775 [WARN] PackLoader:240 - Cannot read IP mode file for STMicroelectronics.X-CUBE-NFC4.3.0.0
2023-11-06 11:11:13,785 [WARN] PackLoader:240 - Cannot read IP mode file for STMicroelectronics.FP-ATR-SIGFOX1.3.2.0
2023-11-06 11:11:13,797 [WARN] PackLoader:240 - Cannot read IP mode file for STMicroelectronics.X-CUBE-GNSS1.6.0.0
2023-11-06 11:11:13,825 [WARN] PackLoader:240 - Cannot read IP mode file for STMicroelectronics.X-CUBE-AZRTOS-F4.1.1.0
2023-11-06 11:11:13,836 [WARN] PackLoader:240 - Cannot read IP mode file for wolfSSL.I-CUBE-wolfSSL.5.6.3
2023-11-06 11:11:13,861 [WARN] PackLoader:240 - Cannot read IP mode file for STMicroelectronics.X-CUBE-AZRTOS-L5.2.0.0
2023-11-06 11:11:13,871 [WARN] PackLoader:240 - Cannot read IP mode file for STMicroelectronics.X-CUBE-EEPRMA1.4.2.0
2023-11-06 11:11:13,881 [WARN] PackLoader:240 - Cannot read IP mode file for ITTIA_DB.I-CUBE-ITTIADB.8.8.0
2023-11-06 11:11:13,893 [WARN] PackLoader:240 - Cannot read IP mode file for STMicroelectronics.X-CUBE-BLEMGR.2.0.0
2023-11-06 11:11:13,922 [WARN] ConditionMgr:438 - getConditionDescription Invalid condition id : UX DEVICE CLASS RTOS Condition cause : null
2023-11-06 11:11:13,922 [WARN] ConditionMgr:438 - getConditionDescription Invalid condition id : UX DEVICE CLASS RTOS Condition cause : null
2023-11-06 11:11:13,925 [WARN] PackLoader:240 - Cannot read IP mode file for STMicroelectronics.X-CUBE-AZRTOS-H7.3.1.0
2023-11-06 11:11:13,927 [WARN] ConditionMgr:1039 - genDependencies : Invalid condition id : UX DEVICE CLASS RTOS Condition cause : null
2023-11-06 11:11:13,927 [WARN] ConditionMgr:1039 - genDependencies : Invalid condition id : UX DEVICE CLASS RTOS Condition cause : null
2023-11-06 11:11:13,928 [WARN] ConditionMgr:1039 - genDependencies : Invalid condition id : UX DEVICE CLASS RTOS Condition cause : null
2023-11-06 11:11:13,928 [WARN] ConditionMgr:1039 - genDependencies : Invalid condition id : UX DEVICE CLASS RTOS Condition cause : null
2023-11-06 11:11:13,929 [WARN] ConditionMgr:1039 - genDependencies : Invalid condition id : UX DEVICE CLASS RTOS Condition cause : null
2023-11-06 11:11:13,940 [WARN] PackLoader:240 - Cannot read IP mode file for STMicroelectronics.X-CUBE-NFC7.1.0.1
2023-11-06 11:11:13,952 [WARN] PackLoader:240 - Cannot read IP mode file for STMicroelectronics.X-CUBE-NFC6.3.0.0
2023-11-06 11:11:13,959 [WARN] PackLoader:240 - Cannot read IP mode file for STMicroelectronics.X-CUBE-AI.8.1.0
2023-11-06 11:11:13,983 [WARN] ConditionMgr:438 - getConditionDescription Invalid condition id : LAN8742 Phy interface Condition cause : null
2023-11-06 11:11:13,985 [WARN] PackLoader:240 - Cannot read IP mode file for STMicroelectronics.X-CUBE-AZRTOS-L4.2.0.0
2023-11-06 11:11:13,987 [WARN] ConditionMgr:1039 - genDependencies : Invalid condition id : LAN8742 Phy interface Condition cause : null
2023-11-06 11:11:13,987 [WARN] ConditionMgr:1039 - genDependencies : Invalid condition id : LAN8742 Phy interface Condition cause : null
2023-11-06 11:11:13,988 [WARN] ConditionMgr:1039 - genDependencies : Invalid condition id : LAN8742 Phy interface Condition cause : null
2023-11-06 11:11:14,006 [WARN] PackLoader:240 - Cannot read IP mode file for STMicroelectronics.X-CUBE-SFXS2LP1.4.0.0
2023-11-06 11:11:14,016 [WARN] PackLoader:240 - Cannot read IP mode file for STMicroelectronics.X-CUBE-ISPU.1.1.0
2023-11-06 11:11:14,038 [WARN] ConditionMgr:438 - getConditionDescription Invalid condition id : UX DEVICE CLASS RTOS Condition cause : null
2023-11-06 11:11:14,038 [WARN] ConditionMgr:438 - getConditionDescription Invalid condition id : UX DEVICE CLASS RTOS Condition cause : null
2023-11-06 11:11:14,042 [WARN] PackLoader:240 - Cannot read IP mode file for STMicroelectronics.X-CUBE-AZRTOS-WB.2.0.0
2023-11-06 11:11:14,043 [WARN] ConditionMgr:1039 - genDependencies : Invalid condition id : UX DEVICE CLASS RTOS Condition cause : null
2023-11-06 11:11:14,043 [WARN] ConditionMgr:1039 - genDependencies : Invalid condition id : UX DEVICE CLASS RTOS Condition cause : null
2023-11-06 11:11:14,044 [WARN] ConditionMgr:1039 - genDependencies : Invalid condition id : UX DEVICE CLASS RTOS Condition cause : null
2023-11-06 11:11:14,045 [WARN] ConditionMgr:1039 - genDependencies : Invalid condition id : UX DEVICE CLASS RTOS Condition cause : null
2023-11-06 11:11:14,045 [WARN] ConditionMgr:1039 - genDependencies : Invalid condition id : UX DEVICE CLASS RTOS Condition cause : null
2023-11-06 11:11:14,065 [WARN] PackLoader:240 - Cannot read IP mode file for STMicroelectronics.X-CUBE-SUBG2.5.0.0
2023-11-06 11:11:14,096 [WARN] PackLoader:240 - Cannot read IP mode file for STMicroelectronics.X-CUBE-TOF1.3.3.1
2023-11-06 11:11:14,177 [WARN] PackLoader:240 - Cannot read IP mode file for STMicroelectronics.X-CUBE-AZRTOS-G4.2.0.0
2023-11-06 11:11:14,207 [WARN] PackLoader:240 - Cannot read IP mode file for Infineon.AIROC-Wi-Fi-Bluetooth-STM32.1.5.1
2023-11-06 11:11:14,301 [WARN] PackLoader:240 - Cannot read IP mode file for STMicroelectronics.X-CUBE-MEMS1.10.0.0
2023-11-06 11:11:14,583 [WARN] PackLoader:240 - Cannot read IP mode file for STMicroelectronics.X-CUBE-FREERTOS.1.1.0
2023-11-06 11:11:14,591 [WARN] PackLoader:240 - Cannot read IP mode file for portGmbH.I-Cube-SoM-uGOAL.1.1.0
2023-11-06 11:11:14,598 [WARN] PackLoader:240 - Cannot read IP mode file for STMicroelectronics.X-CUBE-ALS.1.0.1
2023-11-06 11:11:14,605 [WARN] PackLoader:240 - Cannot read IP mode file for STMicroelectronics.FP-ATR-ASTRA1.2.0.0
2023-11-06 11:11:14,606 [INFO] ThirdParty:978 - Integrity check success = true
2023-11-06 11:11:14,607 [INFO] IntegrityCheckThread:100 - exiting critical section [integrity check]
2023-11-06 11:11:14,607 [INFO] IntegrityCheckThread:103 - End integrity checks thread
2023-11-06 11:11:31,423 [ERROR] LogOutputStream:75 - [STDERR_REDIRECT] SLF4J: Failed to load class "org.slf4j.impl.StaticLoggerBinder".
2023-11-06 11:11:31,424 [ERROR] LogOutputStream:75 - [STDERR_REDIRECT] SLF4J: Defaulting to no-operation (NOP) logger implementation
2023-11-06 11:11:31,426 [ERROR] LogOutputStream:75 - [STDERR_REDIRECT] SLF4J: See http://www.slf4j.org/codes.html#StaticLoggerBinder for further details.
2023-11-06 12:51:07,155 [ERROR] ConfigurationRetriever:142 - IOException on connection: sw-center.st.com
2023-11-06 12:51:07,156 [ERROR] ConfigurationRetriever:142 - IOException on connection: sw-center.st.com
2023-11-06 12:51:07,156 [ERROR] ConfigurationRetriever:142 - IOException on connection: sw-center.st.com
2023-11-06 13:53:57,307 [INFO] Activator:176 - 


2023-11-06 13:53:57,313 [INFO] Activator:177 - !SESSION log4j initialized
2023-11-06 13:54:06,422 [INFO] LogOutputStream:77 - [STDOUT_REDIRECT] 
2023-11-06 13:54:06,956 [ERROR] ConfigurationRetriever:142 - IOException on connection: sw-center.st.com
2023-11-06 13:54:06,959 [ERROR] ConfigurationRetriever:142 - IOException on connection: sw-center.st.com
2023-11-06 13:54:06,960 [ERROR] ConfigurationRetriever:142 - IOException on connection: sw-center.st.com
2023-11-06 13:54:07,849 [INFO] ApplicationProperties:184 - Using Application install path: C:\ST\STM32CubeIDE_1.13.2\STM32CubeIDE\plugins\com.st.stm32cube.common.mx_6.9.2.202309101412
2023-11-06 13:54:07,905 [INFO] DbMcusXml:78 - Set database path to: C:\ST\STM32CubeIDE_1.13.2\STM32CubeIDE\plugins\com.st.stm32cube.common.mx_6.9.2.202309101412\\db\/mcu/
2023-11-06 13:54:07,907 [INFO] ApiDb:274 - Set plugin database path to: C:\ST\STM32CubeIDE_1.13.2\STM32CubeIDE\plugins\com.st.stm32cube.common.mx_6.9.2.202309101412\\db\/plugins/boardmanager/
2023-11-06 13:54:07,908 [WARN] ApiDb:259 - Overriding images path with different value:  => C:\ST\STM32CubeIDE_1.13.2\STM32CubeIDE\plugins\com.st.stm32cube.common.mx_6.9.2.202309101412\\db\/plugins/mcufinder/images/
2023-11-06 13:54:07,962 [INFO] ApiDb:250 - Set database path to: C:\Users\Administrator\.stmcufinder\plugins\mcufinder//mcu/
2023-11-06 13:54:07,967 [INFO] DbMcusAds:125 - Set database path to: C:\Users\Administrator\.stmcufinder\plugins\mcufinder//mcu/
2023-11-06 13:54:07,972 [INFO] CrossReferenceDbSqlite:203 - Set database path to: C:\Users\Administrator\.stmcufinder\plugins\mcufinder//mcu/cs/
2023-11-06 13:54:08,264 [INFO] RulesReader:64 - Compatibility file has been processed (293 Rules)
2023-11-06 13:54:08,458 [INFO] DbMcusXml:78 - Set database path to: C:\ST\STM32CubeIDE_1.13.2\STM32CubeIDE\plugins\com.st.stm32cube.common.mx_6.9.2.202309101412\\db\/mcu/
2023-11-06 13:54:08,458 [INFO] ApiDb:274 - Set plugin database path to: C:\ST\STM32CubeIDE_1.13.2\STM32CubeIDE\plugins\com.st.stm32cube.common.mx_6.9.2.202309101412\\db\/plugins/boardmanager/
2023-11-06 13:54:08,459 [INFO] ApiDb:261 - Set plugin images path to: C:\ST\STM32CubeIDE_1.13.2\STM32CubeIDE\plugins\com.st.stm32cube.common.mx_6.9.2.202309101412\\db\/plugins/mcufinder/images/
2023-11-06 13:54:08,459 [WARN] DbFile:41 - Overriding database path with different value: C:\Users\Administrator\.stmcufinder\plugins\mcufinder/ => C:\Users\Administrator\.stmcufinder\plugins\mcufinder
2023-11-06 13:54:08,459 [INFO] ApiDb:250 - Set database path to: C:\Users\Administrator\.stmcufinder\plugins\mcufinder//mcu/
2023-11-06 13:54:08,460 [WARN] DbFile:41 - Overriding database path with different value: C:\Users\Administrator\.stmcufinder\plugins\mcufinder/ => C:\Users\Administrator\.stmcufinder\plugins\mcufinder
2023-11-06 13:54:08,460 [INFO] DbMcusAds:125 - Set database path to: C:\Users\Administrator\.stmcufinder\plugins\mcufinder//mcu/
2023-11-06 13:54:08,460 [WARN] DbFile:41 - Overriding database path with different value: C:\Users\Administrator\.stmcufinder\plugins\mcufinder/ => C:\Users\Administrator\.stmcufinder\plugins\mcufinder
2023-11-06 13:54:08,460 [WARN] DbFile:41 - Overriding database path with different value: C:\Users\Administrator\.stmcufinder\plugins\mcufinder/ => C:\Users\Administrator\.stmcufinder\plugins\mcufinder
2023-11-06 13:54:08,461 [INFO] CrossReferenceDbSqlite:203 - Set database path to: C:\Users\Administrator\.stmcufinder\plugins\mcufinder//mcu/cs/
2023-11-06 13:54:08,686 [INFO] MainPanel:262 - HeapMemory: 268435456
2023-11-06 13:54:08,991 [INFO] DbMcusXml:78 - Set database path to: C:\ST\STM32CubeIDE_1.13.2\STM32CubeIDE\plugins\com.st.stm32cube.common.mx_6.9.2.202309101412\\db\/mcu/
2023-11-06 13:54:08,991 [INFO] ApiDb:274 - Set plugin database path to: C:\ST\STM32CubeIDE_1.13.2\STM32CubeIDE\plugins\com.st.stm32cube.common.mx_6.9.2.202309101412\\db\/plugins/boardmanager/
2023-11-06 13:54:08,991 [INFO] ApiDb:261 - Set plugin images path to: C:\ST\STM32CubeIDE_1.13.2\STM32CubeIDE\plugins\com.st.stm32cube.common.mx_6.9.2.202309101412\\db\/plugins/mcufinder/images/
2023-11-06 13:54:08,993 [WARN] DbFile:41 - Overriding database path with different value: C:\Users\Administrator\.stmcufinder\plugins\mcufinder/ => C:\Users\Administrator\.stmcufinder\plugins\mcufinder
2023-11-06 13:54:08,994 [INFO] ApiDb:250 - Set database path to: C:\Users\Administrator\.stmcufinder\plugins\mcufinder//mcu/
2023-11-06 13:54:08,994 [WARN] DbFile:41 - Overriding database path with different value: C:\Users\Administrator\.stmcufinder\plugins\mcufinder/ => C:\Users\Administrator\.stmcufinder\plugins\mcufinder
2023-11-06 13:54:08,994 [INFO] DbMcusAds:125 - Set database path to: C:\Users\Administrator\.stmcufinder\plugins\mcufinder//mcu/
2023-11-06 13:54:08,994 [WARN] DbFile:41 - Overriding database path with different value: C:\Users\Administrator\.stmcufinder\plugins\mcufinder/ => C:\Users\Administrator\.stmcufinder\plugins\mcufinder
2023-11-06 13:54:08,995 [WARN] DbFile:41 - Overriding database path with different value: C:\Users\Administrator\.stmcufinder\plugins\mcufinder/ => C:\Users\Administrator\.stmcufinder\plugins\mcufinder
2023-11-06 13:54:08,995 [INFO] CrossReferenceDbSqlite:203 - Set database path to: C:\Users\Administrator\.stmcufinder\plugins\mcufinder//mcu/cs/
2023-11-06 13:54:09,033 [INFO] ApplicationProperties:184 - Using Application install path: C:\ST\STM32CubeIDE_1.13.2\STM32CubeIDE\plugins\com.st.stm32cube.common.mx_6.9.2.202309101412
2023-11-06 13:54:09,036 [INFO] PluginManage:196 - Search for loadable plugins [exclusion list=, ]
2023-11-06 13:54:09,039 [INFO] PluginManage:310 - Check plugin analytics
2023-11-06 13:54:09,417 [INFO] AnalyticsPlugin:253 - Accepted Software Licenses: 
2023-11-06 13:54:09,417 [INFO] AnalyticsPlugin:255 - Accepted CMSIS Pack Licenses: 
2023-11-06 13:54:09,419 [INFO] AnalyticsPlugin:257 - Accepted Firmware Licenses: 
2023-11-06 13:54:09,427 [ERROR] ConfigurationRetriever:142 - IOException on connection: sw-center.st.com
2023-11-06 13:54:09,428 [ERROR] ConfigurationRetriever:142 - IOException on connection: sw-center.st.com
2023-11-06 13:54:09,428 [ERROR] ConfigurationRetriever:142 - IOException on connection: sw-center.st.com
2023-11-06 13:54:09,429 [INFO] PluginManage:359 - Loaded plugin analytics (category:tool,tabindex:-1)
2023-11-06 13:54:09,431 [INFO] PluginManage:310 - Check plugin cadmodel
2023-11-06 13:54:09,442 [INFO] CADModel:105 - Init CAD model plugin
2023-11-06 13:54:09,443 [INFO] PluginManage:359 - Loaded plugin cadmodel (category:power,tabindex:5)
2023-11-06 13:54:09,443 [INFO] PluginManage:310 - Check plugin clock
2023-11-06 13:54:09,465 [INFO] PluginManage:359 - Loaded plugin clock (category:base,tabindex:2)
2023-11-06 13:54:09,466 [INFO] PluginManage:310 - Check plugin ddr
2023-11-06 13:54:09,474 [INFO] PluginManage:359 - Loaded plugin ddr (category:tool,tabindex:6)
2023-11-06 13:54:09,474 [INFO] PluginManage:310 - Check plugin filemanager
2023-11-06 13:54:09,950 [INFO] PluginManage:359 - Loaded plugin filemanager (category:base,tabindex:10)
2023-11-06 13:54:09,951 [INFO] PluginManage:310 - Check plugin ipmanager
2023-11-06 13:54:09,983 [INFO] PluginManage:359 - Loaded plugin ipmanager (category:base,tabindex:5)
2023-11-06 13:54:09,985 [INFO] PluginManage:310 - Check plugin lpbam
2023-11-06 13:54:10,018 [INFO] PluginManage:359 - Loaded plugin lpbam (category:base,tabindex:0)
2023-11-06 13:54:10,018 [INFO] PluginManage:310 - Check plugin memorymap
2023-11-06 13:54:10,077 [INFO] PluginManage:359 - Loaded plugin memorymap (category:base,tabindex:4)
2023-11-06 13:54:10,078 [INFO] PluginManage:310 - Check plugin pinoutandconfiguration
2023-11-06 13:54:10,118 [INFO] PluginManage:359 - Loaded plugin pinoutandconfiguration (category:base,tabindex:1)
2023-11-06 13:54:10,119 [INFO] PluginManage:310 - Check plugin pinoutconfig
2023-11-06 13:54:10,532 [WARN] SupportedApi:132 - Cannot load RTOS API schema: s4s-elt-must-match.1: The content of 'definitions' must match (annotation?, (simpleType | complexType)?, (unique | key | keyref)*)). A problem was found starting at: attribute.
2023-11-06 13:54:10,927 [INFO] PluginManage:359 - Loaded plugin pinoutconfig (category:base,tabindex:0)
2023-11-06 13:54:10,927 [INFO] PluginManage:310 - Check plugin power
2023-11-06 13:54:10,955 [INFO] PluginManage:359 - Loaded plugin power (category:power,tabindex:4)
2023-11-06 13:54:10,956 [INFO] PluginManage:310 - Check plugin projectmanager
2023-11-06 13:54:10,984 [INFO] PluginManage:359 - Loaded plugin projectmanager (category:projectmanager,tabindex:3)
2023-11-06 13:54:10,985 [INFO] PluginManage:310 - Check plugin thirdparty
2023-11-06 13:54:11,323 [INFO] PluginManage:359 - Loaded plugin thirdparty (category:base,tabindex:-1)
2023-11-06 13:54:11,323 [WARN] IntegrityCheckThread:84 - waiting for thirdparty lock release [integrity check]
2023-11-06 13:54:11,324 [INFO] IntegrityCheckThread:86 - entering critical section [integrity check]
2023-11-06 13:54:11,324 [INFO] PluginManage:310 - Check plugin tools
2023-11-06 13:54:11,325 [INFO] ThirdPartyUpdaterWithRetryManager:70 - Updater plugin not ready yet. [1/15]
2023-11-06 13:54:11,328 [INFO] PluginManage:359 - Loaded plugin tools (category:base,tabindex:7)
2023-11-06 13:54:11,329 [INFO] PluginManage:310 - Check plugin tutovideos
2023-11-06 13:54:11,769 [INFO] PluginManage:359 - Loaded plugin tutovideos (category:base,tabindex:-1)
2023-11-06 13:54:11,770 [INFO] PluginManage:310 - Check plugin updater
2023-11-06 13:54:11,803 [INFO] PluginManage:359 - Loaded plugin updater (category:base,tabindex:12)
2023-11-06 13:54:11,804 [INFO] PluginManage:310 - Check plugin userauth
2023-11-06 13:54:11,821 [INFO] UserAuth:113 - Init User Auth plugin
2023-11-06 13:54:11,822 [INFO] PluginManage:359 - Loaded plugin userauth (category:base,tabindex:14)
2023-11-06 13:54:11,823 [INFO] PluginManage:283 - PluginManage : Loaded plugins [17]
2023-11-06 13:54:12,400 [INFO] PinOutPanel:1499 - setPackage(No Configuration,No Configuration)
2023-11-06 13:54:12,598 [INFO] CADModel:165 - CPN selected for project level
2023-11-06 13:54:12,598 [INFO] CADModel:114 - Register for checkConnection events
2023-11-06 13:54:12,631 [INFO] IPUIPlugin:80 - create IPUIPlugin
2023-11-06 13:54:12,631 [INFO] PluginManager:220 - loadIPPluginJar : add adc
2023-11-06 13:54:12,636 [INFO] IPUIPlugin:80 - create IPUIPlugin
2023-11-06 13:54:12,637 [INFO] PluginManager:220 - loadIPPluginJar : add aes
2023-11-06 13:54:12,643 [INFO] IPUIPlugin:80 - create IPUIPlugin
2023-11-06 13:54:12,643 [INFO] PluginManager:220 - loadIPPluginJar : add can
2023-11-06 13:54:12,647 [INFO] IPUIPlugin:80 - create IPUIPlugin
2023-11-06 13:54:12,648 [INFO] PluginManager:220 - loadIPPluginJar : add comp
2023-11-06 13:54:12,653 [INFO] IPUIPlugin:80 - create IPUIPlugin
2023-11-06 13:54:12,653 [INFO] PluginManager:220 - loadIPPluginJar : add cryp
2023-11-06 13:54:12,661 [INFO] IPUIPlugin:80 - create IPUIPlugin
2023-11-06 13:54:12,661 [INFO] PluginManager:220 - loadIPPluginJar : add dfsdm
2023-11-06 13:54:12,678 [INFO] IPUIPlugin:80 - create IPUIPlugin
2023-11-06 13:54:12,680 [INFO] PluginManager:220 - loadIPPluginJar : add dma
2023-11-06 13:54:12,689 [INFO] IPUIPlugin:80 - create IPUIPlugin
2023-11-06 13:54:12,689 [INFO] PluginManager:220 - loadIPPluginJar : add dma3
2023-11-06 13:54:12,696 [INFO] IPUIPlugin:80 - create IPUIPlugin
2023-11-06 13:54:12,696 [INFO] PluginManager:220 - loadIPPluginJar : add fatfs
2023-11-06 13:54:12,712 [INFO] IPUIPlugin:80 - create IPUIPlugin
2023-11-06 13:54:12,713 [INFO] PluginManager:220 - loadIPPluginJar : add fmc
2023-11-06 13:54:12,740 [INFO] IPUIPlugin:80 - create IPUIPlugin
2023-11-06 13:54:12,742 [INFO] PluginManager:220 - loadIPPluginJar : add freertos
2023-11-06 13:54:12,749 [INFO] IPUIPlugin:80 - create IPUIPlugin
2023-11-06 13:54:12,751 [INFO] PluginManager:220 - loadIPPluginJar : add genericplugin
2023-11-06 13:54:12,759 [INFO] IPUIPlugin:80 - create IPUIPlugin
2023-11-06 13:54:12,760 [INFO] PluginManager:220 - loadIPPluginJar : add gfxmmu
2023-11-06 13:54:12,780 [INFO] IPUIPlugin:80 - create IPUIPlugin
2023-11-06 13:54:12,781 [INFO] PluginManager:220 - loadIPPluginJar : add gic
2023-11-06 13:54:12,797 [INFO] IPUIPlugin:80 - create IPUIPlugin
2023-11-06 13:54:12,798 [INFO] PluginManager:220 - loadIPPluginJar : add gpio
2023-11-06 13:54:12,809 [INFO] IPUIPlugin:80 - create IPUIPlugin
2023-11-06 13:54:12,809 [INFO] PluginManager:220 - loadIPPluginJar : add gtzc
2023-11-06 13:54:12,819 [INFO] IPUIPlugin:80 - create IPUIPlugin
2023-11-06 13:54:12,819 [INFO] PluginManager:220 - loadIPPluginJar : add hash
2023-11-06 13:54:12,826 [INFO] IPUIPlugin:80 - create IPUIPlugin
2023-11-06 13:54:12,826 [INFO] PluginManager:220 - loadIPPluginJar : add i2c
2023-11-06 13:54:12,833 [INFO] IPUIPlugin:80 - create IPUIPlugin
2023-11-06 13:54:12,833 [INFO] PluginManager:220 - loadIPPluginJar : add i2s
2023-11-06 13:54:12,838 [INFO] IPUIPlugin:80 - create IPUIPlugin
2023-11-06 13:54:12,839 [INFO] PluginManager:220 - loadIPPluginJar : add i3c
2023-11-06 13:54:12,844 [INFO] IPUIPlugin:80 - create IPUIPlugin
2023-11-06 13:54:12,844 [INFO] PluginManager:220 - loadIPPluginJar : add ipddr
2023-11-06 13:54:12,859 [INFO] IPUIPlugin:80 - create IPUIPlugin
2023-11-06 13:54:12,859 [INFO] PluginManager:220 - loadIPPluginJar : add linkedlist
2023-11-06 13:54:12,865 [INFO] IPUIPlugin:80 - create IPUIPlugin
2023-11-06 13:54:12,866 [INFO] PluginManager:220 - loadIPPluginJar : add lorawan
2023-11-06 13:54:12,869 [INFO] IPUIPlugin:80 - create IPUIPlugin
2023-11-06 13:54:12,869 [INFO] PluginManager:220 - loadIPPluginJar : add ltdc
2023-11-06 13:54:12,882 [INFO] IPUIPlugin:80 - create IPUIPlugin
2023-11-06 13:54:12,882 [INFO] PluginManager:220 - loadIPPluginJar : add mdma
2023-11-06 13:54:12,889 [INFO] IPUIPlugin:80 - create IPUIPlugin
2023-11-06 13:54:12,890 [INFO] PluginManager:220 - loadIPPluginJar : add nvic
2023-11-06 13:54:12,897 [INFO] IPUIPlugin:80 - create IPUIPlugin
2023-11-06 13:54:12,897 [INFO] PluginManager:220 - loadIPPluginJar : add opamp
2023-11-06 13:54:12,905 [INFO] IPUIPlugin:80 - create IPUIPlugin
2023-11-06 13:54:12,905 [INFO] PluginManager:220 - loadIPPluginJar : add openamp
2023-11-06 13:54:12,913 [INFO] IPUIPlugin:80 - create IPUIPlugin
2023-11-06 13:54:12,913 [INFO] PluginManager:220 - loadIPPluginJar : add pdm2pcm
2023-11-06 13:54:12,925 [INFO] IPUIPlugin:80 - create IPUIPlugin
2023-11-06 13:54:12,931 [INFO] PluginManager:220 - loadIPPluginJar : add plateformsettings
2023-11-06 13:54:12,935 [INFO] IPUIPlugin:80 - create IPUIPlugin
2023-11-06 13:54:12,935 [INFO] PluginManager:220 - loadIPPluginJar : add quadspi
2023-11-06 13:54:12,943 [INFO] IPUIPlugin:80 - create IPUIPlugin
2023-11-06 13:54:12,943 [INFO] PluginManager:220 - loadIPPluginJar : add resmgrutility
2023-11-06 13:54:12,949 [INFO] IPUIPlugin:80 - create IPUIPlugin
2023-11-06 13:54:12,949 [INFO] PluginManager:220 - loadIPPluginJar : add sai
2023-11-06 13:54:12,954 [INFO] IPUIPlugin:80 - create IPUIPlugin
2023-11-06 13:54:12,955 [INFO] PluginManager:220 - loadIPPluginJar : add spi
2023-11-06 13:54:12,964 [INFO] IPUIPlugin:80 - create IPUIPlugin
2023-11-06 13:54:12,964 [INFO] PluginManager:220 - loadIPPluginJar : add stm32_wpan
2023-11-06 13:54:12,968 [INFO] IPUIPlugin:80 - create IPUIPlugin
2023-11-06 13:54:12,969 [INFO] PluginManager:220 - loadIPPluginJar : add tim
2023-11-06 13:54:12,975 [INFO] IPUIPlugin:80 - create IPUIPlugin
2023-11-06 13:54:12,975 [INFO] PluginManager:220 - loadIPPluginJar : add touchsensing
2023-11-06 13:54:12,979 [INFO] IPUIPlugin:80 - create IPUIPlugin
2023-11-06 13:54:12,980 [INFO] PluginManager:220 - loadIPPluginJar : add tracer_emb
2023-11-06 13:54:12,983 [INFO] IPUIPlugin:80 - create IPUIPlugin
2023-11-06 13:54:12,984 [INFO] PluginManager:220 - loadIPPluginJar : add ts
2023-11-06 13:54:12,987 [INFO] IPUIPlugin:80 - create IPUIPlugin
2023-11-06 13:54:12,987 [INFO] PluginManager:220 - loadIPPluginJar : add tsc
2023-11-06 13:54:12,992 [INFO] IPUIPlugin:80 - create IPUIPlugin
2023-11-06 13:54:12,992 [INFO] PluginManager:220 - loadIPPluginJar : add ucpd
2023-11-06 13:54:12,998 [INFO] IPUIPlugin:80 - create IPUIPlugin
2023-11-06 13:54:12,998 [INFO] PluginManager:220 - loadIPPluginJar : add usart
2023-11-06 13:54:13,004 [INFO] IPUIPlugin:80 - create IPUIPlugin
2023-11-06 13:54:13,005 [INFO] PluginManager:220 - loadIPPluginJar : add usbx
2023-11-06 13:54:13,196 [INFO] CADModel:165 - CPN selected for project level
2023-11-06 13:54:13,196 [INFO] CADModel:114 - Register for checkConnection events
2023-11-06 13:54:13,197 [FATAL] Updater:308 - Updater called before beeing initialized
2023-11-06 13:54:13,197 [ERROR] CADModel:125 - Updater not yet initialized, retry later 
2023-11-06 13:54:13,480 [INFO] CADModel:165 - CPN selected for project level
2023-11-06 13:54:13,480 [INFO] CADModel:114 - Register for checkConnection events
2023-11-06 13:54:13,481 [FATAL] Updater:308 - Updater called before beeing initialized
2023-11-06 13:54:13,481 [ERROR] CADModel:125 - Updater not yet initialized, retry later 
2023-11-06 13:54:13,496 [FATAL] Updater:308 - Updater called before beeing initialized
2023-11-06 13:54:13,816 [FATAL] Updater:308 - Updater called before beeing initialized
2023-11-06 13:54:13,826 [INFO] DbMcusAds:53 - JSON generation date=Thu Sep 30 12:25:09 IST 2021 (1632984909247)
2023-11-06 13:54:13,826 [FATAL] Updater:308 - Updater called before beeing initialized
2023-11-06 13:54:13,903 [WARN] DetailPanel:346 - Failed to get advertising image, set to default
2023-11-06 13:54:14,174 [FATAL] Updater:308 - Updater called before beeing initialized
2023-11-06 13:54:14,178 [FATAL] Updater:308 - Updater called before beeing initialized
2023-11-06 13:54:14,179 [FATAL] Updater:308 - Updater called before beeing initialized
2023-11-06 13:54:14,179 [WARN] DetailPanel:346 - Failed to get advertising image, set to default
2023-11-06 13:54:14,181 [FATAL] Updater:308 - Updater called before beeing initialized
2023-11-06 13:54:14,282 [ERROR] Updater:1120 - MainUpdater not yet initialized. External WinMGr cannot be set.
2023-11-06 13:54:14,285 [INFO] Updater:1056 - Updater Version found : 6.9.2
2023-11-06 13:54:14,318 [INFO] ApplicationProperties:184 - Using Application install path: C:\ST\STM32CubeIDE_1.13.2\STM32CubeIDE\plugins\com.st.stm32cube.common.mx_6.9.2.202309101412
2023-11-06 13:54:14,326 [INFO] ThirdPartyUpdaterWithRetryManager:70 - Updater plugin not ready yet. [2/15]
2023-11-06 13:54:14,493 [ERROR] ServerAccessManage:1146 - Warning during Server Connection :  Unknown host sw-center.st.com
2023-11-06 13:54:14,500 [INFO] MainUpdater:2868 - connection check result : 22
2023-11-06 13:54:14,501 [INFO] MainUpdater:285 - Updater Check For Update Now.
2023-11-06 13:54:14,502 [INFO] MicroXplorer:498 - Change Database Version : DB.6.0.92
2023-11-06 13:54:14,520 [INFO] McuFinderGlobals:63 - Set McuFinder mode to 2 (CubeIDE integrated)
2023-11-06 13:54:14,520 [INFO] UserAuth:179 - activating auth plugin
2023-11-06 13:54:14,525 [INFO] UserAuth:393 - Internet connection configuration mode: 2
2023-11-06 13:54:14,769 [INFO] CheckServerUpdateThread:120 - End of CheckServer Thread
2023-11-06 13:54:17,584 [WARN] PackLoader:240 - Cannot read IP mode file for STMicroelectronics.X-CUBE-SMBUS.2.1.0
2023-11-06 13:54:17,662 [WARN] PackLoader:240 - Cannot read IP mode file for STMicroelectronics.X-CUBE-AZRTOS-F7.1.1.0
2023-11-06 13:54:17,687 [WARN] PackLoader:240 - Cannot read IP mode file for STMicroelectronics.FP-SNS-MOTENV1.4.3.2
2023-11-06 13:54:17,702 [WARN] PackLoader:240 - Cannot read IP mode file for STMicroelectronics.FP-SNS-FLIGHT1.5.0.2
2023-11-06 13:54:17,720 [WARN] PackLoader:240 - Cannot read IP mode file for STMicroelectronics.X-CUBE-DISPLAY.3.0.0
2023-11-06 13:54:17,745 [WARN] PackLoader:240 - Cannot read IP mode file for STMicroelectronics.X-CUBE-BLE1.7.0.0
2023-11-06 13:54:17,757 [WARN] PackLoader:240 - Cannot read IP mode file for emotas.I-CUBE-CANOPEN.1.3.0
2023-11-06 13:54:17,767 [WARN] PackLoader:240 - Cannot read IP mode file for STMicroelectronics.X-CUBE-TOUCHGFX.4.22.1
2023-11-06 13:54:17,775 [WARN] PackLoader:240 - Cannot read IP mode file for STMicroelectronics.FP-SNS-SMARTAG2.1.2.0
2023-11-06 13:54:17,795 [INFO] LogOutputStream:77 - [STDOUT_REDIRECT] 1 : Invalid condition id : UX_CORESTACK_Condition cause : null
2023-11-06 13:54:17,796 [INFO] LogOutputStream:77 - [STDOUT_REDIRECT] 1 : Invalid condition id : UX_CORESTACK_Condition cause : null
2023-11-06 13:54:17,798 [INFO] LogOutputStream:77 - [STDOUT_REDIRECT] 1 : Invalid condition id : UX_CORESTACK_Condition cause : null
2023-11-06 13:54:17,800 [INFO] LogOutputStream:77 - [STDOUT_REDIRECT] 1 : Invalid condition id : UX_CORESTACK_Condition cause : null
2023-11-06 13:54:17,802 [INFO] LogOutputStream:77 - [STDOUT_REDIRECT] 1 : Invalid condition id : UX_CORESTACK_Condition cause : null
2023-11-06 13:54:17,811 [WARN] PackLoader:240 - Cannot read IP mode file for STMicroelectronics.X-CUBE-AZRTOS-WL.2.0.0
2023-11-06 13:54:17,828 [WARN] PackLoader:240 - Cannot read IP mode file for WES.I-CUBE-Cesium.1.3.0
2023-11-06 13:54:17,836 [WARN] PackLoader:240 - Cannot read IP mode file for STMicroelectronics.X-CUBE-BLE2.3.3.0
2023-11-06 13:54:17,848 [WARN] PackLoader:240 - Cannot read IP mode file for STMicroelectronics.X-CUBE-ALGOBUILD.1.3.0
2023-11-06 13:54:17,884 [WARN] PackLoader:240 - Cannot read IP mode file for STMicroelectronics.X-CUBE-AZRTOS-G0.1.1.0
2023-11-06 13:54:17,902 [WARN] PackLoader:240 - Cannot read IP mode file for STMicroelectronics.X-CUBE-NFC4.3.0.0
2023-11-06 13:54:17,910 [WARN] PackLoader:240 - Cannot read IP mode file for STMicroelectronics.FP-ATR-SIGFOX1.3.2.0
2023-11-06 13:54:17,921 [WARN] PackLoader:240 - Cannot read IP mode file for STMicroelectronics.X-CUBE-GNSS1.6.0.0
2023-11-06 13:54:17,967 [WARN] PackLoader:240 - Cannot read IP mode file for STMicroelectronics.X-CUBE-AZRTOS-F4.1.1.0
2023-11-06 13:54:17,978 [WARN] PackLoader:240 - Cannot read IP mode file for wolfSSL.I-CUBE-wolfSSL.5.6.3
2023-11-06 13:54:18,020 [WARN] PackLoader:240 - Cannot read IP mode file for STMicroelectronics.X-CUBE-AZRTOS-L5.2.0.0
2023-11-06 13:54:18,033 [WARN] PackLoader:240 - Cannot read IP mode file for STMicroelectronics.X-CUBE-EEPRMA1.4.2.0
2023-11-06 13:54:18,042 [WARN] PackLoader:240 - Cannot read IP mode file for ITTIA_DB.I-CUBE-ITTIADB.8.8.0
2023-11-06 13:54:18,059 [WARN] PackLoader:240 - Cannot read IP mode file for STMicroelectronics.X-CUBE-BLEMGR.2.0.0
2023-11-06 13:54:18,100 [WARN] ConditionMgr:438 - getConditionDescription Invalid condition id : UX DEVICE CLASS RTOS Condition cause : null
2023-11-06 13:54:18,100 [WARN] ConditionMgr:438 - getConditionDescription Invalid condition id : UX DEVICE CLASS RTOS Condition cause : null
2023-11-06 13:54:18,109 [WARN] PackLoader:240 - Cannot read IP mode file for STMicroelectronics.X-CUBE-AZRTOS-H7.3.1.0
2023-11-06 13:54:18,111 [WARN] ConditionMgr:1039 - genDependencies : Invalid condition id : UX DEVICE CLASS RTOS Condition cause : null
2023-11-06 13:54:18,112 [WARN] ConditionMgr:1039 - genDependencies : Invalid condition id : UX DEVICE CLASS RTOS Condition cause : null
2023-11-06 13:54:18,113 [WARN] ConditionMgr:1039 - genDependencies : Invalid condition id : UX DEVICE CLASS RTOS Condition cause : null
2023-11-06 13:54:18,115 [WARN] ConditionMgr:1039 - genDependencies : Invalid condition id : UX DEVICE CLASS RTOS Condition cause : null
2023-11-06 13:54:18,115 [WARN] ConditionMgr:1039 - genDependencies : Invalid condition id : UX DEVICE CLASS RTOS Condition cause : null
2023-11-06 13:54:18,129 [WARN] PackLoader:240 - Cannot read IP mode file for STMicroelectronics.X-CUBE-NFC7.1.0.1
2023-11-06 13:54:18,160 [WARN] PackLoader:240 - Cannot read IP mode file for STMicroelectronics.X-CUBE-NFC6.3.0.0
2023-11-06 13:54:18,177 [WARN] PackLoader:240 - Cannot read IP mode file for STMicroelectronics.X-CUBE-AI.8.1.0
2023-11-06 13:54:18,232 [WARN] ConditionMgr:438 - getConditionDescription Invalid condition id : LAN8742 Phy interface Condition cause : null
2023-11-06 13:54:18,234 [WARN] PackLoader:240 - Cannot read IP mode file for STMicroelectronics.X-CUBE-AZRTOS-L4.2.0.0
2023-11-06 13:54:18,237 [WARN] ConditionMgr:1039 - genDependencies : Invalid condition id : LAN8742 Phy interface Condition cause : null
2023-11-06 13:54:18,237 [WARN] ConditionMgr:1039 - genDependencies : Invalid condition id : LAN8742 Phy interface Condition cause : null
2023-11-06 13:54:18,239 [WARN] ConditionMgr:1039 - genDependencies : Invalid condition id : LAN8742 Phy interface Condition cause : null
2023-11-06 13:54:18,267 [WARN] PackLoader:240 - Cannot read IP mode file for STMicroelectronics.X-CUBE-SFXS2LP1.4.0.0
2023-11-06 13:54:18,282 [WARN] PackLoader:240 - Cannot read IP mode file for STMicroelectronics.X-CUBE-ISPU.1.1.0
2023-11-06 13:54:18,335 [WARN] ConditionMgr:438 - getConditionDescription Invalid condition id : UX DEVICE CLASS RTOS Condition cause : null
2023-11-06 13:54:18,336 [WARN] ConditionMgr:438 - getConditionDescription Invalid condition id : UX DEVICE CLASS RTOS Condition cause : null
2023-11-06 13:54:18,346 [WARN] PackLoader:240 - Cannot read IP mode file for STMicroelectronics.X-CUBE-AZRTOS-WB.2.0.0
2023-11-06 13:54:18,348 [WARN] ConditionMgr:1039 - genDependencies : Invalid condition id : UX DEVICE CLASS RTOS Condition cause : null
2023-11-06 13:54:18,348 [WARN] ConditionMgr:1039 - genDependencies : Invalid condition id : UX DEVICE CLASS RTOS Condition cause : null
2023-11-06 13:54:18,350 [WARN] ConditionMgr:1039 - genDependencies : Invalid condition id : UX DEVICE CLASS RTOS Condition cause : null
2023-11-06 13:54:18,351 [WARN] ConditionMgr:1039 - genDependencies : Invalid condition id : UX DEVICE CLASS RTOS Condition cause : null
2023-11-06 13:54:18,351 [WARN] ConditionMgr:1039 - genDependencies : Invalid condition id : UX DEVICE CLASS RTOS Condition cause : null
2023-11-06 13:54:18,378 [WARN] PackLoader:240 - Cannot read IP mode file for STMicroelectronics.X-CUBE-SUBG2.5.0.0
2023-11-06 13:54:18,417 [WARN] PackLoader:240 - Cannot read IP mode file for STMicroelectronics.X-CUBE-TOF1.3.3.1
2023-11-06 13:54:18,468 [WARN] PackLoader:240 - Cannot read IP mode file for STMicroelectronics.X-CUBE-AZRTOS-G4.2.0.0
2023-11-06 13:54:18,492 [WARN] PackLoader:240 - Cannot read IP mode file for Infineon.AIROC-Wi-Fi-Bluetooth-STM32.1.5.1
2023-11-06 13:54:18,575 [WARN] PackLoader:240 - Cannot read IP mode file for STMicroelectronics.X-CUBE-MEMS1.10.0.0
2023-11-06 13:54:18,953 [WARN] PackLoader:240 - Cannot read IP mode file for STMicroelectronics.X-CUBE-FREERTOS.1.1.0
2023-11-06 13:54:18,967 [WARN] PackLoader:240 - Cannot read IP mode file for portGmbH.I-Cube-SoM-uGOAL.1.1.0
2023-11-06 13:54:18,977 [WARN] PackLoader:240 - Cannot read IP mode file for STMicroelectronics.X-CUBE-ALS.1.0.1
2023-11-06 13:54:18,986 [WARN] PackLoader:240 - Cannot read IP mode file for STMicroelectronics.FP-ATR-ASTRA1.2.0.0
2023-11-06 13:54:18,988 [INFO] ThirdParty:978 - Integrity check success = true
2023-11-06 13:54:18,988 [INFO] IntegrityCheckThread:100 - exiting critical section [integrity check]
2023-11-06 13:54:18,988 [INFO] IntegrityCheckThread:103 - End integrity checks thread
2023-11-06 13:54:35,691 [ERROR] LogOutputStream:75 - [STDERR_REDIRECT] SLF4J: Failed to load class "org.slf4j.impl.StaticLoggerBinder".
2023-11-06 13:54:35,692 [ERROR] LogOutputStream:75 - [STDERR_REDIRECT] SLF4J: Defaulting to no-operation (NOP) logger implementation
2023-11-06 13:54:35,696 [ERROR] LogOutputStream:75 - [STDERR_REDIRECT] SLF4J: See http://www.slf4j.org/codes.html#StaticLoggerBinder for further details.
2023-11-06 16:26:59,663 [ERROR] ConfigurationRetriever:142 - IOException on connection: sw-center.st.com
2023-11-06 16:26:59,665 [ERROR] ConfigurationRetriever:142 - IOException on connection: sw-center.st.com
2023-11-06 16:26:59,666 [ERROR] ConfigurationRetriever:142 - IOException on connection: sw-center.st.com
2023-11-06 16:31:50,943 [ERROR] ConfigurationRetriever:142 - IOException on connection: sw-center.st.com
2023-11-06 16:31:50,945 [ERROR] ConfigurationRetriever:142 - IOException on connection: sw-center.st.com
2023-11-06 16:31:50,945 [ERROR] ConfigurationRetriever:142 - IOException on connection: sw-center.st.com
2023-11-06 18:18:43,338 [INFO] Activator:176 - 


2023-11-06 18:18:43,340 [INFO] Activator:177 - !SESSION log4j initialized
2023-11-06 18:18:58,971 [INFO] LogOutputStream:77 - [STDOUT_REDIRECT] 
2023-11-06 18:18:59,934 [ERROR] ConfigurationRetriever:142 - IOException on connection: sw-center.st.com
2023-11-06 18:18:59,934 [ERROR] ConfigurationRetriever:142 - IOException on connection: sw-center.st.com
2023-11-06 18:18:59,934 [ERROR] ConfigurationRetriever:142 - IOException on connection: sw-center.st.com
2023-11-06 18:19:01,263 [INFO] ApplicationProperties:184 - Using Application install path: C:\ST\STM32CubeIDE_1.13.2\STM32CubeIDE\plugins\com.st.stm32cube.common.mx_6.9.2.202309101412
2023-11-06 18:19:01,294 [INFO] DbMcusXml:78 - Set database path to: C:\ST\STM32CubeIDE_1.13.2\STM32CubeIDE\plugins\com.st.stm32cube.common.mx_6.9.2.202309101412\\db\/mcu/
2023-11-06 18:19:01,295 [INFO] ApiDb:274 - Set plugin database path to: C:\ST\STM32CubeIDE_1.13.2\STM32CubeIDE\plugins\com.st.stm32cube.common.mx_6.9.2.202309101412\\db\/plugins/boardmanager/
2023-11-06 18:19:01,295 [WARN] ApiDb:259 - Overriding images path with different value:  => C:\ST\STM32CubeIDE_1.13.2\STM32CubeIDE\plugins\com.st.stm32cube.common.mx_6.9.2.202309101412\\db\/plugins/mcufinder/images/
2023-11-06 18:19:01,315 [INFO] ApiDb:250 - Set database path to: C:\Users\Administrator\.stmcufinder\plugins\mcufinder//mcu/
2023-11-06 18:19:01,316 [INFO] DbMcusAds:125 - Set database path to: C:\Users\Administrator\.stmcufinder\plugins\mcufinder//mcu/
2023-11-06 18:19:01,318 [INFO] CrossReferenceDbSqlite:203 - Set database path to: C:\Users\Administrator\.stmcufinder\plugins\mcufinder//mcu/cs/
2023-11-06 18:19:01,480 [INFO] RulesReader:64 - Compatibility file has been processed (293 Rules)
2023-11-06 18:19:01,672 [INFO] DbMcusXml:78 - Set database path to: C:\ST\STM32CubeIDE_1.13.2\STM32CubeIDE\plugins\com.st.stm32cube.common.mx_6.9.2.202309101412\\db\/mcu/
2023-11-06 18:19:01,672 [INFO] ApiDb:274 - Set plugin database path to: C:\ST\STM32CubeIDE_1.13.2\STM32CubeIDE\plugins\com.st.stm32cube.common.mx_6.9.2.202309101412\\db\/plugins/boardmanager/
2023-11-06 18:19:01,673 [INFO] ApiDb:261 - Set plugin images path to: C:\ST\STM32CubeIDE_1.13.2\STM32CubeIDE\plugins\com.st.stm32cube.common.mx_6.9.2.202309101412\\db\/plugins/mcufinder/images/
2023-11-06 18:19:01,673 [WARN] DbFile:41 - Overriding database path with different value: C:\Users\Administrator\.stmcufinder\plugins\mcufinder/ => C:\Users\Administrator\.stmcufinder\plugins\mcufinder
2023-11-06 18:19:01,673 [INFO] ApiDb:250 - Set database path to: C:\Users\Administrator\.stmcufinder\plugins\mcufinder//mcu/
2023-11-06 18:19:01,674 [WARN] DbFile:41 - Overriding database path with different value: C:\Users\Administrator\.stmcufinder\plugins\mcufinder/ => C:\Users\Administrator\.stmcufinder\plugins\mcufinder
2023-11-06 18:19:01,674 [INFO] DbMcusAds:125 - Set database path to: C:\Users\Administrator\.stmcufinder\plugins\mcufinder//mcu/
2023-11-06 18:19:01,674 [WARN] DbFile:41 - Overriding database path with different value: C:\Users\Administrator\.stmcufinder\plugins\mcufinder/ => C:\Users\Administrator\.stmcufinder\plugins\mcufinder
2023-11-06 18:19:01,674 [WARN] DbFile:41 - Overriding database path with different value: C:\Users\Administrator\.stmcufinder\plugins\mcufinder/ => C:\Users\Administrator\.stmcufinder\plugins\mcufinder
2023-11-06 18:19:01,674 [INFO] CrossReferenceDbSqlite:203 - Set database path to: C:\Users\Administrator\.stmcufinder\plugins\mcufinder//mcu/cs/
2023-11-06 18:19:01,858 [INFO] MainPanel:262 - HeapMemory: 268435456
2023-11-06 18:19:02,087 [INFO] DbMcusXml:78 - Set database path to: C:\ST\STM32CubeIDE_1.13.2\STM32CubeIDE\plugins\com.st.stm32cube.common.mx_6.9.2.202309101412\\db\/mcu/
2023-11-06 18:19:02,087 [INFO] ApiDb:274 - Set plugin database path to: C:\ST\STM32CubeIDE_1.13.2\STM32CubeIDE\plugins\com.st.stm32cube.common.mx_6.9.2.202309101412\\db\/plugins/boardmanager/
2023-11-06 18:19:02,087 [INFO] ApiDb:261 - Set plugin images path to: C:\ST\STM32CubeIDE_1.13.2\STM32CubeIDE\plugins\com.st.stm32cube.common.mx_6.9.2.202309101412\\db\/plugins/mcufinder/images/
2023-11-06 18:19:02,089 [WARN] DbFile:41 - Overriding database path with different value: C:\Users\Administrator\.stmcufinder\plugins\mcufinder/ => C:\Users\Administrator\.stmcufinder\plugins\mcufinder
2023-11-06 18:19:02,090 [INFO] ApiDb:250 - Set database path to: C:\Users\Administrator\.stmcufinder\plugins\mcufinder//mcu/
2023-11-06 18:19:02,090 [WARN] DbFile:41 - Overriding database path with different value: C:\Users\Administrator\.stmcufinder\plugins\mcufinder/ => C:\Users\Administrator\.stmcufinder\plugins\mcufinder
2023-11-06 18:19:02,090 [INFO] DbMcusAds:125 - Set database path to: C:\Users\Administrator\.stmcufinder\plugins\mcufinder//mcu/
2023-11-06 18:19:02,090 [WARN] DbFile:41 - Overriding database path with different value: C:\Users\Administrator\.stmcufinder\plugins\mcufinder/ => C:\Users\Administrator\.stmcufinder\plugins\mcufinder
2023-11-06 18:19:02,091 [WARN] DbFile:41 - Overriding database path with different value: C:\Users\Administrator\.stmcufinder\plugins\mcufinder/ => C:\Users\Administrator\.stmcufinder\plugins\mcufinder
2023-11-06 18:19:02,091 [INFO] CrossReferenceDbSqlite:203 - Set database path to: C:\Users\Administrator\.stmcufinder\plugins\mcufinder//mcu/cs/
2023-11-06 18:19:02,135 [INFO] ApplicationProperties:184 - Using Application install path: C:\ST\STM32CubeIDE_1.13.2\STM32CubeIDE\plugins\com.st.stm32cube.common.mx_6.9.2.202309101412
2023-11-06 18:19:02,138 [INFO] PluginManage:196 - Search for loadable plugins [exclusion list=, ]
2023-11-06 18:19:02,141 [INFO] PluginManage:310 - Check plugin analytics
2023-11-06 18:19:02,538 [INFO] AnalyticsPlugin:253 - Accepted Software Licenses: 
2023-11-06 18:19:02,539 [INFO] AnalyticsPlugin:255 - Accepted CMSIS Pack Licenses: 
2023-11-06 18:19:02,539 [INFO] AnalyticsPlugin:257 - Accepted Firmware Licenses: 
2023-11-06 18:19:02,550 [INFO] PluginManage:359 - Loaded plugin analytics (category:tool,tabindex:-1)
2023-11-06 18:19:02,549 [ERROR] ConfigurationRetriever:142 - IOException on connection: sw-center.st.com
2023-11-06 18:19:02,551 [ERROR] ConfigurationRetriever:142 - IOException on connection: sw-center.st.com
2023-11-06 18:19:02,551 [INFO] PluginManage:310 - Check plugin cadmodel
2023-11-06 18:19:02,552 [ERROR] ConfigurationRetriever:142 - IOException on connection: sw-center.st.com
2023-11-06 18:19:02,581 [INFO] CADModel:105 - Init CAD model plugin
2023-11-06 18:19:02,581 [INFO] PluginManage:359 - Loaded plugin cadmodel (category:power,tabindex:5)
2023-11-06 18:19:02,582 [INFO] PluginManage:310 - Check plugin clock
2023-11-06 18:19:02,620 [INFO] PluginManage:359 - Loaded plugin clock (category:base,tabindex:2)
2023-11-06 18:19:02,620 [INFO] PluginManage:310 - Check plugin ddr
2023-11-06 18:19:02,625 [INFO] PluginManage:359 - Loaded plugin ddr (category:tool,tabindex:6)
2023-11-06 18:19:02,625 [INFO] PluginManage:310 - Check plugin filemanager
2023-11-06 18:19:02,912 [INFO] PluginManage:359 - Loaded plugin filemanager (category:base,tabindex:10)
2023-11-06 18:19:02,913 [INFO] PluginManage:310 - Check plugin ipmanager
2023-11-06 18:19:02,930 [INFO] PluginManage:359 - Loaded plugin ipmanager (category:base,tabindex:5)
2023-11-06 18:19:02,931 [INFO] PluginManage:310 - Check plugin lpbam
2023-11-06 18:19:02,965 [INFO] PluginManage:359 - Loaded plugin lpbam (category:base,tabindex:0)
2023-11-06 18:19:02,966 [INFO] PluginManage:310 - Check plugin memorymap
2023-11-06 18:19:02,999 [INFO] PluginManage:359 - Loaded plugin memorymap (category:base,tabindex:4)
2023-11-06 18:19:02,999 [INFO] PluginManage:310 - Check plugin pinoutandconfiguration
2023-11-06 18:19:03,018 [INFO] PluginManage:359 - Loaded plugin pinoutandconfiguration (category:base,tabindex:1)
2023-11-06 18:19:03,018 [INFO] PluginManage:310 - Check plugin pinoutconfig
2023-11-06 18:19:03,141 [WARN] SupportedApi:132 - Cannot load RTOS API schema: s4s-elt-must-match.1: The content of 'definitions' must match (annotation?, (simpleType | complexType)?, (unique | key | keyref)*)). A problem was found starting at: attribute.
2023-11-06 18:19:03,346 [INFO] PluginManage:359 - Loaded plugin pinoutconfig (category:base,tabindex:0)
2023-11-06 18:19:03,346 [INFO] PluginManage:310 - Check plugin power
2023-11-06 18:19:03,374 [INFO] PluginManage:359 - Loaded plugin power (category:power,tabindex:4)
2023-11-06 18:19:03,375 [INFO] PluginManage:310 - Check plugin projectmanager
2023-11-06 18:19:03,395 [INFO] PluginManage:359 - Loaded plugin projectmanager (category:projectmanager,tabindex:3)
2023-11-06 18:19:03,395 [INFO] PluginManage:310 - Check plugin thirdparty
2023-11-06 18:19:03,744 [INFO] PluginManage:359 - Loaded plugin thirdparty (category:base,tabindex:-1)
2023-11-06 18:19:03,744 [WARN] IntegrityCheckThread:84 - waiting for thirdparty lock release [integrity check]
2023-11-06 18:19:03,744 [INFO] PluginManage:310 - Check plugin tools
2023-11-06 18:19:03,744 [INFO] IntegrityCheckThread:86 - entering critical section [integrity check]
2023-11-06 18:19:03,745 [INFO] ThirdPartyUpdaterWithRetryManager:70 - Updater plugin not ready yet. [1/15]
2023-11-06 18:19:03,778 [INFO] PluginManage:359 - Loaded plugin tools (category:base,tabindex:7)
2023-11-06 18:19:03,778 [INFO] PluginManage:310 - Check plugin tutovideos
2023-11-06 18:19:04,051 [INFO] PluginManage:359 - Loaded plugin tutovideos (category:base,tabindex:-1)
2023-11-06 18:19:04,051 [INFO] PluginManage:310 - Check plugin updater
2023-11-06 18:19:04,065 [INFO] PluginManage:359 - Loaded plugin updater (category:base,tabindex:12)
2023-11-06 18:19:04,065 [INFO] PluginManage:310 - Check plugin userauth
2023-11-06 18:19:04,073 [INFO] UserAuth:113 - Init User Auth plugin
2023-11-06 18:19:04,073 [INFO] PluginManage:359 - Loaded plugin userauth (category:base,tabindex:14)
2023-11-06 18:19:04,074 [INFO] PluginManage:283 - PluginManage : Loaded plugins [17]
2023-11-06 18:19:04,427 [INFO] PinOutPanel:1499 - setPackage(No Configuration,No Configuration)
2023-11-06 18:19:04,672 [INFO] CADModel:165 - CPN selected for project level
2023-11-06 18:19:04,673 [INFO] CADModel:114 - Register for checkConnection events
2023-11-06 18:19:04,728 [INFO] IPUIPlugin:80 - create IPUIPlugin
2023-11-06 18:19:04,729 [INFO] PluginManager:220 - loadIPPluginJar : add adc
2023-11-06 18:19:04,801 [INFO] IPUIPlugin:80 - create IPUIPlugin
2023-11-06 18:19:04,801 [INFO] PluginManager:220 - loadIPPluginJar : add aes
2023-11-06 18:19:04,881 [INFO] IPUIPlugin:80 - create IPUIPlugin
2023-11-06 18:19:04,881 [INFO] PluginManager:220 - loadIPPluginJar : add can
2023-11-06 18:19:04,922 [INFO] IPUIPlugin:80 - create IPUIPlugin
2023-11-06 18:19:04,922 [INFO] PluginManager:220 - loadIPPluginJar : add comp
2023-11-06 18:19:04,997 [INFO] IPUIPlugin:80 - create IPUIPlugin
2023-11-06 18:19:04,998 [INFO] PluginManager:220 - loadIPPluginJar : add cryp
2023-11-06 18:19:05,063 [INFO] IPUIPlugin:80 - create IPUIPlugin
2023-11-06 18:19:05,064 [INFO] PluginManager:220 - loadIPPluginJar : add dfsdm
2023-11-06 18:19:05,100 [INFO] IPUIPlugin:80 - create IPUIPlugin
2023-11-06 18:19:05,101 [INFO] PluginManager:220 - loadIPPluginJar : add dma
2023-11-06 18:19:05,182 [INFO] IPUIPlugin:80 - create IPUIPlugin
2023-11-06 18:19:05,183 [INFO] PluginManager:220 - loadIPPluginJar : add dma3
2023-11-06 18:19:05,220 [INFO] IPUIPlugin:80 - create IPUIPlugin
2023-11-06 18:19:05,221 [INFO] PluginManager:220 - loadIPPluginJar : add fatfs
2023-11-06 18:19:05,317 [INFO] IPUIPlugin:80 - create IPUIPlugin
2023-11-06 18:19:05,317 [INFO] PluginManager:220 - loadIPPluginJar : add fmc
2023-11-06 18:19:05,345 [INFO] IPUIPlugin:80 - create IPUIPlugin
2023-11-06 18:19:05,346 [INFO] PluginManager:220 - loadIPPluginJar : add freertos
2023-11-06 18:19:05,387 [INFO] IPUIPlugin:80 - create IPUIPlugin
2023-11-06 18:19:05,388 [INFO] PluginManager:220 - loadIPPluginJar : add genericplugin
2023-11-06 18:19:05,603 [INFO] IPUIPlugin:80 - create IPUIPlugin
2023-11-06 18:19:05,603 [INFO] PluginManager:220 - loadIPPluginJar : add gfxmmu
2023-11-06 18:19:05,906 [INFO] IPUIPlugin:80 - create IPUIPlugin
2023-11-06 18:19:05,906 [INFO] PluginManager:220 - loadIPPluginJar : add gic
2023-11-06 18:19:05,932 [INFO] IPUIPlugin:80 - create IPUIPlugin
2023-11-06 18:19:05,933 [INFO] PluginManager:220 - loadIPPluginJar : add gpio
2023-11-06 18:19:06,073 [INFO] IPUIPlugin:80 - create IPUIPlugin
2023-11-06 18:19:06,073 [INFO] PluginManager:220 - loadIPPluginJar : add gtzc
2023-11-06 18:19:06,106 [INFO] IPUIPlugin:80 - create IPUIPlugin
2023-11-06 18:19:06,106 [INFO] PluginManager:220 - loadIPPluginJar : add hash
2023-11-06 18:19:06,160 [INFO] IPUIPlugin:80 - create IPUIPlugin
2023-11-06 18:19:06,160 [INFO] PluginManager:220 - loadIPPluginJar : add i2c
2023-11-06 18:19:06,196 [INFO] IPUIPlugin:80 - create IPUIPlugin
2023-11-06 18:19:06,197 [INFO] PluginManager:220 - loadIPPluginJar : add i2s
2023-11-06 18:19:06,235 [INFO] IPUIPlugin:80 - create IPUIPlugin
2023-11-06 18:19:06,235 [INFO] PluginManager:220 - loadIPPluginJar : add i3c
2023-11-06 18:19:06,336 [INFO] IPUIPlugin:80 - create IPUIPlugin
2023-11-06 18:19:06,336 [INFO] PluginManager:220 - loadIPPluginJar : add ipddr
2023-11-06 18:19:06,421 [INFO] IPUIPlugin:80 - create IPUIPlugin
2023-11-06 18:19:06,421 [INFO] PluginManager:220 - loadIPPluginJar : add linkedlist
2023-11-06 18:19:06,454 [INFO] IPUIPlugin:80 - create IPUIPlugin
2023-11-06 18:19:06,454 [INFO] PluginManager:220 - loadIPPluginJar : add lorawan
2023-11-06 18:19:06,487 [INFO] IPUIPlugin:80 - create IPUIPlugin
2023-11-06 18:19:06,488 [INFO] PluginManager:220 - loadIPPluginJar : add ltdc
2023-11-06 18:19:06,502 [INFO] IPUIPlugin:80 - create IPUIPlugin
2023-11-06 18:19:06,502 [INFO] PluginManager:220 - loadIPPluginJar : add mdma
2023-11-06 18:19:06,528 [INFO] IPUIPlugin:80 - create IPUIPlugin
2023-11-06 18:19:06,528 [INFO] PluginManager:220 - loadIPPluginJar : add nvic
2023-11-06 18:19:06,562 [INFO] IPUIPlugin:80 - create IPUIPlugin
2023-11-06 18:19:06,562 [INFO] PluginManager:220 - loadIPPluginJar : add opamp
2023-11-06 18:19:06,618 [INFO] IPUIPlugin:80 - create IPUIPlugin
2023-11-06 18:19:06,619 [INFO] PluginManager:220 - loadIPPluginJar : add openamp
2023-11-06 18:19:06,658 [INFO] IPUIPlugin:80 - create IPUIPlugin
2023-11-06 18:19:06,658 [INFO] PluginManager:220 - loadIPPluginJar : add pdm2pcm
2023-11-06 18:19:06,671 [INFO] IPUIPlugin:80 - create IPUIPlugin
2023-11-06 18:19:06,673 [INFO] PluginManager:220 - loadIPPluginJar : add plateformsettings
2023-11-06 18:19:06,695 [INFO] IPUIPlugin:80 - create IPUIPlugin
2023-11-06 18:19:06,695 [INFO] PluginManager:220 - loadIPPluginJar : add quadspi
2023-11-06 18:19:06,705 [INFO] IPUIPlugin:80 - create IPUIPlugin
2023-11-06 18:19:06,705 [INFO] PluginManager:220 - loadIPPluginJar : add resmgrutility
2023-11-06 18:19:06,746 [INFO] ThirdPartyUpdaterWithRetryManager:70 - Updater plugin not ready yet. [2/15]
2023-11-06 18:19:06,753 [INFO] IPUIPlugin:80 - create IPUIPlugin
2023-11-06 18:19:06,753 [INFO] PluginManager:220 - loadIPPluginJar : add sai
2023-11-06 18:19:06,793 [INFO] IPUIPlugin:80 - create IPUIPlugin
2023-11-06 18:19:06,793 [INFO] PluginManager:220 - loadIPPluginJar : add spi
2023-11-06 18:19:06,878 [INFO] IPUIPlugin:80 - create IPUIPlugin
2023-11-06 18:19:06,879 [INFO] PluginManager:220 - loadIPPluginJar : add stm32_wpan
2023-11-06 18:19:06,902 [INFO] IPUIPlugin:80 - create IPUIPlugin
2023-11-06 18:19:06,902 [INFO] PluginManager:220 - loadIPPluginJar : add tim
2023-11-06 18:19:06,959 [INFO] IPUIPlugin:80 - create IPUIPlugin
2023-11-06 18:19:06,959 [INFO] PluginManager:220 - loadIPPluginJar : add touchsensing
2023-11-06 18:19:06,980 [INFO] IPUIPlugin:80 - create IPUIPlugin
2023-11-06 18:19:06,980 [INFO] PluginManager:220 - loadIPPluginJar : add tracer_emb
2023-11-06 18:19:07,000 [INFO] IPUIPlugin:80 - create IPUIPlugin
2023-11-06 18:19:07,000 [INFO] PluginManager:220 - loadIPPluginJar : add ts
2023-11-06 18:19:07,021 [INFO] IPUIPlugin:80 - create IPUIPlugin
2023-11-06 18:19:07,021 [INFO] PluginManager:220 - loadIPPluginJar : add tsc
2023-11-06 18:19:07,041 [INFO] IPUIPlugin:80 - create IPUIPlugin
2023-11-06 18:19:07,041 [INFO] PluginManager:220 - loadIPPluginJar : add ucpd
2023-11-06 18:19:07,083 [INFO] IPUIPlugin:80 - create IPUIPlugin
2023-11-06 18:19:07,083 [INFO] PluginManager:220 - loadIPPluginJar : add usart
2023-11-06 18:19:07,123 [INFO] IPUIPlugin:80 - create IPUIPlugin
2023-11-06 18:19:07,124 [INFO] PluginManager:220 - loadIPPluginJar : add usbx
2023-11-06 18:19:07,244 [INFO] CADModel:165 - CPN selected for project level
2023-11-06 18:19:07,245 [INFO] CADModel:114 - Register for checkConnection events
2023-11-06 18:19:07,245 [FATAL] Updater:308 - Updater called before beeing initialized
2023-11-06 18:19:07,245 [ERROR] CADModel:125 - Updater not yet initialized, retry later 
2023-11-06 18:19:07,435 [INFO] CADModel:165 - CPN selected for project level
2023-11-06 18:19:07,435 [INFO] CADModel:114 - Register for checkConnection events
2023-11-06 18:19:07,435 [FATAL] Updater:308 - Updater called before beeing initialized
2023-11-06 18:19:07,436 [ERROR] CADModel:125 - Updater not yet initialized, retry later 
2023-11-06 18:19:07,440 [FATAL] Updater:308 - Updater called before beeing initialized
2023-11-06 18:19:07,643 [FATAL] Updater:308 - Updater called before beeing initialized
2023-11-06 18:19:07,666 [INFO] DbMcusAds:53 - JSON generation date=Thu Sep 30 12:25:09 IST 2021 (1632984909247)
2023-11-06 18:19:07,667 [FATAL] Updater:308 - Updater called before beeing initialized
2023-11-06 18:19:07,833 [WARN] DetailPanel:346 - Failed to get advertising image, set to default
2023-11-06 18:19:08,070 [FATAL] Updater:308 - Updater called before beeing initialized
2023-11-06 18:19:08,074 [FATAL] Updater:308 - Updater called before beeing initialized
2023-11-06 18:19:08,075 [FATAL] Updater:308 - Updater called before beeing initialized
2023-11-06 18:19:08,075 [WARN] DetailPanel:346 - Failed to get advertising image, set to default
2023-11-06 18:19:08,077 [FATAL] Updater:308 - Updater called before beeing initialized
2023-11-06 18:19:08,211 [ERROR] Updater:1120 - MainUpdater not yet initialized. External WinMGr cannot be set.
2023-11-06 18:19:08,232 [INFO] Updater:1056 - Updater Version found : 6.9.2
2023-11-06 18:19:08,273 [INFO] ApplicationProperties:184 - Using Application install path: C:\ST\STM32CubeIDE_1.13.2\STM32CubeIDE\plugins\com.st.stm32cube.common.mx_6.9.2.202309101412
2023-11-06 18:19:08,497 [ERROR] ServerAccessManage:1146 - Warning during Server Connection :  Unknown host sw-center.st.com
2023-11-06 18:19:08,508 [INFO] MainUpdater:2868 - connection check result : 22
2023-11-06 18:19:08,510 [INFO] MainUpdater:285 - Updater Check For Update Now.
2023-11-06 18:19:08,511 [INFO] MicroXplorer:498 - Change Database Version : DB.6.0.92
2023-11-06 18:19:08,550 [INFO] McuFinderGlobals:63 - Set McuFinder mode to 2 (CubeIDE integrated)
2023-11-06 18:19:08,550 [INFO] UserAuth:179 - activating auth plugin
2023-11-06 18:19:08,556 [INFO] UserAuth:393 - Internet connection configuration mode: 2
2023-11-06 18:19:08,887 [INFO] CheckServerUpdateThread:120 - End of CheckServer Thread
2023-11-06 18:19:09,930 [WARN] PackLoader:240 - Cannot read IP mode file for STMicroelectronics.X-CUBE-SMBUS.2.1.0
2023-11-06 18:19:10,012 [WARN] PackLoader:240 - Cannot read IP mode file for STMicroelectronics.X-CUBE-AZRTOS-F7.1.1.0
2023-11-06 18:19:10,050 [WARN] PackLoader:240 - Cannot read IP mode file for STMicroelectronics.FP-SNS-MOTENV1.4.3.2
2023-11-06 18:19:10,073 [WARN] PackLoader:240 - Cannot read IP mode file for STMicroelectronics.FP-SNS-FLIGHT1.5.0.2
2023-11-06 18:19:10,100 [WARN] PackLoader:240 - Cannot read IP mode file for STMicroelectronics.X-CUBE-DISPLAY.3.0.0
2023-11-06 18:19:10,127 [WARN] PackLoader:240 - Cannot read IP mode file for STMicroelectronics.X-CUBE-BLE1.7.0.0
2023-11-06 18:19:10,145 [WARN] PackLoader:240 - Cannot read IP mode file for emotas.I-CUBE-CANOPEN.1.3.0
2023-11-06 18:19:10,162 [WARN] PackLoader:240 - Cannot read IP mode file for STMicroelectronics.X-CUBE-TOUCHGFX.4.22.1
2023-11-06 18:19:10,175 [WARN] PackLoader:240 - Cannot read IP mode file for STMicroelectronics.FP-SNS-SMARTAG2.1.2.0
2023-11-06 18:19:10,200 [INFO] LogOutputStream:77 - [STDOUT_REDIRECT] 1 : Invalid condition id : UX_CORESTACK_Condition cause : null
2023-11-06 18:19:10,200 [INFO] LogOutputStream:77 - [STDOUT_REDIRECT] 1 : Invalid condition id : UX_CORESTACK_Condition cause : null
2023-11-06 18:19:10,202 [INFO] LogOutputStream:77 - [STDOUT_REDIRECT] 1 : Invalid condition id : UX_CORESTACK_Condition cause : null
2023-11-06 18:19:10,204 [INFO] LogOutputStream:77 - [STDOUT_REDIRECT] 1 : Invalid condition id : UX_CORESTACK_Condition cause : null
2023-11-06 18:19:10,205 [INFO] LogOutputStream:77 - [STDOUT_REDIRECT] 1 : Invalid condition id : UX_CORESTACK_Condition cause : null
2023-11-06 18:19:10,210 [WARN] PackLoader:240 - Cannot read IP mode file for STMicroelectronics.X-CUBE-AZRTOS-WL.2.0.0
2023-11-06 18:19:10,226 [WARN] PackLoader:240 - Cannot read IP mode file for WES.I-CUBE-Cesium.1.3.0
2023-11-06 18:19:10,239 [WARN] PackLoader:240 - Cannot read IP mode file for STMicroelectronics.X-CUBE-BLE2.3.3.0
2023-11-06 18:19:10,257 [WARN] PackLoader:240 - Cannot read IP mode file for STMicroelectronics.X-CUBE-ALGOBUILD.1.3.0
2023-11-06 18:19:10,297 [WARN] PackLoader:240 - Cannot read IP mode file for STMicroelectronics.X-CUBE-AZRTOS-G0.1.1.0
2023-11-06 18:19:10,316 [WARN] PackLoader:240 - Cannot read IP mode file for STMicroelectronics.X-CUBE-NFC4.3.0.0
2023-11-06 18:19:10,331 [WARN] PackLoader:240 - Cannot read IP mode file for STMicroelectronics.FP-ATR-SIGFOX1.3.2.0
2023-11-06 18:19:10,345 [WARN] PackLoader:240 - Cannot read IP mode file for STMicroelectronics.X-CUBE-GNSS1.6.0.0
2023-11-06 18:19:10,377 [WARN] PackLoader:240 - Cannot read IP mode file for STMicroelectronics.X-CUBE-AZRTOS-F4.1.1.0
2023-11-06 18:19:10,394 [WARN] PackLoader:240 - Cannot read IP mode file for wolfSSL.I-CUBE-wolfSSL.5.6.3
2023-11-06 18:19:10,433 [WARN] PackLoader:240 - Cannot read IP mode file for STMicroelectronics.X-CUBE-AZRTOS-L5.2.0.0
2023-11-06 18:19:10,456 [WARN] PackLoader:240 - Cannot read IP mode file for STMicroelectronics.X-CUBE-EEPRMA1.4.2.0
2023-11-06 18:19:10,473 [WARN] PackLoader:240 - Cannot read IP mode file for ITTIA_DB.I-CUBE-ITTIADB.8.8.0
2023-11-06 18:19:10,494 [WARN] PackLoader:240 - Cannot read IP mode file for STMicroelectronics.X-CUBE-BLEMGR.2.0.0
2023-11-06 18:19:10,531 [WARN] ConditionMgr:438 - getConditionDescription Invalid condition id : UX DEVICE CLASS RTOS Condition cause : null
2023-11-06 18:19:10,532 [WARN] ConditionMgr:438 - getConditionDescription Invalid condition id : UX DEVICE CLASS RTOS Condition cause : null
2023-11-06 18:19:10,536 [WARN] PackLoader:240 - Cannot read IP mode file for STMicroelectronics.X-CUBE-AZRTOS-H7.3.1.0
2023-11-06 18:19:10,537 [WARN] ConditionMgr:1039 - genDependencies : Invalid condition id : UX DEVICE CLASS RTOS Condition cause : null
2023-11-06 18:19:10,537 [WARN] ConditionMgr:1039 - genDependencies : Invalid condition id : UX DEVICE CLASS RTOS Condition cause : null
2023-11-06 18:19:10,537 [WARN] ConditionMgr:1039 - genDependencies : Invalid condition id : UX DEVICE CLASS RTOS Condition cause : null
2023-11-06 18:19:10,538 [WARN] ConditionMgr:1039 - genDependencies : Invalid condition id : UX DEVICE CLASS RTOS Condition cause : null
2023-11-06 18:19:10,538 [WARN] ConditionMgr:1039 - genDependencies : Invalid condition id : UX DEVICE CLASS RTOS Condition cause : null
2023-11-06 18:19:10,559 [WARN] PackLoader:240 - Cannot read IP mode file for STMicroelectronics.X-CUBE-NFC7.1.0.1
2023-11-06 18:19:10,588 [WARN] PackLoader:240 - Cannot read IP mode file for STMicroelectronics.X-CUBE-NFC6.3.0.0
2023-11-06 18:19:10,611 [WARN] PackLoader:240 - Cannot read IP mode file for STMicroelectronics.X-CUBE-AI.8.1.0
2023-11-06 18:19:10,684 [WARN] ConditionMgr:438 - getConditionDescription Invalid condition id : LAN8742 Phy interface Condition cause : null
2023-11-06 18:19:10,686 [WARN] PackLoader:240 - Cannot read IP mode file for STMicroelectronics.X-CUBE-AZRTOS-L4.2.0.0
2023-11-06 18:19:10,688 [WARN] ConditionMgr:1039 - genDependencies : Invalid condition id : LAN8742 Phy interface Condition cause : null
2023-11-06 18:19:10,688 [WARN] ConditionMgr:1039 - genDependencies : Invalid condition id : LAN8742 Phy interface Condition cause : null
2023-11-06 18:19:10,690 [WARN] ConditionMgr:1039 - genDependencies : Invalid condition id : LAN8742 Phy interface Condition cause : null
2023-11-06 18:19:10,715 [WARN] PackLoader:240 - Cannot read IP mode file for STMicroelectronics.X-CUBE-SFXS2LP1.4.0.0
2023-11-06 18:19:10,736 [WARN] PackLoader:240 - Cannot read IP mode file for STMicroelectronics.X-CUBE-ISPU.1.1.0
2023-11-06 18:19:10,787 [WARN] ConditionMgr:438 - getConditionDescription Invalid condition id : UX DEVICE CLASS RTOS Condition cause : null
2023-11-06 18:19:10,788 [WARN] ConditionMgr:438 - getConditionDescription Invalid condition id : UX DEVICE CLASS RTOS Condition cause : null
2023-11-06 18:19:10,792 [WARN] PackLoader:240 - Cannot read IP mode file for STMicroelectronics.X-CUBE-AZRTOS-WB.2.0.0
2023-11-06 18:19:10,793 [WARN] ConditionMgr:1039 - genDependencies : Invalid condition id : UX DEVICE CLASS RTOS Condition cause : null
2023-11-06 18:19:10,793 [WARN] ConditionMgr:1039 - genDependencies : Invalid condition id : UX DEVICE CLASS RTOS Condition cause : null
2023-11-06 18:19:10,794 [WARN] ConditionMgr:1039 - genDependencies : Invalid condition id : UX DEVICE CLASS RTOS Condition cause : null
2023-11-06 18:19:10,795 [WARN] ConditionMgr:1039 - genDependencies : Invalid condition id : UX DEVICE CLASS RTOS Condition cause : null
2023-11-06 18:19:10,795 [WARN] ConditionMgr:1039 - genDependencies : Invalid condition id : UX DEVICE CLASS RTOS Condition cause : null
2023-11-06 18:19:10,837 [WARN] PackLoader:240 - Cannot read IP mode file for STMicroelectronics.X-CUBE-SUBG2.5.0.0
2023-11-06 18:19:10,963 [WARN] PackLoader:240 - Cannot read IP mode file for STMicroelectronics.X-CUBE-TOF1.3.3.1
2023-11-06 18:19:11,271 [WARN] PackLoader:240 - Cannot read IP mode file for STMicroelectronics.X-CUBE-AZRTOS-G4.2.0.0
2023-11-06 18:19:11,335 [WARN] PackLoader:240 - Cannot read IP mode file for Infineon.AIROC-Wi-Fi-Bluetooth-STM32.1.5.1
2023-11-06 18:19:11,480 [WARN] PackLoader:240 - Cannot read IP mode file for STMicroelectronics.X-CUBE-MEMS1.10.0.0
2023-11-06 18:19:11,798 [WARN] PackLoader:240 - Cannot read IP mode file for STMicroelectronics.X-CUBE-FREERTOS.1.1.0
2023-11-06 18:19:11,822 [WARN] PackLoader:240 - Cannot read IP mode file for portGmbH.I-Cube-SoM-uGOAL.1.1.0
2023-11-06 18:19:11,844 [WARN] PackLoader:240 - Cannot read IP mode file for STMicroelectronics.X-CUBE-ALS.1.0.1
2023-11-06 18:19:11,871 [WARN] PackLoader:240 - Cannot read IP mode file for STMicroelectronics.FP-ATR-ASTRA1.2.0.0
2023-11-06 18:19:11,873 [INFO] ThirdParty:978 - Integrity check success = true
2023-11-06 18:19:11,873 [INFO] IntegrityCheckThread:100 - exiting critical section [integrity check]
2023-11-06 18:19:11,873 [INFO] IntegrityCheckThread:103 - End integrity checks thread
2023-11-06 18:19:31,242 [ERROR] LogOutputStream:75 - [STDERR_REDIRECT] SLF4J: Failed to load class "org.slf4j.impl.StaticLoggerBinder".
2023-11-06 18:19:31,243 [ERROR] LogOutputStream:75 - [STDERR_REDIRECT] SLF4J: Defaulting to no-operation (NOP) logger implementation
2023-11-06 18:19:31,245 [ERROR] LogOutputStream:75 - [STDERR_REDIRECT] SLF4J: See http://www.slf4j.org/codes.html#StaticLoggerBinder for further details.
2023-11-06 18:46:55,382 [ERROR] ConfigurationRetriever:142 - IOException on connection: sw-center.st.com
2023-11-06 18:46:55,384 [ERROR] ConfigurationRetriever:142 - IOException on connection: sw-center.st.com
2023-11-06 18:46:55,385 [ERROR] ConfigurationRetriever:142 - IOException on connection: sw-center.st.com
2023-11-06 18:47:44,143 [ERROR] ConfigurationRetriever:142 - IOException on connection: sw-center.st.com
2023-11-06 18:47:44,144 [ERROR] ConfigurationRetriever:142 - IOException on connection: sw-center.st.com
2023-11-06 18:47:44,145 [ERROR] ConfigurationRetriever:142 - IOException on connection: sw-center.st.com
2023-11-06 19:13:57,595 [ERROR] ConfigurationRetriever:142 - IOException on connection: sw-center.st.com
2023-11-06 19:13:57,598 [ERROR] ConfigurationRetriever:142 - IOException on connection: sw-center.st.com
2023-11-06 19:13:57,599 [ERROR] ConfigurationRetriever:142 - IOException on connection: sw-center.st.com
2023-11-06 23:08:34,446 [ERROR] ConfigurationRetriever:142 - IOException on connection: sw-center.st.com
2023-11-06 23:08:34,448 [ERROR] ConfigurationRetriever:142 - IOException on connection: sw-center.st.com
2023-11-06 23:08:34,449 [ERROR] ConfigurationRetriever:142 - IOException on connection: sw-center.st.com
2023-11-06 23:17:40,378 [ERROR] ConfigurationRetriever:142 - IOException on connection: sw-center.st.com
2023-11-06 23:17:40,379 [ERROR] ConfigurationRetriever:142 - IOException on connection: sw-center.st.com
2023-11-06 23:17:40,380 [ERROR] ConfigurationRetriever:142 - IOException on connection: sw-center.st.com
2023-11-06 23:33:31,240 [ERROR] ConfigurationRetriever:142 - IOException on connection: sw-center.st.com
2023-11-06 23:33:31,241 [ERROR] ConfigurationRetriever:142 - IOException on connection: sw-center.st.com
2023-11-06 23:33:31,242 [ERROR] ConfigurationRetriever:142 - IOException on connection: sw-center.st.com
