2023-12-06 14:52:48,455 [INFO] Activator:176 - 


2023-12-06 14:52:48,457 [INFO] Activator:177 - !SESSION log4j initialized
2023-12-06 14:52:54,146 [INFO] LogOutputStream:77 - [STDOUT_REDIRECT] 
2023-12-06 14:52:56,558 [INFO] ApplicationProperties:184 - Using Application install path: C:\ST\STM32CubeIDE_1.14.0\STM32CubeIDE\plugins\com.st.stm32cube.common.mx_6.10.0.202311202037
2023-12-06 14:52:56,582 [INFO] DbMcusXml:78 - Set database path to: C:\ST\STM32CubeIDE_1.14.0\STM32CubeIDE\plugins\com.st.stm32cube.common.mx_6.10.0.202311202037\\db\/mcu/
2023-12-06 14:52:56,582 [INFO] ApiDb:274 - Set plugin database path to: C:\ST\STM32CubeIDE_1.14.0\STM32CubeIDE\plugins\com.st.stm32cube.common.mx_6.10.0.202311202037\\db\/plugins/boardmanager/
2023-12-06 14:52:56,586 [WARN] ApiDb:259 - Overriding images path with different value:  => C:\ST\STM32CubeIDE_1.14.0\STM32CubeIDE\plugins\com.st.stm32cube.common.mx_6.10.0.202311202037\\db\/plugins/mcufinder/images/
2023-12-06 14:52:56,597 [INFO] ApiDb:250 - Set database path to: C:\Users\iamna\.stmcufinder\plugins\mcufinder//mcu/
2023-12-06 14:52:56,598 [INFO] DbMcusAds:125 - Set database path to: C:\Users\iamna\.stmcufinder\plugins\mcufinder//mcu/
2023-12-06 14:52:56,604 [INFO] CrossReferenceDbSqlite:203 - Set database path to: C:\Users\iamna\.stmcufinder\plugins\mcufinder//mcu/cs/
2023-12-06 14:52:56,758 [INFO] RulesReader:64 - Compatibility file has been processed (297 Rules)
2023-12-06 14:52:56,898 [INFO] DbMcusXml:78 - Set database path to: C:\ST\STM32CubeIDE_1.14.0\STM32CubeIDE\plugins\com.st.stm32cube.common.mx_6.10.0.202311202037\\db\/mcu/
2023-12-06 14:52:56,898 [INFO] ApiDb:274 - Set plugin database path to: C:\ST\STM32CubeIDE_1.14.0\STM32CubeIDE\plugins\com.st.stm32cube.common.mx_6.10.0.202311202037\\db\/plugins/boardmanager/
2023-12-06 14:52:56,898 [INFO] ApiDb:261 - Set plugin images path to: C:\ST\STM32CubeIDE_1.14.0\STM32CubeIDE\plugins\com.st.stm32cube.common.mx_6.10.0.202311202037\\db\/plugins/mcufinder/images/
2023-12-06 14:52:56,898 [WARN] DbFile:41 - Overriding database path with different value: C:\Users\iamna\.stmcufinder\plugins\mcufinder/ => C:\Users\iamna\.stmcufinder\plugins\mcufinder
2023-12-06 14:52:56,899 [INFO] ApiDb:250 - Set database path to: C:\Users\iamna\.stmcufinder\plugins\mcufinder//mcu/
2023-12-06 14:52:56,899 [WARN] DbFile:41 - Overriding database path with different value: C:\Users\iamna\.stmcufinder\plugins\mcufinder/ => C:\Users\iamna\.stmcufinder\plugins\mcufinder
2023-12-06 14:52:56,901 [INFO] DbMcusAds:125 - Set database path to: C:\Users\iamna\.stmcufinder\plugins\mcufinder//mcu/
2023-12-06 14:52:56,901 [WARN] DbFile:41 - Overriding database path with different value: C:\Users\iamna\.stmcufinder\plugins\mcufinder/ => C:\Users\iamna\.stmcufinder\plugins\mcufinder
2023-12-06 14:52:56,901 [WARN] DbFile:41 - Overriding database path with different value: C:\Users\iamna\.stmcufinder\plugins\mcufinder/ => C:\Users\iamna\.stmcufinder\plugins\mcufinder
2023-12-06 14:52:56,901 [INFO] CrossReferenceDbSqlite:203 - Set database path to: C:\Users\iamna\.stmcufinder\plugins\mcufinder//mcu/cs/
2023-12-06 14:52:57,010 [INFO] MainPanel:264 - HeapMemory: 268435456
2023-12-06 14:52:57,161 [INFO] DbMcusXml:78 - Set database path to: C:\ST\STM32CubeIDE_1.14.0\STM32CubeIDE\plugins\com.st.stm32cube.common.mx_6.10.0.202311202037\\db\/mcu/
2023-12-06 14:52:57,161 [INFO] ApiDb:274 - Set plugin database path to: C:\ST\STM32CubeIDE_1.14.0\STM32CubeIDE\plugins\com.st.stm32cube.common.mx_6.10.0.202311202037\\db\/plugins/boardmanager/
2023-12-06 14:52:57,161 [INFO] ApiDb:261 - Set plugin images path to: C:\ST\STM32CubeIDE_1.14.0\STM32CubeIDE\plugins\com.st.stm32cube.common.mx_6.10.0.202311202037\\db\/plugins/mcufinder/images/
2023-12-06 14:52:57,162 [WARN] DbFile:41 - Overriding database path with different value: C:\Users\iamna\.stmcufinder\plugins\mcufinder/ => C:\Users\iamna\.stmcufinder\plugins\mcufinder
2023-12-06 14:52:57,162 [INFO] ApiDb:250 - Set database path to: C:\Users\iamna\.stmcufinder\plugins\mcufinder//mcu/
2023-12-06 14:52:57,162 [WARN] DbFile:41 - Overriding database path with different value: C:\Users\iamna\.stmcufinder\plugins\mcufinder/ => C:\Users\iamna\.stmcufinder\plugins\mcufinder
2023-12-06 14:52:57,162 [INFO] DbMcusAds:125 - Set database path to: C:\Users\iamna\.stmcufinder\plugins\mcufinder//mcu/
2023-12-06 14:52:57,162 [WARN] DbFile:41 - Overriding database path with different value: C:\Users\iamna\.stmcufinder\plugins\mcufinder/ => C:\Users\iamna\.stmcufinder\plugins\mcufinder
2023-12-06 14:52:57,162 [WARN] DbFile:41 - Overriding database path with different value: C:\Users\iamna\.stmcufinder\plugins\mcufinder/ => C:\Users\iamna\.stmcufinder\plugins\mcufinder
2023-12-06 14:52:57,162 [INFO] CrossReferenceDbSqlite:203 - Set database path to: C:\Users\iamna\.stmcufinder\plugins\mcufinder//mcu/cs/
2023-12-06 14:52:57,182 [INFO] ApplicationProperties:184 - Using Application install path: C:\ST\STM32CubeIDE_1.14.0\STM32CubeIDE\plugins\com.st.stm32cube.common.mx_6.10.0.202311202037
2023-12-06 14:52:57,184 [INFO] PluginManage:196 - Search for loadable plugins [exclusion list=, ]
2023-12-06 14:52:57,185 [INFO] PluginManage:310 - Check plugin analytics
2023-12-06 14:52:57,402 [INFO] AnalyticsPlugin:253 - Accepted Software Licenses: 
2023-12-06 14:52:57,402 [INFO] AnalyticsPlugin:255 - Accepted CMSIS Pack Licenses: 
2023-12-06 14:52:57,403 [INFO] AnalyticsPlugin:257 - Accepted Firmware Licenses: 
2023-12-06 14:52:57,408 [INFO] PluginManage:359 - Loaded plugin analytics (category:tool,tabindex:-1)
2023-12-06 14:52:57,408 [INFO] PluginManage:310 - Check plugin cadmodel
2023-12-06 14:52:57,422 [INFO] CADModel:105 - Init CAD model plugin
2023-12-06 14:52:57,422 [INFO] PluginManage:359 - Loaded plugin cadmodel (category:power,tabindex:5)
2023-12-06 14:52:57,422 [INFO] PluginManage:310 - Check plugin clock
2023-12-06 14:52:57,435 [INFO] PluginManage:359 - Loaded plugin clock (category:base,tabindex:2)
2023-12-06 14:52:57,435 [INFO] PluginManage:310 - Check plugin ddr
2023-12-06 14:52:57,438 [INFO] PluginManage:359 - Loaded plugin ddr (category:tool,tabindex:6)
2023-12-06 14:52:57,438 [INFO] PluginManage:310 - Check plugin filemanager
2023-12-06 14:52:57,628 [INFO] PluginManage:359 - Loaded plugin filemanager (category:base,tabindex:10)
2023-12-06 14:52:57,628 [INFO] PluginManage:310 - Check plugin ipmanager
2023-12-06 14:52:57,644 [INFO] PluginManage:359 - Loaded plugin ipmanager (category:base,tabindex:5)
2023-12-06 14:52:57,644 [INFO] PluginManage:310 - Check plugin lpbam
2023-12-06 14:52:57,654 [INFO] PluginManage:359 - Loaded plugin lpbam (category:base,tabindex:0)
2023-12-06 14:52:57,656 [INFO] PluginManage:310 - Check plugin memorymap
2023-12-06 14:52:57,671 [INFO] PluginManage:359 - Loaded plugin memorymap (category:base,tabindex:4)
2023-12-06 14:52:57,671 [INFO] PluginManage:310 - Check plugin pinoutandconfiguration
2023-12-06 14:52:57,686 [INFO] PluginManage:359 - Loaded plugin pinoutandconfiguration (category:base,tabindex:1)
2023-12-06 14:52:57,686 [INFO] PluginManage:310 - Check plugin pinoutconfig
2023-12-06 14:52:57,820 [WARN] SupportedApi:132 - Cannot load RTOS API schema: s4s-elt-must-match.1: The content of 'definitions' must match (annotation?, (simpleType | complexType)?, (unique | key | keyref)*)). A problem was found starting at: attribute.
2023-12-06 14:52:57,994 [INFO] PluginManage:359 - Loaded plugin pinoutconfig (category:base,tabindex:0)
2023-12-06 14:52:57,995 [INFO] PluginManage:310 - Check plugin power
2023-12-06 14:52:58,005 [INFO] PluginManage:359 - Loaded plugin power (category:power,tabindex:4)
2023-12-06 14:52:58,005 [INFO] PluginManage:310 - Check plugin projectmanager
2023-12-06 14:52:58,022 [INFO] PluginManage:359 - Loaded plugin projectmanager (category:projectmanager,tabindex:3)
2023-12-06 14:52:58,023 [INFO] PluginManage:310 - Check plugin thirdparty
2023-12-06 14:52:58,223 [INFO] PluginManage:359 - Loaded plugin thirdparty (category:base,tabindex:-1)
2023-12-06 14:52:58,223 [WARN] IntegrityCheckThread:84 - waiting for thirdparty lock release [integrity check]
2023-12-06 14:52:58,224 [INFO] IntegrityCheckThread:86 - entering critical section [integrity check]
2023-12-06 14:52:58,223 [INFO] PluginManage:310 - Check plugin tools
2023-12-06 14:52:58,224 [INFO] ThirdPartyUpdaterWithRetryManager:70 - Updater plugin not ready yet. [1/15]
2023-12-06 14:52:58,229 [INFO] PluginManage:359 - Loaded plugin tools (category:base,tabindex:7)
2023-12-06 14:52:58,229 [INFO] PluginManage:310 - Check plugin tutovideos
2023-12-06 14:52:58,460 [INFO] PluginManage:359 - Loaded plugin tutovideos (category:base,tabindex:-1)
2023-12-06 14:52:58,462 [INFO] PluginManage:310 - Check plugin updater
2023-12-06 14:52:58,474 [INFO] PluginManage:359 - Loaded plugin updater (category:base,tabindex:12)
2023-12-06 14:52:58,474 [INFO] PluginManage:310 - Check plugin userauth
2023-12-06 14:52:58,482 [INFO] UserAuth:114 - Init User Auth plugin
2023-12-06 14:52:58,483 [INFO] PluginManage:359 - Loaded plugin userauth (category:base,tabindex:14)
2023-12-06 14:52:58,483 [INFO] PluginManage:283 - PluginManage : Loaded plugins [17]
2023-12-06 14:52:58,835 [INFO] PinOutPanel:1499 - setPackage(No Configuration,No Configuration)
2023-12-06 14:52:58,961 [INFO] CADModel:165 - CPN selected for project level
2023-12-06 14:52:58,961 [INFO] CADModel:114 - Register for checkConnection events
2023-12-06 14:52:58,986 [INFO] IPUIPlugin:80 - create IPUIPlugin
2023-12-06 14:52:58,987 [INFO] PluginManager:220 - loadIPPluginJar : add adc
2023-12-06 14:52:58,992 [INFO] IPUIPlugin:80 - create IPUIPlugin
2023-12-06 14:52:58,992 [INFO] PluginManager:220 - loadIPPluginJar : add aes
2023-12-06 14:52:59,000 [INFO] IPUIPlugin:80 - create IPUIPlugin
2023-12-06 14:52:59,000 [INFO] PluginManager:220 - loadIPPluginJar : add can
2023-12-06 14:52:59,005 [INFO] IPUIPlugin:80 - create IPUIPlugin
2023-12-06 14:52:59,006 [INFO] PluginManager:220 - loadIPPluginJar : add comp
2023-12-06 14:52:59,011 [INFO] IPUIPlugin:80 - create IPUIPlugin
2023-12-06 14:52:59,011 [INFO] PluginManager:220 - loadIPPluginJar : add cryp
2023-12-06 14:52:59,019 [INFO] IPUIPlugin:80 - create IPUIPlugin
2023-12-06 14:52:59,020 [INFO] PluginManager:220 - loadIPPluginJar : add dfsdm
2023-12-06 14:52:59,033 [INFO] IPUIPlugin:80 - create IPUIPlugin
2023-12-06 14:52:59,033 [INFO] PluginManager:220 - loadIPPluginJar : add dma
2023-12-06 14:52:59,039 [INFO] IPUIPlugin:80 - create IPUIPlugin
2023-12-06 14:52:59,039 [INFO] PluginManager:220 - loadIPPluginJar : add dma3
2023-12-06 14:52:59,044 [INFO] IPUIPlugin:80 - create IPUIPlugin
2023-12-06 14:52:59,044 [INFO] PluginManager:220 - loadIPPluginJar : add fatfs
2023-12-06 14:52:59,054 [INFO] IPUIPlugin:80 - create IPUIPlugin
2023-12-06 14:52:59,054 [INFO] PluginManager:220 - loadIPPluginJar : add fmc
2023-12-06 14:52:59,063 [INFO] IPUIPlugin:80 - create IPUIPlugin
2023-12-06 14:52:59,064 [INFO] PluginManager:220 - loadIPPluginJar : add freertos
2023-12-06 14:52:59,068 [INFO] IPUIPlugin:80 - create IPUIPlugin
2023-12-06 14:52:59,068 [INFO] PluginManager:220 - loadIPPluginJar : add genericplugin
2023-12-06 14:52:59,072 [INFO] IPUIPlugin:80 - create IPUIPlugin
2023-12-06 14:52:59,072 [INFO] PluginManager:220 - loadIPPluginJar : add gfxmmu
2023-12-06 14:52:59,081 [INFO] IPUIPlugin:80 - create IPUIPlugin
2023-12-06 14:52:59,081 [INFO] PluginManager:220 - loadIPPluginJar : add gic
2023-12-06 14:52:59,087 [INFO] IPUIPlugin:80 - create IPUIPlugin
2023-12-06 14:52:59,088 [INFO] PluginManager:220 - loadIPPluginJar : add gpio
2023-12-06 14:52:59,093 [INFO] IPUIPlugin:80 - create IPUIPlugin
2023-12-06 14:52:59,093 [INFO] PluginManager:220 - loadIPPluginJar : add gtzc
2023-12-06 14:52:59,098 [INFO] IPUIPlugin:80 - create IPUIPlugin
2023-12-06 14:52:59,098 [INFO] PluginManager:220 - loadIPPluginJar : add hash
2023-12-06 14:52:59,103 [INFO] IPUIPlugin:80 - create IPUIPlugin
2023-12-06 14:52:59,104 [INFO] PluginManager:220 - loadIPPluginJar : add i2c
2023-12-06 14:52:59,109 [INFO] IPUIPlugin:80 - create IPUIPlugin
2023-12-06 14:52:59,109 [INFO] PluginManager:220 - loadIPPluginJar : add i2s
2023-12-06 14:52:59,118 [INFO] IPUIPlugin:80 - create IPUIPlugin
2023-12-06 14:52:59,118 [INFO] PluginManager:220 - loadIPPluginJar : add i3c
2023-12-06 14:52:59,122 [INFO] IPUIPlugin:80 - create IPUIPlugin
2023-12-06 14:52:59,123 [INFO] PluginManager:220 - loadIPPluginJar : add ipddr
2023-12-06 14:52:59,135 [INFO] IPUIPlugin:80 - create IPUIPlugin
2023-12-06 14:52:59,135 [INFO] PluginManager:220 - loadIPPluginJar : add linkedlist
2023-12-06 14:52:59,139 [INFO] IPUIPlugin:80 - create IPUIPlugin
2023-12-06 14:52:59,139 [INFO] PluginManager:220 - loadIPPluginJar : add lorawan
2023-12-06 14:52:59,142 [INFO] IPUIPlugin:80 - create IPUIPlugin
2023-12-06 14:52:59,142 [INFO] PluginManager:220 - loadIPPluginJar : add ltdc
2023-12-06 14:52:59,150 [INFO] IPUIPlugin:80 - create IPUIPlugin
2023-12-06 14:52:59,150 [INFO] PluginManager:220 - loadIPPluginJar : add mdma
2023-12-06 14:52:59,155 [INFO] IPUIPlugin:80 - create IPUIPlugin
2023-12-06 14:52:59,155 [INFO] PluginManager:220 - loadIPPluginJar : add nvic
2023-12-06 14:52:59,163 [INFO] IPUIPlugin:80 - create IPUIPlugin
2023-12-06 14:52:59,163 [INFO] PluginManager:220 - loadIPPluginJar : add opamp
2023-12-06 14:52:59,170 [INFO] IPUIPlugin:80 - create IPUIPlugin
2023-12-06 14:52:59,171 [INFO] PluginManager:220 - loadIPPluginJar : add openamp
2023-12-06 14:52:59,176 [INFO] IPUIPlugin:80 - create IPUIPlugin
2023-12-06 14:52:59,177 [INFO] PluginManager:220 - loadIPPluginJar : add pdm2pcm
2023-12-06 14:52:59,186 [INFO] IPUIPlugin:80 - create IPUIPlugin
2023-12-06 14:52:59,189 [INFO] PluginManager:220 - loadIPPluginJar : add plateformsettings
2023-12-06 14:52:59,194 [INFO] IPUIPlugin:80 - create IPUIPlugin
2023-12-06 14:52:59,194 [INFO] PluginManager:220 - loadIPPluginJar : add quadspi
2023-12-06 14:52:59,202 [INFO] IPUIPlugin:80 - create IPUIPlugin
2023-12-06 14:52:59,203 [INFO] PluginManager:220 - loadIPPluginJar : add resmgrutility
2023-12-06 14:52:59,211 [INFO] IPUIPlugin:80 - create IPUIPlugin
2023-12-06 14:52:59,211 [INFO] PluginManager:220 - loadIPPluginJar : add sai
2023-12-06 14:52:59,215 [INFO] IPUIPlugin:80 - create IPUIPlugin
2023-12-06 14:52:59,215 [INFO] PluginManager:220 - loadIPPluginJar : add spi
2023-12-06 14:52:59,224 [INFO] IPUIPlugin:80 - create IPUIPlugin
2023-12-06 14:52:59,224 [INFO] PluginManager:220 - loadIPPluginJar : add stm32_wpan
2023-12-06 14:52:59,228 [INFO] IPUIPlugin:80 - create IPUIPlugin
2023-12-06 14:52:59,229 [INFO] PluginManager:220 - loadIPPluginJar : add tim
2023-12-06 14:52:59,234 [INFO] IPUIPlugin:80 - create IPUIPlugin
2023-12-06 14:52:59,234 [INFO] PluginManager:220 - loadIPPluginJar : add touchsensing
2023-12-06 14:52:59,237 [INFO] IPUIPlugin:80 - create IPUIPlugin
2023-12-06 14:52:59,238 [INFO] PluginManager:220 - loadIPPluginJar : add tracer_emb
2023-12-06 14:52:59,241 [INFO] IPUIPlugin:80 - create IPUIPlugin
2023-12-06 14:52:59,241 [INFO] PluginManager:220 - loadIPPluginJar : add ts
2023-12-06 14:52:59,244 [INFO] IPUIPlugin:80 - create IPUIPlugin
2023-12-06 14:52:59,244 [INFO] PluginManager:220 - loadIPPluginJar : add tsc
2023-12-06 14:52:59,250 [INFO] IPUIPlugin:80 - create IPUIPlugin
2023-12-06 14:52:59,250 [INFO] PluginManager:220 - loadIPPluginJar : add ucpd
2023-12-06 14:52:59,254 [INFO] IPUIPlugin:80 - create IPUIPlugin
2023-12-06 14:52:59,254 [INFO] PluginManager:220 - loadIPPluginJar : add usart
2023-12-06 14:52:59,258 [INFO] IPUIPlugin:80 - create IPUIPlugin
2023-12-06 14:52:59,259 [INFO] PluginManager:220 - loadIPPluginJar : add usbx
2023-12-06 14:52:59,429 [INFO] CADModel:165 - CPN selected for project level
2023-12-06 14:52:59,429 [INFO] CADModel:114 - Register for checkConnection events
2023-12-06 14:52:59,434 [FATAL] Updater:308 - Updater called before beeing initialized
2023-12-06 14:52:59,435 [ERROR] CADModel:125 - Updater not yet initialized, retry later 
2023-12-06 14:52:59,639 [INFO] CADModel:165 - CPN selected for project level
2023-12-06 14:52:59,639 [INFO] CADModel:114 - Register for checkConnection events
2023-12-06 14:52:59,639 [FATAL] Updater:308 - Updater called before beeing initialized
2023-12-06 14:52:59,640 [ERROR] CADModel:125 - Updater not yet initialized, retry later 
2023-12-06 14:52:59,644 [FATAL] Updater:308 - Updater called before beeing initialized
2023-12-06 14:52:59,803 [FATAL] Updater:308 - Updater called before beeing initialized
2023-12-06 14:52:59,809 [INFO] DbMcusAds:53 - JSON generation date=Wed Nov 29 16:22:38 IST 2023 (1701255158764)
2023-12-06 14:52:59,810 [FATAL] Updater:308 - Updater called before beeing initialized
2023-12-06 14:52:59,890 [WARN] DetailPanel:346 - Failed to get advertising image, set to default
2023-12-06 14:53:00,059 [FATAL] Updater:308 - Updater called before beeing initialized
2023-12-06 14:53:00,060 [FATAL] Updater:308 - Updater called before beeing initialized
2023-12-06 14:53:00,060 [FATAL] Updater:308 - Updater called before beeing initialized
2023-12-06 14:53:00,061 [WARN] DetailPanel:346 - Failed to get advertising image, set to default
2023-12-06 14:53:00,061 [FATAL] Updater:308 - Updater called before beeing initialized
2023-12-06 14:53:00,137 [ERROR] Updater:1120 - MainUpdater not yet initialized. External WinMGr cannot be set.
2023-12-06 14:53:00,140 [INFO] Updater:1056 - Updater Version found : 6.10.0
2023-12-06 14:53:00,166 [INFO] ApplicationProperties:184 - Using Application install path: C:\ST\STM32CubeIDE_1.14.0\STM32CubeIDE\plugins\com.st.stm32cube.common.mx_6.10.0.202311202037
2023-12-06 14:53:01,233 [INFO] ThirdPartyUpdaterWithRetryManager:70 - Updater plugin not ready yet. [2/15]
2023-12-06 14:53:01,789 [ERROR] LogOutputStream:75 - [STDERR_REDIRECT] Dec 06, 2023 2:53:01 PM java.util.prefs.WindowsPreferences <init>
2023-12-06 14:53:01,791 [ERROR] LogOutputStream:75 - [STDERR_REDIRECT] WARNING: Could not open/create prefs root node Software\JavaSoft\Prefs at root 0xffffffff80000002. Windows RegCreateKeyEx(...) returned error code 5.
2023-12-06 14:53:01,791 [ERROR] LogOutputStream:75 - [STDERR_REDIRECT] 
2023-12-06 14:53:02,175 [INFO] MainUpdater:2873 - connection check result : 10
2023-12-06 14:53:02,176 [INFO] MainUpdater:290 - Updater Check For Update Now.
2023-12-06 14:53:02,177 [INFO] MicroXplorer:498 - Change Database Version : DB.6.0.100
2023-12-06 14:53:02,187 [INFO] McuFinderGlobals:63 - Set McuFinder mode to 2 (CubeIDE integrated)
2023-12-06 14:53:02,423 [INFO] CheckServerUpdateThread:120 - End of CheckServer Thread
2023-12-06 14:53:02,608 [INFO] UserAuth:404 - Internet connection configuration mode: 1
2023-12-06 14:53:02,633 [INFO] JxBrowserEngine:152 - Initiate JxBrowser Engine with user profile folder
2023-12-06 14:53:03,572 [INFO] WebApp:161 - Instantiating new browser for Auth
2023-12-06 14:53:04,506 [INFO] WebApp:780 - Register for checkConnection events
2023-12-06 14:53:04,507 [INFO] WebApp:414 - Apply proxy settings
2023-12-06 14:53:04,507 [INFO] WebApp:499 - Chromium requires no authentication
2023-12-06 14:53:04,514 [INFO] WebApp:442 - Direct internet connection detected
2023-12-06 14:53:04,626 [WARN] PackLoader:240 - Cannot read IP mode file for STMicroelectronics.X-CUBE-SMBUS.2.1.0
2023-12-06 14:53:04,691 [WARN] PackLoader:240 - Cannot read IP mode file for STMicroelectronics.X-CUBE-AZRTOS-F7.1.1.0
2023-12-06 14:53:04,714 [WARN] PackLoader:240 - Cannot read IP mode file for STMicroelectronics.FP-SNS-MOTENV1.4.3.2
2023-12-06 14:53:04,736 [WARN] PackLoader:240 - Cannot read IP mode file for STMicroelectronics.FP-SNS-FLIGHT1.5.0.2
2023-12-06 14:53:04,796 [INFO] WebApp:192 - Starting web application
2023-12-06 14:53:04,796 [INFO] WebApp:544 - Web application path used C:\ST\STM32CubeIDE_1.14.0\STM32CubeIDE\plugins\com.st.stm32cube.common.mx_6.10.0.202311202037\db\plugins\mcufinder\reactClient1\index.html
2023-12-06 14:53:04,809 [WARN] PackLoader:240 - Cannot read IP mode file for STMicroelectronics.X-CUBE-DISPLAY.3.0.0
2023-12-06 14:53:04,861 [WARN] PackLoader:240 - Cannot read IP mode file for STMicroelectronics.X-CUBE-BLE1.7.0.0
2023-12-06 14:53:04,873 [WARN] PackLoader:240 - Cannot read IP mode file for emotas.I-CUBE-CANOPEN.1.3.0
2023-12-06 14:53:04,903 [WARN] PackLoader:240 - Cannot read IP mode file for STMicroelectronics.X-CUBE-TOUCHGFX.4.22.1
2023-12-06 14:53:04,926 [WARN] PackLoader:240 - Cannot read IP mode file for STMicroelectronics.FP-SNS-SMARTAG2.1.2.0
2023-12-06 14:53:05,076 [INFO] LogOutputStream:77 - [STDOUT_REDIRECT] 1 : Invalid condition id : UX_CORESTACK_Condition cause : null
2023-12-06 14:53:05,077 [INFO] LogOutputStream:77 - [STDOUT_REDIRECT] 1 : Invalid condition id : UX_CORESTACK_Condition cause : null
2023-12-06 14:53:05,079 [INFO] LogOutputStream:77 - [STDOUT_REDIRECT] 1 : Invalid condition id : UX_CORESTACK_Condition cause : null
2023-12-06 14:53:05,080 [INFO] LogOutputStream:77 - [STDOUT_REDIRECT] 1 : Invalid condition id : UX_CORESTACK_Condition cause : null
2023-12-06 14:53:05,082 [INFO] LogOutputStream:77 - [STDOUT_REDIRECT] 1 : Invalid condition id : UX_CORESTACK_Condition cause : null
2023-12-06 14:53:05,096 [WARN] PackLoader:240 - Cannot read IP mode file for STMicroelectronics.X-CUBE-AZRTOS-WL.2.0.0
2023-12-06 14:53:05,153 [WARN] PackLoader:240 - Cannot read IP mode file for WES.I-CUBE-Cesium.1.3.0
2023-12-06 14:53:05,215 [WARN] PackLoader:240 - Cannot read IP mode file for STMicroelectronics.X-CUBE-BLE2.3.3.0
2023-12-06 14:53:05,244 [WARN] PackLoader:240 - Cannot read IP mode file for STMicroelectronics.X-CUBE-ALGOBUILD.1.3.0
2023-12-06 14:53:05,292 [WARN] PackLoader:240 - Cannot read IP mode file for STMicroelectronics.X-CUBE-AZRTOS-G0.1.1.0
2023-12-06 14:53:05,315 [WARN] PackLoader:240 - Cannot read IP mode file for STMicroelectronics.X-CUBE-NFC4.3.0.0
2023-12-06 14:53:05,342 [WARN] PackLoader:240 - Cannot read IP mode file for STMicroelectronics.X-CUBE-BLEMGR.3.0.0
2023-12-06 14:53:05,357 [WARN] PackLoader:240 - Cannot read IP mode file for STMicroelectronics.FP-ATR-SIGFOX1.3.2.0
2023-12-06 14:53:05,372 [WARN] PackLoader:240 - Cannot read IP mode file for STMicroelectronics.X-CUBE-GNSS1.6.0.0
2023-12-06 14:53:05,412 [WARN] PackLoader:240 - Cannot read IP mode file for STMicroelectronics.X-CUBE-AZRTOS-F4.1.1.0
2023-12-06 14:53:05,492 [WARN] PackLoader:240 - Cannot read IP mode file for wolfSSL.I-CUBE-wolfSSL.5.6.4
2023-12-06 14:53:05,596 [WARN] PackLoader:240 - Cannot read IP mode file for STMicroelectronics.X-CUBE-AZRTOS-L5.2.0.0
2023-12-06 14:53:05,631 [WARN] PackLoader:240 - Cannot read IP mode file for STMicroelectronics.X-CUBE-EEPRMA1.4.2.0
2023-12-06 14:53:05,681 [WARN] PackLoader:240 - Cannot read IP mode file for ITTIA_DB.I-CUBE-ITTIADB.8.8.0
2023-12-06 14:53:05,795 [WARN] ConditionMgr:438 - getConditionDescription Invalid condition id : UX DEVICE CLASS RTOS Condition cause : null
2023-12-06 14:53:05,807 [WARN] ConditionMgr:438 - getConditionDescription Invalid condition id : UX DEVICE CLASS RTOS Condition cause : null
2023-12-06 14:53:05,811 [WARN] PackLoader:240 - Cannot read IP mode file for STMicroelectronics.X-CUBE-AZRTOS-H7.3.1.0
2023-12-06 14:53:05,812 [WARN] ConditionMgr:1039 - genDependencies : Invalid condition id : UX DEVICE CLASS RTOS Condition cause : null
2023-12-06 14:53:05,813 [WARN] ConditionMgr:1039 - genDependencies : Invalid condition id : UX DEVICE CLASS RTOS Condition cause : null
2023-12-06 14:53:05,814 [WARN] ConditionMgr:1039 - genDependencies : Invalid condition id : UX DEVICE CLASS RTOS Condition cause : null
2023-12-06 14:53:05,814 [WARN] ConditionMgr:1039 - genDependencies : Invalid condition id : UX DEVICE CLASS RTOS Condition cause : null
2023-12-06 14:53:05,814 [WARN] ConditionMgr:1039 - genDependencies : Invalid condition id : UX DEVICE CLASS RTOS Condition cause : null
2023-12-06 14:53:05,850 [WARN] PackLoader:240 - Cannot read IP mode file for STMicroelectronics.X-CUBE-NFC7.1.0.1
2023-12-06 14:53:05,896 [WARN] PackLoader:240 - Cannot read IP mode file for STMicroelectronics.X-CUBE-NFC6.3.0.0
2023-12-06 14:53:05,944 [WARN] PackLoader:240 - Cannot read IP mode file for STMicroelectronics.X-CUBE-AI.8.1.0
2023-12-06 14:53:05,981 [WARN] ConditionMgr:438 - getConditionDescription Invalid condition id : LAN8742 Phy interface Condition cause : null
2023-12-06 14:53:05,981 [WARN] PackLoader:240 - Cannot read IP mode file for STMicroelectronics.X-CUBE-AZRTOS-L4.2.0.0
2023-12-06 14:53:05,981 [WARN] ConditionMgr:1039 - genDependencies : Invalid condition id : LAN8742 Phy interface Condition cause : null
2023-12-06 14:53:05,981 [WARN] ConditionMgr:1039 - genDependencies : Invalid condition id : LAN8742 Phy interface Condition cause : null
2023-12-06 14:53:05,981 [WARN] ConditionMgr:1039 - genDependencies : Invalid condition id : LAN8742 Phy interface Condition cause : null
2023-12-06 14:53:06,024 [WARN] PackLoader:240 - Cannot read IP mode file for STMicroelectronics.X-CUBE-SFXS2LP1.4.0.0
2023-12-06 14:53:06,056 [WARN] PackLoader:240 - Cannot read IP mode file for STMicroelectronics.X-CUBE-ISPU.1.1.0
2023-12-06 14:53:06,148 [WARN] ConditionMgr:438 - getConditionDescription Invalid condition id : UX DEVICE CLASS RTOS Condition cause : null
2023-12-06 14:53:06,151 [WARN] ConditionMgr:438 - getConditionDescription Invalid condition id : UX DEVICE CLASS RTOS Condition cause : null
2023-12-06 14:53:06,160 [WARN] PackLoader:240 - Cannot read IP mode file for STMicroelectronics.X-CUBE-AZRTOS-WB.2.0.0
2023-12-06 14:53:06,161 [WARN] ConditionMgr:1039 - genDependencies : Invalid condition id : UX DEVICE CLASS RTOS Condition cause : null
2023-12-06 14:53:06,161 [WARN] ConditionMgr:1039 - genDependencies : Invalid condition id : UX DEVICE CLASS RTOS Condition cause : null
2023-12-06 14:53:06,162 [WARN] ConditionMgr:1039 - genDependencies : Invalid condition id : UX DEVICE CLASS RTOS Condition cause : null
2023-12-06 14:53:06,162 [WARN] ConditionMgr:1039 - genDependencies : Invalid condition id : UX DEVICE CLASS RTOS Condition cause : null
2023-12-06 14:53:06,162 [WARN] ConditionMgr:1039 - genDependencies : Invalid condition id : UX DEVICE CLASS RTOS Condition cause : null
2023-12-06 14:53:06,183 [WARN] PackLoader:240 - Cannot read IP mode file for STMicroelectronics.X-CUBE-SUBG2.5.0.0
2023-12-06 14:53:06,214 [WARN] PackLoader:240 - Cannot read IP mode file for STMicroelectronics.X-CUBE-AZRTOS-G4.2.0.0
2023-12-06 14:53:06,272 [WARN] PackLoader:240 - Cannot read IP mode file for Infineon.AIROC-Wi-Fi-Bluetooth-STM32.1.5.1
2023-12-06 14:53:06,295 [WARN] PackLoader:240 - Cannot read IP mode file for STMicroelectronics.FP-SNS-MOTENVWB1.1.3.0
2023-12-06 14:53:06,309 [WARN] PackLoader:240 - Cannot read IP mode file for STMicroelectronics.FP-SNS-MOTENVWB1.1.3.1
2023-12-06 14:53:06,315 [WARN] PackLoader:240 - Cannot read IP mode file for STMicroelectronics.X-CUBE-ISPU.2.0.0
2023-12-06 14:53:06,371 [WARN] PackLoader:240 - Cannot read IP mode file for STMicroelectronics.X-CUBE-MEMS1.10.0.0
2023-12-06 14:53:06,580 [WARN] PackLoader:240 - Cannot read IP mode file for STMicroelectronics.X-CUBE-FREERTOS.1.1.0
2023-12-06 14:53:06,594 [WARN] PackLoader:240 - Cannot read IP mode file for portGmbH.I-Cube-SoM-uGOAL.1.1.0
2023-12-06 14:53:06,603 [WARN] PackLoader:240 - Cannot read IP mode file for STMicroelectronics.X-CUBE-ALS.1.0.1
2023-12-06 14:53:06,618 [WARN] PackLoader:240 - Cannot read IP mode file for STMicroelectronics.FP-ATR-ASTRA1.2.0.0
2023-12-06 14:53:06,637 [WARN] PackLoader:240 - Cannot read IP mode file for STMicroelectronics.X-CUBE-TOF1.3.4.0
2023-12-06 14:53:06,679 [WARN] PackLoader:240 - Cannot read IP mode file for STMicroelectronics.X-CUBE-AZRTOS-H7.3.2.0
2023-12-06 14:53:06,681 [INFO] ThirdParty:978 - Integrity check success = true
2023-12-06 14:53:06,682 [INFO] IntegrityCheckThread:100 - exiting critical section [integrity check]
2023-12-06 14:53:06,682 [INFO] IntegrityCheckThread:103 - End integrity checks thread
2023-12-06 14:53:25,969 [ERROR] LogOutputStream:75 - [STDERR_REDIRECT] SLF4J: Failed to load class "org.slf4j.impl.StaticLoggerBinder".
2023-12-06 14:53:25,970 [ERROR] LogOutputStream:75 - [STDERR_REDIRECT] SLF4J: Defaulting to no-operation (NOP) logger implementation
2023-12-06 14:53:25,971 [ERROR] LogOutputStream:75 - [STDERR_REDIRECT] SLF4J: See http://www.slf4j.org/codes.html#StaticLoggerBinder for further details.
2023-12-06 17:04:43,838 [ERROR] LogOutputStream:75 - [STDERR_REDIRECT] 
2023-12-06 17:04:43,839 [ERROR] LogOutputStream:75 - [STDERR_REDIRECT] 
