2023-11-25 10:42:51,799 [INFO] Activator:176 - 


2023-11-25 10:42:51,813 [INFO] Activator:177 - !SESSION log4j initialized
2023-11-25 10:43:15,776 [INFO] LogOutputStream:77 - [STDOUT_REDIRECT] 
2023-11-25 10:43:28,739 [INFO] ApplicationProperties:184 - Using Application install path: C:\ST\STM32CubeIDE_1.13.2\STM32CubeIDE\plugins\com.st.stm32cube.common.mx_6.9.2.202309101412
2023-11-25 10:43:28,795 [INFO] DbMcusXml:78 - Set database path to: C:\ST\STM32CubeIDE_1.13.2\STM32CubeIDE\plugins\com.st.stm32cube.common.mx_6.9.2.202309101412\\db\/mcu/
2023-11-25 10:43:28,797 [INFO] ApiDb:274 - Set plugin database path to: C:\ST\STM32CubeIDE_1.13.2\STM32CubeIDE\plugins\com.st.stm32cube.common.mx_6.9.2.202309101412\\db\/plugins/boardmanager/
2023-11-25 10:43:28,799 [WARN] ApiDb:259 - Overriding images path with different value:  => C:\ST\STM32CubeIDE_1.13.2\STM32CubeIDE\plugins\com.st.stm32cube.common.mx_6.9.2.202309101412\\db\/plugins/mcufinder/images/
2023-11-25 10:43:28,838 [INFO] ApiDb:250 - Set database path to: C:\Users\Administrator\.stmcufinder\plugins\mcufinder//mcu/
2023-11-25 10:43:28,842 [INFO] DbMcusAds:125 - Set database path to: C:\Users\Administrator\.stmcufinder\plugins\mcufinder//mcu/
2023-11-25 10:43:28,866 [INFO] CrossReferenceDbSqlite:203 - Set database path to: C:\Users\Administrator\.stmcufinder\plugins\mcufinder//mcu/cs/
2023-11-25 10:43:29,154 [INFO] RulesReader:64 - Compatibility file has been processed (293 Rules)
2023-11-25 10:43:29,368 [INFO] DbMcusXml:78 - Set database path to: C:\ST\STM32CubeIDE_1.13.2\STM32CubeIDE\plugins\com.st.stm32cube.common.mx_6.9.2.202309101412\\db\/mcu/
2023-11-25 10:43:29,368 [INFO] ApiDb:274 - Set plugin database path to: C:\ST\STM32CubeIDE_1.13.2\STM32CubeIDE\plugins\com.st.stm32cube.common.mx_6.9.2.202309101412\\db\/plugins/boardmanager/
2023-11-25 10:43:29,369 [INFO] ApiDb:261 - Set plugin images path to: C:\ST\STM32CubeIDE_1.13.2\STM32CubeIDE\plugins\com.st.stm32cube.common.mx_6.9.2.202309101412\\db\/plugins/mcufinder/images/
2023-11-25 10:43:29,369 [WARN] DbFile:41 - Overriding database path with different value: C:\Users\Administrator\.stmcufinder\plugins\mcufinder/ => C:\Users\Administrator\.stmcufinder\plugins\mcufinder
2023-11-25 10:43:29,370 [INFO] ApiDb:250 - Set database path to: C:\Users\Administrator\.stmcufinder\plugins\mcufinder//mcu/
2023-11-25 10:43:29,370 [WARN] DbFile:41 - Overriding database path with different value: C:\Users\Administrator\.stmcufinder\plugins\mcufinder/ => C:\Users\Administrator\.stmcufinder\plugins\mcufinder
2023-11-25 10:43:29,370 [INFO] DbMcusAds:125 - Set database path to: C:\Users\Administrator\.stmcufinder\plugins\mcufinder//mcu/
2023-11-25 10:43:29,370 [WARN] DbFile:41 - Overriding database path with different value: C:\Users\Administrator\.stmcufinder\plugins\mcufinder/ => C:\Users\Administrator\.stmcufinder\plugins\mcufinder
2023-11-25 10:43:29,370 [WARN] DbFile:41 - Overriding database path with different value: C:\Users\Administrator\.stmcufinder\plugins\mcufinder/ => C:\Users\Administrator\.stmcufinder\plugins\mcufinder
2023-11-25 10:43:29,371 [INFO] CrossReferenceDbSqlite:203 - Set database path to: C:\Users\Administrator\.stmcufinder\plugins\mcufinder//mcu/cs/
2023-11-25 10:43:29,571 [INFO] MainPanel:262 - HeapMemory: 268435456
2023-11-25 10:43:29,808 [INFO] DbMcusXml:78 - Set database path to: C:\ST\STM32CubeIDE_1.13.2\STM32CubeIDE\plugins\com.st.stm32cube.common.mx_6.9.2.202309101412\\db\/mcu/
2023-11-25 10:43:29,808 [INFO] ApiDb:274 - Set plugin database path to: C:\ST\STM32CubeIDE_1.13.2\STM32CubeIDE\plugins\com.st.stm32cube.common.mx_6.9.2.202309101412\\db\/plugins/boardmanager/
2023-11-25 10:43:29,808 [INFO] ApiDb:261 - Set plugin images path to: C:\ST\STM32CubeIDE_1.13.2\STM32CubeIDE\plugins\com.st.stm32cube.common.mx_6.9.2.202309101412\\db\/plugins/mcufinder/images/
2023-11-25 10:43:29,809 [WARN] DbFile:41 - Overriding database path with different value: C:\Users\Administrator\.stmcufinder\plugins\mcufinder/ => C:\Users\Administrator\.stmcufinder\plugins\mcufinder
2023-11-25 10:43:29,809 [INFO] ApiDb:250 - Set database path to: C:\Users\Administrator\.stmcufinder\plugins\mcufinder//mcu/
2023-11-25 10:43:29,810 [WARN] DbFile:41 - Overriding database path with different value: C:\Users\Administrator\.stmcufinder\plugins\mcufinder/ => C:\Users\Administrator\.stmcufinder\plugins\mcufinder
2023-11-25 10:43:29,810 [INFO] DbMcusAds:125 - Set database path to: C:\Users\Administrator\.stmcufinder\plugins\mcufinder//mcu/
2023-11-25 10:43:29,810 [WARN] DbFile:41 - Overriding database path with different value: C:\Users\Administrator\.stmcufinder\plugins\mcufinder/ => C:\Users\Administrator\.stmcufinder\plugins\mcufinder
2023-11-25 10:43:29,810 [WARN] DbFile:41 - Overriding database path with different value: C:\Users\Administrator\.stmcufinder\plugins\mcufinder/ => C:\Users\Administrator\.stmcufinder\plugins\mcufinder
2023-11-25 10:43:29,811 [INFO] CrossReferenceDbSqlite:203 - Set database path to: C:\Users\Administrator\.stmcufinder\plugins\mcufinder//mcu/cs/
2023-11-25 10:43:29,853 [INFO] ApplicationProperties:184 - Using Application install path: C:\ST\STM32CubeIDE_1.13.2\STM32CubeIDE\plugins\com.st.stm32cube.common.mx_6.9.2.202309101412
2023-11-25 10:43:29,856 [INFO] PluginManage:196 - Search for loadable plugins [exclusion list=, ]
2023-11-25 10:43:29,859 [INFO] PluginManage:310 - Check plugin analytics
2023-11-25 10:43:39,707 [INFO] AnalyticsPlugin:253 - Accepted Software Licenses: 
2023-11-25 10:43:39,707 [INFO] AnalyticsPlugin:255 - Accepted CMSIS Pack Licenses: 
2023-11-25 10:43:39,707 [INFO] AnalyticsPlugin:257 - Accepted Firmware Licenses: 
2023-11-25 10:43:39,713 [INFO] PluginManage:359 - Loaded plugin analytics (category:tool,tabindex:-1)
2023-11-25 10:43:39,714 [INFO] PluginManage:310 - Check plugin cadmodel
2023-11-25 10:43:39,743 [INFO] CADModel:105 - Init CAD model plugin
2023-11-25 10:43:39,743 [INFO] PluginManage:359 - Loaded plugin cadmodel (category:power,tabindex:5)
2023-11-25 10:43:39,744 [INFO] PluginManage:310 - Check plugin clock
2023-11-25 10:43:39,776 [INFO] PluginManage:359 - Loaded plugin clock (category:base,tabindex:2)
2023-11-25 10:43:39,776 [INFO] PluginManage:310 - Check plugin ddr
2023-11-25 10:43:39,781 [INFO] PluginManage:359 - Loaded plugin ddr (category:tool,tabindex:6)
2023-11-25 10:43:39,781 [INFO] PluginManage:310 - Check plugin filemanager
2023-11-25 10:43:40,087 [INFO] PluginManage:359 - Loaded plugin filemanager (category:base,tabindex:10)
2023-11-25 10:43:40,088 [INFO] PluginManage:310 - Check plugin ipmanager
2023-11-25 10:43:40,107 [INFO] PluginManage:359 - Loaded plugin ipmanager (category:base,tabindex:5)
2023-11-25 10:43:40,107 [INFO] PluginManage:310 - Check plugin lpbam
2023-11-25 10:43:40,153 [INFO] PluginManage:359 - Loaded plugin lpbam (category:base,tabindex:0)
2023-11-25 10:43:40,153 [INFO] PluginManage:310 - Check plugin memorymap
2023-11-25 10:43:40,216 [INFO] PluginManage:359 - Loaded plugin memorymap (category:base,tabindex:4)
2023-11-25 10:43:40,216 [INFO] PluginManage:310 - Check plugin pinoutandconfiguration
2023-11-25 10:43:40,257 [INFO] PluginManage:359 - Loaded plugin pinoutandconfiguration (category:base,tabindex:1)
2023-11-25 10:43:40,258 [INFO] PluginManage:310 - Check plugin pinoutconfig
2023-11-25 10:43:40,530 [WARN] SupportedApi:132 - Cannot load RTOS API schema: s4s-elt-must-match.1: The content of 'definitions' must match (annotation?, (simpleType | complexType)?, (unique | key | keyref)*)). A problem was found starting at: attribute.
2023-11-25 10:43:40,830 [INFO] PluginManage:359 - Loaded plugin pinoutconfig (category:base,tabindex:0)
2023-11-25 10:43:40,831 [INFO] PluginManage:310 - Check plugin power
2023-11-25 10:43:40,885 [INFO] PluginManage:359 - Loaded plugin power (category:power,tabindex:4)
2023-11-25 10:43:40,886 [INFO] PluginManage:310 - Check plugin projectmanager
2023-11-25 10:43:40,922 [INFO] PluginManage:359 - Loaded plugin projectmanager (category:projectmanager,tabindex:3)
2023-11-25 10:43:40,922 [INFO] PluginManage:310 - Check plugin thirdparty
2023-11-25 10:43:41,418 [INFO] PluginManage:359 - Loaded plugin thirdparty (category:base,tabindex:-1)
2023-11-25 10:43:41,418 [WARN] IntegrityCheckThread:84 - waiting for thirdparty lock release [integrity check]
2023-11-25 10:43:41,419 [INFO] PluginManage:310 - Check plugin tools
2023-11-25 10:43:41,419 [INFO] IntegrityCheckThread:86 - entering critical section [integrity check]
2023-11-25 10:43:41,419 [INFO] ThirdPartyUpdaterWithRetryManager:70 - Updater plugin not ready yet. [1/15]
2023-11-25 10:43:41,470 [INFO] PluginManage:359 - Loaded plugin tools (category:base,tabindex:7)
2023-11-25 10:43:41,470 [INFO] PluginManage:310 - Check plugin tutovideos
2023-11-25 10:43:41,887 [INFO] PluginManage:359 - Loaded plugin tutovideos (category:base,tabindex:-1)
2023-11-25 10:43:41,887 [INFO] PluginManage:310 - Check plugin updater
2023-11-25 10:43:41,913 [INFO] PluginManage:359 - Loaded plugin updater (category:base,tabindex:12)
2023-11-25 10:43:41,914 [INFO] PluginManage:310 - Check plugin userauth
2023-11-25 10:43:41,924 [INFO] UserAuth:113 - Init User Auth plugin
2023-11-25 10:43:41,926 [INFO] PluginManage:359 - Loaded plugin userauth (category:base,tabindex:14)
2023-11-25 10:43:41,927 [INFO] PluginManage:283 - PluginManage : Loaded plugins [17]
2023-11-25 10:43:42,406 [INFO] PinOutPanel:1499 - setPackage(No Configuration,No Configuration)
2023-11-25 10:43:42,613 [INFO] CADModel:165 - CPN selected for project level
2023-11-25 10:43:42,614 [INFO] CADModel:114 - Register for checkConnection events
2023-11-25 10:43:42,669 [INFO] IPUIPlugin:80 - create IPUIPlugin
2023-11-25 10:43:42,670 [INFO] PluginManager:220 - loadIPPluginJar : add adc
2023-11-25 10:43:42,749 [INFO] IPUIPlugin:80 - create IPUIPlugin
2023-11-25 10:43:42,750 [INFO] PluginManager:220 - loadIPPluginJar : add aes
2023-11-25 10:43:42,838 [INFO] IPUIPlugin:80 - create IPUIPlugin
2023-11-25 10:43:42,838 [INFO] PluginManager:220 - loadIPPluginJar : add can
2023-11-25 10:43:42,885 [INFO] IPUIPlugin:80 - create IPUIPlugin
2023-11-25 10:43:42,885 [INFO] PluginManager:220 - loadIPPluginJar : add comp
2023-11-25 10:43:42,960 [INFO] IPUIPlugin:80 - create IPUIPlugin
2023-11-25 10:43:42,960 [INFO] PluginManager:220 - loadIPPluginJar : add cryp
2023-11-25 10:43:43,022 [INFO] IPUIPlugin:80 - create IPUIPlugin
2023-11-25 10:43:43,022 [INFO] PluginManager:220 - loadIPPluginJar : add dfsdm
2023-11-25 10:43:43,050 [INFO] IPUIPlugin:80 - create IPUIPlugin
2023-11-25 10:43:43,051 [INFO] PluginManager:220 - loadIPPluginJar : add dma
2023-11-25 10:43:43,128 [INFO] IPUIPlugin:80 - create IPUIPlugin
2023-11-25 10:43:43,128 [INFO] PluginManager:220 - loadIPPluginJar : add dma3
2023-11-25 10:43:43,166 [INFO] IPUIPlugin:80 - create IPUIPlugin
2023-11-25 10:43:43,167 [INFO] PluginManager:220 - loadIPPluginJar : add fatfs
2023-11-25 10:43:43,253 [INFO] IPUIPlugin:80 - create IPUIPlugin
2023-11-25 10:43:43,254 [INFO] PluginManager:220 - loadIPPluginJar : add fmc
2023-11-25 10:43:43,277 [INFO] IPUIPlugin:80 - create IPUIPlugin
2023-11-25 10:43:43,277 [INFO] PluginManager:220 - loadIPPluginJar : add freertos
2023-11-25 10:43:43,318 [INFO] IPUIPlugin:80 - create IPUIPlugin
2023-11-25 10:43:43,318 [INFO] PluginManager:220 - loadIPPluginJar : add genericplugin
2023-11-25 10:43:43,480 [INFO] IPUIPlugin:80 - create IPUIPlugin
2023-11-25 10:43:43,480 [INFO] PluginManager:220 - loadIPPluginJar : add gfxmmu
2023-11-25 10:43:43,717 [INFO] IPUIPlugin:80 - create IPUIPlugin
2023-11-25 10:43:43,717 [INFO] PluginManager:220 - loadIPPluginJar : add gic
2023-11-25 10:43:43,743 [INFO] IPUIPlugin:80 - create IPUIPlugin
2023-11-25 10:43:43,743 [INFO] PluginManager:220 - loadIPPluginJar : add gpio
2023-11-25 10:43:43,946 [INFO] IPUIPlugin:80 - create IPUIPlugin
2023-11-25 10:43:43,946 [INFO] PluginManager:220 - loadIPPluginJar : add gtzc
2023-11-25 10:43:44,009 [INFO] IPUIPlugin:80 - create IPUIPlugin
2023-11-25 10:43:44,010 [INFO] PluginManager:220 - loadIPPluginJar : add hash
2023-11-25 10:43:44,121 [INFO] IPUIPlugin:80 - create IPUIPlugin
2023-11-25 10:43:44,122 [INFO] PluginManager:220 - loadIPPluginJar : add i2c
2023-11-25 10:43:44,211 [INFO] IPUIPlugin:80 - create IPUIPlugin
2023-11-25 10:43:44,211 [INFO] PluginManager:220 - loadIPPluginJar : add i2s
2023-11-25 10:43:44,303 [INFO] IPUIPlugin:80 - create IPUIPlugin
2023-11-25 10:43:44,303 [INFO] PluginManager:220 - loadIPPluginJar : add i3c
2023-11-25 10:43:44,423 [INFO] ThirdPartyUpdaterWithRetryManager:70 - Updater plugin not ready yet. [2/15]
2023-11-25 10:43:44,501 [INFO] IPUIPlugin:80 - create IPUIPlugin
2023-11-25 10:43:44,502 [INFO] PluginManager:220 - loadIPPluginJar : add ipddr
2023-11-25 10:43:44,665 [INFO] IPUIPlugin:80 - create IPUIPlugin
2023-11-25 10:43:44,665 [INFO] PluginManager:220 - loadIPPluginJar : add linkedlist
2023-11-25 10:43:44,728 [INFO] IPUIPlugin:80 - create IPUIPlugin
2023-11-25 10:43:44,728 [INFO] PluginManager:220 - loadIPPluginJar : add lorawan
2023-11-25 10:43:44,807 [INFO] IPUIPlugin:80 - create IPUIPlugin
2023-11-25 10:43:44,807 [INFO] PluginManager:220 - loadIPPluginJar : add ltdc
2023-11-25 10:43:44,837 [INFO] IPUIPlugin:80 - create IPUIPlugin
2023-11-25 10:43:44,838 [INFO] PluginManager:220 - loadIPPluginJar : add mdma
2023-11-25 10:43:44,869 [INFO] IPUIPlugin:80 - create IPUIPlugin
2023-11-25 10:43:44,869 [INFO] PluginManager:220 - loadIPPluginJar : add nvic
2023-11-25 10:43:44,944 [INFO] IPUIPlugin:80 - create IPUIPlugin
2023-11-25 10:43:44,944 [INFO] PluginManager:220 - loadIPPluginJar : add opamp
2023-11-25 10:43:45,051 [INFO] IPUIPlugin:80 - create IPUIPlugin
2023-11-25 10:43:45,051 [INFO] PluginManager:220 - loadIPPluginJar : add openamp
2023-11-25 10:43:45,115 [INFO] IPUIPlugin:80 - create IPUIPlugin
2023-11-25 10:43:45,115 [INFO] PluginManager:220 - loadIPPluginJar : add pdm2pcm
2023-11-25 10:43:45,145 [INFO] IPUIPlugin:80 - create IPUIPlugin
2023-11-25 10:43:45,151 [INFO] PluginManager:220 - loadIPPluginJar : add plateformsettings
2023-11-25 10:43:45,195 [INFO] IPUIPlugin:80 - create IPUIPlugin
2023-11-25 10:43:45,195 [INFO] PluginManager:220 - loadIPPluginJar : add quadspi
2023-11-25 10:43:45,220 [INFO] IPUIPlugin:80 - create IPUIPlugin
2023-11-25 10:43:45,220 [INFO] PluginManager:220 - loadIPPluginJar : add resmgrutility
2023-11-25 10:43:45,307 [INFO] IPUIPlugin:80 - create IPUIPlugin
2023-11-25 10:43:45,308 [INFO] PluginManager:220 - loadIPPluginJar : add sai
2023-11-25 10:43:45,377 [INFO] IPUIPlugin:80 - create IPUIPlugin
2023-11-25 10:43:45,377 [INFO] PluginManager:220 - loadIPPluginJar : add spi
2023-11-25 10:43:45,489 [INFO] IPUIPlugin:80 - create IPUIPlugin
2023-11-25 10:43:45,489 [INFO] PluginManager:220 - loadIPPluginJar : add stm32_wpan
2023-11-25 10:43:45,536 [INFO] IPUIPlugin:80 - create IPUIPlugin
2023-11-25 10:43:45,536 [INFO] PluginManager:220 - loadIPPluginJar : add tim
2023-11-25 10:43:45,641 [INFO] IPUIPlugin:80 - create IPUIPlugin
2023-11-25 10:43:45,641 [INFO] PluginManager:220 - loadIPPluginJar : add touchsensing
2023-11-25 10:43:45,688 [INFO] IPUIPlugin:80 - create IPUIPlugin
2023-11-25 10:43:45,688 [INFO] PluginManager:220 - loadIPPluginJar : add tracer_emb
2023-11-25 10:43:45,735 [INFO] IPUIPlugin:80 - create IPUIPlugin
2023-11-25 10:43:45,735 [INFO] PluginManager:220 - loadIPPluginJar : add ts
2023-11-25 10:43:45,780 [INFO] IPUIPlugin:80 - create IPUIPlugin
2023-11-25 10:43:45,780 [INFO] PluginManager:220 - loadIPPluginJar : add tsc
2023-11-25 10:43:45,823 [INFO] IPUIPlugin:80 - create IPUIPlugin
2023-11-25 10:43:45,824 [INFO] PluginManager:220 - loadIPPluginJar : add ucpd
2023-11-25 10:43:45,901 [INFO] IPUIPlugin:80 - create IPUIPlugin
2023-11-25 10:43:45,901 [INFO] PluginManager:220 - loadIPPluginJar : add usart
2023-11-25 10:43:45,989 [INFO] IPUIPlugin:80 - create IPUIPlugin
2023-11-25 10:43:45,989 [INFO] PluginManager:220 - loadIPPluginJar : add usbx
2023-11-25 10:43:46,169 [INFO] CADModel:165 - CPN selected for project level
2023-11-25 10:43:46,169 [INFO] CADModel:114 - Register for checkConnection events
2023-11-25 10:43:46,169 [FATAL] Updater:308 - Updater called before beeing initialized
2023-11-25 10:43:46,170 [ERROR] CADModel:125 - Updater not yet initialized, retry later 
2023-11-25 10:43:46,557 [INFO] CADModel:165 - CPN selected for project level
2023-11-25 10:43:46,557 [INFO] CADModel:114 - Register for checkConnection events
2023-11-25 10:43:46,557 [FATAL] Updater:308 - Updater called before beeing initialized
2023-11-25 10:43:46,557 [ERROR] CADModel:125 - Updater not yet initialized, retry later 
2023-11-25 10:43:46,565 [FATAL] Updater:308 - Updater called before beeing initialized
2023-11-25 10:43:46,813 [FATAL] Updater:308 - Updater called before beeing initialized
2023-11-25 10:43:46,841 [INFO] DbMcusAds:53 - JSON generation date=Thu Sep 30 12:25:09 IST 2021 (1632984909247)
2023-11-25 10:43:46,842 [FATAL] Updater:308 - Updater called before beeing initialized
2023-11-25 10:43:47,016 [WARN] DetailPanel:346 - Failed to get advertising image, set to default
2023-11-25 10:43:47,200 [FATAL] Updater:308 - Updater called before beeing initialized
2023-11-25 10:43:47,204 [FATAL] Updater:308 - Updater called before beeing initialized
2023-11-25 10:43:47,204 [FATAL] Updater:308 - Updater called before beeing initialized
2023-11-25 10:43:47,205 [WARN] DetailPanel:346 - Failed to get advertising image, set to default
2023-11-25 10:43:47,206 [FATAL] Updater:308 - Updater called before beeing initialized
2023-11-25 10:43:47,324 [ERROR] Updater:1120 - MainUpdater not yet initialized. External WinMGr cannot be set.
2023-11-25 10:43:47,339 [INFO] Updater:1056 - Updater Version found : 6.9.2
2023-11-25 10:43:47,377 [INFO] ApplicationProperties:184 - Using Application install path: C:\ST\STM32CubeIDE_1.13.2\STM32CubeIDE\plugins\com.st.stm32cube.common.mx_6.9.2.202309101412
2023-11-25 10:43:47,434 [INFO] ThirdPartyUpdaterWithRetryManager:70 - Updater plugin not ready yet. [3/15]
2023-11-25 10:43:47,637 [INFO] MainUpdater:2868 - connection check result : 10
2023-11-25 10:43:47,638 [INFO] MainUpdater:285 - Updater Check For Update Now.
2023-11-25 10:43:47,639 [INFO] MicroXplorer:498 - Change Database Version : DB.6.0.92
2023-11-25 10:43:47,668 [INFO] McuFinderGlobals:63 - Set McuFinder mode to 2 (CubeIDE integrated)
2023-11-25 10:43:47,669 [INFO] UserAuth:179 - activating auth plugin
2023-11-25 10:43:47,674 [INFO] UserAuth:393 - Internet connection configuration mode: 1
2023-11-25 10:43:47,725 [INFO] JxBrowserEngine:151 - Initiate JxBrowser Engine with user profile folder
2023-11-25 10:43:47,939 [INFO] CheckServerUpdateThread:120 - End of CheckServer Thread
2023-11-25 10:43:50,851 [WARN] PackLoader:240 - Cannot read IP mode file for STMicroelectronics.X-CUBE-SMBUS.2.1.0
2023-11-25 10:43:50,962 [WARN] PackLoader:240 - Cannot read IP mode file for STMicroelectronics.X-CUBE-AZRTOS-F7.1.1.0
2023-11-25 10:43:51,006 [WARN] PackLoader:240 - Cannot read IP mode file for STMicroelectronics.FP-SNS-MOTENV1.4.3.2
2023-11-25 10:43:51,039 [WARN] PackLoader:240 - Cannot read IP mode file for STMicroelectronics.FP-SNS-FLIGHT1.5.0.2
2023-11-25 10:43:51,073 [WARN] PackLoader:240 - Cannot read IP mode file for STMicroelectronics.X-CUBE-DISPLAY.3.0.0
2023-11-25 10:43:51,115 [WARN] PackLoader:240 - Cannot read IP mode file for STMicroelectronics.X-CUBE-BLE1.7.0.0
2023-11-25 10:43:51,143 [WARN] PackLoader:240 - Cannot read IP mode file for emotas.I-CUBE-CANOPEN.1.3.0
2023-11-25 10:43:51,170 [WARN] PackLoader:240 - Cannot read IP mode file for STMicroelectronics.X-CUBE-TOUCHGFX.4.22.1
2023-11-25 10:43:51,195 [WARN] PackLoader:240 - Cannot read IP mode file for STMicroelectronics.FP-SNS-SMARTAG2.1.2.0
2023-11-25 10:43:51,239 [INFO] LogOutputStream:77 - [STDOUT_REDIRECT] 1 : Invalid condition id : UX_CORESTACK_Condition cause : null
2023-11-25 10:43:51,240 [INFO] LogOutputStream:77 - [STDOUT_REDIRECT] 1 : Invalid condition id : UX_CORESTACK_Condition cause : null
2023-11-25 10:43:51,243 [INFO] LogOutputStream:77 - [STDOUT_REDIRECT] 1 : Invalid condition id : UX_CORESTACK_Condition cause : null
2023-11-25 10:43:51,245 [INFO] LogOutputStream:77 - [STDOUT_REDIRECT] 1 : Invalid condition id : UX_CORESTACK_Condition cause : null
2023-11-25 10:43:51,248 [INFO] LogOutputStream:77 - [STDOUT_REDIRECT] 1 : Invalid condition id : UX_CORESTACK_Condition cause : null
2023-11-25 10:43:51,260 [WARN] PackLoader:240 - Cannot read IP mode file for STMicroelectronics.X-CUBE-AZRTOS-WL.2.0.0
2023-11-25 10:43:51,298 [WARN] PackLoader:240 - Cannot read IP mode file for WES.I-CUBE-Cesium.1.3.0
2023-11-25 10:43:51,331 [WARN] PackLoader:240 - Cannot read IP mode file for STMicroelectronics.X-CUBE-BLE2.3.3.0
2023-11-25 10:43:51,366 [WARN] PackLoader:240 - Cannot read IP mode file for STMicroelectronics.X-CUBE-ALGOBUILD.1.3.0
2023-11-25 10:43:51,431 [WARN] PackLoader:240 - Cannot read IP mode file for STMicroelectronics.X-CUBE-AZRTOS-G0.1.1.0
2023-11-25 10:43:51,455 [WARN] PackLoader:240 - Cannot read IP mode file for STMicroelectronics.X-CUBE-NFC4.3.0.0
2023-11-25 10:43:51,488 [WARN] PackLoader:240 - Cannot read IP mode file for STMicroelectronics.X-CUBE-BLEMGR.3.0.0
2023-11-25 10:43:51,512 [WARN] PackLoader:240 - Cannot read IP mode file for STMicroelectronics.FP-ATR-SIGFOX1.3.2.0
2023-11-25 10:43:51,751 [WARN] PackLoader:240 - Cannot read IP mode file for STMicroelectronics.X-CUBE-GNSS1.6.0.0
2023-11-25 10:43:51,883 [WARN] PackLoader:240 - Cannot read IP mode file for STMicroelectronics.X-CUBE-AZRTOS-F4.1.1.0
2023-11-25 10:43:51,915 [WARN] PackLoader:240 - Cannot read IP mode file for wolfSSL.I-CUBE-wolfSSL.5.6.3
2023-11-25 10:43:52,399 [WARN] PackLoader:240 - Cannot read IP mode file for STMicroelectronics.X-CUBE-AZRTOS-L5.2.0.0
2023-11-25 10:43:52,438 [WARN] PackLoader:240 - Cannot read IP mode file for STMicroelectronics.X-CUBE-EEPRMA1.4.2.0
2023-11-25 10:43:52,472 [WARN] PackLoader:240 - Cannot read IP mode file for ITTIA_DB.I-CUBE-ITTIADB.8.8.0
2023-11-25 10:43:52,505 [WARN] PackLoader:240 - Cannot read IP mode file for STMicroelectronics.X-CUBE-BLEMGR.2.0.0
2023-11-25 10:43:52,569 [WARN] ConditionMgr:438 - getConditionDescription Invalid condition id : UX DEVICE CLASS RTOS Condition cause : null
2023-11-25 10:43:52,570 [WARN] ConditionMgr:438 - getConditionDescription Invalid condition id : UX DEVICE CLASS RTOS Condition cause : null
2023-11-25 10:43:52,577 [WARN] PackLoader:240 - Cannot read IP mode file for STMicroelectronics.X-CUBE-AZRTOS-H7.3.1.0
2023-11-25 10:43:52,579 [WARN] ConditionMgr:1039 - genDependencies : Invalid condition id : UX DEVICE CLASS RTOS Condition cause : null
2023-11-25 10:43:52,579 [WARN] ConditionMgr:1039 - genDependencies : Invalid condition id : UX DEVICE CLASS RTOS Condition cause : null
2023-11-25 10:43:52,581 [WARN] ConditionMgr:1039 - genDependencies : Invalid condition id : UX DEVICE CLASS RTOS Condition cause : null
2023-11-25 10:43:52,582 [WARN] ConditionMgr:1039 - genDependencies : Invalid condition id : UX DEVICE CLASS RTOS Condition cause : null
2023-11-25 10:43:52,582 [WARN] ConditionMgr:1039 - genDependencies : Invalid condition id : UX DEVICE CLASS RTOS Condition cause : null
2023-11-25 10:43:52,613 [WARN] PackLoader:240 - Cannot read IP mode file for STMicroelectronics.X-CUBE-NFC7.1.0.1
2023-11-25 10:43:52,770 [WARN] PackLoader:240 - Cannot read IP mode file for STMicroelectronics.X-CUBE-NFC6.3.0.0
2023-11-25 10:43:52,818 [WARN] PackLoader:240 - Cannot read IP mode file for STMicroelectronics.X-CUBE-AI.8.1.0
2023-11-25 10:43:52,885 [WARN] ConditionMgr:438 - getConditionDescription Invalid condition id : LAN8742 Phy interface Condition cause : null
2023-11-25 10:43:52,887 [WARN] PackLoader:240 - Cannot read IP mode file for STMicroelectronics.X-CUBE-AZRTOS-L4.2.0.0
2023-11-25 10:43:52,889 [WARN] ConditionMgr:1039 - genDependencies : Invalid condition id : LAN8742 Phy interface Condition cause : null
2023-11-25 10:43:52,890 [WARN] ConditionMgr:1039 - genDependencies : Invalid condition id : LAN8742 Phy interface Condition cause : null
2023-11-25 10:43:52,892 [WARN] ConditionMgr:1039 - genDependencies : Invalid condition id : LAN8742 Phy interface Condition cause : null
2023-11-25 10:43:52,930 [WARN] PackLoader:240 - Cannot read IP mode file for STMicroelectronics.X-CUBE-SFXS2LP1.4.0.0
2023-11-25 10:43:52,959 [WARN] PackLoader:240 - Cannot read IP mode file for STMicroelectronics.X-CUBE-ISPU.1.1.0
2023-11-25 10:43:53,050 [WARN] ConditionMgr:438 - getConditionDescription Invalid condition id : UX DEVICE CLASS RTOS Condition cause : null
2023-11-25 10:43:53,050 [WARN] ConditionMgr:438 - getConditionDescription Invalid condition id : UX DEVICE CLASS RTOS Condition cause : null
2023-11-25 10:43:53,055 [WARN] PackLoader:240 - Cannot read IP mode file for STMicroelectronics.X-CUBE-AZRTOS-WB.2.0.0
2023-11-25 10:43:53,056 [WARN] ConditionMgr:1039 - genDependencies : Invalid condition id : UX DEVICE CLASS RTOS Condition cause : null
2023-11-25 10:43:53,056 [WARN] ConditionMgr:1039 - genDependencies : Invalid condition id : UX DEVICE CLASS RTOS Condition cause : null
2023-11-25 10:43:53,057 [WARN] ConditionMgr:1039 - genDependencies : Invalid condition id : UX DEVICE CLASS RTOS Condition cause : null
2023-11-25 10:43:53,058 [WARN] ConditionMgr:1039 - genDependencies : Invalid condition id : UX DEVICE CLASS RTOS Condition cause : null
2023-11-25 10:43:53,058 [WARN] ConditionMgr:1039 - genDependencies : Invalid condition id : UX DEVICE CLASS RTOS Condition cause : null
2023-11-25 10:43:53,097 [WARN] PackLoader:240 - Cannot read IP mode file for STMicroelectronics.X-CUBE-SUBG2.5.0.0
2023-11-25 10:43:53,149 [WARN] PackLoader:240 - Cannot read IP mode file for STMicroelectronics.X-CUBE-TOF1.3.3.1
2023-11-25 10:43:53,197 [INFO] WebApp:157 - Instantiating new browser for Auth
2023-11-25 10:43:53,220 [WARN] PackLoader:240 - Cannot read IP mode file for STMicroelectronics.X-CUBE-AZRTOS-G4.2.0.0
2023-11-25 10:43:53,666 [WARN] PackLoader:240 - Cannot read IP mode file for Infineon.AIROC-Wi-Fi-Bluetooth-STM32.1.5.1
2023-11-25 10:43:53,829 [WARN] PackLoader:240 - Cannot read IP mode file for STMicroelectronics.FP-SNS-MOTENVWB1.1.3.0
2023-11-25 10:43:53,986 [WARN] PackLoader:240 - Cannot read IP mode file for STMicroelectronics.X-CUBE-MEMS1.10.0.0
2023-11-25 10:43:54,307 [WARN] PackLoader:240 - Cannot read IP mode file for STMicroelectronics.X-CUBE-FREERTOS.1.1.0
2023-11-25 10:43:54,339 [WARN] PackLoader:240 - Cannot read IP mode file for portGmbH.I-Cube-SoM-uGOAL.1.1.0
2023-11-25 10:43:54,365 [WARN] PackLoader:240 - Cannot read IP mode file for STMicroelectronics.X-CUBE-ALS.1.0.1
2023-11-25 10:43:54,393 [WARN] PackLoader:240 - Cannot read IP mode file for STMicroelectronics.FP-ATR-ASTRA1.2.0.0
2023-11-25 10:43:54,396 [INFO] ThirdParty:978 - Integrity check success = true
2023-11-25 10:43:54,396 [INFO] IntegrityCheckThread:100 - exiting critical section [integrity check]
2023-11-25 10:43:54,396 [INFO] IntegrityCheckThread:103 - End integrity checks thread
2023-11-25 10:43:55,029 [INFO] WebApp:753 - Register for checkConnection events
2023-11-25 10:43:55,030 [INFO] WebApp:390 - Apply proxy settings
2023-11-25 10:43:55,030 [INFO] WebApp:475 - Chromium requires no authentication
2023-11-25 10:43:55,051 [INFO] WebApp:418 - Direct internet connection detected
2023-11-25 10:43:55,491 [INFO] WebApp:188 - Starting web application
2023-11-25 10:43:55,492 [INFO] WebApp:520 - Web application path used C:\ST\STM32CubeIDE_1.13.2\STM32CubeIDE\plugins\com.st.stm32cube.common.mx_6.9.2.202309101412\db\plugins\mcufinder\reactClient1\index.html
2023-11-25 10:44:18,673 [ERROR] LogOutputStream:75 - [STDERR_REDIRECT] SLF4J: Failed to load class "org.slf4j.impl.StaticLoggerBinder".
2023-11-25 10:44:18,674 [ERROR] LogOutputStream:75 - [STDERR_REDIRECT] SLF4J: Defaulting to no-operation (NOP) logger implementation
2023-11-25 10:44:18,677 [ERROR] LogOutputStream:75 - [STDERR_REDIRECT] SLF4J: See http://www.slf4j.org/codes.html#StaticLoggerBinder for further details.
2023-11-25 11:11:27,531 [ERROR] ConfigurationRetriever:142 - IOException on connection: Connect timed out
2023-11-25 11:11:29,536 [ERROR] ConfigurationRetriever:142 - IOException on connection: Connect timed out
2023-11-25 11:11:31,540 [ERROR] ConfigurationRetriever:142 - IOException on connection: Connect timed out
2023-11-25 13:27:45,261 [ERROR] ConfigurationRetriever:142 - IOException on connection: sw-center.st.com
2023-11-25 13:27:45,270 [ERROR] ConfigurationRetriever:142 - IOException on connection: sw-center.st.com
2023-11-25 13:27:45,271 [ERROR] ConfigurationRetriever:142 - IOException on connection: sw-center.st.com
2023-11-25 14:24:06,950 [ERROR] LogOutputStream:75 - [STDERR_REDIRECT] 
