2023-12-14 11:25:48,193 [INFO] Activator:176 - 


2023-12-14 11:25:48,201 [INFO] Activator:177 - !SESSION log4j initialized
2023-12-14 11:25:56,356 [INFO] LogOutputStream:77 - [STDOUT_REDIRECT] 
2023-12-14 11:25:58,739 [INFO] ApplicationProperties:184 - Using Application install path: C:\ST\STM32CubeIDE_1.14.0\STM32CubeIDE\plugins\com.st.stm32cube.common.mx_6.10.0.202311202037
2023-12-14 11:25:58,759 [INFO] DbMcusXml:78 - Set database path to: C:\ST\STM32CubeIDE_1.14.0\STM32CubeIDE\plugins\com.st.stm32cube.common.mx_6.10.0.202311202037\\db\/mcu/
2023-12-14 11:25:58,759 [INFO] ApiDb:274 - Set plugin database path to: C:\ST\STM32CubeIDE_1.14.0\STM32CubeIDE\plugins\com.st.stm32cube.common.mx_6.10.0.202311202037\\db\/plugins/boardmanager/
2023-12-14 11:25:58,759 [WARN] ApiDb:259 - Overriding images path with different value:  => C:\ST\STM32CubeIDE_1.14.0\STM32CubeIDE\plugins\com.st.stm32cube.common.mx_6.10.0.202311202037\\db\/plugins/mcufinder/images/
2023-12-14 11:25:58,771 [INFO] ApiDb:250 - Set database path to: C:\Users\iamna\.stmcufinder\plugins\mcufinder//mcu/
2023-12-14 11:25:58,772 [INFO] DbMcusAds:125 - Set database path to: C:\Users\iamna\.stmcufinder\plugins\mcufinder//mcu/
2023-12-14 11:25:58,773 [INFO] CrossReferenceDbSqlite:203 - Set database path to: C:\Users\iamna\.stmcufinder\plugins\mcufinder//mcu/cs/
2023-12-14 11:25:58,881 [INFO] RulesReader:64 - Compatibility file has been processed (297 Rules)
2023-12-14 11:25:58,976 [INFO] DbMcusXml:78 - Set database path to: C:\ST\STM32CubeIDE_1.14.0\STM32CubeIDE\plugins\com.st.stm32cube.common.mx_6.10.0.202311202037\\db\/mcu/
2023-12-14 11:25:58,976 [INFO] ApiDb:274 - Set plugin database path to: C:\ST\STM32CubeIDE_1.14.0\STM32CubeIDE\plugins\com.st.stm32cube.common.mx_6.10.0.202311202037\\db\/plugins/boardmanager/
2023-12-14 11:25:58,976 [INFO] ApiDb:261 - Set plugin images path to: C:\ST\STM32CubeIDE_1.14.0\STM32CubeIDE\plugins\com.st.stm32cube.common.mx_6.10.0.202311202037\\db\/plugins/mcufinder/images/
2023-12-14 11:25:58,976 [WARN] DbFile:41 - Overriding database path with different value: C:\Users\iamna\.stmcufinder\plugins\mcufinder/ => C:\Users\iamna\.stmcufinder\plugins\mcufinder
2023-12-14 11:25:58,976 [INFO] ApiDb:250 - Set database path to: C:\Users\iamna\.stmcufinder\plugins\mcufinder//mcu/
2023-12-14 11:25:58,976 [WARN] DbFile:41 - Overriding database path with different value: C:\Users\iamna\.stmcufinder\plugins\mcufinder/ => C:\Users\iamna\.stmcufinder\plugins\mcufinder
2023-12-14 11:25:58,976 [INFO] DbMcusAds:125 - Set database path to: C:\Users\iamna\.stmcufinder\plugins\mcufinder//mcu/
2023-12-14 11:25:58,976 [WARN] DbFile:41 - Overriding database path with different value: C:\Users\iamna\.stmcufinder\plugins\mcufinder/ => C:\Users\iamna\.stmcufinder\plugins\mcufinder
2023-12-14 11:25:58,976 [WARN] DbFile:41 - Overriding database path with different value: C:\Users\iamna\.stmcufinder\plugins\mcufinder/ => C:\Users\iamna\.stmcufinder\plugins\mcufinder
2023-12-14 11:25:58,976 [INFO] CrossReferenceDbSqlite:203 - Set database path to: C:\Users\iamna\.stmcufinder\plugins\mcufinder//mcu/cs/
2023-12-14 11:25:59,076 [INFO] MainPanel:264 - HeapMemory: 268435456
2023-12-14 11:25:59,182 [INFO] DbMcusXml:78 - Set database path to: C:\ST\STM32CubeIDE_1.14.0\STM32CubeIDE\plugins\com.st.stm32cube.common.mx_6.10.0.202311202037\\db\/mcu/
2023-12-14 11:25:59,183 [INFO] ApiDb:274 - Set plugin database path to: C:\ST\STM32CubeIDE_1.14.0\STM32CubeIDE\plugins\com.st.stm32cube.common.mx_6.10.0.202311202037\\db\/plugins/boardmanager/
2023-12-14 11:25:59,183 [INFO] ApiDb:261 - Set plugin images path to: C:\ST\STM32CubeIDE_1.14.0\STM32CubeIDE\plugins\com.st.stm32cube.common.mx_6.10.0.202311202037\\db\/plugins/mcufinder/images/
2023-12-14 11:25:59,183 [WARN] DbFile:41 - Overriding database path with different value: C:\Users\iamna\.stmcufinder\plugins\mcufinder/ => C:\Users\iamna\.stmcufinder\plugins\mcufinder
2023-12-14 11:25:59,183 [INFO] ApiDb:250 - Set database path to: C:\Users\iamna\.stmcufinder\plugins\mcufinder//mcu/
2023-12-14 11:25:59,184 [WARN] DbFile:41 - Overriding database path with different value: C:\Users\iamna\.stmcufinder\plugins\mcufinder/ => C:\Users\iamna\.stmcufinder\plugins\mcufinder
2023-12-14 11:25:59,184 [INFO] DbMcusAds:125 - Set database path to: C:\Users\iamna\.stmcufinder\plugins\mcufinder//mcu/
2023-12-14 11:25:59,184 [WARN] DbFile:41 - Overriding database path with different value: C:\Users\iamna\.stmcufinder\plugins\mcufinder/ => C:\Users\iamna\.stmcufinder\plugins\mcufinder
2023-12-14 11:25:59,184 [WARN] DbFile:41 - Overriding database path with different value: C:\Users\iamna\.stmcufinder\plugins\mcufinder/ => C:\Users\iamna\.stmcufinder\plugins\mcufinder
2023-12-14 11:25:59,184 [INFO] CrossReferenceDbSqlite:203 - Set database path to: C:\Users\iamna\.stmcufinder\plugins\mcufinder//mcu/cs/
2023-12-14 11:25:59,206 [INFO] ApplicationProperties:184 - Using Application install path: C:\ST\STM32CubeIDE_1.14.0\STM32CubeIDE\plugins\com.st.stm32cube.common.mx_6.10.0.202311202037
2023-12-14 11:25:59,207 [INFO] PluginManage:196 - Search for loadable plugins [exclusion list=, ]
2023-12-14 11:25:59,209 [INFO] PluginManage:310 - Check plugin analytics
2023-12-14 11:25:59,411 [INFO] AnalyticsPlugin:253 - Accepted Software Licenses: 
2023-12-14 11:25:59,412 [INFO] AnalyticsPlugin:255 - Accepted CMSIS Pack Licenses: 
2023-12-14 11:25:59,412 [INFO] AnalyticsPlugin:257 - Accepted Firmware Licenses: 
2023-12-14 11:25:59,416 [INFO] PluginManage:359 - Loaded plugin analytics (category:tool,tabindex:-1)
2023-12-14 11:25:59,416 [INFO] PluginManage:310 - Check plugin cadmodel
2023-12-14 11:25:59,439 [INFO] CADModel:105 - Init CAD model plugin
2023-12-14 11:25:59,439 [INFO] PluginManage:359 - Loaded plugin cadmodel (category:power,tabindex:5)
2023-12-14 11:25:59,439 [INFO] PluginManage:310 - Check plugin clock
2023-12-14 11:25:59,458 [INFO] PluginManage:359 - Loaded plugin clock (category:base,tabindex:2)
2023-12-14 11:25:59,458 [INFO] PluginManage:310 - Check plugin ddr
2023-12-14 11:25:59,460 [INFO] PluginManage:359 - Loaded plugin ddr (category:tool,tabindex:6)
2023-12-14 11:25:59,461 [INFO] PluginManage:310 - Check plugin filemanager
2023-12-14 11:25:59,624 [INFO] PluginManage:359 - Loaded plugin filemanager (category:base,tabindex:10)
2023-12-14 11:25:59,624 [INFO] PluginManage:310 - Check plugin ipmanager
2023-12-14 11:25:59,632 [INFO] PluginManage:359 - Loaded plugin ipmanager (category:base,tabindex:5)
2023-12-14 11:25:59,632 [INFO] PluginManage:310 - Check plugin lpbam
2023-12-14 11:25:59,648 [INFO] PluginManage:359 - Loaded plugin lpbam (category:base,tabindex:0)
2023-12-14 11:25:59,648 [INFO] PluginManage:310 - Check plugin memorymap
2023-12-14 11:25:59,663 [INFO] PluginManage:359 - Loaded plugin memorymap (category:base,tabindex:4)
2023-12-14 11:25:59,663 [INFO] PluginManage:310 - Check plugin pinoutandconfiguration
2023-12-14 11:25:59,679 [INFO] PluginManage:359 - Loaded plugin pinoutandconfiguration (category:base,tabindex:1)
2023-12-14 11:25:59,679 [INFO] PluginManage:310 - Check plugin pinoutconfig
2023-12-14 11:25:59,800 [WARN] SupportedApi:132 - Cannot load RTOS API schema: s4s-elt-must-match.1: The content of 'definitions' must match (annotation?, (simpleType | complexType)?, (unique | key | keyref)*)). A problem was found starting at: attribute.
2023-12-14 11:25:59,961 [INFO] PluginManage:359 - Loaded plugin pinoutconfig (category:base,tabindex:0)
2023-12-14 11:25:59,961 [INFO] PluginManage:310 - Check plugin power
2023-12-14 11:26:00,001 [INFO] PluginManage:359 - Loaded plugin power (category:power,tabindex:4)
2023-12-14 11:26:00,001 [INFO] PluginManage:310 - Check plugin projectmanager
2023-12-14 11:26:00,024 [INFO] PluginManage:359 - Loaded plugin projectmanager (category:projectmanager,tabindex:3)
2023-12-14 11:26:00,024 [INFO] PluginManage:310 - Check plugin thirdparty
2023-12-14 11:26:00,220 [INFO] PluginManage:359 - Loaded plugin thirdparty (category:base,tabindex:-1)
2023-12-14 11:26:00,221 [INFO] PluginManage:310 - Check plugin tools
2023-12-14 11:26:00,220 [WARN] IntegrityCheckThread:84 - waiting for thirdparty lock release [integrity check]
2023-12-14 11:26:00,221 [INFO] IntegrityCheckThread:86 - entering critical section [integrity check]
2023-12-14 11:26:00,221 [INFO] ThirdPartyUpdaterWithRetryManager:70 - Updater plugin not ready yet. [1/15]
2023-12-14 11:26:00,228 [INFO] PluginManage:359 - Loaded plugin tools (category:base,tabindex:7)
2023-12-14 11:26:00,229 [INFO] PluginManage:310 - Check plugin tutovideos
2023-12-14 11:26:00,381 [INFO] PluginManage:359 - Loaded plugin tutovideos (category:base,tabindex:-1)
2023-12-14 11:26:00,381 [INFO] PluginManage:310 - Check plugin updater
2023-12-14 11:26:00,390 [INFO] PluginManage:359 - Loaded plugin updater (category:base,tabindex:12)
2023-12-14 11:26:00,390 [INFO] PluginManage:310 - Check plugin userauth
2023-12-14 11:26:00,395 [INFO] UserAuth:114 - Init User Auth plugin
2023-12-14 11:26:00,396 [INFO] PluginManage:359 - Loaded plugin userauth (category:base,tabindex:14)
2023-12-14 11:26:00,396 [INFO] PluginManage:283 - PluginManage : Loaded plugins [17]
2023-12-14 11:26:00,677 [INFO] PinOutPanel:1499 - setPackage(No Configuration,No Configuration)
2023-12-14 11:26:00,825 [INFO] CADModel:165 - CPN selected for project level
2023-12-14 11:26:00,825 [INFO] CADModel:114 - Register for checkConnection events
2023-12-14 11:26:00,856 [INFO] IPUIPlugin:80 - create IPUIPlugin
2023-12-14 11:26:00,856 [INFO] PluginManager:220 - loadIPPluginJar : add adc
2023-12-14 11:26:00,866 [INFO] IPUIPlugin:80 - create IPUIPlugin
2023-12-14 11:26:00,866 [INFO] PluginManager:220 - loadIPPluginJar : add aes
2023-12-14 11:26:00,877 [INFO] IPUIPlugin:80 - create IPUIPlugin
2023-12-14 11:26:00,877 [INFO] PluginManager:220 - loadIPPluginJar : add can
2023-12-14 11:26:00,883 [INFO] IPUIPlugin:80 - create IPUIPlugin
2023-12-14 11:26:00,883 [INFO] PluginManager:220 - loadIPPluginJar : add comp
2023-12-14 11:26:00,889 [INFO] IPUIPlugin:80 - create IPUIPlugin
2023-12-14 11:26:00,890 [INFO] PluginManager:220 - loadIPPluginJar : add cryp
2023-12-14 11:26:00,896 [INFO] IPUIPlugin:80 - create IPUIPlugin
2023-12-14 11:26:00,896 [INFO] PluginManager:220 - loadIPPluginJar : add dfsdm
2023-12-14 11:26:00,905 [INFO] IPUIPlugin:80 - create IPUIPlugin
2023-12-14 11:26:00,906 [INFO] PluginManager:220 - loadIPPluginJar : add dma
2023-12-14 11:26:00,912 [INFO] IPUIPlugin:80 - create IPUIPlugin
2023-12-14 11:26:00,912 [INFO] PluginManager:220 - loadIPPluginJar : add dma3
2023-12-14 11:26:00,919 [INFO] IPUIPlugin:80 - create IPUIPlugin
2023-12-14 11:26:00,919 [INFO] PluginManager:220 - loadIPPluginJar : add fatfs
2023-12-14 11:26:00,927 [INFO] IPUIPlugin:80 - create IPUIPlugin
2023-12-14 11:26:00,927 [INFO] PluginManager:220 - loadIPPluginJar : add fmc
2023-12-14 11:26:00,947 [INFO] IPUIPlugin:80 - create IPUIPlugin
2023-12-14 11:26:00,947 [INFO] PluginManager:220 - loadIPPluginJar : add freertos
2023-12-14 11:26:00,955 [INFO] IPUIPlugin:80 - create IPUIPlugin
2023-12-14 11:26:00,955 [INFO] PluginManager:220 - loadIPPluginJar : add genericplugin
2023-12-14 11:26:00,964 [INFO] IPUIPlugin:80 - create IPUIPlugin
2023-12-14 11:26:00,964 [INFO] PluginManager:220 - loadIPPluginJar : add gfxmmu
2023-12-14 11:26:00,974 [INFO] IPUIPlugin:80 - create IPUIPlugin
2023-12-14 11:26:00,974 [INFO] PluginManager:220 - loadIPPluginJar : add gic
2023-12-14 11:26:00,986 [INFO] IPUIPlugin:80 - create IPUIPlugin
2023-12-14 11:26:00,986 [INFO] PluginManager:220 - loadIPPluginJar : add gpio
2023-12-14 11:26:00,994 [INFO] IPUIPlugin:80 - create IPUIPlugin
2023-12-14 11:26:00,994 [INFO] PluginManager:220 - loadIPPluginJar : add gtzc
2023-12-14 11:26:01,001 [INFO] IPUIPlugin:80 - create IPUIPlugin
2023-12-14 11:26:01,001 [INFO] PluginManager:220 - loadIPPluginJar : add hash
2023-12-14 11:26:01,009 [INFO] IPUIPlugin:80 - create IPUIPlugin
2023-12-14 11:26:01,009 [INFO] PluginManager:220 - loadIPPluginJar : add i2c
2023-12-14 11:26:01,016 [INFO] IPUIPlugin:80 - create IPUIPlugin
2023-12-14 11:26:01,017 [INFO] PluginManager:220 - loadIPPluginJar : add i2s
2023-12-14 11:26:01,024 [INFO] IPUIPlugin:80 - create IPUIPlugin
2023-12-14 11:26:01,024 [INFO] PluginManager:220 - loadIPPluginJar : add i3c
2023-12-14 11:26:01,033 [INFO] IPUIPlugin:80 - create IPUIPlugin
2023-12-14 11:26:01,033 [INFO] PluginManager:220 - loadIPPluginJar : add ipddr
2023-12-14 11:26:01,045 [INFO] IPUIPlugin:80 - create IPUIPlugin
2023-12-14 11:26:01,045 [INFO] PluginManager:220 - loadIPPluginJar : add linkedlist
2023-12-14 11:26:01,053 [INFO] IPUIPlugin:80 - create IPUIPlugin
2023-12-14 11:26:01,053 [INFO] PluginManager:220 - loadIPPluginJar : add lorawan
2023-12-14 11:26:01,060 [INFO] IPUIPlugin:80 - create IPUIPlugin
2023-12-14 11:26:01,060 [INFO] PluginManager:220 - loadIPPluginJar : add ltdc
2023-12-14 11:26:01,070 [INFO] IPUIPlugin:80 - create IPUIPlugin
2023-12-14 11:26:01,070 [INFO] PluginManager:220 - loadIPPluginJar : add mdma
2023-12-14 11:26:01,081 [INFO] IPUIPlugin:80 - create IPUIPlugin
2023-12-14 11:26:01,081 [INFO] PluginManager:220 - loadIPPluginJar : add nvic
2023-12-14 11:26:01,090 [INFO] IPUIPlugin:80 - create IPUIPlugin
2023-12-14 11:26:01,090 [INFO] PluginManager:220 - loadIPPluginJar : add opamp
2023-12-14 11:26:01,099 [INFO] IPUIPlugin:80 - create IPUIPlugin
2023-12-14 11:26:01,099 [INFO] PluginManager:220 - loadIPPluginJar : add openamp
2023-12-14 11:26:01,108 [INFO] IPUIPlugin:80 - create IPUIPlugin
2023-12-14 11:26:01,108 [INFO] PluginManager:220 - loadIPPluginJar : add pdm2pcm
2023-12-14 11:26:01,120 [INFO] IPUIPlugin:80 - create IPUIPlugin
2023-12-14 11:26:01,122 [INFO] PluginManager:220 - loadIPPluginJar : add plateformsettings
2023-12-14 11:26:01,130 [INFO] IPUIPlugin:80 - create IPUIPlugin
2023-12-14 11:26:01,130 [INFO] PluginManager:220 - loadIPPluginJar : add quadspi
2023-12-14 11:26:01,146 [INFO] IPUIPlugin:80 - create IPUIPlugin
2023-12-14 11:26:01,146 [INFO] PluginManager:220 - loadIPPluginJar : add resmgrutility
2023-12-14 11:26:01,155 [INFO] IPUIPlugin:80 - create IPUIPlugin
2023-12-14 11:26:01,155 [INFO] PluginManager:220 - loadIPPluginJar : add sai
2023-12-14 11:26:01,163 [INFO] IPUIPlugin:80 - create IPUIPlugin
2023-12-14 11:26:01,163 [INFO] PluginManager:220 - loadIPPluginJar : add spi
2023-12-14 11:26:01,174 [INFO] IPUIPlugin:80 - create IPUIPlugin
2023-12-14 11:26:01,174 [INFO] PluginManager:220 - loadIPPluginJar : add stm32_wpan
2023-12-14 11:26:01,180 [INFO] IPUIPlugin:80 - create IPUIPlugin
2023-12-14 11:26:01,181 [INFO] PluginManager:220 - loadIPPluginJar : add tim
2023-12-14 11:26:01,189 [INFO] IPUIPlugin:80 - create IPUIPlugin
2023-12-14 11:26:01,189 [INFO] PluginManager:220 - loadIPPluginJar : add touchsensing
2023-12-14 11:26:01,194 [INFO] IPUIPlugin:80 - create IPUIPlugin
2023-12-14 11:26:01,194 [INFO] PluginManager:220 - loadIPPluginJar : add tracer_emb
2023-12-14 11:26:01,201 [INFO] IPUIPlugin:80 - create IPUIPlugin
2023-12-14 11:26:01,201 [INFO] PluginManager:220 - loadIPPluginJar : add ts
2023-12-14 11:26:01,207 [INFO] IPUIPlugin:80 - create IPUIPlugin
2023-12-14 11:26:01,207 [INFO] PluginManager:220 - loadIPPluginJar : add tsc
2023-12-14 11:26:01,214 [INFO] IPUIPlugin:80 - create IPUIPlugin
2023-12-14 11:26:01,215 [INFO] PluginManager:220 - loadIPPluginJar : add ucpd
2023-12-14 11:26:01,222 [INFO] IPUIPlugin:80 - create IPUIPlugin
2023-12-14 11:26:01,222 [INFO] PluginManager:220 - loadIPPluginJar : add usart
2023-12-14 11:26:01,231 [INFO] IPUIPlugin:80 - create IPUIPlugin
2023-12-14 11:26:01,231 [INFO] PluginManager:220 - loadIPPluginJar : add usbx
2023-12-14 11:26:01,389 [INFO] CADModel:165 - CPN selected for project level
2023-12-14 11:26:01,389 [INFO] CADModel:114 - Register for checkConnection events
2023-12-14 11:26:01,390 [FATAL] Updater:308 - Updater called before beeing initialized
2023-12-14 11:26:01,390 [ERROR] CADModel:125 - Updater not yet initialized, retry later 
2023-12-14 11:26:01,604 [INFO] CADModel:165 - CPN selected for project level
2023-12-14 11:26:01,604 [INFO] CADModel:114 - Register for checkConnection events
2023-12-14 11:26:01,604 [FATAL] Updater:308 - Updater called before beeing initialized
2023-12-14 11:26:01,604 [ERROR] CADModel:125 - Updater not yet initialized, retry later 
2023-12-14 11:26:01,604 [FATAL] Updater:308 - Updater called before beeing initialized
2023-12-14 11:26:01,817 [FATAL] Updater:308 - Updater called before beeing initialized
2023-12-14 11:26:01,833 [INFO] DbMcusAds:53 - JSON generation date=Wed Nov 29 16:22:38 IST 2023 (1701255158764)
2023-12-14 11:26:01,833 [FATAL] Updater:308 - Updater called before beeing initialized
2023-12-14 11:26:02,070 [WARN] DetailPanel:346 - Failed to get advertising image, set to default
2023-12-14 11:26:02,243 [FATAL] Updater:308 - Updater called before beeing initialized
2023-12-14 11:26:02,258 [FATAL] Updater:308 - Updater called before beeing initialized
2023-12-14 11:26:02,258 [FATAL] Updater:308 - Updater called before beeing initialized
2023-12-14 11:26:02,258 [WARN] DetailPanel:346 - Failed to get advertising image, set to default
2023-12-14 11:26:02,258 [FATAL] Updater:308 - Updater called before beeing initialized
2023-12-14 11:26:02,321 [ERROR] Updater:1120 - MainUpdater not yet initialized. External WinMGr cannot be set.
2023-12-14 11:26:02,336 [INFO] Updater:1056 - Updater Version found : 6.10.0
2023-12-14 11:26:02,368 [INFO] ApplicationProperties:184 - Using Application install path: C:\ST\STM32CubeIDE_1.14.0\STM32CubeIDE\plugins\com.st.stm32cube.common.mx_6.10.0.202311202037
2023-12-14 11:26:03,230 [INFO] ThirdPartyUpdaterWithRetryManager:70 - Updater plugin not ready yet. [2/15]
2023-12-14 11:26:03,987 [ERROR] LogOutputStream:75 - [STDERR_REDIRECT] Dec 14, 2023 11:26:03 AM java.util.prefs.WindowsPreferences <init>
2023-12-14 11:26:04,003 [ERROR] LogOutputStream:75 - [STDERR_REDIRECT] WARNING: Could not open/create prefs root node Software\JavaSoft\Prefs at root 0xffffffff80000002. Windows RegCreateKeyEx(...) returned error code 5.
2023-12-14 11:26:04,003 [ERROR] LogOutputStream:75 - [STDERR_REDIRECT] 
2023-12-14 11:26:04,550 [INFO] MainUpdater:2873 - connection check result : 10
2023-12-14 11:26:04,550 [INFO] MainUpdater:3567 - Updater definition file requires update
2023-12-14 11:26:04,563 [INFO] MainUpdater:290 - Updater Check For Update Now.
2023-12-14 11:26:04,563 [INFO] MicroXplorer:498 - Change Database Version : DB.6.0.100
2023-12-14 11:26:04,579 [INFO] McuFinderGlobals:63 - Set McuFinder mode to 2 (CubeIDE integrated)
2023-12-14 11:26:04,673 [INFO] UserAuth:404 - Internet connection configuration mode: 1
2023-12-14 11:26:04,710 [INFO] JxBrowserEngine:152 - Initiate JxBrowser Engine with user profile folder
2023-12-14 11:26:04,803 [INFO] ServerAccessManage:473 - Download File updaters.zip
2023-12-14 11:26:05,355 [INFO] FileExtend:240 - Unzip File : updaters.zip
2023-12-14 11:26:05,355 [INFO] FileExtend:255 - Standard Zip Deflate
2023-12-14 11:26:06,238 [WARN] MainUpdater:1194 - Updater busy. Cannot search thirdparties
2023-12-14 11:26:06,238 [INFO] ThirdPartyUpdaterWithRetryManager:96 - Updater plugin is busy. [1/15]
2023-12-14 11:26:06,359 [INFO] ServerAccessManage:473 - Download File PacksControlFlags.xml
2023-12-14 11:26:06,706 [INFO] ServerAccessManage:473 - Download File cubemx.pidx
2023-12-14 11:26:08,056 [INFO] ServerAccessManage:473 - Download File STMicroelectronics.X-CUBE-TOUCHGFX.pdsc
2023-12-14 11:26:08,531 [INFO] WebApp:161 - Instantiating new browser for Auth
2023-12-14 11:26:09,250 [WARN] MainUpdater:1194 - Updater busy. Cannot search thirdparties
2023-12-14 11:26:09,250 [INFO] ThirdPartyUpdaterWithRetryManager:96 - Updater plugin is busy. [2/15]
2023-12-14 11:26:09,415 [INFO] WebApp:780 - Register for checkConnection events
2023-12-14 11:26:09,415 [INFO] WebApp:414 - Apply proxy settings
2023-12-14 11:26:09,415 [INFO] WebApp:499 - Chromium requires no authentication
2023-12-14 11:26:09,424 [INFO] WebApp:442 - Direct internet connection detected
2023-12-14 11:26:09,699 [INFO] WebApp:192 - Starting web application
2023-12-14 11:26:09,701 [INFO] WebApp:544 - Web application path used C:\ST\STM32CubeIDE_1.14.0\STM32CubeIDE\plugins\com.st.stm32cube.common.mx_6.10.0.202311202037\db\plugins\mcufinder\reactClient1\index.html
2023-12-14 11:26:12,253 [WARN] MainUpdater:1194 - Updater busy. Cannot search thirdparties
2023-12-14 11:26:12,253 [INFO] ThirdPartyUpdaterWithRetryManager:96 - Updater plugin is busy. [3/15]
2023-12-14 11:26:12,486 [ERROR] ServerAccessManage:1096 - Problem, Http access forbiden
2023-12-14 11:26:12,486 [ERROR] ServerAccessManage:651 - Problem, Http access forbiden : RoweBots.I-CUBE-UNISONRTOS.pdsc.
2023-12-14 11:26:13,092 [ERROR] ServerAccessManage:1172 - Problem during Server Connection :  IO error PKIX path building failed: sun.security.provider.certpath.SunCertPathBuilderException: unable to find valid certification path to requested target
2023-12-14 11:26:13,092 [ERROR] ServerAccessManage:651 - Problem during Server Connection :  : SEGGER.I-CUBE-embOS.pdsc.
2023-12-14 11:26:13,342 [WARN] PackLoader:240 - Cannot read IP mode file for STMicroelectronics.X-CUBE-TOUCHGFX.4.23.0
2023-12-14 11:26:13,350 [INFO] PopulateThirdPartyThread:66 - Ending populate Thread
2023-12-14 11:26:13,355 [INFO] ThirdParty:1030 - CMSIS Pack Vendor :STMicroelectronics X-CUBE-TOUCHGFX 4.23.0
2023-12-14 11:26:13,355 [INFO] LoadServerUpdatesThread:375 - End of LoadServerUpdate Thread
2023-12-14 11:26:13,520 [INFO] CheckServerUpdateThread:120 - End of CheckServer Thread
2023-12-14 11:26:15,570 [WARN] PackLoader:240 - Cannot read IP mode file for STMicroelectronics.X-CUBE-SMBUS.2.1.0
2023-12-14 11:26:15,570 [WARN] PackLoader:240 - Cannot read IP mode file for STMicroelectronics.X-CUBE-TOUCHGFX.4.23.0
2023-12-14 11:26:15,628 [WARN] PackLoader:240 - Cannot read IP mode file for STMicroelectronics.X-CUBE-AZRTOS-F7.1.1.0
2023-12-14 11:26:15,657 [WARN] PackLoader:240 - Cannot read IP mode file for STMicroelectronics.FP-SNS-MOTENV1.4.3.2
2023-12-14 11:26:15,681 [WARN] PackLoader:240 - Cannot read IP mode file for STMicroelectronics.FP-SNS-FLIGHT1.5.0.2
2023-12-14 11:26:15,705 [WARN] PackLoader:240 - Cannot read IP mode file for STMicroelectronics.X-CUBE-DISPLAY.3.0.0
2023-12-14 11:26:15,740 [WARN] PackLoader:240 - Cannot read IP mode file for STMicroelectronics.X-CUBE-BLE1.7.0.0
2023-12-14 11:26:15,754 [WARN] PackLoader:240 - Cannot read IP mode file for emotas.I-CUBE-CANOPEN.1.3.0
2023-12-14 11:26:15,773 [WARN] PackLoader:240 - Cannot read IP mode file for STMicroelectronics.X-CUBE-TOUCHGFX.4.22.1
2023-12-14 11:26:15,790 [WARN] PackLoader:240 - Cannot read IP mode file for STMicroelectronics.FP-SNS-SMARTAG2.1.2.0
2023-12-14 11:26:15,809 [INFO] LogOutputStream:77 - [STDOUT_REDIRECT] 1 : Invalid condition id : UX_CORESTACK_Condition cause : null
2023-12-14 11:26:15,823 [INFO] LogOutputStream:77 - [STDOUT_REDIRECT] 1 : Invalid condition id : UX_CORESTACK_Condition cause : null
2023-12-14 11:26:15,824 [INFO] LogOutputStream:77 - [STDOUT_REDIRECT] 1 : Invalid condition id : UX_CORESTACK_Condition cause : null
2023-12-14 11:26:15,824 [INFO] LogOutputStream:77 - [STDOUT_REDIRECT] 1 : Invalid condition id : UX_CORESTACK_Condition cause : null
2023-12-14 11:26:15,824 [INFO] LogOutputStream:77 - [STDOUT_REDIRECT] 1 : Invalid condition id : UX_CORESTACK_Condition cause : null
2023-12-14 11:26:15,841 [WARN] PackLoader:240 - Cannot read IP mode file for STMicroelectronics.X-CUBE-AZRTOS-WL.2.0.0
2023-12-14 11:26:15,880 [WARN] PackLoader:240 - Cannot read IP mode file for WES.I-CUBE-Cesium.1.3.0
2023-12-14 11:26:15,890 [WARN] PackLoader:240 - Cannot read IP mode file for STMicroelectronics.X-CUBE-BLE2.3.3.0
2023-12-14 11:26:15,903 [WARN] PackLoader:240 - Cannot read IP mode file for STMicroelectronics.X-CUBE-ALGOBUILD.1.3.0
2023-12-14 11:26:15,929 [WARN] PackLoader:240 - Cannot read IP mode file for STMicroelectronics.X-CUBE-AZRTOS-G0.1.1.0
2023-12-14 11:26:15,955 [WARN] PackLoader:240 - Cannot read IP mode file for STMicroelectronics.X-CUBE-NFC4.3.0.0
2023-12-14 11:26:15,989 [WARN] PackLoader:240 - Cannot read IP mode file for STMicroelectronics.X-CUBE-BLEMGR.3.0.0
2023-12-14 11:26:16,002 [WARN] PackLoader:240 - Cannot read IP mode file for STMicroelectronics.FP-ATR-SIGFOX1.3.2.0
2023-12-14 11:26:16,021 [WARN] PackLoader:240 - Cannot read IP mode file for STMicroelectronics.X-CUBE-GNSS1.6.0.0
2023-12-14 11:26:16,038 [WARN] PackLoader:240 - Cannot read IP mode file for STMicroelectronics.X-CUBE-AZRTOS-F4.1.1.0
2023-12-14 11:26:16,060 [WARN] PackLoader:240 - Cannot read IP mode file for wolfSSL.I-CUBE-wolfSSL.5.6.4
2023-12-14 11:26:16,089 [WARN] PackLoader:240 - Cannot read IP mode file for STMicroelectronics.X-CUBE-AZRTOS-L5.2.0.0
2023-12-14 11:26:16,124 [WARN] PackLoader:240 - Cannot read IP mode file for STMicroelectronics.X-CUBE-EEPRMA1.4.2.0
2023-12-14 11:26:16,138 [WARN] PackLoader:240 - Cannot read IP mode file for ITTIA_DB.I-CUBE-ITTIADB.8.8.0
2023-12-14 11:26:16,178 [WARN] ConditionMgr:438 - getConditionDescription Invalid condition id : UX DEVICE CLASS RTOS Condition cause : null
2023-12-14 11:26:16,178 [WARN] ConditionMgr:438 - getConditionDescription Invalid condition id : UX DEVICE CLASS RTOS Condition cause : null
2023-12-14 11:26:16,182 [WARN] PackLoader:240 - Cannot read IP mode file for STMicroelectronics.X-CUBE-AZRTOS-H7.3.1.0
2023-12-14 11:26:16,183 [WARN] ConditionMgr:1039 - genDependencies : Invalid condition id : UX DEVICE CLASS RTOS Condition cause : null
2023-12-14 11:26:16,183 [WARN] ConditionMgr:1039 - genDependencies : Invalid condition id : UX DEVICE CLASS RTOS Condition cause : null
2023-12-14 11:26:16,183 [WARN] ConditionMgr:1039 - genDependencies : Invalid condition id : UX DEVICE CLASS RTOS Condition cause : null
2023-12-14 11:26:16,184 [WARN] ConditionMgr:1039 - genDependencies : Invalid condition id : UX DEVICE CLASS RTOS Condition cause : null
2023-12-14 11:26:16,184 [WARN] ConditionMgr:1039 - genDependencies : Invalid condition id : UX DEVICE CLASS RTOS Condition cause : null
2023-12-14 11:26:16,198 [WARN] PackLoader:240 - Cannot read IP mode file for STMicroelectronics.X-CUBE-NFC7.1.0.1
2023-12-14 11:26:16,202 [WARN] PackLoader:240 - Cannot read IP mode file for STMicroelectronics.X-CUBE-NFC6.3.0.0
2023-12-14 11:26:16,223 [WARN] PackLoader:240 - Cannot read IP mode file for STMicroelectronics.X-CUBE-AI.8.1.0
2023-12-14 11:26:16,258 [WARN] ConditionMgr:438 - getConditionDescription Invalid condition id : LAN8742 Phy interface Condition cause : null
2023-12-14 11:26:16,258 [WARN] PackLoader:240 - Cannot read IP mode file for STMicroelectronics.X-CUBE-AZRTOS-L4.2.0.0
2023-12-14 11:26:16,258 [WARN] ConditionMgr:1039 - genDependencies : Invalid condition id : LAN8742 Phy interface Condition cause : null
2023-12-14 11:26:16,258 [WARN] ConditionMgr:1039 - genDependencies : Invalid condition id : LAN8742 Phy interface Condition cause : null
2023-12-14 11:26:16,271 [WARN] ConditionMgr:1039 - genDependencies : Invalid condition id : LAN8742 Phy interface Condition cause : null
2023-12-14 11:26:16,281 [WARN] PackLoader:240 - Cannot read IP mode file for STMicroelectronics.X-CUBE-SFXS2LP1.4.0.0
2023-12-14 11:26:16,291 [WARN] PackLoader:240 - Cannot read IP mode file for STMicroelectronics.X-CUBE-ISPU.1.1.0
2023-12-14 11:26:16,323 [WARN] ConditionMgr:438 - getConditionDescription Invalid condition id : UX DEVICE CLASS RTOS Condition cause : null
2023-12-14 11:26:16,323 [WARN] ConditionMgr:438 - getConditionDescription Invalid condition id : UX DEVICE CLASS RTOS Condition cause : null
2023-12-14 11:26:16,325 [WARN] PackLoader:240 - Cannot read IP mode file for STMicroelectronics.X-CUBE-AZRTOS-WB.2.0.0
2023-12-14 11:26:16,326 [WARN] ConditionMgr:1039 - genDependencies : Invalid condition id : UX DEVICE CLASS RTOS Condition cause : null
2023-12-14 11:26:16,326 [WARN] ConditionMgr:1039 - genDependencies : Invalid condition id : UX DEVICE CLASS RTOS Condition cause : null
2023-12-14 11:26:16,326 [WARN] ConditionMgr:1039 - genDependencies : Invalid condition id : UX DEVICE CLASS RTOS Condition cause : null
2023-12-14 11:26:16,327 [WARN] ConditionMgr:1039 - genDependencies : Invalid condition id : UX DEVICE CLASS RTOS Condition cause : null
2023-12-14 11:26:16,327 [WARN] ConditionMgr:1039 - genDependencies : Invalid condition id : UX DEVICE CLASS RTOS Condition cause : null
2023-12-14 11:26:16,346 [WARN] PackLoader:240 - Cannot read IP mode file for STMicroelectronics.X-CUBE-SUBG2.5.0.0
2023-12-14 11:26:16,371 [WARN] PackLoader:240 - Cannot read IP mode file for STMicroelectronics.X-CUBE-AZRTOS-G4.2.0.0
2023-12-14 11:26:16,409 [WARN] PackLoader:240 - Cannot read IP mode file for Infineon.AIROC-Wi-Fi-Bluetooth-STM32.1.5.1
2023-12-14 11:26:16,431 [WARN] PackLoader:240 - Cannot read IP mode file for STMicroelectronics.FP-SNS-MOTENVWB1.1.3.0
2023-12-14 11:26:16,443 [WARN] PackLoader:240 - Cannot read IP mode file for STMicroelectronics.FP-SNS-MOTENVWB1.1.3.1
2023-12-14 11:26:16,454 [WARN] PackLoader:240 - Cannot read IP mode file for STMicroelectronics.X-CUBE-ISPU.2.0.0
2023-12-14 11:26:16,531 [WARN] PackLoader:240 - Cannot read IP mode file for STMicroelectronics.X-CUBE-MEMS1.10.0.0
2023-12-14 11:26:16,726 [WARN] PackLoader:240 - Cannot read IP mode file for STMicroelectronics.X-CUBE-FREERTOS.1.1.0
2023-12-14 11:26:16,737 [WARN] PackLoader:240 - Cannot read IP mode file for portGmbH.I-Cube-SoM-uGOAL.1.1.0
2023-12-14 11:26:16,754 [WARN] PackLoader:240 - Cannot read IP mode file for STMicroelectronics.X-CUBE-ALS.1.0.1
2023-12-14 11:26:16,763 [WARN] PackLoader:240 - Cannot read IP mode file for STMicroelectronics.FP-ATR-ASTRA1.2.0.0
2023-12-14 11:26:16,788 [WARN] PackLoader:240 - Cannot read IP mode file for STMicroelectronics.X-CUBE-TOF1.3.4.0
2023-12-14 11:26:16,829 [WARN] PackLoader:240 - Cannot read IP mode file for STMicroelectronics.X-CUBE-AZRTOS-H7.3.2.0
2023-12-14 11:26:16,836 [INFO] ThirdParty:978 - Integrity check success = true
2023-12-14 11:26:16,836 [INFO] IntegrityCheckThread:100 - exiting critical section [integrity check]
2023-12-14 11:26:16,836 [INFO] IntegrityCheckThread:103 - End integrity checks thread
2023-12-14 11:26:31,124 [ERROR] LogOutputStream:75 - [STDERR_REDIRECT] SLF4J: Failed to load class "org.slf4j.impl.StaticLoggerBinder".
2023-12-14 11:26:31,125 [ERROR] LogOutputStream:75 - [STDERR_REDIRECT] SLF4J: Defaulting to no-operation (NOP) logger implementation
2023-12-14 11:26:31,127 [ERROR] LogOutputStream:75 - [STDERR_REDIRECT] SLF4J: See http://www.slf4j.org/codes.html#StaticLoggerBinder for further details.
