2023-11-20 20:30:42,994 [INFO] Activator:176 - 


2023-11-20 20:30:43,004 [INFO] Activator:177 - !SESSION log4j initialized
2023-11-20 20:30:54,335 [INFO] LogOutputStream:77 - [STDOUT_REDIRECT] 
2023-11-20 20:31:05,574 [INFO] ApplicationProperties:184 - Using Application install path: C:\ST\STM32CubeIDE_1.13.2\STM32CubeIDE\plugins\com.st.stm32cube.common.mx_6.9.2.202309101412
2023-11-20 20:31:05,635 [INFO] DbMcusXml:78 - Set database path to: C:\ST\STM32CubeIDE_1.13.2\STM32CubeIDE\plugins\com.st.stm32cube.common.mx_6.9.2.202309101412\\db\/mcu/
2023-11-20 20:31:05,635 [INFO] ApiDb:274 - Set plugin database path to: C:\ST\STM32CubeIDE_1.13.2\STM32CubeIDE\plugins\com.st.stm32cube.common.mx_6.9.2.202309101412\\db\/plugins/boardmanager/
2023-11-20 20:31:05,637 [WARN] ApiDb:259 - Overriding images path with different value:  => C:\ST\STM32CubeIDE_1.13.2\STM32CubeIDE\plugins\com.st.stm32cube.common.mx_6.9.2.202309101412\\db\/plugins/mcufinder/images/
2023-11-20 20:31:05,671 [INFO] ApiDb:250 - Set database path to: C:\Users\Administrator\.stmcufinder\plugins\mcufinder//mcu/
2023-11-20 20:31:05,674 [INFO] DbMcusAds:125 - Set database path to: C:\Users\Administrator\.stmcufinder\plugins\mcufinder//mcu/
2023-11-20 20:31:05,744 [INFO] CrossReferenceDbSqlite:203 - Set database path to: C:\Users\Administrator\.stmcufinder\plugins\mcufinder//mcu/cs/
2023-11-20 20:31:06,034 [INFO] RulesReader:64 - Compatibility file has been processed (293 Rules)
2023-11-20 20:31:06,265 [INFO] DbMcusXml:78 - Set database path to: C:\ST\STM32CubeIDE_1.13.2\STM32CubeIDE\plugins\com.st.stm32cube.common.mx_6.9.2.202309101412\\db\/mcu/
2023-11-20 20:31:06,265 [INFO] ApiDb:274 - Set plugin database path to: C:\ST\STM32CubeIDE_1.13.2\STM32CubeIDE\plugins\com.st.stm32cube.common.mx_6.9.2.202309101412\\db\/plugins/boardmanager/
2023-11-20 20:31:06,266 [INFO] ApiDb:261 - Set plugin images path to: C:\ST\STM32CubeIDE_1.13.2\STM32CubeIDE\plugins\com.st.stm32cube.common.mx_6.9.2.202309101412\\db\/plugins/mcufinder/images/
2023-11-20 20:31:06,267 [WARN] DbFile:41 - Overriding database path with different value: C:\Users\Administrator\.stmcufinder\plugins\mcufinder/ => C:\Users\Administrator\.stmcufinder\plugins\mcufinder
2023-11-20 20:31:06,267 [INFO] ApiDb:250 - Set database path to: C:\Users\Administrator\.stmcufinder\plugins\mcufinder//mcu/
2023-11-20 20:31:06,268 [WARN] DbFile:41 - Overriding database path with different value: C:\Users\Administrator\.stmcufinder\plugins\mcufinder/ => C:\Users\Administrator\.stmcufinder\plugins\mcufinder
2023-11-20 20:31:06,268 [INFO] DbMcusAds:125 - Set database path to: C:\Users\Administrator\.stmcufinder\plugins\mcufinder//mcu/
2023-11-20 20:31:06,269 [WARN] DbFile:41 - Overriding database path with different value: C:\Users\Administrator\.stmcufinder\plugins\mcufinder/ => C:\Users\Administrator\.stmcufinder\plugins\mcufinder
2023-11-20 20:31:06,270 [WARN] DbFile:41 - Overriding database path with different value: C:\Users\Administrator\.stmcufinder\plugins\mcufinder/ => C:\Users\Administrator\.stmcufinder\plugins\mcufinder
2023-11-20 20:31:06,271 [INFO] CrossReferenceDbSqlite:203 - Set database path to: C:\Users\Administrator\.stmcufinder\plugins\mcufinder//mcu/cs/
2023-11-20 20:31:06,493 [INFO] MainPanel:262 - HeapMemory: 268435456
2023-11-20 20:31:06,768 [INFO] DbMcusXml:78 - Set database path to: C:\ST\STM32CubeIDE_1.13.2\STM32CubeIDE\plugins\com.st.stm32cube.common.mx_6.9.2.202309101412\\db\/mcu/
2023-11-20 20:31:06,769 [INFO] ApiDb:274 - Set plugin database path to: C:\ST\STM32CubeIDE_1.13.2\STM32CubeIDE\plugins\com.st.stm32cube.common.mx_6.9.2.202309101412\\db\/plugins/boardmanager/
2023-11-20 20:31:06,769 [INFO] ApiDb:261 - Set plugin images path to: C:\ST\STM32CubeIDE_1.13.2\STM32CubeIDE\plugins\com.st.stm32cube.common.mx_6.9.2.202309101412\\db\/plugins/mcufinder/images/
2023-11-20 20:31:06,770 [WARN] DbFile:41 - Overriding database path with different value: C:\Users\Administrator\.stmcufinder\plugins\mcufinder/ => C:\Users\Administrator\.stmcufinder\plugins\mcufinder
2023-11-20 20:31:06,770 [INFO] ApiDb:250 - Set database path to: C:\Users\Administrator\.stmcufinder\plugins\mcufinder//mcu/
2023-11-20 20:31:06,771 [WARN] DbFile:41 - Overriding database path with different value: C:\Users\Administrator\.stmcufinder\plugins\mcufinder/ => C:\Users\Administrator\.stmcufinder\plugins\mcufinder
2023-11-20 20:31:06,771 [INFO] DbMcusAds:125 - Set database path to: C:\Users\Administrator\.stmcufinder\plugins\mcufinder//mcu/
2023-11-20 20:31:06,772 [WARN] DbFile:41 - Overriding database path with different value: C:\Users\Administrator\.stmcufinder\plugins\mcufinder/ => C:\Users\Administrator\.stmcufinder\plugins\mcufinder
2023-11-20 20:31:06,774 [WARN] DbFile:41 - Overriding database path with different value: C:\Users\Administrator\.stmcufinder\plugins\mcufinder/ => C:\Users\Administrator\.stmcufinder\plugins\mcufinder
2023-11-20 20:31:06,775 [INFO] CrossReferenceDbSqlite:203 - Set database path to: C:\Users\Administrator\.stmcufinder\plugins\mcufinder//mcu/cs/
2023-11-20 20:31:06,825 [INFO] ApplicationProperties:184 - Using Application install path: C:\ST\STM32CubeIDE_1.13.2\STM32CubeIDE\plugins\com.st.stm32cube.common.mx_6.9.2.202309101412
2023-11-20 20:31:06,829 [INFO] PluginManage:196 - Search for loadable plugins [exclusion list=, ]
2023-11-20 20:31:06,833 [INFO] PluginManage:310 - Check plugin analytics
2023-11-20 20:31:16,880 [INFO] AnalyticsPlugin:253 - Accepted Software Licenses: 
2023-11-20 20:31:16,880 [INFO] AnalyticsPlugin:255 - Accepted CMSIS Pack Licenses: 
2023-11-20 20:31:16,881 [INFO] AnalyticsPlugin:257 - Accepted Firmware Licenses: 
2023-11-20 20:31:16,886 [INFO] PluginManage:359 - Loaded plugin analytics (category:tool,tabindex:-1)
2023-11-20 20:31:16,888 [INFO] PluginManage:310 - Check plugin cadmodel
2023-11-20 20:31:16,901 [INFO] CADModel:105 - Init CAD model plugin
2023-11-20 20:31:16,901 [INFO] PluginManage:359 - Loaded plugin cadmodel (category:power,tabindex:5)
2023-11-20 20:31:16,901 [INFO] PluginManage:310 - Check plugin clock
2023-11-20 20:31:16,926 [INFO] PluginManage:359 - Loaded plugin clock (category:base,tabindex:2)
2023-11-20 20:31:16,926 [INFO] PluginManage:310 - Check plugin ddr
2023-11-20 20:31:16,933 [INFO] PluginManage:359 - Loaded plugin ddr (category:tool,tabindex:6)
2023-11-20 20:31:16,933 [INFO] PluginManage:310 - Check plugin filemanager
2023-11-20 20:31:17,193 [INFO] PluginManage:359 - Loaded plugin filemanager (category:base,tabindex:10)
2023-11-20 20:31:17,194 [INFO] PluginManage:310 - Check plugin ipmanager
2023-11-20 20:31:17,209 [INFO] PluginManage:359 - Loaded plugin ipmanager (category:base,tabindex:5)
2023-11-20 20:31:17,209 [INFO] PluginManage:310 - Check plugin lpbam
2023-11-20 20:31:17,228 [INFO] PluginManage:359 - Loaded plugin lpbam (category:base,tabindex:0)
2023-11-20 20:31:17,229 [INFO] PluginManage:310 - Check plugin memorymap
2023-11-20 20:31:17,254 [INFO] PluginManage:359 - Loaded plugin memorymap (category:base,tabindex:4)
2023-11-20 20:31:17,254 [INFO] PluginManage:310 - Check plugin pinoutandconfiguration
2023-11-20 20:31:17,270 [INFO] PluginManage:359 - Loaded plugin pinoutandconfiguration (category:base,tabindex:1)
2023-11-20 20:31:17,271 [INFO] PluginManage:310 - Check plugin pinoutconfig
2023-11-20 20:31:17,448 [WARN] SupportedApi:132 - Cannot load RTOS API schema: s4s-elt-must-match.1: The content of 'definitions' must match (annotation?, (simpleType | complexType)?, (unique | key | keyref)*)). A problem was found starting at: attribute.
2023-11-20 20:31:17,714 [INFO] PluginManage:359 - Loaded plugin pinoutconfig (category:base,tabindex:0)
2023-11-20 20:31:17,715 [INFO] PluginManage:310 - Check plugin power
2023-11-20 20:31:17,743 [INFO] PluginManage:359 - Loaded plugin power (category:power,tabindex:4)
2023-11-20 20:31:17,743 [INFO] PluginManage:310 - Check plugin projectmanager
2023-11-20 20:31:17,771 [INFO] PluginManage:359 - Loaded plugin projectmanager (category:projectmanager,tabindex:3)
2023-11-20 20:31:17,772 [INFO] PluginManage:310 - Check plugin thirdparty
2023-11-20 20:31:18,066 [WARN] IntegrityCheckThread:84 - waiting for thirdparty lock release [integrity check]
2023-11-20 20:31:18,067 [INFO] PluginManage:359 - Loaded plugin thirdparty (category:base,tabindex:-1)
2023-11-20 20:31:18,067 [INFO] IntegrityCheckThread:86 - entering critical section [integrity check]
2023-11-20 20:31:18,068 [INFO] PluginManage:310 - Check plugin tools
2023-11-20 20:31:18,068 [INFO] ThirdPartyUpdaterWithRetryManager:70 - Updater plugin not ready yet. [1/15]
2023-11-20 20:31:18,073 [INFO] PluginManage:359 - Loaded plugin tools (category:base,tabindex:7)
2023-11-20 20:31:18,073 [INFO] PluginManage:310 - Check plugin tutovideos
2023-11-20 20:31:18,477 [INFO] PluginManage:359 - Loaded plugin tutovideos (category:base,tabindex:-1)
2023-11-20 20:31:18,478 [INFO] PluginManage:310 - Check plugin updater
2023-11-20 20:31:18,499 [INFO] PluginManage:359 - Loaded plugin updater (category:base,tabindex:12)
2023-11-20 20:31:18,500 [INFO] PluginManage:310 - Check plugin userauth
2023-11-20 20:31:18,508 [INFO] UserAuth:113 - Init User Auth plugin
2023-11-20 20:31:18,509 [INFO] PluginManage:359 - Loaded plugin userauth (category:base,tabindex:14)
2023-11-20 20:31:18,509 [INFO] PluginManage:283 - PluginManage : Loaded plugins [17]
2023-11-20 20:31:18,937 [INFO] PinOutPanel:1499 - setPackage(No Configuration,No Configuration)
2023-11-20 20:31:19,157 [INFO] CADModel:165 - CPN selected for project level
2023-11-20 20:31:19,157 [INFO] CADModel:114 - Register for checkConnection events
2023-11-20 20:31:19,203 [INFO] IPUIPlugin:80 - create IPUIPlugin
2023-11-20 20:31:19,204 [INFO] PluginManager:220 - loadIPPluginJar : add adc
2023-11-20 20:31:19,216 [INFO] IPUIPlugin:80 - create IPUIPlugin
2023-11-20 20:31:19,216 [INFO] PluginManager:220 - loadIPPluginJar : add aes
2023-11-20 20:31:19,263 [INFO] IPUIPlugin:80 - create IPUIPlugin
2023-11-20 20:31:19,263 [INFO] PluginManager:220 - loadIPPluginJar : add can
2023-11-20 20:31:19,267 [INFO] IPUIPlugin:80 - create IPUIPlugin
2023-11-20 20:31:19,267 [INFO] PluginManager:220 - loadIPPluginJar : add comp
2023-11-20 20:31:19,273 [INFO] IPUIPlugin:80 - create IPUIPlugin
2023-11-20 20:31:19,273 [INFO] PluginManager:220 - loadIPPluginJar : add cryp
2023-11-20 20:31:19,278 [INFO] IPUIPlugin:80 - create IPUIPlugin
2023-11-20 20:31:19,278 [INFO] PluginManager:220 - loadIPPluginJar : add dfsdm
2023-11-20 20:31:19,289 [INFO] IPUIPlugin:80 - create IPUIPlugin
2023-11-20 20:31:19,290 [INFO] PluginManager:220 - loadIPPluginJar : add dma
2023-11-20 20:31:19,296 [INFO] IPUIPlugin:80 - create IPUIPlugin
2023-11-20 20:31:19,296 [INFO] PluginManager:220 - loadIPPluginJar : add dma3
2023-11-20 20:31:19,300 [INFO] IPUIPlugin:80 - create IPUIPlugin
2023-11-20 20:31:19,300 [INFO] PluginManager:220 - loadIPPluginJar : add fatfs
2023-11-20 20:31:19,309 [INFO] IPUIPlugin:80 - create IPUIPlugin
2023-11-20 20:31:19,310 [INFO] PluginManager:220 - loadIPPluginJar : add fmc
2023-11-20 20:31:19,321 [INFO] IPUIPlugin:80 - create IPUIPlugin
2023-11-20 20:31:19,321 [INFO] PluginManager:220 - loadIPPluginJar : add freertos
2023-11-20 20:31:19,325 [INFO] IPUIPlugin:80 - create IPUIPlugin
2023-11-20 20:31:19,325 [INFO] PluginManager:220 - loadIPPluginJar : add genericplugin
2023-11-20 20:31:19,331 [INFO] IPUIPlugin:80 - create IPUIPlugin
2023-11-20 20:31:19,331 [INFO] PluginManager:220 - loadIPPluginJar : add gfxmmu
2023-11-20 20:31:19,342 [INFO] IPUIPlugin:80 - create IPUIPlugin
2023-11-20 20:31:19,342 [INFO] PluginManager:220 - loadIPPluginJar : add gic
2023-11-20 20:31:19,350 [INFO] IPUIPlugin:80 - create IPUIPlugin
2023-11-20 20:31:19,351 [INFO] PluginManager:220 - loadIPPluginJar : add gpio
2023-11-20 20:31:19,358 [INFO] IPUIPlugin:80 - create IPUIPlugin
2023-11-20 20:31:19,358 [INFO] PluginManager:220 - loadIPPluginJar : add gtzc
2023-11-20 20:31:19,363 [INFO] IPUIPlugin:80 - create IPUIPlugin
2023-11-20 20:31:19,364 [INFO] PluginManager:220 - loadIPPluginJar : add hash
2023-11-20 20:31:19,370 [INFO] IPUIPlugin:80 - create IPUIPlugin
2023-11-20 20:31:19,371 [INFO] PluginManager:220 - loadIPPluginJar : add i2c
2023-11-20 20:31:19,377 [INFO] IPUIPlugin:80 - create IPUIPlugin
2023-11-20 20:31:19,377 [INFO] PluginManager:220 - loadIPPluginJar : add i2s
2023-11-20 20:31:19,384 [INFO] IPUIPlugin:80 - create IPUIPlugin
2023-11-20 20:31:19,384 [INFO] PluginManager:220 - loadIPPluginJar : add i3c
2023-11-20 20:31:19,391 [INFO] IPUIPlugin:80 - create IPUIPlugin
2023-11-20 20:31:19,391 [INFO] PluginManager:220 - loadIPPluginJar : add ipddr
2023-11-20 20:31:19,406 [INFO] IPUIPlugin:80 - create IPUIPlugin
2023-11-20 20:31:19,406 [INFO] PluginManager:220 - loadIPPluginJar : add linkedlist
2023-11-20 20:31:19,412 [INFO] IPUIPlugin:80 - create IPUIPlugin
2023-11-20 20:31:19,412 [INFO] PluginManager:220 - loadIPPluginJar : add lorawan
2023-11-20 20:31:19,417 [INFO] IPUIPlugin:80 - create IPUIPlugin
2023-11-20 20:31:19,417 [INFO] PluginManager:220 - loadIPPluginJar : add ltdc
2023-11-20 20:31:19,434 [INFO] IPUIPlugin:80 - create IPUIPlugin
2023-11-20 20:31:19,436 [INFO] PluginManager:220 - loadIPPluginJar : add mdma
2023-11-20 20:31:19,444 [INFO] IPUIPlugin:80 - create IPUIPlugin
2023-11-20 20:31:19,445 [INFO] PluginManager:220 - loadIPPluginJar : add nvic
2023-11-20 20:31:19,451 [INFO] IPUIPlugin:80 - create IPUIPlugin
2023-11-20 20:31:19,452 [INFO] PluginManager:220 - loadIPPluginJar : add opamp
2023-11-20 20:31:19,458 [INFO] IPUIPlugin:80 - create IPUIPlugin
2023-11-20 20:31:19,458 [INFO] PluginManager:220 - loadIPPluginJar : add openamp
2023-11-20 20:31:19,465 [INFO] IPUIPlugin:80 - create IPUIPlugin
2023-11-20 20:31:19,465 [INFO] PluginManager:220 - loadIPPluginJar : add pdm2pcm
2023-11-20 20:31:19,479 [INFO] IPUIPlugin:80 - create IPUIPlugin
2023-11-20 20:31:19,484 [INFO] PluginManager:220 - loadIPPluginJar : add plateformsettings
2023-11-20 20:31:19,489 [INFO] IPUIPlugin:80 - create IPUIPlugin
2023-11-20 20:31:19,489 [INFO] PluginManager:220 - loadIPPluginJar : add quadspi
2023-11-20 20:31:19,499 [INFO] IPUIPlugin:80 - create IPUIPlugin
2023-11-20 20:31:19,500 [INFO] PluginManager:220 - loadIPPluginJar : add resmgrutility
2023-11-20 20:31:19,507 [INFO] IPUIPlugin:80 - create IPUIPlugin
2023-11-20 20:31:19,508 [INFO] PluginManager:220 - loadIPPluginJar : add sai
2023-11-20 20:31:19,514 [INFO] IPUIPlugin:80 - create IPUIPlugin
2023-11-20 20:31:19,514 [INFO] PluginManager:220 - loadIPPluginJar : add spi
2023-11-20 20:31:19,526 [INFO] IPUIPlugin:80 - create IPUIPlugin
2023-11-20 20:31:19,526 [INFO] PluginManager:220 - loadIPPluginJar : add stm32_wpan
2023-11-20 20:31:19,531 [INFO] IPUIPlugin:80 - create IPUIPlugin
2023-11-20 20:31:19,532 [INFO] PluginManager:220 - loadIPPluginJar : add tim
2023-11-20 20:31:19,542 [INFO] IPUIPlugin:80 - create IPUIPlugin
2023-11-20 20:31:19,543 [INFO] PluginManager:220 - loadIPPluginJar : add touchsensing
2023-11-20 20:31:19,548 [INFO] IPUIPlugin:80 - create IPUIPlugin
2023-11-20 20:31:19,548 [INFO] PluginManager:220 - loadIPPluginJar : add tracer_emb
2023-11-20 20:31:19,553 [INFO] IPUIPlugin:80 - create IPUIPlugin
2023-11-20 20:31:19,554 [INFO] PluginManager:220 - loadIPPluginJar : add ts
2023-11-20 20:31:19,559 [INFO] IPUIPlugin:80 - create IPUIPlugin
2023-11-20 20:31:19,559 [INFO] PluginManager:220 - loadIPPluginJar : add tsc
2023-11-20 20:31:19,564 [INFO] IPUIPlugin:80 - create IPUIPlugin
2023-11-20 20:31:19,565 [INFO] PluginManager:220 - loadIPPluginJar : add ucpd
2023-11-20 20:31:19,573 [INFO] IPUIPlugin:80 - create IPUIPlugin
2023-11-20 20:31:19,573 [INFO] PluginManager:220 - loadIPPluginJar : add usart
2023-11-20 20:31:19,581 [INFO] IPUIPlugin:80 - create IPUIPlugin
2023-11-20 20:31:19,581 [INFO] PluginManager:220 - loadIPPluginJar : add usbx
2023-11-20 20:31:19,778 [INFO] CADModel:165 - CPN selected for project level
2023-11-20 20:31:19,779 [INFO] CADModel:114 - Register for checkConnection events
2023-11-20 20:31:19,779 [FATAL] Updater:308 - Updater called before beeing initialized
2023-11-20 20:31:19,779 [ERROR] CADModel:125 - Updater not yet initialized, retry later 
2023-11-20 20:31:20,070 [INFO] CADModel:165 - CPN selected for project level
2023-11-20 20:31:20,071 [INFO] CADModel:114 - Register for checkConnection events
2023-11-20 20:31:20,071 [FATAL] Updater:308 - Updater called before beeing initialized
2023-11-20 20:31:20,071 [ERROR] CADModel:125 - Updater not yet initialized, retry later 
2023-11-20 20:31:20,077 [FATAL] Updater:308 - Updater called before beeing initialized
2023-11-20 20:31:20,309 [FATAL] Updater:308 - Updater called before beeing initialized
2023-11-20 20:31:20,334 [INFO] DbMcusAds:53 - JSON generation date=Thu Sep 30 12:25:09 IST 2021 (1632984909247)
2023-11-20 20:31:20,334 [FATAL] Updater:308 - Updater called before beeing initialized
2023-11-20 20:31:20,501 [WARN] DetailPanel:346 - Failed to get advertising image, set to default
2023-11-20 20:31:20,696 [FATAL] Updater:308 - Updater called before beeing initialized
2023-11-20 20:31:20,721 [FATAL] Updater:308 - Updater called before beeing initialized
2023-11-20 20:31:20,722 [FATAL] Updater:308 - Updater called before beeing initialized
2023-11-20 20:31:20,722 [WARN] DetailPanel:346 - Failed to get advertising image, set to default
2023-11-20 20:31:20,724 [FATAL] Updater:308 - Updater called before beeing initialized
2023-11-20 20:31:20,863 [ERROR] Updater:1120 - MainUpdater not yet initialized. External WinMGr cannot be set.
2023-11-20 20:31:20,885 [INFO] Updater:1056 - Updater Version found : 6.9.2
2023-11-20 20:31:20,918 [INFO] ApplicationProperties:184 - Using Application install path: C:\ST\STM32CubeIDE_1.13.2\STM32CubeIDE\plugins\com.st.stm32cube.common.mx_6.9.2.202309101412
2023-11-20 20:31:21,069 [INFO] ThirdPartyUpdaterWithRetryManager:70 - Updater plugin not ready yet. [2/15]
2023-11-20 20:31:21,229 [INFO] MainUpdater:2868 - connection check result : 10
2023-11-20 20:31:21,230 [INFO] MainUpdater:3562 - Updater definition file requires update
2023-11-20 20:31:21,232 [INFO] MainUpdater:285 - Updater Check For Update Now.
2023-11-20 20:31:21,232 [INFO] MicroXplorer:498 - Change Database Version : DB.6.0.92
2023-11-20 20:31:21,261 [INFO] McuFinderGlobals:63 - Set McuFinder mode to 2 (CubeIDE integrated)
2023-11-20 20:31:21,262 [INFO] UserAuth:179 - activating auth plugin
2023-11-20 20:31:21,265 [INFO] UserAuth:393 - Internet connection configuration mode: 1
2023-11-20 20:31:21,303 [INFO] JxBrowserEngine:151 - Initiate JxBrowser Engine with user profile folder
2023-11-20 20:31:21,316 [INFO] ServerAccessManage:473 - Download File updaters.zip
2023-11-20 20:31:21,681 [INFO] FileExtend:240 - Unzip File : updaters.zip
2023-11-20 20:31:21,682 [INFO] FileExtend:255 - Standard Zip Deflate
2023-11-20 20:31:22,583 [INFO] ServerAccessManage:473 - Download File PacksControlFlags.xml
2023-11-20 20:31:22,817 [INFO] ServerAccessManage:473 - Download File cubemx.pidx
2023-11-20 20:31:23,661 [INFO] ServerAccessManage:473 - Download File STMicroelectronics.FP-SNS-MOTENVWB1.pdsc
2023-11-20 20:31:24,071 [WARN] MainUpdater:1189 - Updater busy. Cannot search thirdparties
2023-11-20 20:31:24,072 [INFO] ThirdPartyUpdaterWithRetryManager:96 - Updater plugin is busy. [1/15]
2023-11-20 20:31:24,517 [INFO] ServerAccessManage:473 - Download File STMicroelectronics.X-CUBE-BLEMGR.pdsc
2023-11-20 20:31:27,074 [WARN] MainUpdater:1189 - Updater busy. Cannot search thirdparties
2023-11-20 20:31:27,074 [INFO] ThirdPartyUpdaterWithRetryManager:96 - Updater plugin is busy. [2/15]
2023-11-20 20:31:27,748 [INFO] WebApp:157 - Instantiating new browser for Auth
2023-11-20 20:31:28,792 [ERROR] ServerAccessManage:1096 - Problem, Http access forbiden
2023-11-20 20:31:28,793 [ERROR] ServerAccessManage:651 - Problem, Http access forbiden : RoweBots.I-CUBE-UNISONRTOS.pdsc.
2023-11-20 20:31:28,929 [INFO] WebApp:753 - Register for checkConnection events
2023-11-20 20:31:28,930 [INFO] WebApp:390 - Apply proxy settings
2023-11-20 20:31:28,930 [INFO] WebApp:475 - Chromium requires no authentication
2023-11-20 20:31:28,944 [INFO] WebApp:418 - Direct internet connection detected
2023-11-20 20:31:29,359 [INFO] WebApp:188 - Starting web application
2023-11-20 20:31:29,360 [INFO] WebApp:520 - Web application path used C:\ST\STM32CubeIDE_1.13.2\STM32CubeIDE\plugins\com.st.stm32cube.common.mx_6.9.2.202309101412\db\plugins\mcufinder\reactClient1\index.html
2023-11-20 20:31:29,916 [ERROR] ServerAccessManage:1172 - Problem during Server Connection :  IO error PKIX path building failed: sun.security.provider.certpath.SunCertPathBuilderException: unable to find valid certification path to requested target
2023-11-20 20:31:29,916 [ERROR] ServerAccessManage:651 - Problem during Server Connection :  : SEGGER.I-CUBE-embOS.pdsc.
2023-11-20 20:31:30,077 [WARN] MainUpdater:1189 - Updater busy. Cannot search thirdparties
2023-11-20 20:31:30,078 [INFO] ThirdPartyUpdaterWithRetryManager:96 - Updater plugin is busy. [3/15]
2023-11-20 20:31:30,292 [WARN] PackLoader:240 - Cannot read IP mode file for STMicroelectronics.FP-SNS-MOTENVWB1.1.3.0
2023-11-20 20:31:30,332 [WARN] PackLoader:240 - Cannot read IP mode file for STMicroelectronics.X-CUBE-BLEMGR.3.0.0
2023-11-20 20:31:30,342 [INFO] PopulateThirdPartyThread:66 - Ending populate Thread
2023-11-20 20:31:30,344 [INFO] ThirdParty:1030 - CMSIS Pack Vendor :STMicroelectronics FP-SNS-MOTENVWB1 1.3.0
2023-11-20 20:31:30,344 [INFO] ThirdParty:1030 - CMSIS Pack Vendor :STMicroelectronics X-CUBE-BLEMGR 3.0.0
2023-11-20 20:31:30,346 [INFO] LoadServerUpdatesThread:373 - End of LoadServerUpdate Thread
2023-11-20 20:31:30,431 [INFO] CheckServerUpdateThread:120 - End of CheckServer Thread
2023-11-20 20:31:33,365 [WARN] PackLoader:240 - Cannot read IP mode file for STMicroelectronics.X-CUBE-SMBUS.2.1.0
2023-11-20 20:31:33,436 [WARN] PackLoader:240 - Cannot read IP mode file for STMicroelectronics.X-CUBE-AZRTOS-F7.1.1.0
2023-11-20 20:31:33,474 [WARN] PackLoader:240 - Cannot read IP mode file for STMicroelectronics.FP-SNS-MOTENV1.4.3.2
2023-11-20 20:31:33,489 [WARN] PackLoader:240 - Cannot read IP mode file for STMicroelectronics.FP-SNS-FLIGHT1.5.0.2
2023-11-20 20:31:33,516 [WARN] PackLoader:240 - Cannot read IP mode file for STMicroelectronics.X-CUBE-DISPLAY.3.0.0
2023-11-20 20:31:33,549 [WARN] PackLoader:240 - Cannot read IP mode file for STMicroelectronics.X-CUBE-BLE1.7.0.0
2023-11-20 20:31:33,578 [WARN] PackLoader:240 - Cannot read IP mode file for emotas.I-CUBE-CANOPEN.1.3.0
2023-11-20 20:31:33,607 [WARN] PackLoader:240 - Cannot read IP mode file for STMicroelectronics.X-CUBE-TOUCHGFX.4.22.1
2023-11-20 20:31:33,632 [WARN] PackLoader:240 - Cannot read IP mode file for STMicroelectronics.FP-SNS-SMARTAG2.1.2.0
2023-11-20 20:31:33,667 [INFO] LogOutputStream:77 - [STDOUT_REDIRECT] 1 : Invalid condition id : UX_CORESTACK_Condition cause : null
2023-11-20 20:31:33,668 [INFO] LogOutputStream:77 - [STDOUT_REDIRECT] 1 : Invalid condition id : UX_CORESTACK_Condition cause : null
2023-11-20 20:31:33,671 [INFO] LogOutputStream:77 - [STDOUT_REDIRECT] 1 : Invalid condition id : UX_CORESTACK_Condition cause : null
2023-11-20 20:31:33,673 [INFO] LogOutputStream:77 - [STDOUT_REDIRECT] 1 : Invalid condition id : UX_CORESTACK_Condition cause : null
2023-11-20 20:31:33,676 [INFO] LogOutputStream:77 - [STDOUT_REDIRECT] 1 : Invalid condition id : UX_CORESTACK_Condition cause : null
2023-11-20 20:31:33,684 [WARN] PackLoader:240 - Cannot read IP mode file for STMicroelectronics.X-CUBE-AZRTOS-WL.2.0.0
2023-11-20 20:31:33,712 [WARN] PackLoader:240 - Cannot read IP mode file for WES.I-CUBE-Cesium.1.3.0
2023-11-20 20:31:33,732 [WARN] PackLoader:240 - Cannot read IP mode file for STMicroelectronics.X-CUBE-BLE2.3.3.0
2023-11-20 20:31:33,752 [WARN] PackLoader:240 - Cannot read IP mode file for STMicroelectronics.X-CUBE-ALGOBUILD.1.3.0
2023-11-20 20:31:33,804 [WARN] PackLoader:240 - Cannot read IP mode file for STMicroelectronics.X-CUBE-AZRTOS-G0.1.1.0
2023-11-20 20:31:33,837 [WARN] PackLoader:240 - Cannot read IP mode file for STMicroelectronics.X-CUBE-NFC4.3.0.0
2023-11-20 20:31:33,856 [WARN] PackLoader:240 - Cannot read IP mode file for STMicroelectronics.X-CUBE-BLEMGR.3.0.0
2023-11-20 20:31:33,868 [WARN] PackLoader:240 - Cannot read IP mode file for STMicroelectronics.FP-ATR-SIGFOX1.3.2.0
2023-11-20 20:31:33,896 [WARN] PackLoader:240 - Cannot read IP mode file for STMicroelectronics.X-CUBE-GNSS1.6.0.0
2023-11-20 20:31:33,966 [WARN] PackLoader:240 - Cannot read IP mode file for STMicroelectronics.X-CUBE-AZRTOS-F4.1.1.0
2023-11-20 20:31:33,995 [WARN] PackLoader:240 - Cannot read IP mode file for wolfSSL.I-CUBE-wolfSSL.5.6.3
2023-11-20 20:31:34,071 [WARN] PackLoader:240 - Cannot read IP mode file for STMicroelectronics.X-CUBE-AZRTOS-L5.2.0.0
2023-11-20 20:31:34,102 [WARN] PackLoader:240 - Cannot read IP mode file for STMicroelectronics.X-CUBE-EEPRMA1.4.2.0
2023-11-20 20:31:34,128 [WARN] PackLoader:240 - Cannot read IP mode file for ITTIA_DB.I-CUBE-ITTIADB.8.8.0
2023-11-20 20:31:34,154 [WARN] PackLoader:240 - Cannot read IP mode file for STMicroelectronics.X-CUBE-BLEMGR.2.0.0
2023-11-20 20:31:34,211 [WARN] ConditionMgr:438 - getConditionDescription Invalid condition id : UX DEVICE CLASS RTOS Condition cause : null
2023-11-20 20:31:34,212 [WARN] ConditionMgr:438 - getConditionDescription Invalid condition id : UX DEVICE CLASS RTOS Condition cause : null
2023-11-20 20:31:34,218 [WARN] PackLoader:240 - Cannot read IP mode file for STMicroelectronics.X-CUBE-AZRTOS-H7.3.1.0
2023-11-20 20:31:34,220 [WARN] ConditionMgr:1039 - genDependencies : Invalid condition id : UX DEVICE CLASS RTOS Condition cause : null
2023-11-20 20:31:34,220 [WARN] ConditionMgr:1039 - genDependencies : Invalid condition id : UX DEVICE CLASS RTOS Condition cause : null
2023-11-20 20:31:34,221 [WARN] ConditionMgr:1039 - genDependencies : Invalid condition id : UX DEVICE CLASS RTOS Condition cause : null
2023-11-20 20:31:34,223 [WARN] ConditionMgr:1039 - genDependencies : Invalid condition id : UX DEVICE CLASS RTOS Condition cause : null
2023-11-20 20:31:34,223 [WARN] ConditionMgr:1039 - genDependencies : Invalid condition id : UX DEVICE CLASS RTOS Condition cause : null
2023-11-20 20:31:34,247 [WARN] PackLoader:240 - Cannot read IP mode file for STMicroelectronics.X-CUBE-NFC7.1.0.1
2023-11-20 20:31:34,275 [WARN] PackLoader:240 - Cannot read IP mode file for STMicroelectronics.X-CUBE-NFC6.3.0.0
2023-11-20 20:31:34,298 [WARN] PackLoader:240 - Cannot read IP mode file for STMicroelectronics.X-CUBE-AI.8.1.0
2023-11-20 20:31:34,357 [WARN] ConditionMgr:438 - getConditionDescription Invalid condition id : LAN8742 Phy interface Condition cause : null
2023-11-20 20:31:34,359 [WARN] PackLoader:240 - Cannot read IP mode file for STMicroelectronics.X-CUBE-AZRTOS-L4.2.0.0
2023-11-20 20:31:34,360 [WARN] ConditionMgr:1039 - genDependencies : Invalid condition id : LAN8742 Phy interface Condition cause : null
2023-11-20 20:31:34,361 [WARN] ConditionMgr:1039 - genDependencies : Invalid condition id : LAN8742 Phy interface Condition cause : null
2023-11-20 20:31:34,362 [WARN] ConditionMgr:1039 - genDependencies : Invalid condition id : LAN8742 Phy interface Condition cause : null
2023-11-20 20:31:34,390 [WARN] PackLoader:240 - Cannot read IP mode file for STMicroelectronics.X-CUBE-SFXS2LP1.4.0.0
2023-11-20 20:31:34,415 [WARN] PackLoader:240 - Cannot read IP mode file for STMicroelectronics.X-CUBE-ISPU.1.1.0
2023-11-20 20:31:34,457 [WARN] ConditionMgr:438 - getConditionDescription Invalid condition id : UX DEVICE CLASS RTOS Condition cause : null
2023-11-20 20:31:34,457 [WARN] ConditionMgr:438 - getConditionDescription Invalid condition id : UX DEVICE CLASS RTOS Condition cause : null
2023-11-20 20:31:34,461 [WARN] PackLoader:240 - Cannot read IP mode file for STMicroelectronics.X-CUBE-AZRTOS-WB.2.0.0
2023-11-20 20:31:34,462 [WARN] ConditionMgr:1039 - genDependencies : Invalid condition id : UX DEVICE CLASS RTOS Condition cause : null
2023-11-20 20:31:34,463 [WARN] ConditionMgr:1039 - genDependencies : Invalid condition id : UX DEVICE CLASS RTOS Condition cause : null
2023-11-20 20:31:34,464 [WARN] ConditionMgr:1039 - genDependencies : Invalid condition id : UX DEVICE CLASS RTOS Condition cause : null
2023-11-20 20:31:34,464 [WARN] ConditionMgr:1039 - genDependencies : Invalid condition id : UX DEVICE CLASS RTOS Condition cause : null
2023-11-20 20:31:34,464 [WARN] ConditionMgr:1039 - genDependencies : Invalid condition id : UX DEVICE CLASS RTOS Condition cause : null
2023-11-20 20:31:34,498 [WARN] PackLoader:240 - Cannot read IP mode file for STMicroelectronics.X-CUBE-SUBG2.5.0.0
2023-11-20 20:31:34,544 [WARN] PackLoader:240 - Cannot read IP mode file for STMicroelectronics.X-CUBE-TOF1.3.3.1
2023-11-20 20:31:34,616 [WARN] PackLoader:240 - Cannot read IP mode file for STMicroelectronics.X-CUBE-AZRTOS-G4.2.0.0
2023-11-20 20:31:34,668 [WARN] PackLoader:240 - Cannot read IP mode file for Infineon.AIROC-Wi-Fi-Bluetooth-STM32.1.5.1
2023-11-20 20:31:34,684 [WARN] PackLoader:240 - Cannot read IP mode file for STMicroelectronics.FP-SNS-MOTENVWB1.1.3.0
2023-11-20 20:31:34,788 [WARN] PackLoader:240 - Cannot read IP mode file for STMicroelectronics.X-CUBE-MEMS1.10.0.0
2023-11-20 20:31:35,048 [WARN] PackLoader:240 - Cannot read IP mode file for STMicroelectronics.X-CUBE-FREERTOS.1.1.0
2023-11-20 20:31:35,072 [WARN] PackLoader:240 - Cannot read IP mode file for portGmbH.I-Cube-SoM-uGOAL.1.1.0
2023-11-20 20:31:35,095 [WARN] PackLoader:240 - Cannot read IP mode file for STMicroelectronics.X-CUBE-ALS.1.0.1
2023-11-20 20:31:35,104 [WARN] PackLoader:240 - Cannot read IP mode file for STMicroelectronics.FP-ATR-ASTRA1.2.0.0
2023-11-20 20:31:35,105 [INFO] ThirdParty:978 - Integrity check success = true
2023-11-20 20:31:35,105 [INFO] IntegrityCheckThread:100 - exiting critical section [integrity check]
2023-11-20 20:31:35,105 [INFO] IntegrityCheckThread:103 - End integrity checks thread
2023-11-20 20:31:53,076 [ERROR] LogOutputStream:75 - [STDERR_REDIRECT] SLF4J: Failed to load class "org.slf4j.impl.StaticLoggerBinder".
2023-11-20 20:31:53,077 [ERROR] LogOutputStream:75 - [STDERR_REDIRECT] SLF4J: Defaulting to no-operation (NOP) logger implementation
2023-11-20 20:31:53,081 [ERROR] LogOutputStream:75 - [STDERR_REDIRECT] SLF4J: See http://www.slf4j.org/codes.html#StaticLoggerBinder for further details.
2023-11-20 21:54:25,542 [ERROR] LogOutputStream:75 - [STDERR_REDIRECT] 
