2023-12-11 12:22:09,763 [INFO] Activator:176 - 


2023-12-11 12:22:09,868 [INFO] Activator:177 - !SESSION log4j initialized
2023-12-11 12:22:26,535 [INFO] LogOutputStream:77 - [STDOUT_REDIRECT] 
2023-12-11 12:22:28,486 [INFO] ApplicationProperties:184 - Using Application install path: C:\ST\STM32CubeIDE_1.14.0\STM32CubeIDE\plugins\com.st.stm32cube.common.mx_6.10.0.202311202037
2023-12-11 12:22:28,502 [INFO] DbMcusXml:78 - Set database path to: C:\ST\STM32CubeIDE_1.14.0\STM32CubeIDE\plugins\com.st.stm32cube.common.mx_6.10.0.202311202037\\db\/mcu/
2023-12-11 12:22:28,502 [INFO] ApiDb:274 - Set plugin database path to: C:\ST\STM32CubeIDE_1.14.0\STM32CubeIDE\plugins\com.st.stm32cube.common.mx_6.10.0.202311202037\\db\/plugins/boardmanager/
2023-12-11 12:22:28,503 [WARN] ApiDb:259 - Overriding images path with different value:  => C:\ST\STM32CubeIDE_1.14.0\STM32CubeIDE\plugins\com.st.stm32cube.common.mx_6.10.0.202311202037\\db\/plugins/mcufinder/images/
2023-12-11 12:22:28,514 [INFO] ApiDb:250 - Set database path to: C:\Users\iamna\.stmcufinder\plugins\mcufinder//mcu/
2023-12-11 12:22:28,516 [INFO] DbMcusAds:125 - Set database path to: C:\Users\iamna\.stmcufinder\plugins\mcufinder//mcu/
2023-12-11 12:22:28,518 [INFO] CrossReferenceDbSqlite:203 - Set database path to: C:\Users\iamna\.stmcufinder\plugins\mcufinder//mcu/cs/
2023-12-11 12:22:28,647 [INFO] RulesReader:64 - Compatibility file has been processed (297 Rules)
2023-12-11 12:22:28,770 [INFO] DbMcusXml:78 - Set database path to: C:\ST\STM32CubeIDE_1.14.0\STM32CubeIDE\plugins\com.st.stm32cube.common.mx_6.10.0.202311202037\\db\/mcu/
2023-12-11 12:22:28,770 [INFO] ApiDb:274 - Set plugin database path to: C:\ST\STM32CubeIDE_1.14.0\STM32CubeIDE\plugins\com.st.stm32cube.common.mx_6.10.0.202311202037\\db\/plugins/boardmanager/
2023-12-11 12:22:28,770 [INFO] ApiDb:261 - Set plugin images path to: C:\ST\STM32CubeIDE_1.14.0\STM32CubeIDE\plugins\com.st.stm32cube.common.mx_6.10.0.202311202037\\db\/plugins/mcufinder/images/
2023-12-11 12:22:28,770 [WARN] DbFile:41 - Overriding database path with different value: C:\Users\iamna\.stmcufinder\plugins\mcufinder/ => C:\Users\iamna\.stmcufinder\plugins\mcufinder
2023-12-11 12:22:28,770 [INFO] ApiDb:250 - Set database path to: C:\Users\iamna\.stmcufinder\plugins\mcufinder//mcu/
2023-12-11 12:22:28,771 [WARN] DbFile:41 - Overriding database path with different value: C:\Users\iamna\.stmcufinder\plugins\mcufinder/ => C:\Users\iamna\.stmcufinder\plugins\mcufinder
2023-12-11 12:22:28,771 [INFO] DbMcusAds:125 - Set database path to: C:\Users\iamna\.stmcufinder\plugins\mcufinder//mcu/
2023-12-11 12:22:28,771 [WARN] DbFile:41 - Overriding database path with different value: C:\Users\iamna\.stmcufinder\plugins\mcufinder/ => C:\Users\iamna\.stmcufinder\plugins\mcufinder
2023-12-11 12:22:28,771 [WARN] DbFile:41 - Overriding database path with different value: C:\Users\iamna\.stmcufinder\plugins\mcufinder/ => C:\Users\iamna\.stmcufinder\plugins\mcufinder
2023-12-11 12:22:28,771 [INFO] CrossReferenceDbSqlite:203 - Set database path to: C:\Users\iamna\.stmcufinder\plugins\mcufinder//mcu/cs/
2023-12-11 12:22:28,869 [INFO] MainPanel:264 - HeapMemory: 268435456
2023-12-11 12:22:28,967 [INFO] DbMcusXml:78 - Set database path to: C:\ST\STM32CubeIDE_1.14.0\STM32CubeIDE\plugins\com.st.stm32cube.common.mx_6.10.0.202311202037\\db\/mcu/
2023-12-11 12:22:28,967 [INFO] ApiDb:274 - Set plugin database path to: C:\ST\STM32CubeIDE_1.14.0\STM32CubeIDE\plugins\com.st.stm32cube.common.mx_6.10.0.202311202037\\db\/plugins/boardmanager/
2023-12-11 12:22:28,968 [INFO] ApiDb:261 - Set plugin images path to: C:\ST\STM32CubeIDE_1.14.0\STM32CubeIDE\plugins\com.st.stm32cube.common.mx_6.10.0.202311202037\\db\/plugins/mcufinder/images/
2023-12-11 12:22:28,968 [WARN] DbFile:41 - Overriding database path with different value: C:\Users\iamna\.stmcufinder\plugins\mcufinder/ => C:\Users\iamna\.stmcufinder\plugins\mcufinder
2023-12-11 12:22:28,968 [INFO] ApiDb:250 - Set database path to: C:\Users\iamna\.stmcufinder\plugins\mcufinder//mcu/
2023-12-11 12:22:28,968 [WARN] DbFile:41 - Overriding database path with different value: C:\Users\iamna\.stmcufinder\plugins\mcufinder/ => C:\Users\iamna\.stmcufinder\plugins\mcufinder
2023-12-11 12:22:28,968 [INFO] DbMcusAds:125 - Set database path to: C:\Users\iamna\.stmcufinder\plugins\mcufinder//mcu/
2023-12-11 12:22:28,968 [WARN] DbFile:41 - Overriding database path with different value: C:\Users\iamna\.stmcufinder\plugins\mcufinder/ => C:\Users\iamna\.stmcufinder\plugins\mcufinder
2023-12-11 12:22:28,969 [WARN] DbFile:41 - Overriding database path with different value: C:\Users\iamna\.stmcufinder\plugins\mcufinder/ => C:\Users\iamna\.stmcufinder\plugins\mcufinder
2023-12-11 12:22:28,969 [INFO] CrossReferenceDbSqlite:203 - Set database path to: C:\Users\iamna\.stmcufinder\plugins\mcufinder//mcu/cs/
2023-12-11 12:22:28,995 [INFO] ApplicationProperties:184 - Using Application install path: C:\ST\STM32CubeIDE_1.14.0\STM32CubeIDE\plugins\com.st.stm32cube.common.mx_6.10.0.202311202037
2023-12-11 12:22:28,997 [INFO] PluginManage:196 - Search for loadable plugins [exclusion list=, ]
2023-12-11 12:22:28,998 [INFO] PluginManage:310 - Check plugin analytics
2023-12-11 12:22:29,179 [INFO] AnalyticsPlugin:253 - Accepted Software Licenses: 
2023-12-11 12:22:29,179 [INFO] AnalyticsPlugin:255 - Accepted CMSIS Pack Licenses: 
2023-12-11 12:22:29,179 [INFO] AnalyticsPlugin:257 - Accepted Firmware Licenses: 
2023-12-11 12:22:29,183 [INFO] PluginManage:359 - Loaded plugin analytics (category:tool,tabindex:-1)
2023-12-11 12:22:29,184 [INFO] PluginManage:310 - Check plugin cadmodel
2023-12-11 12:22:29,211 [INFO] CADModel:105 - Init CAD model plugin
2023-12-11 12:22:29,211 [INFO] PluginManage:359 - Loaded plugin cadmodel (category:power,tabindex:5)
2023-12-11 12:22:29,211 [INFO] PluginManage:310 - Check plugin clock
2023-12-11 12:22:29,242 [INFO] PluginManage:359 - Loaded plugin clock (category:base,tabindex:2)
2023-12-11 12:22:29,242 [INFO] PluginManage:310 - Check plugin ddr
2023-12-11 12:22:29,243 [INFO] PluginManage:359 - Loaded plugin ddr (category:tool,tabindex:6)
2023-12-11 12:22:29,244 [INFO] PluginManage:310 - Check plugin filemanager
2023-12-11 12:22:29,394 [INFO] PluginManage:359 - Loaded plugin filemanager (category:base,tabindex:10)
2023-12-11 12:22:29,395 [INFO] PluginManage:310 - Check plugin ipmanager
2023-12-11 12:22:29,407 [INFO] PluginManage:359 - Loaded plugin ipmanager (category:base,tabindex:5)
2023-12-11 12:22:29,407 [INFO] PluginManage:310 - Check plugin lpbam
2023-12-11 12:22:29,424 [INFO] PluginManage:359 - Loaded plugin lpbam (category:base,tabindex:0)
2023-12-11 12:22:29,425 [INFO] PluginManage:310 - Check plugin memorymap
2023-12-11 12:22:29,445 [INFO] PluginManage:359 - Loaded plugin memorymap (category:base,tabindex:4)
2023-12-11 12:22:29,446 [INFO] PluginManage:310 - Check plugin pinoutandconfiguration
2023-12-11 12:22:29,468 [INFO] PluginManage:359 - Loaded plugin pinoutandconfiguration (category:base,tabindex:1)
2023-12-11 12:22:29,469 [INFO] PluginManage:310 - Check plugin pinoutconfig
2023-12-11 12:22:29,580 [WARN] SupportedApi:132 - Cannot load RTOS API schema: s4s-elt-must-match.1: The content of 'definitions' must match (annotation?, (simpleType | complexType)?, (unique | key | keyref)*)). A problem was found starting at: attribute.
2023-12-11 12:22:29,703 [INFO] PluginManage:359 - Loaded plugin pinoutconfig (category:base,tabindex:0)
2023-12-11 12:22:29,703 [INFO] PluginManage:310 - Check plugin power
2023-12-11 12:22:29,767 [INFO] PluginManage:359 - Loaded plugin power (category:power,tabindex:4)
2023-12-11 12:22:29,768 [INFO] PluginManage:310 - Check plugin projectmanager
2023-12-11 12:22:29,796 [INFO] PluginManage:359 - Loaded plugin projectmanager (category:projectmanager,tabindex:3)
2023-12-11 12:22:29,796 [INFO] PluginManage:310 - Check plugin thirdparty
2023-12-11 12:22:30,091 [INFO] PluginManage:359 - Loaded plugin thirdparty (category:base,tabindex:-1)
2023-12-11 12:22:30,091 [INFO] PluginManage:310 - Check plugin tools
2023-12-11 12:22:30,091 [WARN] IntegrityCheckThread:84 - waiting for thirdparty lock release [integrity check]
2023-12-11 12:22:30,092 [INFO] IntegrityCheckThread:86 - entering critical section [integrity check]
2023-12-11 12:22:30,092 [INFO] ThirdPartyUpdaterWithRetryManager:70 - Updater plugin not ready yet. [1/15]
2023-12-11 12:22:30,106 [INFO] PluginManage:359 - Loaded plugin tools (category:base,tabindex:7)
2023-12-11 12:22:30,106 [INFO] PluginManage:310 - Check plugin tutovideos
2023-12-11 12:22:30,269 [INFO] PluginManage:359 - Loaded plugin tutovideos (category:base,tabindex:-1)
2023-12-11 12:22:30,270 [INFO] PluginManage:310 - Check plugin updater
2023-12-11 12:22:30,281 [INFO] PluginManage:359 - Loaded plugin updater (category:base,tabindex:12)
2023-12-11 12:22:30,281 [INFO] PluginManage:310 - Check plugin userauth
2023-12-11 12:22:30,285 [INFO] UserAuth:114 - Init User Auth plugin
2023-12-11 12:22:30,286 [INFO] PluginManage:359 - Loaded plugin userauth (category:base,tabindex:14)
2023-12-11 12:22:30,286 [INFO] PluginManage:283 - PluginManage : Loaded plugins [17]
2023-12-11 12:22:30,548 [INFO] PinOutPanel:1499 - setPackage(No Configuration,No Configuration)
2023-12-11 12:22:30,659 [INFO] CADModel:165 - CPN selected for project level
2023-12-11 12:22:30,659 [INFO] CADModel:114 - Register for checkConnection events
2023-12-11 12:22:30,684 [INFO] IPUIPlugin:80 - create IPUIPlugin
2023-12-11 12:22:30,684 [INFO] PluginManager:220 - loadIPPluginJar : add adc
2023-12-11 12:22:30,696 [INFO] IPUIPlugin:80 - create IPUIPlugin
2023-12-11 12:22:30,696 [INFO] PluginManager:220 - loadIPPluginJar : add aes
2023-12-11 12:22:30,711 [INFO] IPUIPlugin:80 - create IPUIPlugin
2023-12-11 12:22:30,711 [INFO] PluginManager:220 - loadIPPluginJar : add can
2023-12-11 12:22:30,721 [INFO] IPUIPlugin:80 - create IPUIPlugin
2023-12-11 12:22:30,722 [INFO] PluginManager:220 - loadIPPluginJar : add comp
2023-12-11 12:22:30,734 [INFO] IPUIPlugin:80 - create IPUIPlugin
2023-12-11 12:22:30,734 [INFO] PluginManager:220 - loadIPPluginJar : add cryp
2023-12-11 12:22:30,745 [INFO] IPUIPlugin:80 - create IPUIPlugin
2023-12-11 12:22:30,745 [INFO] PluginManager:220 - loadIPPluginJar : add dfsdm
2023-12-11 12:22:30,758 [INFO] IPUIPlugin:80 - create IPUIPlugin
2023-12-11 12:22:30,759 [INFO] PluginManager:220 - loadIPPluginJar : add dma
2023-12-11 12:22:30,769 [INFO] IPUIPlugin:80 - create IPUIPlugin
2023-12-11 12:22:30,769 [INFO] PluginManager:220 - loadIPPluginJar : add dma3
2023-12-11 12:22:30,778 [INFO] IPUIPlugin:80 - create IPUIPlugin
2023-12-11 12:22:30,778 [INFO] PluginManager:220 - loadIPPluginJar : add fatfs
2023-12-11 12:22:30,790 [INFO] IPUIPlugin:80 - create IPUIPlugin
2023-12-11 12:22:30,790 [INFO] PluginManager:220 - loadIPPluginJar : add fmc
2023-12-11 12:22:30,815 [INFO] IPUIPlugin:80 - create IPUIPlugin
2023-12-11 12:22:30,815 [INFO] PluginManager:220 - loadIPPluginJar : add freertos
2023-12-11 12:22:30,827 [INFO] IPUIPlugin:80 - create IPUIPlugin
2023-12-11 12:22:30,827 [INFO] PluginManager:220 - loadIPPluginJar : add genericplugin
2023-12-11 12:22:30,840 [INFO] IPUIPlugin:80 - create IPUIPlugin
2023-12-11 12:22:30,840 [INFO] PluginManager:220 - loadIPPluginJar : add gfxmmu
2023-12-11 12:22:30,855 [INFO] IPUIPlugin:80 - create IPUIPlugin
2023-12-11 12:22:30,855 [INFO] PluginManager:220 - loadIPPluginJar : add gic
2023-12-11 12:22:30,869 [INFO] IPUIPlugin:80 - create IPUIPlugin
2023-12-11 12:22:30,869 [INFO] PluginManager:220 - loadIPPluginJar : add gpio
2023-12-11 12:22:30,882 [INFO] IPUIPlugin:80 - create IPUIPlugin
2023-12-11 12:22:30,882 [INFO] PluginManager:220 - loadIPPluginJar : add gtzc
2023-12-11 12:22:30,896 [INFO] IPUIPlugin:80 - create IPUIPlugin
2023-12-11 12:22:30,897 [INFO] PluginManager:220 - loadIPPluginJar : add hash
2023-12-11 12:22:30,908 [INFO] IPUIPlugin:80 - create IPUIPlugin
2023-12-11 12:22:30,908 [INFO] PluginManager:220 - loadIPPluginJar : add i2c
2023-12-11 12:22:30,921 [INFO] IPUIPlugin:80 - create IPUIPlugin
2023-12-11 12:22:30,921 [INFO] PluginManager:220 - loadIPPluginJar : add i2s
2023-12-11 12:22:30,933 [INFO] IPUIPlugin:80 - create IPUIPlugin
2023-12-11 12:22:30,933 [INFO] PluginManager:220 - loadIPPluginJar : add i3c
2023-12-11 12:22:30,945 [INFO] IPUIPlugin:80 - create IPUIPlugin
2023-12-11 12:22:30,945 [INFO] PluginManager:220 - loadIPPluginJar : add ipddr
2023-12-11 12:22:30,962 [INFO] IPUIPlugin:80 - create IPUIPlugin
2023-12-11 12:22:30,962 [INFO] PluginManager:220 - loadIPPluginJar : add linkedlist
2023-12-11 12:22:30,975 [INFO] IPUIPlugin:80 - create IPUIPlugin
2023-12-11 12:22:30,975 [INFO] PluginManager:220 - loadIPPluginJar : add lorawan
2023-12-11 12:22:30,987 [INFO] IPUIPlugin:80 - create IPUIPlugin
2023-12-11 12:22:30,987 [INFO] PluginManager:220 - loadIPPluginJar : add ltdc
2023-12-11 12:22:31,001 [INFO] IPUIPlugin:80 - create IPUIPlugin
2023-12-11 12:22:31,001 [INFO] PluginManager:220 - loadIPPluginJar : add mdma
2023-12-11 12:22:31,016 [INFO] IPUIPlugin:80 - create IPUIPlugin
2023-12-11 12:22:31,016 [INFO] PluginManager:220 - loadIPPluginJar : add nvic
2023-12-11 12:22:31,030 [INFO] IPUIPlugin:80 - create IPUIPlugin
2023-12-11 12:22:31,030 [INFO] PluginManager:220 - loadIPPluginJar : add opamp
2023-12-11 12:22:31,046 [INFO] IPUIPlugin:80 - create IPUIPlugin
2023-12-11 12:22:31,046 [INFO] PluginManager:220 - loadIPPluginJar : add openamp
2023-12-11 12:22:31,061 [INFO] IPUIPlugin:80 - create IPUIPlugin
2023-12-11 12:22:31,061 [INFO] PluginManager:220 - loadIPPluginJar : add pdm2pcm
2023-12-11 12:22:31,082 [INFO] IPUIPlugin:80 - create IPUIPlugin
2023-12-11 12:22:31,085 [INFO] PluginManager:220 - loadIPPluginJar : add plateformsettings
2023-12-11 12:22:31,097 [INFO] IPUIPlugin:80 - create IPUIPlugin
2023-12-11 12:22:31,097 [INFO] PluginManager:220 - loadIPPluginJar : add quadspi
2023-12-11 12:22:31,118 [INFO] IPUIPlugin:80 - create IPUIPlugin
2023-12-11 12:22:31,118 [INFO] PluginManager:220 - loadIPPluginJar : add resmgrutility
2023-12-11 12:22:31,131 [INFO] IPUIPlugin:80 - create IPUIPlugin
2023-12-11 12:22:31,132 [INFO] PluginManager:220 - loadIPPluginJar : add sai
2023-12-11 12:22:31,144 [INFO] IPUIPlugin:80 - create IPUIPlugin
2023-12-11 12:22:31,144 [INFO] PluginManager:220 - loadIPPluginJar : add spi
2023-12-11 12:22:31,162 [INFO] IPUIPlugin:80 - create IPUIPlugin
2023-12-11 12:22:31,162 [INFO] PluginManager:220 - loadIPPluginJar : add stm32_wpan
2023-12-11 12:22:31,174 [INFO] IPUIPlugin:80 - create IPUIPlugin
2023-12-11 12:22:31,174 [INFO] PluginManager:220 - loadIPPluginJar : add tim
2023-12-11 12:22:31,188 [INFO] IPUIPlugin:80 - create IPUIPlugin
2023-12-11 12:22:31,188 [INFO] PluginManager:220 - loadIPPluginJar : add touchsensing
2023-12-11 12:22:31,203 [INFO] IPUIPlugin:80 - create IPUIPlugin
2023-12-11 12:22:31,204 [INFO] PluginManager:220 - loadIPPluginJar : add tracer_emb
2023-12-11 12:22:31,215 [INFO] IPUIPlugin:80 - create IPUIPlugin
2023-12-11 12:22:31,215 [INFO] PluginManager:220 - loadIPPluginJar : add ts
2023-12-11 12:22:31,226 [INFO] IPUIPlugin:80 - create IPUIPlugin
2023-12-11 12:22:31,226 [INFO] PluginManager:220 - loadIPPluginJar : add tsc
2023-12-11 12:22:31,238 [INFO] IPUIPlugin:80 - create IPUIPlugin
2023-12-11 12:22:31,238 [INFO] PluginManager:220 - loadIPPluginJar : add ucpd
2023-12-11 12:22:31,253 [INFO] IPUIPlugin:80 - create IPUIPlugin
2023-12-11 12:22:31,253 [INFO] PluginManager:220 - loadIPPluginJar : add usart
2023-12-11 12:22:31,266 [INFO] IPUIPlugin:80 - create IPUIPlugin
2023-12-11 12:22:31,266 [INFO] PluginManager:220 - loadIPPluginJar : add usbx
2023-12-11 12:22:31,411 [INFO] CADModel:165 - CPN selected for project level
2023-12-11 12:22:31,411 [INFO] CADModel:114 - Register for checkConnection events
2023-12-11 12:22:31,411 [FATAL] Updater:308 - Updater called before beeing initialized
2023-12-11 12:22:31,411 [ERROR] CADModel:125 - Updater not yet initialized, retry later 
2023-12-11 12:22:31,561 [INFO] CADModel:165 - CPN selected for project level
2023-12-11 12:22:31,562 [INFO] CADModel:114 - Register for checkConnection events
2023-12-11 12:22:31,562 [FATAL] Updater:308 - Updater called before beeing initialized
2023-12-11 12:22:31,562 [ERROR] CADModel:125 - Updater not yet initialized, retry later 
2023-12-11 12:22:31,566 [FATAL] Updater:308 - Updater called before beeing initialized
2023-12-11 12:22:31,718 [FATAL] Updater:308 - Updater called before beeing initialized
2023-12-11 12:22:31,728 [INFO] DbMcusAds:53 - JSON generation date=Wed Nov 29 16:22:38 IST 2023 (1701255158764)
2023-12-11 12:22:31,728 [FATAL] Updater:308 - Updater called before beeing initialized
2023-12-11 12:22:31,866 [WARN] DetailPanel:346 - Failed to get advertising image, set to default
2023-12-11 12:22:32,015 [FATAL] Updater:308 - Updater called before beeing initialized
2023-12-11 12:22:32,018 [FATAL] Updater:308 - Updater called before beeing initialized
2023-12-11 12:22:32,018 [FATAL] Updater:308 - Updater called before beeing initialized
2023-12-11 12:22:32,018 [WARN] DetailPanel:346 - Failed to get advertising image, set to default
2023-12-11 12:22:32,018 [FATAL] Updater:308 - Updater called before beeing initialized
2023-12-11 12:22:32,117 [ERROR] Updater:1120 - MainUpdater not yet initialized. External WinMGr cannot be set.
2023-12-11 12:22:32,128 [INFO] Updater:1056 - Updater Version found : 6.10.0
2023-12-11 12:22:32,159 [INFO] ApplicationProperties:184 - Using Application install path: C:\ST\STM32CubeIDE_1.14.0\STM32CubeIDE\plugins\com.st.stm32cube.common.mx_6.10.0.202311202037
2023-12-11 12:22:33,093 [INFO] ThirdPartyUpdaterWithRetryManager:70 - Updater plugin not ready yet. [2/15]
2023-12-11 12:22:33,752 [ERROR] LogOutputStream:75 - [STDERR_REDIRECT] Dec 11, 2023 12:22:33 PM java.util.prefs.WindowsPreferences <init>
2023-12-11 12:22:33,753 [ERROR] LogOutputStream:75 - [STDERR_REDIRECT] WARNING: Could not open/create prefs root node Software\JavaSoft\Prefs at root 0xffffffff80000002. Windows RegCreateKeyEx(...) returned error code 5.
2023-12-11 12:22:33,754 [ERROR] LogOutputStream:75 - [STDERR_REDIRECT] 
2023-12-11 12:22:34,266 [INFO] MainUpdater:2873 - connection check result : 10
2023-12-11 12:22:34,267 [INFO] MainUpdater:290 - Updater Check For Update Now.
2023-12-11 12:22:34,268 [INFO] MicroXplorer:498 - Change Database Version : DB.6.0.100
2023-12-11 12:22:34,300 [INFO] McuFinderGlobals:63 - Set McuFinder mode to 2 (CubeIDE integrated)
2023-12-11 12:22:34,604 [INFO] CheckServerUpdateThread:120 - End of CheckServer Thread
2023-12-11 12:22:34,894 [INFO] UserAuth:404 - Internet connection configuration mode: 1
2023-12-11 12:22:34,931 [INFO] JxBrowserEngine:152 - Initiate JxBrowser Engine with user profile folder
2023-12-11 12:22:36,873 [WARN] PackLoader:240 - Cannot read IP mode file for STMicroelectronics.X-CUBE-SMBUS.2.1.0
2023-12-11 12:22:37,011 [WARN] PackLoader:240 - Cannot read IP mode file for STMicroelectronics.X-CUBE-AZRTOS-F7.1.1.0
2023-12-11 12:22:37,079 [WARN] PackLoader:240 - Cannot read IP mode file for STMicroelectronics.FP-SNS-MOTENV1.4.3.2
2023-12-11 12:22:37,153 [WARN] PackLoader:240 - Cannot read IP mode file for STMicroelectronics.FP-SNS-FLIGHT1.5.0.2
2023-12-11 12:22:37,210 [WARN] PackLoader:240 - Cannot read IP mode file for STMicroelectronics.X-CUBE-DISPLAY.3.0.0
2023-12-11 12:22:37,265 [WARN] PackLoader:240 - Cannot read IP mode file for STMicroelectronics.X-CUBE-BLE1.7.0.0
2023-12-11 12:22:37,284 [WARN] PackLoader:240 - Cannot read IP mode file for emotas.I-CUBE-CANOPEN.1.3.0
2023-12-11 12:22:37,324 [WARN] PackLoader:240 - Cannot read IP mode file for STMicroelectronics.X-CUBE-TOUCHGFX.4.22.1
2023-12-11 12:22:37,344 [WARN] PackLoader:240 - Cannot read IP mode file for STMicroelectronics.FP-SNS-SMARTAG2.1.2.0
2023-12-11 12:22:37,436 [INFO] LogOutputStream:77 - [STDOUT_REDIRECT] 1 : Invalid condition id : UX_CORESTACK_Condition cause : null
2023-12-11 12:22:37,437 [INFO] LogOutputStream:77 - [STDOUT_REDIRECT] 1 : Invalid condition id : UX_CORESTACK_Condition cause : null
2023-12-11 12:22:37,440 [INFO] LogOutputStream:77 - [STDOUT_REDIRECT] 1 : Invalid condition id : UX_CORESTACK_Condition cause : null
2023-12-11 12:22:37,444 [INFO] LogOutputStream:77 - [STDOUT_REDIRECT] 1 : Invalid condition id : UX_CORESTACK_Condition cause : null
2023-12-11 12:22:37,450 [INFO] LogOutputStream:77 - [STDOUT_REDIRECT] 1 : Invalid condition id : UX_CORESTACK_Condition cause : null
2023-12-11 12:22:37,470 [WARN] PackLoader:240 - Cannot read IP mode file for STMicroelectronics.X-CUBE-AZRTOS-WL.2.0.0
2023-12-11 12:22:37,514 [WARN] PackLoader:240 - Cannot read IP mode file for WES.I-CUBE-Cesium.1.3.0
2023-12-11 12:22:37,600 [WARN] PackLoader:240 - Cannot read IP mode file for STMicroelectronics.X-CUBE-BLE2.3.3.0
2023-12-11 12:22:37,666 [WARN] PackLoader:240 - Cannot read IP mode file for STMicroelectronics.X-CUBE-ALGOBUILD.1.3.0
2023-12-11 12:22:37,774 [WARN] PackLoader:240 - Cannot read IP mode file for STMicroelectronics.X-CUBE-AZRTOS-G0.1.1.0
2023-12-11 12:22:37,835 [WARN] PackLoader:240 - Cannot read IP mode file for STMicroelectronics.X-CUBE-NFC4.3.0.0
2023-12-11 12:22:37,858 [WARN] PackLoader:240 - Cannot read IP mode file for STMicroelectronics.X-CUBE-BLEMGR.3.0.0
2023-12-11 12:22:37,918 [WARN] PackLoader:240 - Cannot read IP mode file for STMicroelectronics.FP-ATR-SIGFOX1.3.2.0
2023-12-11 12:22:37,957 [WARN] PackLoader:240 - Cannot read IP mode file for STMicroelectronics.X-CUBE-GNSS1.6.0.0
2023-12-11 12:22:38,016 [WARN] PackLoader:240 - Cannot read IP mode file for STMicroelectronics.X-CUBE-AZRTOS-F4.1.1.0
2023-12-11 12:22:38,183 [WARN] PackLoader:240 - Cannot read IP mode file for wolfSSL.I-CUBE-wolfSSL.5.6.4
2023-12-11 12:22:38,270 [WARN] PackLoader:240 - Cannot read IP mode file for STMicroelectronics.X-CUBE-AZRTOS-L5.2.0.0
2023-12-11 12:22:38,348 [WARN] PackLoader:240 - Cannot read IP mode file for STMicroelectronics.X-CUBE-EEPRMA1.4.2.0
2023-12-11 12:22:38,392 [WARN] PackLoader:240 - Cannot read IP mode file for ITTIA_DB.I-CUBE-ITTIADB.8.8.0
2023-12-11 12:22:38,515 [WARN] ConditionMgr:438 - getConditionDescription Invalid condition id : UX DEVICE CLASS RTOS Condition cause : null
2023-12-11 12:22:38,516 [WARN] ConditionMgr:438 - getConditionDescription Invalid condition id : UX DEVICE CLASS RTOS Condition cause : null
2023-12-11 12:22:38,529 [WARN] PackLoader:240 - Cannot read IP mode file for STMicroelectronics.X-CUBE-AZRTOS-H7.3.1.0
2023-12-11 12:22:38,531 [WARN] ConditionMgr:1039 - genDependencies : Invalid condition id : UX DEVICE CLASS RTOS Condition cause : null
2023-12-11 12:22:38,531 [WARN] ConditionMgr:1039 - genDependencies : Invalid condition id : UX DEVICE CLASS RTOS Condition cause : null
2023-12-11 12:22:38,532 [WARN] ConditionMgr:1039 - genDependencies : Invalid condition id : UX DEVICE CLASS RTOS Condition cause : null
2023-12-11 12:22:38,532 [WARN] ConditionMgr:1039 - genDependencies : Invalid condition id : UX DEVICE CLASS RTOS Condition cause : null
2023-12-11 12:22:38,532 [WARN] ConditionMgr:1039 - genDependencies : Invalid condition id : UX DEVICE CLASS RTOS Condition cause : null
2023-12-11 12:22:38,550 [WARN] PackLoader:240 - Cannot read IP mode file for STMicroelectronics.X-CUBE-NFC7.1.0.1
2023-12-11 12:22:38,573 [WARN] PackLoader:240 - Cannot read IP mode file for STMicroelectronics.X-CUBE-NFC6.3.0.0
2023-12-11 12:22:38,658 [WARN] PackLoader:240 - Cannot read IP mode file for STMicroelectronics.X-CUBE-AI.8.1.0
2023-12-11 12:22:38,710 [WARN] ConditionMgr:438 - getConditionDescription Invalid condition id : LAN8742 Phy interface Condition cause : null
2023-12-11 12:22:38,711 [WARN] PackLoader:240 - Cannot read IP mode file for STMicroelectronics.X-CUBE-AZRTOS-L4.2.0.0
2023-12-11 12:22:38,714 [WARN] ConditionMgr:1039 - genDependencies : Invalid condition id : LAN8742 Phy interface Condition cause : null
2023-12-11 12:22:38,715 [WARN] ConditionMgr:1039 - genDependencies : Invalid condition id : LAN8742 Phy interface Condition cause : null
2023-12-11 12:22:38,715 [WARN] ConditionMgr:1039 - genDependencies : Invalid condition id : LAN8742 Phy interface Condition cause : null
2023-12-11 12:22:38,736 [WARN] PackLoader:240 - Cannot read IP mode file for STMicroelectronics.X-CUBE-SFXS2LP1.4.0.0
2023-12-11 12:22:38,751 [WARN] PackLoader:240 - Cannot read IP mode file for STMicroelectronics.X-CUBE-ISPU.1.1.0
2023-12-11 12:22:38,804 [WARN] ConditionMgr:438 - getConditionDescription Invalid condition id : UX DEVICE CLASS RTOS Condition cause : null
2023-12-11 12:22:38,805 [WARN] ConditionMgr:438 - getConditionDescription Invalid condition id : UX DEVICE CLASS RTOS Condition cause : null
2023-12-11 12:22:38,813 [WARN] PackLoader:240 - Cannot read IP mode file for STMicroelectronics.X-CUBE-AZRTOS-WB.2.0.0
2023-12-11 12:22:38,817 [WARN] ConditionMgr:1039 - genDependencies : Invalid condition id : UX DEVICE CLASS RTOS Condition cause : null
2023-12-11 12:22:38,818 [WARN] ConditionMgr:1039 - genDependencies : Invalid condition id : UX DEVICE CLASS RTOS Condition cause : null
2023-12-11 12:22:38,819 [WARN] ConditionMgr:1039 - genDependencies : Invalid condition id : UX DEVICE CLASS RTOS Condition cause : null
2023-12-11 12:22:38,819 [WARN] ConditionMgr:1039 - genDependencies : Invalid condition id : UX DEVICE CLASS RTOS Condition cause : null
2023-12-11 12:22:38,819 [WARN] ConditionMgr:1039 - genDependencies : Invalid condition id : UX DEVICE CLASS RTOS Condition cause : null
2023-12-11 12:22:38,850 [WARN] PackLoader:240 - Cannot read IP mode file for STMicroelectronics.X-CUBE-SUBG2.5.0.0
2023-12-11 12:22:38,892 [WARN] PackLoader:240 - Cannot read IP mode file for STMicroelectronics.X-CUBE-AZRTOS-G4.2.0.0
2023-12-11 12:22:38,955 [WARN] PackLoader:240 - Cannot read IP mode file for Infineon.AIROC-Wi-Fi-Bluetooth-STM32.1.5.1
2023-12-11 12:22:38,997 [WARN] PackLoader:240 - Cannot read IP mode file for STMicroelectronics.FP-SNS-MOTENVWB1.1.3.0
2023-12-11 12:22:39,009 [WARN] PackLoader:240 - Cannot read IP mode file for STMicroelectronics.FP-SNS-MOTENVWB1.1.3.1
2023-12-11 12:22:39,030 [WARN] PackLoader:240 - Cannot read IP mode file for STMicroelectronics.X-CUBE-ISPU.2.0.0
2023-12-11 12:22:39,156 [WARN] PackLoader:240 - Cannot read IP mode file for STMicroelectronics.X-CUBE-MEMS1.10.0.0
2023-12-11 12:22:39,465 [WARN] PackLoader:240 - Cannot read IP mode file for STMicroelectronics.X-CUBE-FREERTOS.1.1.0
2023-12-11 12:22:39,498 [WARN] PackLoader:240 - Cannot read IP mode file for portGmbH.I-Cube-SoM-uGOAL.1.1.0
2023-12-11 12:22:39,516 [WARN] PackLoader:240 - Cannot read IP mode file for STMicroelectronics.X-CUBE-ALS.1.0.1
2023-12-11 12:22:39,533 [WARN] PackLoader:240 - Cannot read IP mode file for STMicroelectronics.FP-ATR-ASTRA1.2.0.0
2023-12-11 12:22:39,567 [WARN] PackLoader:240 - Cannot read IP mode file for STMicroelectronics.X-CUBE-TOF1.3.4.0
2023-12-11 12:22:39,713 [WARN] PackLoader:240 - Cannot read IP mode file for STMicroelectronics.X-CUBE-AZRTOS-H7.3.2.0
2023-12-11 12:22:39,723 [INFO] ThirdParty:978 - Integrity check success = true
2023-12-11 12:22:39,737 [INFO] IntegrityCheckThread:100 - exiting critical section [integrity check]
2023-12-11 12:22:39,740 [INFO] IntegrityCheckThread:103 - End integrity checks thread
2023-12-11 12:22:40,981 [INFO] WebApp:161 - Instantiating new browser for Auth
2023-12-11 12:22:42,480 [INFO] WebApp:780 - Register for checkConnection events
2023-12-11 12:22:42,480 [INFO] WebApp:414 - Apply proxy settings
2023-12-11 12:22:42,481 [INFO] WebApp:499 - Chromium requires no authentication
2023-12-11 12:22:42,492 [INFO] WebApp:442 - Direct internet connection detected
2023-12-11 12:22:42,935 [INFO] WebApp:192 - Starting web application
2023-12-11 12:22:42,935 [INFO] WebApp:544 - Web application path used C:\ST\STM32CubeIDE_1.14.0\STM32CubeIDE\plugins\com.st.stm32cube.common.mx_6.10.0.202311202037\db\plugins\mcufinder\reactClient1\index.html
2023-12-11 12:23:05,166 [ERROR] LogOutputStream:75 - [STDERR_REDIRECT] SLF4J: Failed to load class "org.slf4j.impl.StaticLoggerBinder".
2023-12-11 12:23:05,171 [ERROR] LogOutputStream:75 - [STDERR_REDIRECT] SLF4J: Defaulting to no-operation (NOP) logger implementation
2023-12-11 12:23:05,174 [ERROR] LogOutputStream:75 - [STDERR_REDIRECT] SLF4J: See http://www.slf4j.org/codes.html#StaticLoggerBinder for further details.
2023-12-11 16:08:01,877 [ERROR] LogOutputStream:75 - [STDERR_REDIRECT] 
