2023-10-23 19:37:13,552 [INFO] Activator:176 - 


2023-10-23 19:37:13,578 [INFO] Activator:177 - !SESSION log4j initialized
2023-10-23 19:37:32,073 [INFO] LogOutputStream:77 - [STDOUT_REDIRECT] 
2023-10-23 19:37:35,396 [INFO] ApplicationProperties:184 - Using Application install path: C:\ST\STM32CubeIDE_1.13.2\STM32CubeIDE\plugins\com.st.stm32cube.common.mx_6.9.2.202309101412
2023-10-23 19:37:35,462 [INFO] DbMcusXml:78 - Set database path to: C:\ST\STM32CubeIDE_1.13.2\STM32CubeIDE\plugins\com.st.stm32cube.common.mx_6.9.2.202309101412\\db\/mcu/
2023-10-23 19:37:35,463 [INFO] ApiDb:274 - Set plugin database path to: C:\ST\STM32CubeIDE_1.13.2\STM32CubeIDE\plugins\com.st.stm32cube.common.mx_6.9.2.202309101412\\db\/plugins/boardmanager/
2023-10-23 19:37:35,464 [WARN] ApiDb:259 - Overriding images path with different value:  => C:\ST\STM32CubeIDE_1.13.2\STM32CubeIDE\plugins\com.st.stm32cube.common.mx_6.9.2.202309101412\\db\/plugins/mcufinder/images/
2023-10-23 19:37:35,505 [INFO] ApiDb:250 - Set database path to: C:\Users\Administrator\.stmcufinder\plugins\mcufinder//mcu/
2023-10-23 19:37:35,508 [INFO] DbMcusAds:125 - Set database path to: C:\Users\Administrator\.stmcufinder\plugins\mcufinder//mcu/
2023-10-23 19:37:35,513 [INFO] CrossReferenceDbSqlite:203 - Set database path to: C:\Users\Administrator\.stmcufinder\plugins\mcufinder//mcu/cs/
2023-10-23 19:37:35,976 [INFO] RulesReader:64 - Compatibility file has been processed (293 Rules)
2023-10-23 19:37:36,359 [INFO] DbMcusXml:78 - Set database path to: C:\ST\STM32CubeIDE_1.13.2\STM32CubeIDE\plugins\com.st.stm32cube.common.mx_6.9.2.202309101412\\db\/mcu/
2023-10-23 19:37:36,360 [INFO] ApiDb:274 - Set plugin database path to: C:\ST\STM32CubeIDE_1.13.2\STM32CubeIDE\plugins\com.st.stm32cube.common.mx_6.9.2.202309101412\\db\/plugins/boardmanager/
2023-10-23 19:37:36,360 [INFO] ApiDb:261 - Set plugin images path to: C:\ST\STM32CubeIDE_1.13.2\STM32CubeIDE\plugins\com.st.stm32cube.common.mx_6.9.2.202309101412\\db\/plugins/mcufinder/images/
2023-10-23 19:37:36,361 [WARN] DbFile:41 - Overriding database path with different value: C:\Users\Administrator\.stmcufinder\plugins\mcufinder/ => C:\Users\Administrator\.stmcufinder\plugins\mcufinder
2023-10-23 19:37:36,362 [INFO] ApiDb:250 - Set database path to: C:\Users\Administrator\.stmcufinder\plugins\mcufinder//mcu/
2023-10-23 19:37:36,363 [WARN] DbFile:41 - Overriding database path with different value: C:\Users\Administrator\.stmcufinder\plugins\mcufinder/ => C:\Users\Administrator\.stmcufinder\plugins\mcufinder
2023-10-23 19:37:36,363 [INFO] DbMcusAds:125 - Set database path to: C:\Users\Administrator\.stmcufinder\plugins\mcufinder//mcu/
2023-10-23 19:37:36,364 [WARN] DbFile:41 - Overriding database path with different value: C:\Users\Administrator\.stmcufinder\plugins\mcufinder/ => C:\Users\Administrator\.stmcufinder\plugins\mcufinder
2023-10-23 19:37:36,365 [WARN] DbFile:41 - Overriding database path with different value: C:\Users\Administrator\.stmcufinder\plugins\mcufinder/ => C:\Users\Administrator\.stmcufinder\plugins\mcufinder
2023-10-23 19:37:36,365 [INFO] CrossReferenceDbSqlite:203 - Set database path to: C:\Users\Administrator\.stmcufinder\plugins\mcufinder//mcu/cs/
2023-10-23 19:37:36,455 [ERROR] ConfigurationRetriever:142 - IOException on connection: Connect timed out
2023-10-23 19:37:36,791 [INFO] MainPanel:262 - HeapMemory: 268435456
2023-10-23 19:37:37,332 [INFO] DbMcusXml:78 - Set database path to: C:\ST\STM32CubeIDE_1.13.2\STM32CubeIDE\plugins\com.st.stm32cube.common.mx_6.9.2.202309101412\\db\/mcu/
2023-10-23 19:37:37,333 [INFO] ApiDb:274 - Set plugin database path to: C:\ST\STM32CubeIDE_1.13.2\STM32CubeIDE\plugins\com.st.stm32cube.common.mx_6.9.2.202309101412\\db\/plugins/boardmanager/
2023-10-23 19:37:37,334 [INFO] ApiDb:261 - Set plugin images path to: C:\ST\STM32CubeIDE_1.13.2\STM32CubeIDE\plugins\com.st.stm32cube.common.mx_6.9.2.202309101412\\db\/plugins/mcufinder/images/
2023-10-23 19:37:37,336 [WARN] DbFile:41 - Overriding database path with different value: C:\Users\Administrator\.stmcufinder\plugins\mcufinder/ => C:\Users\Administrator\.stmcufinder\plugins\mcufinder
2023-10-23 19:37:37,336 [INFO] ApiDb:250 - Set database path to: C:\Users\Administrator\.stmcufinder\plugins\mcufinder//mcu/
2023-10-23 19:37:37,337 [WARN] DbFile:41 - Overriding database path with different value: C:\Users\Administrator\.stmcufinder\plugins\mcufinder/ => C:\Users\Administrator\.stmcufinder\plugins\mcufinder
2023-10-23 19:37:37,338 [INFO] DbMcusAds:125 - Set database path to: C:\Users\Administrator\.stmcufinder\plugins\mcufinder//mcu/
2023-10-23 19:37:37,338 [WARN] DbFile:41 - Overriding database path with different value: C:\Users\Administrator\.stmcufinder\plugins\mcufinder/ => C:\Users\Administrator\.stmcufinder\plugins\mcufinder
2023-10-23 19:37:37,339 [WARN] DbFile:41 - Overriding database path with different value: C:\Users\Administrator\.stmcufinder\plugins\mcufinder/ => C:\Users\Administrator\.stmcufinder\plugins\mcufinder
2023-10-23 19:37:37,339 [INFO] CrossReferenceDbSqlite:203 - Set database path to: C:\Users\Administrator\.stmcufinder\plugins\mcufinder//mcu/cs/
2023-10-23 19:37:37,425 [INFO] ApplicationProperties:184 - Using Application install path: C:\ST\STM32CubeIDE_1.13.2\STM32CubeIDE\plugins\com.st.stm32cube.common.mx_6.9.2.202309101412
2023-10-23 19:37:37,430 [INFO] PluginManage:196 - Search for loadable plugins [exclusion list=, ]
2023-10-23 19:37:37,436 [INFO] PluginManage:310 - Check plugin analytics
2023-10-23 19:37:38,048 [INFO] AnalyticsPlugin:253 - Accepted Software Licenses: 
2023-10-23 19:37:38,049 [INFO] AnalyticsPlugin:255 - Accepted CMSIS Pack Licenses: 
2023-10-23 19:37:38,049 [INFO] AnalyticsPlugin:257 - Accepted Firmware Licenses: 
2023-10-23 19:37:38,055 [INFO] PluginManage:359 - Loaded plugin analytics (category:tool,tabindex:-1)
2023-10-23 19:37:38,056 [INFO] PluginManage:310 - Check plugin cadmodel
2023-10-23 19:37:38,082 [INFO] CADModel:105 - Init CAD model plugin
2023-10-23 19:37:38,083 [INFO] PluginManage:359 - Loaded plugin cadmodel (category:power,tabindex:5)
2023-10-23 19:37:38,083 [INFO] PluginManage:310 - Check plugin clock
2023-10-23 19:37:38,120 [INFO] PluginManage:359 - Loaded plugin clock (category:base,tabindex:2)
2023-10-23 19:37:38,121 [INFO] PluginManage:310 - Check plugin ddr
2023-10-23 19:37:38,127 [INFO] PluginManage:359 - Loaded plugin ddr (category:tool,tabindex:6)
2023-10-23 19:37:38,128 [INFO] PluginManage:310 - Check plugin filemanager
2023-10-23 19:37:38,378 [INFO] PluginManage:359 - Loaded plugin filemanager (category:base,tabindex:10)
2023-10-23 19:37:38,378 [INFO] PluginManage:310 - Check plugin ipmanager
2023-10-23 19:37:38,415 [INFO] PluginManage:359 - Loaded plugin ipmanager (category:base,tabindex:5)
2023-10-23 19:37:38,415 [INFO] PluginManage:310 - Check plugin lpbam
2023-10-23 19:37:38,459 [ERROR] ConfigurationRetriever:142 - IOException on connection: Connect timed out
2023-10-23 19:37:38,475 [INFO] PluginManage:359 - Loaded plugin lpbam (category:base,tabindex:0)
2023-10-23 19:37:38,476 [INFO] PluginManage:310 - Check plugin memorymap
2023-10-23 19:37:38,602 [INFO] PluginManage:359 - Loaded plugin memorymap (category:base,tabindex:4)
2023-10-23 19:37:38,603 [INFO] PluginManage:310 - Check plugin pinoutandconfiguration
2023-10-23 19:37:38,671 [INFO] PluginManage:359 - Loaded plugin pinoutandconfiguration (category:base,tabindex:1)
2023-10-23 19:37:38,671 [INFO] PluginManage:310 - Check plugin pinoutconfig
2023-10-23 19:37:38,984 [WARN] SupportedApi:132 - Cannot load RTOS API schema: s4s-elt-must-match.1: The content of 'definitions' must match (annotation?, (simpleType | complexType)?, (unique | key | keyref)*)). A problem was found starting at: attribute.
2023-10-23 19:37:39,394 [INFO] PluginManage:359 - Loaded plugin pinoutconfig (category:base,tabindex:0)
2023-10-23 19:37:39,395 [INFO] PluginManage:310 - Check plugin power
2023-10-23 19:37:39,454 [INFO] PluginManage:359 - Loaded plugin power (category:power,tabindex:4)
2023-10-23 19:37:39,455 [INFO] PluginManage:310 - Check plugin projectmanager
2023-10-23 19:37:39,497 [INFO] PluginManage:359 - Loaded plugin projectmanager (category:projectmanager,tabindex:3)
2023-10-23 19:37:39,497 [INFO] PluginManage:310 - Check plugin thirdparty
2023-10-23 19:37:40,137 [INFO] PluginManage:359 - Loaded plugin thirdparty (category:base,tabindex:-1)
2023-10-23 19:37:40,137 [WARN] IntegrityCheckThread:84 - waiting for thirdparty lock release [integrity check]
2023-10-23 19:37:40,137 [INFO] PluginManage:310 - Check plugin tools
2023-10-23 19:37:40,138 [INFO] IntegrityCheckThread:86 - entering critical section [integrity check]
2023-10-23 19:37:40,139 [INFO] ThirdPartyUpdaterWithRetryManager:70 - Updater plugin not ready yet. [1/15]
2023-10-23 19:37:40,198 [INFO] PluginManage:359 - Loaded plugin tools (category:base,tabindex:7)
2023-10-23 19:37:40,199 [INFO] PluginManage:310 - Check plugin tutovideos
2023-10-23 19:37:40,461 [ERROR] ConfigurationRetriever:142 - IOException on connection: Connect timed out
2023-10-23 19:37:40,820 [INFO] PluginManage:359 - Loaded plugin tutovideos (category:base,tabindex:-1)
2023-10-23 19:37:40,820 [INFO] PluginManage:310 - Check plugin updater
2023-10-23 19:37:40,847 [INFO] PluginManage:359 - Loaded plugin updater (category:base,tabindex:12)
2023-10-23 19:37:40,848 [INFO] PluginManage:310 - Check plugin userauth
2023-10-23 19:37:40,861 [INFO] UserAuth:113 - Init User Auth plugin
2023-10-23 19:37:40,861 [INFO] PluginManage:359 - Loaded plugin userauth (category:base,tabindex:14)
2023-10-23 19:37:40,862 [INFO] PluginManage:283 - PluginManage : Loaded plugins [17]
2023-10-23 19:37:41,636 [INFO] PinOutPanel:1499 - setPackage(No Configuration,No Configuration)
2023-10-23 19:37:41,931 [INFO] CADModel:165 - CPN selected for project level
2023-10-23 19:37:41,932 [INFO] CADModel:114 - Register for checkConnection events
2023-10-23 19:37:41,988 [INFO] IPUIPlugin:80 - create IPUIPlugin
2023-10-23 19:37:41,989 [INFO] PluginManager:220 - loadIPPluginJar : add adc
2023-10-23 19:37:42,067 [INFO] IPUIPlugin:80 - create IPUIPlugin
2023-10-23 19:37:42,067 [INFO] PluginManager:220 - loadIPPluginJar : add aes
2023-10-23 19:37:42,198 [INFO] IPUIPlugin:80 - create IPUIPlugin
2023-10-23 19:37:42,198 [INFO] PluginManager:220 - loadIPPluginJar : add can
2023-10-23 19:37:42,277 [INFO] IPUIPlugin:80 - create IPUIPlugin
2023-10-23 19:37:42,277 [INFO] PluginManager:220 - loadIPPluginJar : add comp
2023-10-23 19:37:42,458 [INFO] IPUIPlugin:80 - create IPUIPlugin
2023-10-23 19:37:42,458 [INFO] PluginManager:220 - loadIPPluginJar : add cryp
2023-10-23 19:37:42,553 [INFO] IPUIPlugin:80 - create IPUIPlugin
2023-10-23 19:37:42,553 [INFO] PluginManager:220 - loadIPPluginJar : add dfsdm
2023-10-23 19:37:42,587 [INFO] IPUIPlugin:80 - create IPUIPlugin
2023-10-23 19:37:42,588 [INFO] PluginManager:220 - loadIPPluginJar : add dma
2023-10-23 19:37:42,666 [INFO] IPUIPlugin:80 - create IPUIPlugin
2023-10-23 19:37:42,666 [INFO] PluginManager:220 - loadIPPluginJar : add dma3
2023-10-23 19:37:42,709 [INFO] IPUIPlugin:80 - create IPUIPlugin
2023-10-23 19:37:42,709 [INFO] PluginManager:220 - loadIPPluginJar : add fatfs
2023-10-23 19:37:42,800 [INFO] IPUIPlugin:80 - create IPUIPlugin
2023-10-23 19:37:42,801 [INFO] PluginManager:220 - loadIPPluginJar : add fmc
2023-10-23 19:37:42,825 [INFO] IPUIPlugin:80 - create IPUIPlugin
2023-10-23 19:37:42,826 [INFO] PluginManager:220 - loadIPPluginJar : add freertos
2023-10-23 19:37:42,861 [INFO] IPUIPlugin:80 - create IPUIPlugin
2023-10-23 19:37:42,861 [INFO] PluginManager:220 - loadIPPluginJar : add genericplugin
2023-10-23 19:37:43,055 [ERROR] ConfigurationRetriever:142 - IOException on connection: Connect timed out
2023-10-23 19:37:43,071 [INFO] IPUIPlugin:80 - create IPUIPlugin
2023-10-23 19:37:43,073 [INFO] PluginManager:220 - loadIPPluginJar : add gfxmmu
2023-10-23 19:37:43,146 [INFO] ThirdPartyUpdaterWithRetryManager:70 - Updater plugin not ready yet. [2/15]
2023-10-23 19:37:43,472 [INFO] IPUIPlugin:80 - create IPUIPlugin
2023-10-23 19:37:43,473 [INFO] PluginManager:220 - loadIPPluginJar : add gic
2023-10-23 19:37:43,502 [INFO] IPUIPlugin:80 - create IPUIPlugin
2023-10-23 19:37:43,502 [INFO] PluginManager:220 - loadIPPluginJar : add gpio
2023-10-23 19:37:43,960 [INFO] IPUIPlugin:80 - create IPUIPlugin
2023-10-23 19:37:43,960 [INFO] PluginManager:220 - loadIPPluginJar : add gtzc
2023-10-23 19:37:44,036 [INFO] IPUIPlugin:80 - create IPUIPlugin
2023-10-23 19:37:44,036 [INFO] PluginManager:220 - loadIPPluginJar : add hash
2023-10-23 19:37:44,237 [INFO] IPUIPlugin:80 - create IPUIPlugin
2023-10-23 19:37:44,239 [INFO] PluginManager:220 - loadIPPluginJar : add i2c
2023-10-23 19:37:44,458 [INFO] IPUIPlugin:80 - create IPUIPlugin
2023-10-23 19:37:44,458 [INFO] PluginManager:220 - loadIPPluginJar : add i2s
2023-10-23 19:37:44,566 [INFO] IPUIPlugin:80 - create IPUIPlugin
2023-10-23 19:37:44,566 [INFO] PluginManager:220 - loadIPPluginJar : add i3c
2023-10-23 19:37:44,916 [INFO] IPUIPlugin:80 - create IPUIPlugin
2023-10-23 19:37:44,918 [INFO] PluginManager:220 - loadIPPluginJar : add ipddr
2023-10-23 19:37:45,360 [INFO] IPUIPlugin:80 - create IPUIPlugin
2023-10-23 19:37:45,360 [INFO] PluginManager:220 - loadIPPluginJar : add linkedlist
2023-10-23 19:37:45,490 [INFO] IPUIPlugin:80 - create IPUIPlugin
2023-10-23 19:37:45,490 [INFO] PluginManager:220 - loadIPPluginJar : add lorawan
2023-10-23 19:37:45,629 [INFO] IPUIPlugin:80 - create IPUIPlugin
2023-10-23 19:37:45,629 [INFO] PluginManager:220 - loadIPPluginJar : add ltdc
2023-10-23 19:37:45,689 [INFO] IPUIPlugin:80 - create IPUIPlugin
2023-10-23 19:37:45,690 [INFO] PluginManager:220 - loadIPPluginJar : add mdma
2023-10-23 19:37:45,723 [INFO] IPUIPlugin:80 - create IPUIPlugin
2023-10-23 19:37:45,723 [INFO] PluginManager:220 - loadIPPluginJar : add nvic
2023-10-23 19:37:45,824 [INFO] IPUIPlugin:80 - create IPUIPlugin
2023-10-23 19:37:45,824 [INFO] PluginManager:220 - loadIPPluginJar : add opamp
2023-10-23 19:37:45,961 [INFO] IPUIPlugin:80 - create IPUIPlugin
2023-10-23 19:37:45,961 [INFO] PluginManager:220 - loadIPPluginJar : add openamp
2023-10-23 19:37:46,085 [INFO] IPUIPlugin:80 - create IPUIPlugin
2023-10-23 19:37:46,085 [INFO] PluginManager:220 - loadIPPluginJar : add pdm2pcm
2023-10-23 19:37:46,118 [INFO] IPUIPlugin:80 - create IPUIPlugin
2023-10-23 19:37:46,126 [INFO] PluginManager:220 - loadIPPluginJar : add plateformsettings
2023-10-23 19:37:46,151 [INFO] ThirdPartyUpdaterWithRetryManager:70 - Updater plugin not ready yet. [3/15]
2023-10-23 19:37:46,167 [INFO] IPUIPlugin:80 - create IPUIPlugin
2023-10-23 19:37:46,172 [INFO] PluginManager:220 - loadIPPluginJar : add quadspi
2023-10-23 19:37:46,200 [INFO] IPUIPlugin:80 - create IPUIPlugin
2023-10-23 19:37:46,200 [INFO] PluginManager:220 - loadIPPluginJar : add resmgrutility
2023-10-23 19:37:46,325 [INFO] IPUIPlugin:80 - create IPUIPlugin
2023-10-23 19:37:46,325 [INFO] PluginManager:220 - loadIPPluginJar : add sai
2023-10-23 19:37:46,422 [INFO] IPUIPlugin:80 - create IPUIPlugin
2023-10-23 19:37:46,422 [INFO] PluginManager:220 - loadIPPluginJar : add spi
2023-10-23 19:37:46,588 [INFO] IPUIPlugin:80 - create IPUIPlugin
2023-10-23 19:37:46,588 [INFO] PluginManager:220 - loadIPPluginJar : add stm32_wpan
2023-10-23 19:37:46,631 [INFO] IPUIPlugin:80 - create IPUIPlugin
2023-10-23 19:37:46,631 [INFO] PluginManager:220 - loadIPPluginJar : add tim
2023-10-23 19:37:46,784 [INFO] IPUIPlugin:80 - create IPUIPlugin
2023-10-23 19:37:46,784 [INFO] PluginManager:220 - loadIPPluginJar : add touchsensing
2023-10-23 19:37:46,853 [INFO] IPUIPlugin:80 - create IPUIPlugin
2023-10-23 19:37:46,854 [INFO] PluginManager:220 - loadIPPluginJar : add tracer_emb
2023-10-23 19:37:46,909 [INFO] IPUIPlugin:80 - create IPUIPlugin
2023-10-23 19:37:46,909 [INFO] PluginManager:220 - loadIPPluginJar : add ts
2023-10-23 19:37:46,949 [INFO] IPUIPlugin:80 - create IPUIPlugin
2023-10-23 19:37:46,949 [INFO] PluginManager:220 - loadIPPluginJar : add tsc
2023-10-23 19:37:47,000 [INFO] IPUIPlugin:80 - create IPUIPlugin
2023-10-23 19:37:47,006 [INFO] PluginManager:220 - loadIPPluginJar : add ucpd
2023-10-23 19:37:47,125 [INFO] IPUIPlugin:80 - create IPUIPlugin
2023-10-23 19:37:47,125 [INFO] PluginManager:220 - loadIPPluginJar : add usart
2023-10-23 19:37:47,228 [INFO] IPUIPlugin:80 - create IPUIPlugin
2023-10-23 19:37:47,228 [INFO] PluginManager:220 - loadIPPluginJar : add usbx
2023-10-23 19:37:47,498 [INFO] CADModel:165 - CPN selected for project level
2023-10-23 19:37:47,503 [INFO] CADModel:114 - Register for checkConnection events
2023-10-23 19:37:47,503 [FATAL] Updater:308 - Updater called before beeing initialized
2023-10-23 19:37:47,504 [ERROR] CADModel:125 - Updater not yet initialized, retry later 
2023-10-23 19:37:47,893 [INFO] CADModel:165 - CPN selected for project level
2023-10-23 19:37:47,895 [INFO] CADModel:114 - Register for checkConnection events
2023-10-23 19:37:47,895 [FATAL] Updater:308 - Updater called before beeing initialized
2023-10-23 19:37:47,895 [ERROR] CADModel:125 - Updater not yet initialized, retry later 
2023-10-23 19:37:47,914 [FATAL] Updater:308 - Updater called before beeing initialized
2023-10-23 19:37:48,062 [ERROR] ConfigurationRetriever:142 - IOException on connection: Connect timed out
2023-10-23 19:37:48,163 [FATAL] Updater:308 - Updater called before beeing initialized
2023-10-23 19:37:48,191 [INFO] DbMcusAds:53 - JSON generation date=Thu Sep 30 12:25:09 IST 2021 (1632984909247)
2023-10-23 19:37:48,191 [FATAL] Updater:308 - Updater called before beeing initialized
2023-10-23 19:37:48,466 [WARN] DetailPanel:346 - Failed to get advertising image, set to default
2023-10-23 19:37:48,827 [FATAL] Updater:308 - Updater called before beeing initialized
2023-10-23 19:37:48,827 [FATAL] Updater:308 - Updater called before beeing initialized
2023-10-23 19:37:48,827 [FATAL] Updater:308 - Updater called before beeing initialized
2023-10-23 19:37:48,827 [WARN] DetailPanel:346 - Failed to get advertising image, set to default
2023-10-23 19:37:48,834 [FATAL] Updater:308 - Updater called before beeing initialized
2023-10-23 19:37:49,008 [ERROR] Updater:1120 - MainUpdater not yet initialized. External WinMGr cannot be set.
2023-10-23 19:37:49,030 [INFO] Updater:1056 - Updater Version found : 6.9.2
2023-10-23 19:37:49,132 [INFO] ApplicationProperties:184 - Using Application install path: C:\ST\STM32CubeIDE_1.13.2\STM32CubeIDE\plugins\com.st.stm32cube.common.mx_6.9.2.202309101412
2023-10-23 19:37:49,163 [INFO] ThirdPartyUpdaterWithRetryManager:70 - Updater plugin not ready yet. [4/15]
2023-10-23 19:37:51,509 [WARN] ServerAccessManage:1168 - Warning during Server Connection :  timeout Connect timed out
2023-10-23 19:37:52,166 [FATAL] Updater:308 - Updater called before beeing initialized
2023-10-23 19:37:52,168 [ERROR] IntegrityCheckThread:130 - Cannot retrieve database content from updater: error 21
2023-10-23 19:37:52,169 [INFO] ThirdParty:978 - Integrity check success = false
2023-10-23 19:37:52,169 [INFO] IntegrityCheckThread:100 - exiting critical section [integrity check]
2023-10-23 19:37:52,171 [INFO] IntegrityCheckThread:103 - End integrity checks thread
2023-10-23 19:37:53,075 [ERROR] ConfigurationRetriever:142 - IOException on connection: Connect timed out
2023-10-23 19:37:53,525 [WARN] ServerAccessManage:1168 - Warning during Server Connection :  timeout Connect timed out
2023-10-23 19:37:53,540 [INFO] MainUpdater:2868 - connection check result : 22
2023-10-23 19:37:53,542 [INFO] MainUpdater:285 - Updater Check For Update Now.
2023-10-23 19:37:53,542 [INFO] MicroXplorer:498 - Change Database Version : DB.6.0.92
2023-10-23 19:37:53,582 [INFO] McuFinderGlobals:63 - Set McuFinder mode to 2 (CubeIDE integrated)
2023-10-23 19:37:53,582 [INFO] UserAuth:179 - activating auth plugin
2023-10-23 19:37:53,598 [INFO] UserAuth:393 - Internet connection configuration mode: 2
2023-10-23 19:37:54,085 [INFO] CheckServerUpdateThread:120 - End of CheckServer Thread
2023-10-23 19:38:15,839 [ERROR] LogOutputStream:75 - [STDERR_REDIRECT] SLF4J: Failed to load class "org.slf4j.impl.StaticLoggerBinder".
2023-10-23 19:38:15,839 [ERROR] LogOutputStream:75 - [STDERR_REDIRECT] SLF4J: Defaulting to no-operation (NOP) logger implementation
2023-10-23 19:38:15,839 [ERROR] LogOutputStream:75 - [STDERR_REDIRECT] SLF4J: See http://www.slf4j.org/codes.html#StaticLoggerBinder for further details.
2023-10-23 20:07:17,063 [ERROR] ConfigurationRetriever:142 - IOException on connection: Connect timed out
2023-10-23 20:07:19,065 [ERROR] ConfigurationRetriever:142 - IOException on connection: Connect timed out
2023-10-23 20:07:21,067 [ERROR] ConfigurationRetriever:142 - IOException on connection: Connect timed out
