2023-11-05 16:25:07,249 [INFO] Activator:176 - 


2023-11-05 16:25:07,258 [INFO] Activator:177 - !SESSION log4j initialized
2023-11-05 16:25:16,470 [INFO] LogOutputStream:77 - [STDOUT_REDIRECT] 
2023-11-05 16:25:16,809 [ERROR] ConfigurationRetriever:142 - IOException on connection: sw-center.st.com
2023-11-05 16:25:16,810 [ERROR] ConfigurationRetriever:142 - IOException on connection: sw-center.st.com
2023-11-05 16:25:16,811 [ERROR] ConfigurationRetriever:142 - IOException on connection: sw-center.st.com
2023-11-05 16:25:20,017 [INFO] ApplicationProperties:184 - Using Application install path: C:\ST\STM32CubeIDE_1.13.2\STM32CubeIDE\plugins\com.st.stm32cube.common.mx_6.9.2.202309101412
2023-11-05 16:25:20,040 [INFO] DbMcusXml:78 - Set database path to: C:\ST\STM32CubeIDE_1.13.2\STM32CubeIDE\plugins\com.st.stm32cube.common.mx_6.9.2.202309101412\\db\/mcu/
2023-11-05 16:25:20,041 [INFO] ApiDb:274 - Set plugin database path to: C:\ST\STM32CubeIDE_1.13.2\STM32CubeIDE\plugins\com.st.stm32cube.common.mx_6.9.2.202309101412\\db\/plugins/boardmanager/
2023-11-05 16:25:20,041 [WARN] ApiDb:259 - Overriding images path with different value:  => C:\ST\STM32CubeIDE_1.13.2\STM32CubeIDE\plugins\com.st.stm32cube.common.mx_6.9.2.202309101412\\db\/plugins/mcufinder/images/
2023-11-05 16:25:20,061 [INFO] ApiDb:250 - Set database path to: C:\Users\Administrator\.stmcufinder\plugins\mcufinder//mcu/
2023-11-05 16:25:20,063 [INFO] DbMcusAds:125 - Set database path to: C:\Users\Administrator\.stmcufinder\plugins\mcufinder//mcu/
2023-11-05 16:25:20,065 [INFO] CrossReferenceDbSqlite:203 - Set database path to: C:\Users\Administrator\.stmcufinder\plugins\mcufinder//mcu/cs/
2023-11-05 16:25:20,233 [INFO] RulesReader:64 - Compatibility file has been processed (293 Rules)
2023-11-05 16:25:20,334 [INFO] DbMcusXml:78 - Set database path to: C:\ST\STM32CubeIDE_1.13.2\STM32CubeIDE\plugins\com.st.stm32cube.common.mx_6.9.2.202309101412\\db\/mcu/
2023-11-05 16:25:20,334 [INFO] ApiDb:274 - Set plugin database path to: C:\ST\STM32CubeIDE_1.13.2\STM32CubeIDE\plugins\com.st.stm32cube.common.mx_6.9.2.202309101412\\db\/plugins/boardmanager/
2023-11-05 16:25:20,334 [INFO] ApiDb:261 - Set plugin images path to: C:\ST\STM32CubeIDE_1.13.2\STM32CubeIDE\plugins\com.st.stm32cube.common.mx_6.9.2.202309101412\\db\/plugins/mcufinder/images/
2023-11-05 16:25:20,334 [WARN] DbFile:41 - Overriding database path with different value: C:\Users\Administrator\.stmcufinder\plugins\mcufinder/ => C:\Users\Administrator\.stmcufinder\plugins\mcufinder
2023-11-05 16:25:20,334 [INFO] ApiDb:250 - Set database path to: C:\Users\Administrator\.stmcufinder\plugins\mcufinder//mcu/
2023-11-05 16:25:20,334 [WARN] DbFile:41 - Overriding database path with different value: C:\Users\Administrator\.stmcufinder\plugins\mcufinder/ => C:\Users\Administrator\.stmcufinder\plugins\mcufinder
2023-11-05 16:25:20,334 [INFO] DbMcusAds:125 - Set database path to: C:\Users\Administrator\.stmcufinder\plugins\mcufinder//mcu/
2023-11-05 16:25:20,336 [WARN] DbFile:41 - Overriding database path with different value: C:\Users\Administrator\.stmcufinder\plugins\mcufinder/ => C:\Users\Administrator\.stmcufinder\plugins\mcufinder
2023-11-05 16:25:20,336 [WARN] DbFile:41 - Overriding database path with different value: C:\Users\Administrator\.stmcufinder\plugins\mcufinder/ => C:\Users\Administrator\.stmcufinder\plugins\mcufinder
2023-11-05 16:25:20,336 [INFO] CrossReferenceDbSqlite:203 - Set database path to: C:\Users\Administrator\.stmcufinder\plugins\mcufinder//mcu/cs/
2023-11-05 16:25:20,435 [INFO] MainPanel:262 - HeapMemory: 268435456
2023-11-05 16:25:20,614 [INFO] DbMcusXml:78 - Set database path to: C:\ST\STM32CubeIDE_1.13.2\STM32CubeIDE\plugins\com.st.stm32cube.common.mx_6.9.2.202309101412\\db\/mcu/
2023-11-05 16:25:20,614 [INFO] ApiDb:274 - Set plugin database path to: C:\ST\STM32CubeIDE_1.13.2\STM32CubeIDE\plugins\com.st.stm32cube.common.mx_6.9.2.202309101412\\db\/plugins/boardmanager/
2023-11-05 16:25:20,615 [INFO] ApiDb:261 - Set plugin images path to: C:\ST\STM32CubeIDE_1.13.2\STM32CubeIDE\plugins\com.st.stm32cube.common.mx_6.9.2.202309101412\\db\/plugins/mcufinder/images/
2023-11-05 16:25:20,616 [WARN] DbFile:41 - Overriding database path with different value: C:\Users\Administrator\.stmcufinder\plugins\mcufinder/ => C:\Users\Administrator\.stmcufinder\plugins\mcufinder
2023-11-05 16:25:20,616 [INFO] ApiDb:250 - Set database path to: C:\Users\Administrator\.stmcufinder\plugins\mcufinder//mcu/
2023-11-05 16:25:20,616 [WARN] DbFile:41 - Overriding database path with different value: C:\Users\Administrator\.stmcufinder\plugins\mcufinder/ => C:\Users\Administrator\.stmcufinder\plugins\mcufinder
2023-11-05 16:25:20,616 [INFO] DbMcusAds:125 - Set database path to: C:\Users\Administrator\.stmcufinder\plugins\mcufinder//mcu/
2023-11-05 16:25:20,617 [WARN] DbFile:41 - Overriding database path with different value: C:\Users\Administrator\.stmcufinder\plugins\mcufinder/ => C:\Users\Administrator\.stmcufinder\plugins\mcufinder
2023-11-05 16:25:20,617 [WARN] DbFile:41 - Overriding database path with different value: C:\Users\Administrator\.stmcufinder\plugins\mcufinder/ => C:\Users\Administrator\.stmcufinder\plugins\mcufinder
2023-11-05 16:25:20,617 [INFO] CrossReferenceDbSqlite:203 - Set database path to: C:\Users\Administrator\.stmcufinder\plugins\mcufinder//mcu/cs/
2023-11-05 16:25:20,658 [INFO] ApplicationProperties:184 - Using Application install path: C:\ST\STM32CubeIDE_1.13.2\STM32CubeIDE\plugins\com.st.stm32cube.common.mx_6.9.2.202309101412
2023-11-05 16:25:20,660 [INFO] PluginManage:196 - Search for loadable plugins [exclusion list=, ]
2023-11-05 16:25:20,663 [INFO] PluginManage:310 - Check plugin analytics
2023-11-05 16:25:21,036 [INFO] AnalyticsPlugin:253 - Accepted Software Licenses: 
2023-11-05 16:25:21,037 [INFO] AnalyticsPlugin:255 - Accepted CMSIS Pack Licenses: 
2023-11-05 16:25:21,037 [INFO] AnalyticsPlugin:257 - Accepted Firmware Licenses: 
2023-11-05 16:25:21,044 [INFO] PluginManage:359 - Loaded plugin analytics (category:tool,tabindex:-1)
2023-11-05 16:25:21,044 [ERROR] ConfigurationRetriever:142 - IOException on connection: sw-center.st.com
2023-11-05 16:25:21,046 [INFO] PluginManage:310 - Check plugin cadmodel
2023-11-05 16:25:21,046 [ERROR] ConfigurationRetriever:142 - IOException on connection: sw-center.st.com
2023-11-05 16:25:21,047 [ERROR] ConfigurationRetriever:142 - IOException on connection: sw-center.st.com
2023-11-05 16:25:21,080 [INFO] CADModel:105 - Init CAD model plugin
2023-11-05 16:25:21,081 [INFO] PluginManage:359 - Loaded plugin cadmodel (category:power,tabindex:5)
2023-11-05 16:25:21,081 [INFO] PluginManage:310 - Check plugin clock
2023-11-05 16:25:21,133 [INFO] PluginManage:359 - Loaded plugin clock (category:base,tabindex:2)
2023-11-05 16:25:21,134 [INFO] PluginManage:310 - Check plugin ddr
2023-11-05 16:25:21,140 [INFO] PluginManage:359 - Loaded plugin ddr (category:tool,tabindex:6)
2023-11-05 16:25:21,141 [INFO] PluginManage:310 - Check plugin filemanager
2023-11-05 16:25:21,481 [INFO] PluginManage:359 - Loaded plugin filemanager (category:base,tabindex:10)
2023-11-05 16:25:21,481 [INFO] PluginManage:310 - Check plugin ipmanager
2023-11-05 16:25:21,500 [INFO] PluginManage:359 - Loaded plugin ipmanager (category:base,tabindex:5)
2023-11-05 16:25:21,501 [INFO] PluginManage:310 - Check plugin lpbam
2023-11-05 16:25:21,544 [INFO] PluginManage:359 - Loaded plugin lpbam (category:base,tabindex:0)
2023-11-05 16:25:21,544 [INFO] PluginManage:310 - Check plugin memorymap
2023-11-05 16:25:21,593 [INFO] PluginManage:359 - Loaded plugin memorymap (category:base,tabindex:4)
2023-11-05 16:25:21,593 [INFO] PluginManage:310 - Check plugin pinoutandconfiguration
2023-11-05 16:25:21,629 [INFO] PluginManage:359 - Loaded plugin pinoutandconfiguration (category:base,tabindex:1)
2023-11-05 16:25:21,629 [INFO] PluginManage:310 - Check plugin pinoutconfig
2023-11-05 16:25:21,824 [WARN] SupportedApi:132 - Cannot load RTOS API schema: s4s-elt-must-match.1: The content of 'definitions' must match (annotation?, (simpleType | complexType)?, (unique | key | keyref)*)). A problem was found starting at: attribute.
2023-11-05 16:25:22,069 [INFO] PluginManage:359 - Loaded plugin pinoutconfig (category:base,tabindex:0)
2023-11-05 16:25:22,070 [INFO] PluginManage:310 - Check plugin power
2023-11-05 16:25:22,094 [INFO] PluginManage:359 - Loaded plugin power (category:power,tabindex:4)
2023-11-05 16:25:22,094 [INFO] PluginManage:310 - Check plugin projectmanager
2023-11-05 16:25:22,112 [INFO] PluginManage:359 - Loaded plugin projectmanager (category:projectmanager,tabindex:3)
2023-11-05 16:25:22,112 [INFO] PluginManage:310 - Check plugin thirdparty
2023-11-05 16:25:22,395 [INFO] PluginManage:359 - Loaded plugin thirdparty (category:base,tabindex:-1)
2023-11-05 16:25:22,395 [WARN] IntegrityCheckThread:84 - waiting for thirdparty lock release [integrity check]
2023-11-05 16:25:22,395 [INFO] PluginManage:310 - Check plugin tools
2023-11-05 16:25:22,396 [INFO] IntegrityCheckThread:86 - entering critical section [integrity check]
2023-11-05 16:25:22,396 [INFO] ThirdPartyUpdaterWithRetryManager:70 - Updater plugin not ready yet. [1/15]
2023-11-05 16:25:22,429 [INFO] PluginManage:359 - Loaded plugin tools (category:base,tabindex:7)
2023-11-05 16:25:22,429 [INFO] PluginManage:310 - Check plugin tutovideos
2023-11-05 16:25:22,666 [INFO] PluginManage:359 - Loaded plugin tutovideos (category:base,tabindex:-1)
2023-11-05 16:25:22,667 [INFO] PluginManage:310 - Check plugin updater
2023-11-05 16:25:22,680 [INFO] PluginManage:359 - Loaded plugin updater (category:base,tabindex:12)
2023-11-05 16:25:22,680 [INFO] PluginManage:310 - Check plugin userauth
2023-11-05 16:25:22,687 [INFO] UserAuth:113 - Init User Auth plugin
2023-11-05 16:25:22,687 [INFO] PluginManage:359 - Loaded plugin userauth (category:base,tabindex:14)
2023-11-05 16:25:22,688 [INFO] PluginManage:283 - PluginManage : Loaded plugins [17]
2023-11-05 16:25:22,966 [INFO] PinOutPanel:1499 - setPackage(No Configuration,No Configuration)
2023-11-05 16:25:23,083 [INFO] CADModel:165 - CPN selected for project level
2023-11-05 16:25:23,083 [INFO] CADModel:114 - Register for checkConnection events
2023-11-05 16:25:23,113 [INFO] IPUIPlugin:80 - create IPUIPlugin
2023-11-05 16:25:23,113 [INFO] PluginManager:220 - loadIPPluginJar : add adc
2023-11-05 16:25:23,145 [INFO] IPUIPlugin:80 - create IPUIPlugin
2023-11-05 16:25:23,145 [INFO] PluginManager:220 - loadIPPluginJar : add aes
2023-11-05 16:25:23,183 [INFO] IPUIPlugin:80 - create IPUIPlugin
2023-11-05 16:25:23,184 [INFO] PluginManager:220 - loadIPPluginJar : add can
2023-11-05 16:25:23,203 [INFO] IPUIPlugin:80 - create IPUIPlugin
2023-11-05 16:25:23,203 [INFO] PluginManager:220 - loadIPPluginJar : add comp
2023-11-05 16:25:23,237 [INFO] IPUIPlugin:80 - create IPUIPlugin
2023-11-05 16:25:23,238 [INFO] PluginManager:220 - loadIPPluginJar : add cryp
2023-11-05 16:25:23,265 [INFO] IPUIPlugin:80 - create IPUIPlugin
2023-11-05 16:25:23,265 [INFO] PluginManager:220 - loadIPPluginJar : add dfsdm
2023-11-05 16:25:23,279 [INFO] IPUIPlugin:80 - create IPUIPlugin
2023-11-05 16:25:23,279 [INFO] PluginManager:220 - loadIPPluginJar : add dma
2023-11-05 16:25:23,318 [INFO] IPUIPlugin:80 - create IPUIPlugin
2023-11-05 16:25:23,318 [INFO] PluginManager:220 - loadIPPluginJar : add dma3
2023-11-05 16:25:23,336 [INFO] IPUIPlugin:80 - create IPUIPlugin
2023-11-05 16:25:23,336 [INFO] PluginManager:220 - loadIPPluginJar : add fatfs
2023-11-05 16:25:23,379 [INFO] IPUIPlugin:80 - create IPUIPlugin
2023-11-05 16:25:23,379 [INFO] PluginManager:220 - loadIPPluginJar : add fmc
2023-11-05 16:25:23,393 [INFO] IPUIPlugin:80 - create IPUIPlugin
2023-11-05 16:25:23,394 [INFO] PluginManager:220 - loadIPPluginJar : add freertos
2023-11-05 16:25:23,413 [INFO] IPUIPlugin:80 - create IPUIPlugin
2023-11-05 16:25:23,413 [INFO] PluginManager:220 - loadIPPluginJar : add genericplugin
2023-11-05 16:25:23,503 [INFO] IPUIPlugin:80 - create IPUIPlugin
2023-11-05 16:25:23,503 [INFO] PluginManager:220 - loadIPPluginJar : add gfxmmu
2023-11-05 16:25:23,679 [INFO] IPUIPlugin:80 - create IPUIPlugin
2023-11-05 16:25:23,680 [INFO] PluginManager:220 - loadIPPluginJar : add gic
2023-11-05 16:25:23,705 [INFO] IPUIPlugin:80 - create IPUIPlugin
2023-11-05 16:25:23,705 [INFO] PluginManager:220 - loadIPPluginJar : add gpio
2023-11-05 16:25:23,895 [INFO] IPUIPlugin:80 - create IPUIPlugin
2023-11-05 16:25:23,895 [INFO] PluginManager:220 - loadIPPluginJar : add gtzc
2023-11-05 16:25:23,953 [INFO] IPUIPlugin:80 - create IPUIPlugin
2023-11-05 16:25:23,953 [INFO] PluginManager:220 - loadIPPluginJar : add hash
2023-11-05 16:25:24,053 [INFO] IPUIPlugin:80 - create IPUIPlugin
2023-11-05 16:25:24,053 [INFO] PluginManager:220 - loadIPPluginJar : add i2c
2023-11-05 16:25:24,123 [INFO] IPUIPlugin:80 - create IPUIPlugin
2023-11-05 16:25:24,124 [INFO] PluginManager:220 - loadIPPluginJar : add i2s
2023-11-05 16:25:24,199 [INFO] IPUIPlugin:80 - create IPUIPlugin
2023-11-05 16:25:24,199 [INFO] PluginManager:220 - loadIPPluginJar : add i3c
2023-11-05 16:25:24,406 [INFO] IPUIPlugin:80 - create IPUIPlugin
2023-11-05 16:25:24,407 [INFO] PluginManager:220 - loadIPPluginJar : add ipddr
2023-11-05 16:25:24,597 [INFO] IPUIPlugin:80 - create IPUIPlugin
2023-11-05 16:25:24,597 [INFO] PluginManager:220 - loadIPPluginJar : add linkedlist
2023-11-05 16:25:24,662 [INFO] IPUIPlugin:80 - create IPUIPlugin
2023-11-05 16:25:24,663 [INFO] PluginManager:220 - loadIPPluginJar : add lorawan
2023-11-05 16:25:24,728 [INFO] IPUIPlugin:80 - create IPUIPlugin
2023-11-05 16:25:24,729 [INFO] PluginManager:220 - loadIPPluginJar : add ltdc
2023-11-05 16:25:24,756 [INFO] IPUIPlugin:80 - create IPUIPlugin
2023-11-05 16:25:24,756 [INFO] PluginManager:220 - loadIPPluginJar : add mdma
2023-11-05 16:25:24,779 [INFO] IPUIPlugin:80 - create IPUIPlugin
2023-11-05 16:25:24,779 [INFO] PluginManager:220 - loadIPPluginJar : add nvic
2023-11-05 16:25:24,871 [INFO] IPUIPlugin:80 - create IPUIPlugin
2023-11-05 16:25:24,871 [INFO] PluginManager:220 - loadIPPluginJar : add opamp
2023-11-05 16:25:25,037 [INFO] IPUIPlugin:80 - create IPUIPlugin
2023-11-05 16:25:25,037 [INFO] PluginManager:220 - loadIPPluginJar : add openamp
2023-11-05 16:25:25,099 [INFO] IPUIPlugin:80 - create IPUIPlugin
2023-11-05 16:25:25,099 [INFO] PluginManager:220 - loadIPPluginJar : add pdm2pcm
2023-11-05 16:25:25,120 [INFO] IPUIPlugin:80 - create IPUIPlugin
2023-11-05 16:25:25,123 [INFO] PluginManager:220 - loadIPPluginJar : add plateformsettings
2023-11-05 16:25:25,156 [INFO] IPUIPlugin:80 - create IPUIPlugin
2023-11-05 16:25:25,157 [INFO] PluginManager:220 - loadIPPluginJar : add quadspi
2023-11-05 16:25:25,181 [INFO] IPUIPlugin:80 - create IPUIPlugin
2023-11-05 16:25:25,181 [INFO] PluginManager:220 - loadIPPluginJar : add resmgrutility
2023-11-05 16:25:25,280 [INFO] IPUIPlugin:80 - create IPUIPlugin
2023-11-05 16:25:25,280 [INFO] PluginManager:220 - loadIPPluginJar : add sai
2023-11-05 16:25:25,347 [INFO] IPUIPlugin:80 - create IPUIPlugin
2023-11-05 16:25:25,347 [INFO] PluginManager:220 - loadIPPluginJar : add spi
2023-11-05 16:25:25,397 [INFO] ThirdPartyUpdaterWithRetryManager:70 - Updater plugin not ready yet. [2/15]
2023-11-05 16:25:25,442 [INFO] IPUIPlugin:80 - create IPUIPlugin
2023-11-05 16:25:25,442 [INFO] PluginManager:220 - loadIPPluginJar : add stm32_wpan
2023-11-05 16:25:25,478 [INFO] IPUIPlugin:80 - create IPUIPlugin
2023-11-05 16:25:25,479 [INFO] PluginManager:220 - loadIPPluginJar : add tim
2023-11-05 16:25:25,575 [INFO] IPUIPlugin:80 - create IPUIPlugin
2023-11-05 16:25:25,575 [INFO] PluginManager:220 - loadIPPluginJar : add touchsensing
2023-11-05 16:25:25,611 [INFO] IPUIPlugin:80 - create IPUIPlugin
2023-11-05 16:25:25,612 [INFO] PluginManager:220 - loadIPPluginJar : add tracer_emb
2023-11-05 16:25:25,642 [INFO] IPUIPlugin:80 - create IPUIPlugin
2023-11-05 16:25:25,642 [INFO] PluginManager:220 - loadIPPluginJar : add ts
2023-11-05 16:25:25,663 [INFO] IPUIPlugin:80 - create IPUIPlugin
2023-11-05 16:25:25,664 [INFO] PluginManager:220 - loadIPPluginJar : add tsc
2023-11-05 16:25:25,687 [INFO] IPUIPlugin:80 - create IPUIPlugin
2023-11-05 16:25:25,687 [INFO] PluginManager:220 - loadIPPluginJar : add ucpd
2023-11-05 16:25:25,729 [INFO] IPUIPlugin:80 - create IPUIPlugin
2023-11-05 16:25:25,729 [INFO] PluginManager:220 - loadIPPluginJar : add usart
2023-11-05 16:25:25,768 [INFO] IPUIPlugin:80 - create IPUIPlugin
2023-11-05 16:25:25,768 [INFO] PluginManager:220 - loadIPPluginJar : add usbx
2023-11-05 16:25:25,894 [INFO] CADModel:165 - CPN selected for project level
2023-11-05 16:25:25,895 [INFO] CADModel:114 - Register for checkConnection events
2023-11-05 16:25:25,896 [FATAL] Updater:308 - Updater called before beeing initialized
2023-11-05 16:25:25,897 [ERROR] CADModel:125 - Updater not yet initialized, retry later 
2023-11-05 16:25:26,072 [INFO] CADModel:165 - CPN selected for project level
2023-11-05 16:25:26,073 [INFO] CADModel:114 - Register for checkConnection events
2023-11-05 16:25:26,073 [FATAL] Updater:308 - Updater called before beeing initialized
2023-11-05 16:25:26,073 [ERROR] CADModel:125 - Updater not yet initialized, retry later 
2023-11-05 16:25:26,078 [FATAL] Updater:308 - Updater called before beeing initialized
2023-11-05 16:25:26,211 [FATAL] Updater:308 - Updater called before beeing initialized
2023-11-05 16:25:26,223 [INFO] DbMcusAds:53 - JSON generation date=Thu Sep 30 12:25:09 IST 2021 (1632984909247)
2023-11-05 16:25:26,223 [FATAL] Updater:308 - Updater called before beeing initialized
2023-11-05 16:25:26,326 [WARN] DetailPanel:346 - Failed to get advertising image, set to default
2023-11-05 16:25:26,419 [FATAL] Updater:308 - Updater called before beeing initialized
2023-11-05 16:25:26,421 [FATAL] Updater:308 - Updater called before beeing initialized
2023-11-05 16:25:26,421 [FATAL] Updater:308 - Updater called before beeing initialized
2023-11-05 16:25:26,421 [WARN] DetailPanel:346 - Failed to get advertising image, set to default
2023-11-05 16:25:26,422 [FATAL] Updater:308 - Updater called before beeing initialized
2023-11-05 16:25:26,498 [ERROR] Updater:1120 - MainUpdater not yet initialized. External WinMGr cannot be set.
2023-11-05 16:25:26,517 [INFO] Updater:1056 - Updater Version found : 6.9.2
2023-11-05 16:25:26,557 [INFO] ApplicationProperties:184 - Using Application install path: C:\ST\STM32CubeIDE_1.13.2\STM32CubeIDE\plugins\com.st.stm32cube.common.mx_6.9.2.202309101412
2023-11-05 16:25:26,765 [ERROR] ServerAccessManage:1146 - Warning during Server Connection :  Unknown host sw-center.st.com
2023-11-05 16:25:26,771 [INFO] MainUpdater:2868 - connection check result : 22
2023-11-05 16:25:26,773 [INFO] MainUpdater:285 - Updater Check For Update Now.
2023-11-05 16:25:26,773 [INFO] MicroXplorer:498 - Change Database Version : DB.6.0.92
2023-11-05 16:25:26,808 [INFO] McuFinderGlobals:63 - Set McuFinder mode to 2 (CubeIDE integrated)
2023-11-05 16:25:26,808 [INFO] UserAuth:179 - activating auth plugin
2023-11-05 16:25:26,813 [INFO] UserAuth:393 - Internet connection configuration mode: 2
2023-11-05 16:25:27,097 [INFO] CheckServerUpdateThread:120 - End of CheckServer Thread
2023-11-05 16:25:28,634 [WARN] PackLoader:240 - Cannot read IP mode file for STMicroelectronics.X-CUBE-SMBUS.2.1.0
2023-11-05 16:25:28,718 [WARN] PackLoader:240 - Cannot read IP mode file for STMicroelectronics.X-CUBE-AZRTOS-F7.1.1.0
2023-11-05 16:25:28,755 [WARN] PackLoader:240 - Cannot read IP mode file for STMicroelectronics.FP-SNS-MOTENV1.4.3.2
2023-11-05 16:25:28,778 [WARN] PackLoader:240 - Cannot read IP mode file for STMicroelectronics.FP-SNS-FLIGHT1.5.0.2
2023-11-05 16:25:28,805 [WARN] PackLoader:240 - Cannot read IP mode file for STMicroelectronics.X-CUBE-DISPLAY.3.0.0
2023-11-05 16:25:28,834 [WARN] PackLoader:240 - Cannot read IP mode file for STMicroelectronics.X-CUBE-BLE1.7.0.0
2023-11-05 16:25:28,854 [WARN] PackLoader:240 - Cannot read IP mode file for emotas.I-CUBE-CANOPEN.1.3.0
2023-11-05 16:25:28,875 [WARN] PackLoader:240 - Cannot read IP mode file for STMicroelectronics.X-CUBE-TOUCHGFX.4.22.1
2023-11-05 16:25:28,893 [WARN] PackLoader:240 - Cannot read IP mode file for STMicroelectronics.FP-SNS-SMARTAG2.1.2.0
2023-11-05 16:25:28,926 [INFO] LogOutputStream:77 - [STDOUT_REDIRECT] 1 : Invalid condition id : UX_CORESTACK_Condition cause : null
2023-11-05 16:25:28,927 [INFO] LogOutputStream:77 - [STDOUT_REDIRECT] 1 : Invalid condition id : UX_CORESTACK_Condition cause : null
2023-11-05 16:25:28,931 [INFO] LogOutputStream:77 - [STDOUT_REDIRECT] 1 : Invalid condition id : UX_CORESTACK_Condition cause : null
2023-11-05 16:25:28,932 [INFO] LogOutputStream:77 - [STDOUT_REDIRECT] 1 : Invalid condition id : UX_CORESTACK_Condition cause : null
2023-11-05 16:25:28,934 [INFO] LogOutputStream:77 - [STDOUT_REDIRECT] 1 : Invalid condition id : UX_CORESTACK_Condition cause : null
2023-11-05 16:25:28,941 [WARN] PackLoader:240 - Cannot read IP mode file for STMicroelectronics.X-CUBE-AZRTOS-WL.2.0.0
2023-11-05 16:25:28,965 [WARN] PackLoader:240 - Cannot read IP mode file for WES.I-CUBE-Cesium.1.3.0
2023-11-05 16:25:28,984 [WARN] PackLoader:240 - Cannot read IP mode file for STMicroelectronics.X-CUBE-BLE2.3.3.0
2023-11-05 16:25:29,006 [WARN] PackLoader:240 - Cannot read IP mode file for STMicroelectronics.X-CUBE-ALGOBUILD.1.3.0
2023-11-05 16:25:29,055 [WARN] PackLoader:240 - Cannot read IP mode file for STMicroelectronics.X-CUBE-AZRTOS-G0.1.1.0
2023-11-05 16:25:29,079 [WARN] PackLoader:240 - Cannot read IP mode file for STMicroelectronics.X-CUBE-NFC4.3.0.0
2023-11-05 16:25:29,097 [WARN] PackLoader:240 - Cannot read IP mode file for STMicroelectronics.FP-ATR-SIGFOX1.3.2.0
2023-11-05 16:25:29,114 [WARN] PackLoader:240 - Cannot read IP mode file for STMicroelectronics.X-CUBE-GNSS1.6.0.0
2023-11-05 16:25:29,167 [WARN] PackLoader:240 - Cannot read IP mode file for STMicroelectronics.X-CUBE-AZRTOS-F4.1.1.0
2023-11-05 16:25:29,186 [WARN] PackLoader:240 - Cannot read IP mode file for wolfSSL.I-CUBE-wolfSSL.5.6.3
2023-11-05 16:25:29,227 [WARN] PackLoader:240 - Cannot read IP mode file for STMicroelectronics.X-CUBE-AZRTOS-L5.2.0.0
2023-11-05 16:25:29,247 [WARN] PackLoader:240 - Cannot read IP mode file for STMicroelectronics.X-CUBE-EEPRMA1.4.2.0
2023-11-05 16:25:29,268 [WARN] PackLoader:240 - Cannot read IP mode file for ITTIA_DB.I-CUBE-ITTIADB.8.8.0
2023-11-05 16:25:29,290 [WARN] PackLoader:240 - Cannot read IP mode file for STMicroelectronics.X-CUBE-BLEMGR.2.0.0
2023-11-05 16:25:29,333 [WARN] ConditionMgr:438 - getConditionDescription Invalid condition id : UX DEVICE CLASS RTOS Condition cause : null
2023-11-05 16:25:29,333 [WARN] ConditionMgr:438 - getConditionDescription Invalid condition id : UX DEVICE CLASS RTOS Condition cause : null
2023-11-05 16:25:29,336 [WARN] PackLoader:240 - Cannot read IP mode file for STMicroelectronics.X-CUBE-AZRTOS-H7.3.1.0
2023-11-05 16:25:29,337 [WARN] ConditionMgr:1039 - genDependencies : Invalid condition id : UX DEVICE CLASS RTOS Condition cause : null
2023-11-05 16:25:29,337 [WARN] ConditionMgr:1039 - genDependencies : Invalid condition id : UX DEVICE CLASS RTOS Condition cause : null
2023-11-05 16:25:29,338 [WARN] ConditionMgr:1039 - genDependencies : Invalid condition id : UX DEVICE CLASS RTOS Condition cause : null
2023-11-05 16:25:29,340 [WARN] ConditionMgr:1039 - genDependencies : Invalid condition id : UX DEVICE CLASS RTOS Condition cause : null
2023-11-05 16:25:29,340 [WARN] ConditionMgr:1039 - genDependencies : Invalid condition id : UX DEVICE CLASS RTOS Condition cause : null
2023-11-05 16:25:29,358 [WARN] PackLoader:240 - Cannot read IP mode file for STMicroelectronics.X-CUBE-NFC7.1.0.1
2023-11-05 16:25:29,378 [WARN] PackLoader:240 - Cannot read IP mode file for STMicroelectronics.X-CUBE-NFC6.3.0.0
2023-11-05 16:25:29,398 [WARN] PackLoader:240 - Cannot read IP mode file for STMicroelectronics.X-CUBE-AI.8.1.0
2023-11-05 16:25:29,433 [WARN] ConditionMgr:438 - getConditionDescription Invalid condition id : LAN8742 Phy interface Condition cause : null
2023-11-05 16:25:29,435 [WARN] PackLoader:240 - Cannot read IP mode file for STMicroelectronics.X-CUBE-AZRTOS-L4.2.0.0
2023-11-05 16:25:29,436 [WARN] ConditionMgr:1039 - genDependencies : Invalid condition id : LAN8742 Phy interface Condition cause : null
2023-11-05 16:25:29,437 [WARN] ConditionMgr:1039 - genDependencies : Invalid condition id : LAN8742 Phy interface Condition cause : null
2023-11-05 16:25:29,438 [WARN] ConditionMgr:1039 - genDependencies : Invalid condition id : LAN8742 Phy interface Condition cause : null
2023-11-05 16:25:29,457 [WARN] PackLoader:240 - Cannot read IP mode file for STMicroelectronics.X-CUBE-SFXS2LP1.4.0.0
2023-11-05 16:25:29,473 [WARN] PackLoader:240 - Cannot read IP mode file for STMicroelectronics.X-CUBE-ISPU.1.1.0
2023-11-05 16:25:29,506 [WARN] ConditionMgr:438 - getConditionDescription Invalid condition id : UX DEVICE CLASS RTOS Condition cause : null
2023-11-05 16:25:29,506 [WARN] ConditionMgr:438 - getConditionDescription Invalid condition id : UX DEVICE CLASS RTOS Condition cause : null
2023-11-05 16:25:29,508 [WARN] PackLoader:240 - Cannot read IP mode file for STMicroelectronics.X-CUBE-AZRTOS-WB.2.0.0
2023-11-05 16:25:29,509 [WARN] ConditionMgr:1039 - genDependencies : Invalid condition id : UX DEVICE CLASS RTOS Condition cause : null
2023-11-05 16:25:29,509 [WARN] ConditionMgr:1039 - genDependencies : Invalid condition id : UX DEVICE CLASS RTOS Condition cause : null
2023-11-05 16:25:29,510 [WARN] ConditionMgr:1039 - genDependencies : Invalid condition id : UX DEVICE CLASS RTOS Condition cause : null
2023-11-05 16:25:29,510 [WARN] ConditionMgr:1039 - genDependencies : Invalid condition id : UX DEVICE CLASS RTOS Condition cause : null
2023-11-05 16:25:29,510 [WARN] ConditionMgr:1039 - genDependencies : Invalid condition id : UX DEVICE CLASS RTOS Condition cause : null
2023-11-05 16:25:29,538 [WARN] PackLoader:240 - Cannot read IP mode file for STMicroelectronics.X-CUBE-SUBG2.5.0.0
2023-11-05 16:25:29,577 [WARN] PackLoader:240 - Cannot read IP mode file for STMicroelectronics.X-CUBE-TOF1.3.3.1
2023-11-05 16:25:29,659 [WARN] PackLoader:240 - Cannot read IP mode file for STMicroelectronics.X-CUBE-AZRTOS-G4.2.0.0
2023-11-05 16:25:29,721 [WARN] PackLoader:240 - Cannot read IP mode file for Infineon.AIROC-Wi-Fi-Bluetooth-STM32.1.5.1
2023-11-05 16:25:29,880 [WARN] PackLoader:240 - Cannot read IP mode file for STMicroelectronics.X-CUBE-MEMS1.10.0.0
2023-11-05 16:25:30,244 [WARN] PackLoader:240 - Cannot read IP mode file for STMicroelectronics.X-CUBE-FREERTOS.1.1.0
2023-11-05 16:25:30,273 [WARN] PackLoader:240 - Cannot read IP mode file for portGmbH.I-Cube-SoM-uGOAL.1.1.0
2023-11-05 16:25:30,294 [WARN] PackLoader:240 - Cannot read IP mode file for STMicroelectronics.X-CUBE-ALS.1.0.1
2023-11-05 16:25:30,318 [WARN] PackLoader:240 - Cannot read IP mode file for STMicroelectronics.FP-ATR-ASTRA1.2.0.0
2023-11-05 16:25:30,319 [INFO] ThirdParty:978 - Integrity check success = true
2023-11-05 16:25:30,319 [INFO] IntegrityCheckThread:100 - exiting critical section [integrity check]
2023-11-05 16:25:30,320 [INFO] IntegrityCheckThread:103 - End integrity checks thread
2023-11-05 16:25:48,920 [ERROR] LogOutputStream:75 - [STDERR_REDIRECT] SLF4J: Failed to load class "org.slf4j.impl.StaticLoggerBinder".
2023-11-05 16:25:48,921 [ERROR] LogOutputStream:75 - [STDERR_REDIRECT] SLF4J: Defaulting to no-operation (NOP) logger implementation
2023-11-05 16:25:48,922 [ERROR] LogOutputStream:75 - [STDERR_REDIRECT] SLF4J: See http://www.slf4j.org/codes.html#StaticLoggerBinder for further details.
2023-11-05 16:26:26,492 [INFO] McuFinderGlobals:63 - Set McuFinder mode to 2 (CubeIDE integrated)
2023-11-05 16:26:26,997 [INFO] ApiDb:581 - Connected to CubeFinder SQLite database (C:\Users\Administrator\.stmcufinder\plugins\mcufinder\mcu\cube-finder-db.db)
2023-11-05 16:26:27,176 [INFO] ApiDb:668 - CubeFinder database Data Model version=2.1
2023-11-05 16:26:27,177 [INFO] ApiDb:669 - CubeFinder database Configuration version=3.0.37
2023-11-05 16:26:27,177 [INFO] ApiDb:670 - CubeFinder database generation date=2023-08-09 (1691586011)
2023-11-05 16:26:27,177 [INFO] ApiDb:671 - CubeFinder database FW Pack versions=[FP-ATR-ASTRA1_V2.0.0, FP-SNS-FLIGHT1_V5.0.1, FP-SNS-FLIGHT1_V5.0.2, FP-SNS-MOTENV1_V4.3.1, FP-SNS-MOTENV1_V4.3.2, STM32Cube_FW_C0_V1.1.0, STM32Cube_FW_F4_V1.27.1, STM32Cube_FW_F7_V1.17.0, STM32Cube_FW_G0_V1.6.1, STM32Cube_FW_G4_V1.5.1, STM32Cube_FW_H5_V0.5.1, STM32Cube_FW_H5_V1.1.0, STM32Cube_FW_H7_V1.11.0, STM32Cube_FW_L0_V1.12.2, STM32Cube_FW_L5_V1.5.0, STM32Cube_FW_U5_V1.3.0, STM32Cube_FW_U5_V1.3.0RC4, STM32Cube_FW_WBA_V1.0.0RC1, STM32Cube_FW_WBA_V1.1.0, STM32Cube_FW_WBA_V1.1.0RC1, STM32Cube_FW_WB_V1.15.0RC1, STM32Cube_FW_WB_V1.16.0, STM32Cube_FW_WB_V1.16.0RC2, STM32Cube_FW_WB_V1.17.0, STM32Cube_FW_WL_V1.3.0, X-CUBE-ALGOBUILD_V1.3.0, X-CUBE-ALS_V1.0.1, X-CUBE-AZRTOS-F4_V1.1.0, X-CUBE-AZRTOS-F7_V1.1.0, X-CUBE-AZRTOS-G0_V1.1.0, X-CUBE-AZRTOS-G4_V2.0.0, X-CUBE-AZRTOS-H7_V3.1.0, X-CUBE-AZRTOS-L4_V1.0.0, X-CUBE-AZRTOS-L4_V2.0.0, X-CUBE-AZRTOS-L5_V1.1.0, X-CUBE-AZRTOS-WB_V1.1.0, X-CUBE-AZRTOS-WL_V2.0.0, X-CUBE-BLE1_V7.0.0, X-CUBE-BLE2_V3.3.0, X-CUBE-BLEMGR_V2.0.0, X-CUBE-EEPRMA1_V4.1.0, X-CUBE-FREERTOS_V1.1.0, X-CUBE-GNSS1_V6.0.0, X-CUBE-MEMS1_V9.1.0, X-CUBE-MEMS1_V9.4.0, X-CUBE-MEMS1_V9.6.0, X-CUBE-NFC4_V3.0.0, X-CUBE-NFC7_V1.0.0, X-CUBE-SFXS2LP1_V4.0.0, X-CUBE-SUBG2_V5.0.0, X-CUBE-TOF1_V3.3.1]
2023-11-05 16:26:27,397 [INFO] DbBoardsSqlite:226 - include board P-NUCLEO-WB55-NUCLEO as a kit item of type 'Nucleo-64'
2023-11-05 16:26:27,397 [INFO] DbBoardsSqlite:226 - include board P-NUCLEO-WB55-USBDONGLE as a kit item of type 'Nucleo USB Dongle'
2023-11-05 16:26:27,399 [INFO] DbBoardsSqlite:226 - include board STEVAL-IDP005V1 as a kit item of type 'Evaluation Board'
2023-11-05 16:26:27,399 [INFO] DbBoardsSqlite:226 - include board STEVAL-IDP005V2 as a kit item of type 'Evaluation Board'
2023-11-05 16:26:28,329 [INFO] ApiDb:240 - Found 323 in-development CPN: [B-G473E-ZEST1S, B-WB1M-WPAN1, B-WL5M-SUBG1, NUCLEO-C031C6, NUCLEO-H503RB, NUCLEO-H563ZI, NUCLEO-U545RE-Q, NUCLEO-U5A5ZJ-Q, NUCLEO-WBA52CG, STEVAL-PROTEUS1, STEVAL-SMARTAG2, STEVAL-STWINBX1, STM320518-EVAL, STM32C0116-DK, STM32C011D6Y3TR, STM32C011D6Y6TR, STM32C011F4P3, STM32C011F4P6, STM32C011F4U3, STM32C011F4U6TR, STM32C011F6P3, STM32C011F6P6, STM32C011F6U3, STM32C011F6U6TR, STM32C011J4M3, STM32C011J4M6, STM32C011J6M3, STM32C011J6M6, STM32C0316-DK, STM32C031C4T3, STM32C031C4T6, STM32C031C4U3, STM32C031C4U6, STM32C031C6T3, STM32C031C6T6, STM32C031C6U3, STM32C031C6U6, STM32C031F4P3, STM32C031F4P6, STM32C031F6P3, STM32C031F6P6, STM32C031G4U3, STM32C031G4U6, STM32C031G6U3, STM32C031G6U6, STM32C031K4T3, STM32C031K4T6, STM32C031K4U3, STM32C031K4U6, STM32C031K6T3, STM32C031K6T6, STM32C031K6U3, STM32C031K6U6, STM32G071K8TXN, STM32G071K8UXN, STM32G081GBU6N, STM32G081KBT6N, STM32G081KBUXN, STM32G0B1CCT6N, STM32G0B1KCT6, STM32G0B1NEY6TR, STM32G0B1RCT6N, STM32G0C1CCT6, STM32G0C1CCT6N, STM32G0C1CCU6N, STM32G0C1CET6N, STM32G0C1CEU6N, STM32G0C1KCT6, STM32G0C1NEY6TR, STM32G0C1RCI6N, STM32G0C1RCT6N, STM32G0C1REI6N, STM32G0C1RET6N, STM32G0C1VCI6, STM32G0C1VEI6, STM32G471CCT6, STM32G471CCU6, STM32G471CET3, STM32G471CET6, STM32G471CEU3, STM32G471CEU6, STM32G471MCT6, STM32G471MET3, STM32G471MET6, STM32G471MEY6TR, STM32G471QCT6, STM32G471QET3, STM32G471RCT6, STM32G471RET3, STM32G471RET6, STM32G471VCH6, STM32G471VCI6, STM32G471VCT6, STM32G471VEH3, STM32G471VEH6, STM32G471VEI3, STM32G471VEI6, STM32G471VET3, STM32G471VET6, STM32G474CCT6, STM32H503CBT6, STM32H503CBU6, STM32H503EBY6TR, STM32H503KBU6, STM32H503RBT6, STM32H562AGI6, STM32H562AII6, STM32H562IGK6, STM32H562IGT6, STM32H562IIK6, STM32H562IIT6, STM32H562RGT6, STM32H562RGV6, STM32H562RIT6, STM32H562RIV6, STM32H562VGT6, STM32H562VIT6, STM32H562ZGT6, STM32H562ZIT6, STM32H563AGI6, STM32H563AII3Q, STM32H563AII6, STM32H563IGK6, STM32H563IGT6, STM32H563IIK3Q, STM32H563IIK6, STM32H563IIT3Q, STM32H563IIT6, STM32H563MIY3QTR, STM32H563RGT6, STM32H563RGV6, STM32H563RIT6, STM32H563RIV6, STM32H563VGT6, STM32H563VIT3Q, STM32H563VIT6, STM32H563ZGT6, STM32H563ZIT3Q, STM32H563ZIT6, STM32H573AII3Q, STM32H573AII6, STM32H573I-DK, STM32H573IIK3Q, STM32H573IIK6, STM32H573IIT3Q, STM32H573IIT6, STM32H573MIY3QTR, STM32H573RIT6, STM32H573RIV6, STM32H573VIT3Q, STM32H573VIT6, STM32H573ZIT3Q, STM32H573ZIT6, STM32L4R5QGI6STR, STM32MP131AAE3, STM32MP131AAF3, STM32MP131AAG3, STM32MP131CAE3, STM32MP131CAF3, STM32MP131CAG3, STM32MP131DAE7, STM32MP131DAF7, STM32MP131DAG7, STM32MP131FAE7, STM32MP131FAF7, STM32MP131FAG7, STM32MP133AAE3, STM32MP133AAF3, STM32MP133AAG3, STM32MP133CAE3, STM32MP133CAF3, STM32MP133CAG3, STM32MP133DAE7, STM32MP133DAF7, STM32MP133DAG7, STM32MP133FAE7, STM32MP133FAF7, STM32MP133FAG7, STM32MP135AAE3, STM32MP135AAF3, STM32MP135AAG3, STM32MP135CAE3, STM32MP135CAF3, STM32MP135CAG3, STM32MP135DAE7, STM32MP135DAF7, STM32MP135DAG7, STM32MP135F-DK, STM32MP135FAE7, STM32MP135FAF7, STM32MP135FAF7T, STM32MP135FAF7U, STM32MP135FAG7, STM32U535CBT6, STM32U535CBT6Q, STM32U535CBU6, STM32U535CBU6Q, STM32U535CCT6, STM32U535CCT6Q, STM32U535CCU6, STM32U535CCU6Q, STM32U535CET6, STM32U535CET6Q, STM32U535CEU6, STM32U535CEU6Q, STM32U535JEY6QTR, STM32U535NCY6QTR, STM32U535NEY6QTR, STM32U535RBI6, STM32U535RBI6Q, STM32U535RBT6, STM32U535RBT6Q, STM32U535RCI6, STM32U535RCI6Q, STM32U535RCT6, STM32U535RCT6Q, STM32U535REI6, STM32U535REI6Q, STM32U535RET6, STM32U535RET6Q, STM32U535VCI6, STM32U535VCI6Q, STM32U535VCT6, STM32U535VCT6Q, STM32U535VEI6, STM32U535VEI6Q, STM32U535VET6, STM32U535VET6Q, STM32U545CET6, STM32U545CET6Q, STM32U545CEU6, STM32U545CEU6Q, STM32U545JEY6QTR, STM32U545NEY6QTR, STM32U545REI6, STM32U545REI6Q, STM32U545RET6, STM32U545RET6Q, STM32U545VEI6, STM32U545VEI6Q, STM32U545VET6, STM32U545VET6Q, STM32U595AIH6, STM32U595AIH6Q, STM32U595AJH6, STM32U595AJH6Q, STM32U595QII6, STM32U595QII6Q, STM32U595QJI6, STM32U595QJI6Q, STM32U595RIT6, STM32U595RIT6Q, STM32U595RJT6, STM32U595RJT6Q, STM32U595VIT6, STM32U595VIT6Q, STM32U595VJT6, STM32U595VJT6Q, STM32U595ZIT6, STM32U595ZIT6Q, STM32U595ZIY6QTR, STM32U595ZJT6, STM32U595ZJT6Q, STM32U595ZJY6QTR, STM32U599BJY6QTR, STM32U599NIH6Q, STM32U599NJH6Q, STM32U599VIT6Q, STM32U599VJT6, STM32U599VJT6Q, STM32U599ZIT6Q, STM32U599ZIY6QTR, STM32U599ZJT6Q, STM32U599ZJY6QTR, STM32U5A5AJH6, STM32U5A5AJH6Q, STM32U5A5QJI6, STM32U5A5QJI6Q, STM32U5A5RJT6, STM32U5A5RJT6Q, STM32U5A5VJT6, STM32U5A5VJT6Q, STM32U5A5ZJT6, STM32U5A5ZJT6Q, STM32U5A5ZJY6QTR, STM32U5A9BJY6QTR, STM32U5A9J-DK, STM32U5A9NJH6Q, STM32U5A9VJT6Q, STM32U5A9ZJT6Q, STM32U5A9ZJY6QTR, STM32U5F7VIT6, STM32U5F7VIT6Q, STM32U5F7VJT6, STM32U5F7VJT6Q, STM32U5F9BJY6QTR, STM32U5F9NJH6Q, STM32U5F9VIT6Q, STM32U5F9VJT6Q, STM32U5F9ZIJ6QTR, STM32U5F9ZIT6Q, STM32U5F9ZJJ6QTR, STM32U5F9ZJT6Q, STM32U5G7VJT6, STM32U5G7VJT6Q, STM32U5G9BJY6QTR, STM32U5G9J-DK1, STM32U5G9J-DK2, STM32U5G9NJH6Q, STM32U5G9VJT6Q, STM32U5G9ZJJ6QTR, STM32U5G9ZJT6Q, STM32WB1MMCH6, STM32WBA52CEU6, STM32WBA52CEU6T, STM32WBA52CGU6, STM32WBA52CGU6T, STM32WBA52KEU6, STM32WBA52KEU6T, STM32WBA52KGU6, STM32WBA52KGU6T, STM32WL5MOCH6, STM32WL5MOCH6TR]
2023-11-05 16:26:28,487 [INFO] BoardInfo:880 - No configuration file found for board P-NUCLEO-WB55
2023-11-05 16:26:28,487 [INFO] DbBoards:157 - Kit is not supported: P-NUCLEO-WB55
2023-11-05 16:26:28,492 [INFO] BoardInfo:880 - No configuration file found for board STEVAL-BFA001V1B
2023-11-05 16:26:28,492 [INFO] DbBoards:157 - Kit is not supported: STEVAL-BFA001V1B
2023-11-05 16:26:28,493 [INFO] BoardInfo:880 - No configuration file found for board STEVAL-BFA001V2B
2023-11-05 16:26:28,493 [INFO] DbBoards:157 - Kit is not supported: STEVAL-BFA001V2B
2023-11-05 16:26:28,596 [INFO] DbBoards:161 - Found 190 boards, 187 are supported
2023-11-05 16:26:28,599 [INFO] ApiDb:668 - CubeFinder database Data Model version=2.1
2023-11-05 16:26:28,599 [INFO] ApiDb:669 - CubeFinder database Configuration version=3.0.37
2023-11-05 16:26:28,600 [INFO] ApiDb:670 - CubeFinder database generation date=2023-08-09 (1691586011)
2023-11-05 16:26:28,600 [INFO] ApiDb:671 - CubeFinder database FW Pack versions=[FP-ATR-ASTRA1_V2.0.0, FP-SNS-FLIGHT1_V5.0.1, FP-SNS-FLIGHT1_V5.0.2, FP-SNS-MOTENV1_V4.3.1, FP-SNS-MOTENV1_V4.3.2, STM32Cube_FW_C0_V1.1.0, STM32Cube_FW_F4_V1.27.1, STM32Cube_FW_F7_V1.17.0, STM32Cube_FW_G0_V1.6.1, STM32Cube_FW_G4_V1.5.1, STM32Cube_FW_H5_V0.5.1, STM32Cube_FW_H5_V1.1.0, STM32Cube_FW_H7_V1.11.0, STM32Cube_FW_L0_V1.12.2, STM32Cube_FW_L5_V1.5.0, STM32Cube_FW_U5_V1.3.0, STM32Cube_FW_U5_V1.3.0RC4, STM32Cube_FW_WBA_V1.0.0RC1, STM32Cube_FW_WBA_V1.1.0, STM32Cube_FW_WBA_V1.1.0RC1, STM32Cube_FW_WB_V1.15.0RC1, STM32Cube_FW_WB_V1.16.0, STM32Cube_FW_WB_V1.16.0RC2, STM32Cube_FW_WB_V1.17.0, STM32Cube_FW_WL_V1.3.0, X-CUBE-ALGOBUILD_V1.3.0, X-CUBE-ALS_V1.0.1, X-CUBE-AZRTOS-F4_V1.1.0, X-CUBE-AZRTOS-F7_V1.1.0, X-CUBE-AZRTOS-G0_V1.1.0, X-CUBE-AZRTOS-G4_V2.0.0, X-CUBE-AZRTOS-H7_V3.1.0, X-CUBE-AZRTOS-L4_V1.0.0, X-CUBE-AZRTOS-L4_V2.0.0, X-CUBE-AZRTOS-L5_V1.1.0, X-CUBE-AZRTOS-WB_V1.1.0, X-CUBE-AZRTOS-WL_V2.0.0, X-CUBE-BLE1_V7.0.0, X-CUBE-BLE2_V3.3.0, X-CUBE-BLEMGR_V2.0.0, X-CUBE-EEPRMA1_V4.1.0, X-CUBE-FREERTOS_V1.1.0, X-CUBE-GNSS1_V6.0.0, X-CUBE-MEMS1_V9.1.0, X-CUBE-MEMS1_V9.4.0, X-CUBE-MEMS1_V9.6.0, X-CUBE-NFC4_V3.0.0, X-CUBE-NFC7_V1.0.0, X-CUBE-SFXS2LP1_V4.0.0, X-CUBE-SUBG2_V5.0.0, X-CUBE-TOF1_V3.3.1]
2023-11-05 16:26:30,301 [INFO] ApiDb:240 - Found 323 in-development CPN: [B-G473E-ZEST1S, B-WB1M-WPAN1, B-WL5M-SUBG1, NUCLEO-C031C6, NUCLEO-H503RB, NUCLEO-H563ZI, NUCLEO-U545RE-Q, NUCLEO-U5A5ZJ-Q, NUCLEO-WBA52CG, STEVAL-PROTEUS1, STEVAL-SMARTAG2, STEVAL-STWINBX1, STM320518-EVAL, STM32C0116-DK, STM32C011D6Y3TR, STM32C011D6Y6TR, STM32C011F4P3, STM32C011F4P6, STM32C011F4U3, STM32C011F4U6TR, STM32C011F6P3, STM32C011F6P6, STM32C011F6U3, STM32C011F6U6TR, STM32C011J4M3, STM32C011J4M6, STM32C011J6M3, STM32C011J6M6, STM32C0316-DK, STM32C031C4T3, STM32C031C4T6, STM32C031C4U3, STM32C031C4U6, STM32C031C6T3, STM32C031C6T6, STM32C031C6U3, STM32C031C6U6, STM32C031F4P3, STM32C031F4P6, STM32C031F6P3, STM32C031F6P6, STM32C031G4U3, STM32C031G4U6, STM32C031G6U3, STM32C031G6U6, STM32C031K4T3, STM32C031K4T6, STM32C031K4U3, STM32C031K4U6, STM32C031K6T3, STM32C031K6T6, STM32C031K6U3, STM32C031K6U6, STM32G071K8TXN, STM32G071K8UXN, STM32G081GBU6N, STM32G081KBT6N, STM32G081KBUXN, STM32G0B1CCT6N, STM32G0B1KCT6, STM32G0B1NEY6TR, STM32G0B1RCT6N, STM32G0C1CCT6, STM32G0C1CCT6N, STM32G0C1CCU6N, STM32G0C1CET6N, STM32G0C1CEU6N, STM32G0C1KCT6, STM32G0C1NEY6TR, STM32G0C1RCI6N, STM32G0C1RCT6N, STM32G0C1REI6N, STM32G0C1RET6N, STM32G0C1VCI6, STM32G0C1VEI6, STM32G471CCT6, STM32G471CCU6, STM32G471CET3, STM32G471CET6, STM32G471CEU3, STM32G471CEU6, STM32G471MCT6, STM32G471MET3, STM32G471MET6, STM32G471MEY6TR, STM32G471QCT6, STM32G471QET3, STM32G471RCT6, STM32G471RET3, STM32G471RET6, STM32G471VCH6, STM32G471VCI6, STM32G471VCT6, STM32G471VEH3, STM32G471VEH6, STM32G471VEI3, STM32G471VEI6, STM32G471VET3, STM32G471VET6, STM32G474CCT6, STM32H503CBT6, STM32H503CBU6, STM32H503EBY6TR, STM32H503KBU6, STM32H503RBT6, STM32H562AGI6, STM32H562AII6, STM32H562IGK6, STM32H562IGT6, STM32H562IIK6, STM32H562IIT6, STM32H562RGT6, STM32H562RGV6, STM32H562RIT6, STM32H562RIV6, STM32H562VGT6, STM32H562VIT6, STM32H562ZGT6, STM32H562ZIT6, STM32H563AGI6, STM32H563AII3Q, STM32H563AII6, STM32H563IGK6, STM32H563IGT6, STM32H563IIK3Q, STM32H563IIK6, STM32H563IIT3Q, STM32H563IIT6, STM32H563MIY3QTR, STM32H563RGT6, STM32H563RGV6, STM32H563RIT6, STM32H563RIV6, STM32H563VGT6, STM32H563VIT3Q, STM32H563VIT6, STM32H563ZGT6, STM32H563ZIT3Q, STM32H563ZIT6, STM32H573AII3Q, STM32H573AII6, STM32H573I-DK, STM32H573IIK3Q, STM32H573IIK6, STM32H573IIT3Q, STM32H573IIT6, STM32H573MIY3QTR, STM32H573RIT6, STM32H573RIV6, STM32H573VIT3Q, STM32H573VIT6, STM32H573ZIT3Q, STM32H573ZIT6, STM32L4R5QGI6STR, STM32MP131AAE3, STM32MP131AAF3, STM32MP131AAG3, STM32MP131CAE3, STM32MP131CAF3, STM32MP131CAG3, STM32MP131DAE7, STM32MP131DAF7, STM32MP131DAG7, STM32MP131FAE7, STM32MP131FAF7, STM32MP131FAG7, STM32MP133AAE3, STM32MP133AAF3, STM32MP133AAG3, STM32MP133CAE3, STM32MP133CAF3, STM32MP133CAG3, STM32MP133DAE7, STM32MP133DAF7, STM32MP133DAG7, STM32MP133FAE7, STM32MP133FAF7, STM32MP133FAG7, STM32MP135AAE3, STM32MP135AAF3, STM32MP135AAG3, STM32MP135CAE3, STM32MP135CAF3, STM32MP135CAG3, STM32MP135DAE7, STM32MP135DAF7, STM32MP135DAG7, STM32MP135F-DK, STM32MP135FAE7, STM32MP135FAF7, STM32MP135FAF7T, STM32MP135FAF7U, STM32MP135FAG7, STM32U535CBT6, STM32U535CBT6Q, STM32U535CBU6, STM32U535CBU6Q, STM32U535CCT6, STM32U535CCT6Q, STM32U535CCU6, STM32U535CCU6Q, STM32U535CET6, STM32U535CET6Q, STM32U535CEU6, STM32U535CEU6Q, STM32U535JEY6QTR, STM32U535NCY6QTR, STM32U535NEY6QTR, STM32U535RBI6, STM32U535RBI6Q, STM32U535RBT6, STM32U535RBT6Q, STM32U535RCI6, STM32U535RCI6Q, STM32U535RCT6, STM32U535RCT6Q, STM32U535REI6, STM32U535REI6Q, STM32U535RET6, STM32U535RET6Q, STM32U535VCI6, STM32U535VCI6Q, STM32U535VCT6, STM32U535VCT6Q, STM32U535VEI6, STM32U535VEI6Q, STM32U535VET6, STM32U535VET6Q, STM32U545CET6, STM32U545CET6Q, STM32U545CEU6, STM32U545CEU6Q, STM32U545JEY6QTR, STM32U545NEY6QTR, STM32U545REI6, STM32U545REI6Q, STM32U545RET6, STM32U545RET6Q, STM32U545VEI6, STM32U545VEI6Q, STM32U545VET6, STM32U545VET6Q, STM32U595AIH6, STM32U595AIH6Q, STM32U595AJH6, STM32U595AJH6Q, STM32U595QII6, STM32U595QII6Q, STM32U595QJI6, STM32U595QJI6Q, STM32U595RIT6, STM32U595RIT6Q, STM32U595RJT6, STM32U595RJT6Q, STM32U595VIT6, STM32U595VIT6Q, STM32U595VJT6, STM32U595VJT6Q, STM32U595ZIT6, STM32U595ZIT6Q, STM32U595ZIY6QTR, STM32U595ZJT6, STM32U595ZJT6Q, STM32U595ZJY6QTR, STM32U599BJY6QTR, STM32U599NIH6Q, STM32U599NJH6Q, STM32U599VIT6Q, STM32U599VJT6, STM32U599VJT6Q, STM32U599ZIT6Q, STM32U599ZIY6QTR, STM32U599ZJT6Q, STM32U599ZJY6QTR, STM32U5A5AJH6, STM32U5A5AJH6Q, STM32U5A5QJI6, STM32U5A5QJI6Q, STM32U5A5RJT6, STM32U5A5RJT6Q, STM32U5A5VJT6, STM32U5A5VJT6Q, STM32U5A5ZJT6, STM32U5A5ZJT6Q, STM32U5A5ZJY6QTR, STM32U5A9BJY6QTR, STM32U5A9J-DK, STM32U5A9NJH6Q, STM32U5A9VJT6Q, STM32U5A9ZJT6Q, STM32U5A9ZJY6QTR, STM32U5F7VIT6, STM32U5F7VIT6Q, STM32U5F7VJT6, STM32U5F7VJT6Q, STM32U5F9BJY6QTR, STM32U5F9NJH6Q, STM32U5F9VIT6Q, STM32U5F9VJT6Q, STM32U5F9ZIJ6QTR, STM32U5F9ZIT6Q, STM32U5F9ZJJ6QTR, STM32U5F9ZJT6Q, STM32U5G7VJT6, STM32U5G7VJT6Q, STM32U5G9BJY6QTR, STM32U5G9J-DK1, STM32U5G9J-DK2, STM32U5G9NJH6Q, STM32U5G9VJT6Q, STM32U5G9ZJJ6QTR, STM32U5G9ZJT6Q, STM32WB1MMCH6, STM32WBA52CEU6, STM32WBA52CEU6T, STM32WBA52CGU6, STM32WBA52CGU6T, STM32WBA52KEU6, STM32WBA52KEU6T, STM32WBA52KGU6, STM32WBA52KGU6T, STM32WL5MOCH6, STM32WL5MOCH6TR]
2023-11-05 16:26:30,306 [INFO] DbMcus:217 - Found 3848 MCUs, 3848 are supported
2023-11-05 16:26:30,306 [INFO] ApiDb:423 - Load user favorites file C:\Users\Administrator/.stm32cubeide/favorites.mcus.txt: 0 item(s)
2023-11-05 16:26:30,306 [INFO] ApiDb:427 - User favorites MCUs=[]
2023-11-05 16:26:30,307 [INFO] DbMcus:223 - Set 0 / 0 favorites MCUs
2023-11-05 16:26:30,549 [INFO] ApiDb:423 - Load user favorites file C:\Users\Administrator/.stm32cubeide/favorites.boards.txt: 1 item(s)
2023-11-05 16:26:30,550 [INFO] ApiDb:427 - User favorites Boards=[NUCLEO-F070RB]
2023-11-05 16:26:30,550 [INFO] DbBoards:190 - Set 1 / 1 favorites Boards
2023-11-05 16:26:30,550 [INFO] McuFinderGlobals:76 - Set McuFinderConnectedMode to false
2023-11-05 16:26:30,558 [INFO] MultiScanPanel:200 - Auto-refresh data requested => check proxy status ongoing
2023-11-05 16:26:30,558 [INFO] MultiScanPanel:204 - Proxy status is invalid
2023-11-05 16:26:30,561 [INFO] FinderPluginLoader:95 - Searching for filters in installed packs
2023-11-05 16:26:32,446 [WARN] DetailPanel:346 - Failed to get advertising image, set to default
2023-11-05 16:28:22,544 [INFO] MultiScanPanel:200 - Auto-refresh data requested => check proxy status ongoing
2023-11-05 16:28:22,544 [INFO] MultiScanPanel:204 - Proxy status is invalid
2023-11-05 16:28:22,703 [WARN] DetailPanel:346 - Failed to get advertising image, set to default
2023-11-05 16:28:22,717 [INFO] DbBoards:634 - Loading board mini-images...
2023-11-05 16:28:24,986 [ERROR] DbBoards:651 - Image file not found for board STM32U5G9J-DK1: C:\Users\Administrator\.stmcufinder\plugins\mcufinder//mcu//boards_images/STM32U5G9J-DK1.jpg
2023-11-05 16:28:24,986 [ERROR] DbBoards:651 - Image file not found for board STM32U5G9J-DK2: C:\Users\Administrator\.stmcufinder\plugins\mcufinder//mcu//boards_images/STM32U5G9J-DK2.jpg
2023-11-05 16:28:25,006 [INFO] DbBoards:657 - Loaded 188 board mini-images
2023-11-05 16:29:40,295 [ERROR] ConfigurationRetriever:142 - IOException on connection: sw-center.st.com
2023-11-05 16:29:40,296 [ERROR] ConfigurationRetriever:142 - IOException on connection: sw-center.st.com
2023-11-05 16:29:40,297 [ERROR] ConfigurationRetriever:142 - IOException on connection: sw-center.st.com
2023-11-05 16:29:40,637 [INFO] McuFinderGlobals:76 - Set McuFinderConnectedMode to true
2023-11-05 16:29:40,641 [INFO] ApiDb:448 - Save user favorites file C:\Users\Administrator/.stm32cubeide/favorites.mcus.txt: 0 item(s)
2023-11-05 16:29:40,642 [INFO] ApiDb:452 - User favorites MCUs=[]
2023-11-05 16:29:40,644 [INFO] ApiDb:448 - Save user favorites file C:\Users\Administrator/.stm32cubeide/favorites.boards.txt: 1 item(s)
2023-11-05 16:29:40,644 [INFO] ApiDb:452 - User favorites Boards=[NUCLEO-F070RB]
2023-11-05 16:34:19,613 [ERROR] ConfigurationRetriever:142 - IOException on connection: sw-center.st.com
2023-11-05 16:34:19,614 [ERROR] ConfigurationRetriever:142 - IOException on connection: sw-center.st.com
2023-11-05 16:34:19,614 [ERROR] ConfigurationRetriever:142 - IOException on connection: sw-center.st.com
2023-11-05 16:40:14,871 [ERROR] ConfigurationRetriever:142 - IOException on connection: sw-center.st.com
2023-11-05 16:40:14,873 [ERROR] ConfigurationRetriever:142 - IOException on connection: sw-center.st.com
2023-11-05 16:40:14,874 [ERROR] ConfigurationRetriever:142 - IOException on connection: sw-center.st.com
2023-11-05 16:49:27,544 [ERROR] ServerAccessManage:1146 - Warning during Server Connection :  Unknown host sw-center.st.com
2023-11-05 16:49:27,545 [INFO] MainUpdater:2868 - connection check result : 22
2023-11-05 16:49:27,581 [INFO] MicroXplorer:468 - Change Database Path : 
2023-11-05 16:49:27,581 [INFO] MicroXplorer:498 - Change Database Version : DB.6.0.92
2023-11-05 16:49:27,586 [WARN] ThirdParty:871 - waiting for thirdparty lock release [close project]
2023-11-05 16:49:27,586 [INFO] ThirdParty:873 - entering critical section [close project]
2023-11-05 16:49:27,587 [INFO] ThirdParty:883 - exiting critical section [close project]
2023-11-05 16:49:27,590 [INFO] PinOutPanel:1499 - setPackage(No Configuration,No Configuration)
2023-11-05 16:49:27,597 [INFO] UtilMem:75 - Begin LoadConfig() Used Memory: 206973936 Bytes (570425344)
2023-11-05 16:49:27,598 [INFO] MicroXplorer:468 - Change Database Path : 
2023-11-05 16:49:27,598 [INFO] MicroXplorer:498 - Change Database Version : DB.6.0.92
2023-11-05 16:49:27,598 [INFO] OpenFileManager:308 - Change cursor
2023-11-05 16:49:27,637 [INFO] Mcu:1946 - Initializing MCU STM32F070RBTx STM32F070RBTx STM32F070RBT6
2023-11-05 16:49:29,011 [INFO] Context:659 - Trying to add GPIOservice into a context  which must be forbidden
2023-11-05 16:49:29,484 [INFO] RtosManager:555 - Registered RTOS mode: class=CMSIS, group=RTOS, mode=CMSIS_V1, owner=FREERTOS
2023-11-05 16:49:29,484 [INFO] RtosManager:555 - Registered RTOS mode: class=CMSIS, group=RTOS2, mode=CMSIS_V2, owner=FREERTOS
2023-11-05 16:49:29,484 [INFO] RtosManager:555 - Registered RTOS mode: class=RTOS, group=Core, mode=CMSIS_V1, owner=FREERTOS
2023-11-05 16:49:29,484 [INFO] RtosManager:555 - Registered RTOS mode: class=RTOS, group=Core, mode=CMSIS_V2, owner=FREERTOS
2023-11-05 16:49:29,485 [WARN] ModelIntegratedComponent:184 - Missing modes for component STMicroelectronics:FreeRTOS:0.0.1:STMicroelectronics:RTOS:FreeRTOS:Core:::10.2.0:
2023-11-05 16:49:29,529 [WARN] ModelIntegratedComponent:63 - No mode defined for component null
2023-11-05 16:49:29,529 [WARN] ModelIntegratedComponent:63 - No mode defined for component null
2023-11-05 16:49:29,529 [WARN] ModelIntegratedComponent:63 - No mode defined for component null
2023-11-05 16:49:29,529 [WARN] ModelIntegratedComponent:63 - No mode defined for component null
2023-11-05 16:49:29,529 [WARN] ModelIntegratedComponent:63 - No mode defined for component null
2023-11-05 16:49:29,529 [WARN] ModelIntegratedComponent:63 - No mode defined for component null
2023-11-05 16:49:29,529 [WARN] ModelIntegratedComponent:63 - No mode defined for component null
2023-11-05 16:49:29,529 [WARN] ModelIntegratedComponent:63 - No mode defined for component null
2023-11-05 16:49:29,529 [WARN] ModelIntegratedComponent:63 - No mode defined for component null
2023-11-05 16:49:29,530 [WARN] ModelIntegratedComponent:63 - No mode defined for component null
2023-11-05 16:49:29,530 [WARN] ModelIntegratedComponent:63 - No mode defined for component null
2023-11-05 16:49:29,530 [WARN] ModelIntegratedComponent:63 - No mode defined for component null
2023-11-05 16:49:29,530 [WARN] ModelIntegratedComponent:63 - No mode defined for component null
2023-11-05 16:49:29,530 [WARN] ModelIntegratedComponent:63 - No mode defined for component null
2023-11-05 16:49:29,530 [WARN] ModelIntegratedComponent:63 - No mode defined for component null
2023-11-05 16:49:29,530 [WARN] ModelIntegratedComponent:63 - No mode defined for component null
2023-11-05 16:49:29,530 [WARN] ModelIntegratedComponent:63 - No mode defined for component null
2023-11-05 16:49:29,530 [WARN] ModelIntegratedComponent:63 - No mode defined for component null
2023-11-05 16:49:29,530 [WARN] ModelIntegratedComponent:63 - No mode defined for component null
2023-11-05 16:49:29,531 [WARN] ModelIntegratedComponent:63 - No mode defined for component null
2023-11-05 16:49:29,531 [WARN] ModelIntegratedComponent:63 - No mode defined for component null
2023-11-05 16:49:29,531 [WARN] ModelIntegratedComponent:63 - No mode defined for component null
2023-11-05 16:49:29,531 [WARN] ModelIntegratedComponent:63 - No mode defined for component null
2023-11-05 16:49:29,531 [WARN] ModelIntegratedComponent:63 - No mode defined for component null
2023-11-05 16:49:29,531 [WARN] ModelIntegratedComponent:63 - No mode defined for component null
2023-11-05 16:49:29,531 [WARN] ModelIntegratedComponent:63 - No mode defined for component null
2023-11-05 16:49:29,531 [WARN] ModelIntegratedComponent:63 - No mode defined for component null
2023-11-05 16:49:29,531 [WARN] ModelIntegratedComponent:63 - No mode defined for component null
2023-11-05 16:49:29,531 [WARN] ModelIntegratedComponent:63 - No mode defined for component null
2023-11-05 16:49:29,531 [WARN] ModelIntegratedComponent:63 - No mode defined for component null
2023-11-05 16:49:29,532 [WARN] ModelIntegratedComponent:63 - No mode defined for component null
2023-11-05 16:49:29,532 [WARN] ModelIntegratedComponent:63 - No mode defined for component null
2023-11-05 16:49:29,532 [WARN] ModelIntegratedComponent:63 - No mode defined for component null
2023-11-05 16:49:29,787 [INFO] ThirdPartyModel:298 - Start build external matchings
2023-11-05 16:49:30,525 [INFO] ThirdPartyModel:316 - End build external matchings
2023-11-05 16:49:30,551 [INFO] ImportTextPane:194 - (OptionalMessage_ERROR) IP (RCC) : Invalid parameter (FamilyName)
2023-11-05 16:49:30,932 [INFO] UtilMem:75 - End LoadConfig() Used Memory: 317033208 Bytes (570425344)
2023-11-05 16:49:31,158 [WARN] ThirdParty:833 - waiting for thirdparty lock release [change project]
2023-11-05 16:49:31,158 [INFO] ThirdParty:835 - entering critical section [change project]
2023-11-05 16:49:31,158 [INFO] ThirdParty:1030 - CMSIS Pack Vendor :STMicroelectronics X-CUBE-ISPU 1.1.0
2023-11-05 16:49:31,158 [INFO] ThirdParty:1030 - CMSIS Pack Vendor :STMicroelectronics USBPD 4.1
2023-11-05 16:49:31,158 [INFO] ThirdParty:1030 - CMSIS Pack Vendor :STMicroelectronics X-CUBE-GNSS1 6.0.0
2023-11-05 16:49:31,158 [INFO] ThirdParty:1030 - CMSIS Pack Vendor :STMicroelectronics USB_HOST 2.0.0
2023-11-05 16:49:31,158 [INFO] ThirdParty:1030 - CMSIS Pack Vendor :STMicroelectronics X-CUBE-AZRTOS-F4 1.1.0
2023-11-05 16:49:31,158 [INFO] ThirdParty:1030 - CMSIS Pack Vendor :STMicroelectronics LIBJPEG 8.0.0
2023-11-05 16:49:31,158 [INFO] ThirdParty:1030 - CMSIS Pack Vendor :wolfSSL I-CUBE-wolfSSL 5.6.3
2023-11-05 16:49:31,158 [INFO] ThirdParty:1030 - CMSIS Pack Vendor :STMicroelectronics X-CUBE-SMBUS 2.1.0
2023-11-05 16:49:31,158 [INFO] ThirdParty:1030 - CMSIS Pack Vendor :STMicroelectronics USB_DEVICE 3.0.0
2023-11-05 16:49:31,158 [INFO] ThirdParty:1030 - CMSIS Pack Vendor :STMicroelectronics X-CUBE-AZRTOS-WB 2.0.0
2023-11-05 16:49:31,159 [INFO] ThirdParty:1030 - CMSIS Pack Vendor :STMicroelectronics X-CUBE-AZRTOS-F7 1.1.0
2023-11-05 16:49:31,159 [INFO] ThirdParty:1030 - CMSIS Pack Vendor :STMicroelectronics X-CUBE-AZRTOS-L5 2.0.0
2023-11-05 16:49:31,159 [INFO] ThirdParty:1030 - CMSIS Pack Vendor :STMicroelectronics USB_DEVICE 2.0.0
2023-11-05 16:49:31,159 [INFO] ThirdParty:1030 - CMSIS Pack Vendor :STMicroelectronics X-CUBE-EEPRMA1 4.2.0
2023-11-05 16:49:31,159 [INFO] ThirdParty:1030 - CMSIS Pack Vendor :ITTIA_DB I-CUBE-ITTIADB 8.8.0
2023-11-05 16:49:31,159 [INFO] ThirdParty:1030 - CMSIS Pack Vendor :STMicroelectronics FP-SNS-MOTENV1 4.3.2
2023-11-05 16:49:31,159 [INFO] ThirdParty:1030 - CMSIS Pack Vendor :STMicroelectronics X-CUBE-ALGOBUILD 1.3.0
2023-11-05 16:49:31,159 [INFO] ThirdParty:1030 - CMSIS Pack Vendor :STMicroelectronics FreeRTOS 0.0.1
2023-11-05 16:49:31,159 [INFO] ThirdParty:1030 - CMSIS Pack Vendor :STMicroelectronics X-CUBE-AZRTOS-G0 1.1.0
2023-11-05 16:49:31,159 [INFO] ThirdParty:1030 - CMSIS Pack Vendor :STMicroelectronics X-CUBE-BLEMGR 2.0.0
2023-11-05 16:49:31,159 [INFO] ThirdParty:1030 - CMSIS Pack Vendor :STMicroelectronics X-CUBE-NFC4 3.0.0
2023-11-05 16:49:31,159 [INFO] ThirdParty:1030 - CMSIS Pack Vendor :STMicroelectronics X-CUBE-SUBG2 5.0.0
2023-11-05 16:49:31,159 [INFO] ThirdParty:1030 - CMSIS Pack Vendor :STMicroelectronics STM32_WPAN 1.0.0
2023-11-05 16:49:31,159 [INFO] ThirdParty:1030 - CMSIS Pack Vendor :STMicroelectronics lwIP 2.0.3
2023-11-05 16:49:31,159 [INFO] ThirdParty:1030 - CMSIS Pack Vendor :STMicroelectronics FP-SNS-FLIGHT1 5.0.2
2023-11-05 16:49:31,159 [INFO] ThirdParty:1030 - CMSIS Pack Vendor :STMicroelectronics USB_HOST 1.0.0
2023-11-05 16:49:31,159 [INFO] ThirdParty:1030 - CMSIS Pack Vendor :STMicroelectronics X-CUBE-TOF1 3.3.1
2023-11-05 16:49:31,159 [INFO] ThirdParty:1030 - CMSIS Pack Vendor :STMicroelectronics X-CUBE-AZRTOS-G4 2.0.0
2023-11-05 16:49:31,159 [INFO] ThirdParty:1030 - CMSIS Pack Vendor :STMicroelectronics PDM2PCM 3.1.0
2023-11-05 16:49:31,159 [INFO] ThirdParty:1030 - CMSIS Pack Vendor :STMicroelectronics X-CUBE-AZRTOS-H7 3.1.0
2023-11-05 16:49:31,159 [INFO] ThirdParty:1030 - CMSIS Pack Vendor :Infineon AIROC-Wi-Fi-Bluetooth-STM32 1.5.1
2023-11-05 16:49:31,159 [INFO] ThirdParty:1030 - CMSIS Pack Vendor :STMicroelectronics PDM2PCM 3.3.0
2023-11-05 16:49:31,159 [INFO] ThirdParty:1030 - CMSIS Pack Vendor :STMicroelectronics X-CUBE-DISPLAY 3.0.0
2023-11-05 16:49:31,160 [INFO] ThirdParty:1030 - CMSIS Pack Vendor :STMicroelectronics X-CUBE-BLE1 7.0.0
2023-11-05 16:49:31,160 [INFO] ThirdParty:1030 - CMSIS Pack Vendor :STMicroelectronics FP-ATR-SIGFOX1 3.2.0
2023-11-05 16:49:31,160 [INFO] ThirdParty:1030 - CMSIS Pack Vendor :STMicroelectronics HAL Drivers 0.0.0
2023-11-05 16:49:31,160 [INFO] ThirdParty:1030 - CMSIS Pack Vendor :STMicroelectronics MBEDTLS 2.16.2
2023-11-05 16:49:31,160 [INFO] ThirdParty:1030 - CMSIS Pack Vendor :emotas I-CUBE-CANOPEN 1.3.0
2023-11-05 16:49:31,160 [INFO] ThirdParty:1030 - CMSIS Pack Vendor :STMicroelectronics X-CUBE-MEMS1 10.0.0
2023-11-05 16:49:31,160 [INFO] ThirdParty:1030 - CMSIS Pack Vendor :STMicroelectronics X-CUBE-FREERTOS 1.1.0
2023-11-05 16:49:31,160 [INFO] ThirdParty:1030 - CMSIS Pack Vendor :STMicroelectronics X-CUBE-NFC7 1.0.1
2023-11-05 16:49:31,160 [INFO] ThirdParty:1030 - CMSIS Pack Vendor :STMicroelectronics MBEDTLS 2.14.1
2023-11-05 16:49:31,160 [INFO] ThirdParty:1030 - CMSIS Pack Vendor :STMicroelectronics X-CUBE-TOUCHGFX 4.22.1
2023-11-05 16:49:31,160 [INFO] ThirdParty:1030 - CMSIS Pack Vendor :STMicroelectronics X-CUBE-NFC6 3.0.0
2023-11-05 16:49:31,160 [INFO] ThirdParty:1030 - CMSIS Pack Vendor :portGmbH I-Cube-SoM-uGOAL 1.1.0
2023-11-05 16:49:31,160 [INFO] ThirdParty:1030 - CMSIS Pack Vendor :STMicroelectronics X-CUBE-ALS 1.0.1
2023-11-05 16:49:31,160 [INFO] ThirdParty:1030 - CMSIS Pack Vendor :STMicroelectronics ThreadX 1.0.0
2023-11-05 16:49:31,160 [INFO] ThirdParty:1030 - CMSIS Pack Vendor :STMicroelectronics FP-SNS-SMARTAG2 1.2.0
2023-11-05 16:49:31,160 [INFO] ThirdParty:1030 - CMSIS Pack Vendor :STMicroelectronics X-CUBE-AZRTOS-WL 2.0.0
2023-11-05 16:49:31,160 [INFO] ThirdParty:1030 - CMSIS Pack Vendor :STMicroelectronics USB_DEVICE 1.0.0
2023-11-05 16:49:31,160 [INFO] ThirdParty:1030 - CMSIS Pack Vendor :STMicroelectronics X-CUBE-AI 8.1.0
2023-11-05 16:49:31,160 [INFO] ThirdParty:1030 - CMSIS Pack Vendor :STMicroelectronics X-CUBE-AZRTOS-L4 2.0.0
2023-11-05 16:49:31,160 [INFO] ThirdParty:1030 - CMSIS Pack Vendor :STMicroelectronics ThreadX 0.0.2
2023-11-05 16:49:31,160 [INFO] ThirdParty:1030 - CMSIS Pack Vendor :WES I-CUBE-Cesium 1.3.0
2023-11-05 16:49:31,160 [INFO] ThirdParty:1030 - CMSIS Pack Vendor :STMicroelectronics FP-ATR-ASTRA1 2.0.0
2023-11-05 16:49:31,160 [INFO] ThirdParty:1030 - CMSIS Pack Vendor :STMicroelectronics lwIP 2.1.2
2023-11-05 16:49:31,161 [INFO] ThirdParty:1030 - CMSIS Pack Vendor :STMicroelectronics X-CUBE-SFXS2LP1 4.0.0
2023-11-05 16:49:31,161 [INFO] ThirdParty:1030 - CMSIS Pack Vendor :STMicroelectronics X-CUBE-BLE2 3.3.0
2023-11-05 16:49:31,161 [INFO] ThirdParty:1030 - CMSIS Pack Vendor :STMicroelectronics PDM2PCM 3.2.0
2023-11-05 16:49:31,161 [INFO] ThirdParty:841 - exiting critical section [change project]
2023-11-05 16:49:31,459 [INFO] PinOutPanel:1499 - setPackage(No Configuration,No Configuration)
2023-11-05 16:49:31,461 [INFO] PinOutPanel:1499 - setPackage(STM32F070RBTx,LQFP64)
2023-11-05 16:49:32,336 [INFO] UtilMem:75 - Before build in PCC Used Memory: 457537088 Bytes (570425344)
2023-11-05 16:49:33,874 [INFO] UtilMem:75 - After build in PCC Used Memory: 206041696 Bytes (570425344)
2023-11-05 16:49:33,926 [INFO] IPUIPlugin:80 - create IPUIPlugin
2023-11-05 16:49:33,927 [INFO] IPUIPlugin:80 - create IPUIPlugin
2023-11-05 16:49:33,927 [INFO] IPUIPlugin:80 - create IPUIPlugin
2023-11-05 16:49:33,927 [INFO] IPUIPlugin:80 - create IPUIPlugin
2023-11-05 16:49:33,928 [INFO] IPUIPlugin:80 - create IPUIPlugin
2023-11-05 16:49:33,928 [INFO] IPUIPlugin:80 - create IPUIPlugin
2023-11-05 16:49:33,928 [INFO] IPUIPlugin:80 - create IPUIPlugin
2023-11-05 16:49:33,929 [INFO] IPUIPlugin:80 - create IPUIPlugin
2023-11-05 16:49:33,929 [INFO] IPUIPlugin:80 - create IPUIPlugin
2023-11-05 16:49:33,929 [INFO] IPUIPlugin:80 - create IPUIPlugin
2023-11-05 16:49:33,930 [INFO] IPUIPlugin:80 - create IPUIPlugin
2023-11-05 16:49:33,930 [INFO] IPUIPlugin:80 - create IPUIPlugin
2023-11-05 16:49:33,930 [INFO] IPUIPlugin:80 - create IPUIPlugin
2023-11-05 16:49:33,931 [INFO] IPUIPlugin:80 - create IPUIPlugin
2023-11-05 16:49:33,931 [INFO] IPUIPlugin:80 - create IPUIPlugin
2023-11-05 16:49:33,932 [INFO] IPUIPlugin:80 - create IPUIPlugin
2023-11-05 16:49:33,933 [INFO] IPUIPlugin:80 - create IPUIPlugin
2023-11-05 16:49:33,933 [INFO] IPUIPlugin:80 - create IPUIPlugin
2023-11-05 16:49:33,934 [INFO] IPUIPlugin:80 - create IPUIPlugin
2023-11-05 16:49:33,935 [INFO] IPUIPlugin:80 - create IPUIPlugin
2023-11-05 16:49:33,935 [INFO] IPUIPlugin:80 - create IPUIPlugin
2023-11-05 16:49:33,936 [INFO] IPUIPlugin:80 - create IPUIPlugin
2023-11-05 16:49:33,936 [INFO] IPUIPlugin:80 - create IPUIPlugin
2023-11-05 16:49:33,937 [INFO] IPUIPlugin:80 - create IPUIPlugin
2023-11-05 16:49:33,938 [INFO] IPUIPlugin:80 - create IPUIPlugin
2023-11-05 16:49:33,939 [INFO] IPUIPlugin:80 - create IPUIPlugin
2023-11-05 16:49:33,940 [INFO] IPUIPlugin:80 - create IPUIPlugin
2023-11-05 16:49:33,940 [INFO] IPUIPlugin:80 - create IPUIPlugin
2023-11-05 16:49:33,941 [INFO] IPUIPlugin:80 - create IPUIPlugin
2023-11-05 16:49:33,942 [INFO] IPUIPlugin:80 - create IPUIPlugin
2023-11-05 16:49:33,943 [INFO] IPUIPlugin:80 - create IPUIPlugin
2023-11-05 16:49:34,250 [INFO] CADModel:165 - CPN selected for project levelSTM32F070RBT6
2023-11-05 16:49:34,251 [INFO] CADModel:114 - Register for checkConnection events
2023-11-05 16:49:34,308 [INFO] OpenFileManager:328 - Restore cursor
2023-11-05 19:48:56,278 [ERROR] ConfigurationRetriever:142 - IOException on connection: sw-center.st.com
2023-11-05 19:48:56,278 [ERROR] ConfigurationRetriever:142 - IOException on connection: sw-center.st.com
2023-11-05 19:48:56,279 [ERROR] ConfigurationRetriever:142 - IOException on connection: sw-center.st.com
