2024-01-20 22:15:16,034 [INFO] Activator:176 - 


2024-01-20 22:15:16,051 [INFO] Activator:177 - !SESSION log4j initialized
2024-01-20 22:15:47,316 [INFO] LogOutputStream:77 - [STDOUT_REDIRECT] 
2024-01-20 22:16:00,630 [INFO] ApplicationProperties:184 - Using Application install path: C:\ST\STM32CubeIDE_1.13.2\STM32CubeIDE\plugins\com.st.stm32cube.common.mx_6.10.0.202311202037
2024-01-20 22:16:00,679 [INFO] DbMcusXml:78 - Set database path to: C:\ST\STM32CubeIDE_1.13.2\STM32CubeIDE\plugins\com.st.stm32cube.common.mx_6.10.0.202311202037\\db\/mcu/
2024-01-20 22:16:00,681 [INFO] ApiDb:274 - Set plugin database path to: C:\ST\STM32CubeIDE_1.13.2\STM32CubeIDE\plugins\com.st.stm32cube.common.mx_6.10.0.202311202037\\db\/plugins/boardmanager/
2024-01-20 22:16:00,681 [WARN] ApiDb:259 - Overriding images path with different value:  => C:\ST\STM32CubeIDE_1.13.2\STM32CubeIDE\plugins\com.st.stm32cube.common.mx_6.10.0.202311202037\\db\/plugins/mcufinder/images/
2024-01-20 22:16:00,711 [INFO] ApiDb:250 - Set database path to: C:\Users\Administrator\.stmcufinder\plugins\mcufinder//mcu/
2024-01-20 22:16:00,715 [INFO] DbMcusAds:125 - Set database path to: C:\Users\Administrator\.stmcufinder\plugins\mcufinder//mcu/
2024-01-20 22:16:00,737 [INFO] CrossReferenceDbSqlite:203 - Set database path to: C:\Users\Administrator\.stmcufinder\plugins\mcufinder//mcu/cs/
2024-01-20 22:16:01,113 [INFO] RulesReader:64 - Compatibility file has been processed (297 Rules)
2024-01-20 22:16:01,369 [INFO] DbMcusXml:78 - Set database path to: C:\ST\STM32CubeIDE_1.13.2\STM32CubeIDE\plugins\com.st.stm32cube.common.mx_6.10.0.202311202037\\db\/mcu/
2024-01-20 22:16:01,369 [INFO] ApiDb:274 - Set plugin database path to: C:\ST\STM32CubeIDE_1.13.2\STM32CubeIDE\plugins\com.st.stm32cube.common.mx_6.10.0.202311202037\\db\/plugins/boardmanager/
2024-01-20 22:16:01,369 [INFO] ApiDb:261 - Set plugin images path to: C:\ST\STM32CubeIDE_1.13.2\STM32CubeIDE\plugins\com.st.stm32cube.common.mx_6.10.0.202311202037\\db\/plugins/mcufinder/images/
2024-01-20 22:16:01,370 [WARN] DbFile:41 - Overriding database path with different value: C:\Users\Administrator\.stmcufinder\plugins\mcufinder/ => C:\Users\Administrator\.stmcufinder\plugins\mcufinder
2024-01-20 22:16:01,370 [INFO] ApiDb:250 - Set database path to: C:\Users\Administrator\.stmcufinder\plugins\mcufinder//mcu/
2024-01-20 22:16:01,370 [WARN] DbFile:41 - Overriding database path with different value: C:\Users\Administrator\.stmcufinder\plugins\mcufinder/ => C:\Users\Administrator\.stmcufinder\plugins\mcufinder
2024-01-20 22:16:01,370 [INFO] DbMcusAds:125 - Set database path to: C:\Users\Administrator\.stmcufinder\plugins\mcufinder//mcu/
2024-01-20 22:16:01,371 [WARN] DbFile:41 - Overriding database path with different value: C:\Users\Administrator\.stmcufinder\plugins\mcufinder/ => C:\Users\Administrator\.stmcufinder\plugins\mcufinder
2024-01-20 22:16:01,371 [WARN] DbFile:41 - Overriding database path with different value: C:\Users\Administrator\.stmcufinder\plugins\mcufinder/ => C:\Users\Administrator\.stmcufinder\plugins\mcufinder
2024-01-20 22:16:01,371 [INFO] CrossReferenceDbSqlite:203 - Set database path to: C:\Users\Administrator\.stmcufinder\plugins\mcufinder//mcu/cs/
2024-01-20 22:16:01,612 [INFO] MainPanel:264 - HeapMemory: 268435456
2024-01-20 22:16:01,927 [INFO] DbMcusXml:78 - Set database path to: C:\ST\STM32CubeIDE_1.13.2\STM32CubeIDE\plugins\com.st.stm32cube.common.mx_6.10.0.202311202037\\db\/mcu/
2024-01-20 22:16:01,928 [INFO] ApiDb:274 - Set plugin database path to: C:\ST\STM32CubeIDE_1.13.2\STM32CubeIDE\plugins\com.st.stm32cube.common.mx_6.10.0.202311202037\\db\/plugins/boardmanager/
2024-01-20 22:16:01,928 [INFO] ApiDb:261 - Set plugin images path to: C:\ST\STM32CubeIDE_1.13.2\STM32CubeIDE\plugins\com.st.stm32cube.common.mx_6.10.0.202311202037\\db\/plugins/mcufinder/images/
2024-01-20 22:16:01,929 [WARN] DbFile:41 - Overriding database path with different value: C:\Users\Administrator\.stmcufinder\plugins\mcufinder/ => C:\Users\Administrator\.stmcufinder\plugins\mcufinder
2024-01-20 22:16:01,929 [INFO] ApiDb:250 - Set database path to: C:\Users\Administrator\.stmcufinder\plugins\mcufinder//mcu/
2024-01-20 22:16:01,929 [WARN] DbFile:41 - Overriding database path with different value: C:\Users\Administrator\.stmcufinder\plugins\mcufinder/ => C:\Users\Administrator\.stmcufinder\plugins\mcufinder
2024-01-20 22:16:01,929 [INFO] DbMcusAds:125 - Set database path to: C:\Users\Administrator\.stmcufinder\plugins\mcufinder//mcu/
2024-01-20 22:16:01,929 [WARN] DbFile:41 - Overriding database path with different value: C:\Users\Administrator\.stmcufinder\plugins\mcufinder/ => C:\Users\Administrator\.stmcufinder\plugins\mcufinder
2024-01-20 22:16:01,929 [WARN] DbFile:41 - Overriding database path with different value: C:\Users\Administrator\.stmcufinder\plugins\mcufinder/ => C:\Users\Administrator\.stmcufinder\plugins\mcufinder
2024-01-20 22:16:01,929 [INFO] CrossReferenceDbSqlite:203 - Set database path to: C:\Users\Administrator\.stmcufinder\plugins\mcufinder//mcu/cs/
2024-01-20 22:16:01,979 [INFO] ApplicationProperties:184 - Using Application install path: C:\ST\STM32CubeIDE_1.13.2\STM32CubeIDE\plugins\com.st.stm32cube.common.mx_6.10.0.202311202037
2024-01-20 22:16:01,983 [INFO] PluginManage:196 - Search for loadable plugins [exclusion list=, ]
2024-01-20 22:16:01,988 [INFO] PluginManage:310 - Check plugin analytics
2024-01-20 22:16:12,104 [INFO] AnalyticsPlugin:253 - Accepted Software Licenses: 
2024-01-20 22:16:12,104 [INFO] AnalyticsPlugin:255 - Accepted CMSIS Pack Licenses: 
2024-01-20 22:16:12,105 [INFO] AnalyticsPlugin:257 - Accepted Firmware Licenses: FW.F4.1.28.0
2024-01-20 22:16:12,126 [INFO] PluginManage:359 - Loaded plugin analytics (category:tool,tabindex:-1)
2024-01-20 22:16:12,132 [INFO] PluginManage:310 - Check plugin cadmodel
2024-01-20 22:16:12,171 [INFO] CADModel:105 - Init CAD model plugin
2024-01-20 22:16:12,171 [INFO] PluginManage:359 - Loaded plugin cadmodel (category:power,tabindex:5)
2024-01-20 22:16:12,171 [INFO] PluginManage:310 - Check plugin clock
2024-01-20 22:16:12,215 [INFO] PluginManage:359 - Loaded plugin clock (category:base,tabindex:2)
2024-01-20 22:16:12,215 [INFO] PluginManage:310 - Check plugin ddr
2024-01-20 22:16:12,222 [INFO] PluginManage:359 - Loaded plugin ddr (category:tool,tabindex:6)
2024-01-20 22:16:12,222 [INFO] PluginManage:310 - Check plugin filemanager
2024-01-20 22:16:12,736 [INFO] PluginManage:359 - Loaded plugin filemanager (category:base,tabindex:10)
2024-01-20 22:16:12,737 [INFO] PluginManage:310 - Check plugin ipmanager
2024-01-20 22:16:12,754 [INFO] PluginManage:359 - Loaded plugin ipmanager (category:base,tabindex:5)
2024-01-20 22:16:12,756 [INFO] PluginManage:310 - Check plugin lpbam
2024-01-20 22:16:12,834 [INFO] PluginManage:359 - Loaded plugin lpbam (category:base,tabindex:0)
2024-01-20 22:16:12,834 [INFO] PluginManage:310 - Check plugin memorymap
2024-01-20 22:16:12,926 [INFO] PluginManage:359 - Loaded plugin memorymap (category:base,tabindex:4)
2024-01-20 22:16:12,927 [INFO] PluginManage:310 - Check plugin pinoutandconfiguration
2024-01-20 22:16:12,964 [INFO] PluginManage:359 - Loaded plugin pinoutandconfiguration (category:base,tabindex:1)
2024-01-20 22:16:12,965 [INFO] PluginManage:310 - Check plugin pinoutconfig
2024-01-20 22:16:13,282 [WARN] SupportedApi:132 - Cannot load RTOS API schema: s4s-elt-must-match.1: The content of 'definitions' must match (annotation?, (simpleType | complexType)?, (unique | key | keyref)*)). A problem was found starting at: attribute.
2024-01-20 22:16:13,687 [INFO] PluginManage:359 - Loaded plugin pinoutconfig (category:base,tabindex:0)
2024-01-20 22:16:13,688 [INFO] PluginManage:310 - Check plugin power
2024-01-20 22:16:13,733 [INFO] PluginManage:359 - Loaded plugin power (category:power,tabindex:4)
2024-01-20 22:16:13,733 [INFO] PluginManage:310 - Check plugin projectmanager
2024-01-20 22:16:13,775 [INFO] PluginManage:359 - Loaded plugin projectmanager (category:projectmanager,tabindex:3)
2024-01-20 22:16:13,776 [INFO] PluginManage:310 - Check plugin thirdparty
2024-01-20 22:16:14,619 [WARN] IntegrityCheckThread:84 - waiting for thirdparty lock release [integrity check]
2024-01-20 22:16:14,620 [INFO] PluginManage:359 - Loaded plugin thirdparty (category:base,tabindex:-1)
2024-01-20 22:16:14,620 [INFO] IntegrityCheckThread:86 - entering critical section [integrity check]
2024-01-20 22:16:14,620 [INFO] PluginManage:310 - Check plugin tools
2024-01-20 22:16:14,621 [INFO] ThirdPartyUpdaterWithRetryManager:70 - Updater plugin not ready yet. [1/15]
2024-01-20 22:16:14,699 [INFO] PluginManage:359 - Loaded plugin tools (category:base,tabindex:7)
2024-01-20 22:16:14,700 [INFO] PluginManage:310 - Check plugin tutovideos
2024-01-20 22:16:15,302 [INFO] PluginManage:359 - Loaded plugin tutovideos (category:base,tabindex:-1)
2024-01-20 22:16:15,302 [INFO] PluginManage:310 - Check plugin updater
2024-01-20 22:16:15,331 [INFO] PluginManage:359 - Loaded plugin updater (category:base,tabindex:12)
2024-01-20 22:16:15,332 [INFO] PluginManage:310 - Check plugin userauth
2024-01-20 22:16:15,348 [INFO] UserAuth:114 - Init User Auth plugin
2024-01-20 22:16:15,348 [INFO] PluginManage:359 - Loaded plugin userauth (category:base,tabindex:14)
2024-01-20 22:16:15,350 [INFO] PluginManage:283 - PluginManage : Loaded plugins [17]
2024-01-20 22:16:16,037 [INFO] PinOutPanel:1499 - setPackage(No Configuration,No Configuration)
2024-01-20 22:16:16,316 [INFO] CADModel:165 - CPN selected for project level
2024-01-20 22:16:16,317 [INFO] CADModel:114 - Register for checkConnection events
2024-01-20 22:16:16,462 [INFO] IPUIPlugin:80 - create IPUIPlugin
2024-01-20 22:16:16,462 [INFO] PluginManager:220 - loadIPPluginJar : add adc
2024-01-20 22:16:16,554 [INFO] IPUIPlugin:80 - create IPUIPlugin
2024-01-20 22:16:16,555 [INFO] PluginManager:220 - loadIPPluginJar : add aes
2024-01-20 22:16:16,664 [INFO] IPUIPlugin:80 - create IPUIPlugin
2024-01-20 22:16:16,664 [INFO] PluginManager:220 - loadIPPluginJar : add can
2024-01-20 22:16:16,717 [INFO] IPUIPlugin:80 - create IPUIPlugin
2024-01-20 22:16:16,718 [INFO] PluginManager:220 - loadIPPluginJar : add comp
2024-01-20 22:16:16,869 [INFO] IPUIPlugin:80 - create IPUIPlugin
2024-01-20 22:16:16,869 [INFO] PluginManager:220 - loadIPPluginJar : add cryp
2024-01-20 22:16:16,986 [INFO] IPUIPlugin:80 - create IPUIPlugin
2024-01-20 22:16:16,987 [INFO] PluginManager:220 - loadIPPluginJar : add dfsdm
2024-01-20 22:16:17,016 [INFO] IPUIPlugin:80 - create IPUIPlugin
2024-01-20 22:16:17,018 [INFO] PluginManager:220 - loadIPPluginJar : add dma
2024-01-20 22:16:17,119 [INFO] IPUIPlugin:80 - create IPUIPlugin
2024-01-20 22:16:17,119 [INFO] PluginManager:220 - loadIPPluginJar : add dma3
2024-01-20 22:16:17,156 [INFO] IPUIPlugin:80 - create IPUIPlugin
2024-01-20 22:16:17,156 [INFO] PluginManager:220 - loadIPPluginJar : add fatfs
2024-01-20 22:16:17,259 [INFO] IPUIPlugin:80 - create IPUIPlugin
2024-01-20 22:16:17,259 [INFO] PluginManager:220 - loadIPPluginJar : add fmc
2024-01-20 22:16:17,286 [INFO] IPUIPlugin:80 - create IPUIPlugin
2024-01-20 22:16:17,287 [INFO] PluginManager:220 - loadIPPluginJar : add freertos
2024-01-20 22:16:17,332 [INFO] IPUIPlugin:80 - create IPUIPlugin
2024-01-20 22:16:17,333 [INFO] PluginManager:220 - loadIPPluginJar : add genericplugin
2024-01-20 22:16:17,545 [INFO] IPUIPlugin:80 - create IPUIPlugin
2024-01-20 22:16:17,545 [INFO] PluginManager:220 - loadIPPluginJar : add gfxmmu
2024-01-20 22:16:17,623 [INFO] ThirdPartyUpdaterWithRetryManager:70 - Updater plugin not ready yet. [2/15]
2024-01-20 22:16:17,857 [INFO] IPUIPlugin:80 - create IPUIPlugin
2024-01-20 22:16:17,858 [INFO] PluginManager:220 - loadIPPluginJar : add gic
2024-01-20 22:16:17,888 [INFO] IPUIPlugin:80 - create IPUIPlugin
2024-01-20 22:16:17,889 [INFO] PluginManager:220 - loadIPPluginJar : add gpio
2024-01-20 22:16:18,117 [INFO] IPUIPlugin:80 - create IPUIPlugin
2024-01-20 22:16:18,117 [INFO] PluginManager:220 - loadIPPluginJar : add gtzc
2024-01-20 22:16:18,184 [INFO] IPUIPlugin:80 - create IPUIPlugin
2024-01-20 22:16:18,184 [INFO] PluginManager:220 - loadIPPluginJar : add hash
2024-01-20 22:16:18,388 [INFO] IPUIPlugin:80 - create IPUIPlugin
2024-01-20 22:16:18,388 [INFO] PluginManager:220 - loadIPPluginJar : add i2c
2024-01-20 22:16:18,471 [INFO] IPUIPlugin:80 - create IPUIPlugin
2024-01-20 22:16:18,472 [INFO] PluginManager:220 - loadIPPluginJar : add i2s
2024-01-20 22:16:18,577 [INFO] IPUIPlugin:80 - create IPUIPlugin
2024-01-20 22:16:18,578 [INFO] PluginManager:220 - loadIPPluginJar : add i3c
2024-01-20 22:16:18,831 [INFO] IPUIPlugin:80 - create IPUIPlugin
2024-01-20 22:16:18,832 [INFO] PluginManager:220 - loadIPPluginJar : add ipddr
2024-01-20 22:16:19,041 [INFO] IPUIPlugin:80 - create IPUIPlugin
2024-01-20 22:16:19,041 [INFO] PluginManager:220 - loadIPPluginJar : add linkedlist
2024-01-20 22:16:19,118 [INFO] IPUIPlugin:80 - create IPUIPlugin
2024-01-20 22:16:19,119 [INFO] PluginManager:220 - loadIPPluginJar : add lorawan
2024-01-20 22:16:19,229 [INFO] IPUIPlugin:80 - create IPUIPlugin
2024-01-20 22:16:19,229 [INFO] PluginManager:220 - loadIPPluginJar : add ltdc
2024-01-20 22:16:19,261 [INFO] IPUIPlugin:80 - create IPUIPlugin
2024-01-20 22:16:19,261 [INFO] PluginManager:220 - loadIPPluginJar : add mdma
2024-01-20 22:16:19,285 [INFO] IPUIPlugin:80 - create IPUIPlugin
2024-01-20 22:16:19,285 [INFO] PluginManager:220 - loadIPPluginJar : add nvic
2024-01-20 22:16:19,366 [INFO] IPUIPlugin:80 - create IPUIPlugin
2024-01-20 22:16:19,366 [INFO] PluginManager:220 - loadIPPluginJar : add opamp
2024-01-20 22:16:19,512 [INFO] IPUIPlugin:80 - create IPUIPlugin
2024-01-20 22:16:19,512 [INFO] PluginManager:220 - loadIPPluginJar : add openamp
2024-01-20 22:16:19,624 [INFO] IPUIPlugin:80 - create IPUIPlugin
2024-01-20 22:16:19,624 [INFO] PluginManager:220 - loadIPPluginJar : add pdm2pcm
2024-01-20 22:16:19,684 [INFO] IPUIPlugin:80 - create IPUIPlugin
2024-01-20 22:16:19,692 [INFO] PluginManager:220 - loadIPPluginJar : add plateformsettings
2024-01-20 22:16:19,751 [INFO] IPUIPlugin:80 - create IPUIPlugin
2024-01-20 22:16:19,751 [INFO] PluginManager:220 - loadIPPluginJar : add quadspi
2024-01-20 22:16:19,781 [INFO] IPUIPlugin:80 - create IPUIPlugin
2024-01-20 22:16:19,781 [INFO] PluginManager:220 - loadIPPluginJar : add resmgrutility
2024-01-20 22:16:19,911 [INFO] IPUIPlugin:80 - create IPUIPlugin
2024-01-20 22:16:19,912 [INFO] PluginManager:220 - loadIPPluginJar : add sai
2024-01-20 22:16:20,012 [INFO] IPUIPlugin:80 - create IPUIPlugin
2024-01-20 22:16:20,012 [INFO] PluginManager:220 - loadIPPluginJar : add spi
2024-01-20 22:16:20,245 [INFO] IPUIPlugin:80 - create IPUIPlugin
2024-01-20 22:16:20,245 [INFO] PluginManager:220 - loadIPPluginJar : add stm32_wpan
2024-01-20 22:16:20,354 [INFO] IPUIPlugin:80 - create IPUIPlugin
2024-01-20 22:16:20,355 [INFO] PluginManager:220 - loadIPPluginJar : add tim
2024-01-20 22:16:20,595 [INFO] IPUIPlugin:80 - create IPUIPlugin
2024-01-20 22:16:20,595 [INFO] PluginManager:220 - loadIPPluginJar : add touchsensing
2024-01-20 22:16:20,633 [INFO] ThirdPartyUpdaterWithRetryManager:70 - Updater plugin not ready yet. [3/15]
2024-01-20 22:16:20,661 [INFO] IPUIPlugin:80 - create IPUIPlugin
2024-01-20 22:16:20,662 [INFO] PluginManager:220 - loadIPPluginJar : add tracer_emb
2024-01-20 22:16:20,719 [INFO] IPUIPlugin:80 - create IPUIPlugin
2024-01-20 22:16:20,720 [INFO] PluginManager:220 - loadIPPluginJar : add ts
2024-01-20 22:16:20,818 [INFO] IPUIPlugin:80 - create IPUIPlugin
2024-01-20 22:16:20,819 [INFO] PluginManager:220 - loadIPPluginJar : add tsc
2024-01-20 22:16:20,937 [INFO] IPUIPlugin:80 - create IPUIPlugin
2024-01-20 22:16:20,938 [INFO] PluginManager:220 - loadIPPluginJar : add ucpd
2024-01-20 22:16:21,116 [INFO] IPUIPlugin:80 - create IPUIPlugin
2024-01-20 22:16:21,116 [INFO] PluginManager:220 - loadIPPluginJar : add usart
2024-01-20 22:16:21,232 [INFO] IPUIPlugin:80 - create IPUIPlugin
2024-01-20 22:16:21,233 [INFO] PluginManager:220 - loadIPPluginJar : add usbx
2024-01-20 22:16:21,493 [INFO] CADModel:165 - CPN selected for project level
2024-01-20 22:16:21,494 [INFO] CADModel:114 - Register for checkConnection events
2024-01-20 22:16:21,495 [FATAL] Updater:308 - Updater called before beeing initialized
2024-01-20 22:16:21,495 [ERROR] CADModel:125 - Updater not yet initialized, retry later 
2024-01-20 22:16:22,119 [INFO] CADModel:165 - CPN selected for project level
2024-01-20 22:16:22,119 [INFO] CADModel:114 - Register for checkConnection events
2024-01-20 22:16:22,119 [FATAL] Updater:308 - Updater called before beeing initialized
2024-01-20 22:16:22,119 [ERROR] CADModel:125 - Updater not yet initialized, retry later 
2024-01-20 22:16:22,128 [FATAL] Updater:308 - Updater called before beeing initialized
2024-01-20 22:16:22,434 [FATAL] Updater:308 - Updater called before beeing initialized
2024-01-20 22:16:22,453 [INFO] DbMcusAds:53 - JSON generation date=Wed Nov 29 16:22:38 IST 2023 (1701255158764)
2024-01-20 22:16:22,453 [FATAL] Updater:308 - Updater called before beeing initialized
2024-01-20 22:16:22,769 [WARN] DetailPanel:346 - Failed to get advertising image, set to default
2024-01-20 22:16:23,077 [FATAL] Updater:308 - Updater called before beeing initialized
2024-01-20 22:16:23,083 [FATAL] Updater:308 - Updater called before beeing initialized
2024-01-20 22:16:23,083 [FATAL] Updater:308 - Updater called before beeing initialized
2024-01-20 22:16:23,084 [WARN] DetailPanel:346 - Failed to get advertising image, set to default
2024-01-20 22:16:23,085 [FATAL] Updater:308 - Updater called before beeing initialized
2024-01-20 22:16:23,257 [ERROR] Updater:1120 - MainUpdater not yet initialized. External WinMGr cannot be set.
2024-01-20 22:16:23,283 [INFO] Updater:1056 - Updater Version found : 6.10.0
2024-01-20 22:16:23,354 [INFO] ApplicationProperties:184 - Using Application install path: C:\ST\STM32CubeIDE_1.13.2\STM32CubeIDE\plugins\com.st.stm32cube.common.mx_6.10.0.202311202037
2024-01-20 22:16:23,641 [INFO] ThirdPartyUpdaterWithRetryManager:70 - Updater plugin not ready yet. [4/15]
2024-01-20 22:16:25,020 [ERROR] LogOutputStream:75 - [STDERR_REDIRECT] Jan 20, 2024 10:16:25 PM java.util.prefs.WindowsPreferences <init>
2024-01-20 22:16:25,023 [ERROR] LogOutputStream:75 - [STDERR_REDIRECT] WARNING: Could not open/create prefs root node Software\JavaSoft\Prefs at root 0xffffffff80000002. Windows RegCreateKeyEx(...) returned error code 5.
2024-01-20 22:16:25,024 [ERROR] LogOutputStream:75 - [STDERR_REDIRECT] 
2024-01-20 22:16:26,648 [FATAL] Updater:308 - Updater called before beeing initialized
2024-01-20 22:16:26,649 [ERROR] IntegrityCheckThread:130 - Cannot retrieve database content from updater: error 21
2024-01-20 22:16:26,651 [INFO] ThirdParty:978 - Integrity check success = false
2024-01-20 22:16:26,651 [INFO] IntegrityCheckThread:100 - exiting critical section [integrity check]
2024-01-20 22:16:26,652 [INFO] IntegrityCheckThread:103 - End integrity checks thread
2024-01-20 22:16:26,864 [INFO] MainUpdater:2873 - connection check result : 10
2024-01-20 22:16:26,866 [INFO] MainUpdater:3567 - Updater definition file requires update
2024-01-20 22:16:26,870 [INFO] MainUpdater:290 - Updater Check For Update Now.
2024-01-20 22:16:26,871 [INFO] MicroXplorer:498 - Change Database Version : DB.6.0.100
2024-01-20 22:16:26,932 [INFO] McuFinderGlobals:63 - Set McuFinder mode to 2 (CubeIDE integrated)
2024-01-20 22:16:28,103 [INFO] UserAuth:404 - Internet connection configuration mode: 1
2024-01-20 22:16:28,190 [INFO] JxBrowserEngine:152 - Initiate JxBrowser Engine with user profile folder
2024-01-20 22:16:28,663 [INFO] ServerAccessManage:473 - Download File updaters.zip
2024-01-20 22:16:29,677 [INFO] FileExtend:240 - Unzip File : updaters.zip
2024-01-20 22:16:29,677 [INFO] FileExtend:255 - Standard Zip Deflate
2024-01-20 22:16:31,359 [INFO] ServerAccessManage:473 - Download File PacksControlFlags.xml
2024-01-20 22:16:31,622 [INFO] ServerAccessManage:473 - Download File cubemx.pidx
2024-01-20 22:16:31,948 [INFO] LoadServerUpdatesThread:375 - End of LoadServerUpdate Thread
2024-01-20 22:16:32,280 [INFO] CheckServerUpdateThread:120 - End of CheckServer Thread
2024-01-20 22:16:36,279 [INFO] WebApp:161 - Instantiating new browser for Auth
2024-01-20 22:16:38,376 [INFO] WebApp:780 - Register for checkConnection events
2024-01-20 22:16:38,377 [INFO] WebApp:414 - Apply proxy settings
2024-01-20 22:16:38,378 [INFO] WebApp:499 - Chromium requires no authentication
2024-01-20 22:16:38,434 [INFO] WebApp:442 - Direct internet connection detected
2024-01-20 22:16:38,981 [INFO] WebApp:192 - Starting web application
2024-01-20 22:16:38,981 [INFO] WebApp:544 - Web application path used C:\ST\STM32CubeIDE_1.13.2\STM32CubeIDE\plugins\com.st.stm32cube.common.mx_6.10.0.202311202037\db\plugins\mcufinder\reactClient1\index.html
2024-01-20 22:17:02,193 [ERROR] LogOutputStream:75 - [STDERR_REDIRECT] SLF4J: Failed to load class "org.slf4j.impl.StaticLoggerBinder".
2024-01-20 22:17:02,199 [ERROR] LogOutputStream:75 - [STDERR_REDIRECT] SLF4J: Defaulting to no-operation (NOP) logger implementation
2024-01-20 22:17:02,211 [ERROR] LogOutputStream:75 - [STDERR_REDIRECT] SLF4J: See http://www.slf4j.org/codes.html#StaticLoggerBinder for further details.
2024-01-20 22:19:57,082 [ERROR] LogOutputStream:75 - [STDERR_REDIRECT] 
