2023-11-07 12:56:49,308 [INFO] Activator:176 - 


2023-11-07 12:56:49,325 [INFO] Activator:177 - !SESSION log4j initialized
2023-11-07 12:57:00,484 [INFO] LogOutputStream:77 - [STDOUT_REDIRECT] 
2023-11-07 12:57:01,169 [ERROR] ConfigurationRetriever:142 - IOException on connection: sw-center.st.com
2023-11-07 12:57:01,172 [ERROR] ConfigurationRetriever:142 - IOException on connection: sw-center.st.com
2023-11-07 12:57:01,173 [ERROR] ConfigurationRetriever:142 - IOException on connection: sw-center.st.com
2023-11-07 12:57:02,263 [INFO] ApplicationProperties:184 - Using Application install path: C:\ST\STM32CubeIDE_1.13.2\STM32CubeIDE\plugins\com.st.stm32cube.common.mx_6.9.2.202309101412
2023-11-07 12:57:02,308 [INFO] DbMcusXml:78 - Set database path to: C:\ST\STM32CubeIDE_1.13.2\STM32CubeIDE\plugins\com.st.stm32cube.common.mx_6.9.2.202309101412\\db\/mcu/
2023-11-07 12:57:02,309 [INFO] ApiDb:274 - Set plugin database path to: C:\ST\STM32CubeIDE_1.13.2\STM32CubeIDE\plugins\com.st.stm32cube.common.mx_6.9.2.202309101412\\db\/plugins/boardmanager/
2023-11-07 12:57:02,309 [WARN] ApiDb:259 - Overriding images path with different value:  => C:\ST\STM32CubeIDE_1.13.2\STM32CubeIDE\plugins\com.st.stm32cube.common.mx_6.9.2.202309101412\\db\/plugins/mcufinder/images/
2023-11-07 12:57:02,340 [INFO] ApiDb:250 - Set database path to: C:\Users\Administrator\.stmcufinder\plugins\mcufinder//mcu/
2023-11-07 12:57:02,342 [INFO] DbMcusAds:125 - Set database path to: C:\Users\Administrator\.stmcufinder\plugins\mcufinder//mcu/
2023-11-07 12:57:02,347 [INFO] CrossReferenceDbSqlite:203 - Set database path to: C:\Users\Administrator\.stmcufinder\plugins\mcufinder//mcu/cs/
2023-11-07 12:57:02,581 [INFO] RulesReader:64 - Compatibility file has been processed (293 Rules)
2023-11-07 12:57:02,763 [INFO] DbMcusXml:78 - Set database path to: C:\ST\STM32CubeIDE_1.13.2\STM32CubeIDE\plugins\com.st.stm32cube.common.mx_6.9.2.202309101412\\db\/mcu/
2023-11-07 12:57:02,764 [INFO] ApiDb:274 - Set plugin database path to: C:\ST\STM32CubeIDE_1.13.2\STM32CubeIDE\plugins\com.st.stm32cube.common.mx_6.9.2.202309101412\\db\/plugins/boardmanager/
2023-11-07 12:57:02,764 [INFO] ApiDb:261 - Set plugin images path to: C:\ST\STM32CubeIDE_1.13.2\STM32CubeIDE\plugins\com.st.stm32cube.common.mx_6.9.2.202309101412\\db\/plugins/mcufinder/images/
2023-11-07 12:57:02,765 [WARN] DbFile:41 - Overriding database path with different value: C:\Users\Administrator\.stmcufinder\plugins\mcufinder/ => C:\Users\Administrator\.stmcufinder\plugins\mcufinder
2023-11-07 12:57:02,765 [INFO] ApiDb:250 - Set database path to: C:\Users\Administrator\.stmcufinder\plugins\mcufinder//mcu/
2023-11-07 12:57:02,765 [WARN] DbFile:41 - Overriding database path with different value: C:\Users\Administrator\.stmcufinder\plugins\mcufinder/ => C:\Users\Administrator\.stmcufinder\plugins\mcufinder
2023-11-07 12:57:02,765 [INFO] DbMcusAds:125 - Set database path to: C:\Users\Administrator\.stmcufinder\plugins\mcufinder//mcu/
2023-11-07 12:57:02,765 [WARN] DbFile:41 - Overriding database path with different value: C:\Users\Administrator\.stmcufinder\plugins\mcufinder/ => C:\Users\Administrator\.stmcufinder\plugins\mcufinder
2023-11-07 12:57:02,765 [WARN] DbFile:41 - Overriding database path with different value: C:\Users\Administrator\.stmcufinder\plugins\mcufinder/ => C:\Users\Administrator\.stmcufinder\plugins\mcufinder
2023-11-07 12:57:02,765 [INFO] CrossReferenceDbSqlite:203 - Set database path to: C:\Users\Administrator\.stmcufinder\plugins\mcufinder//mcu/cs/
2023-11-07 12:57:02,922 [INFO] MainPanel:262 - HeapMemory: 268435456
2023-11-07 12:57:03,103 [INFO] DbMcusXml:78 - Set database path to: C:\ST\STM32CubeIDE_1.13.2\STM32CubeIDE\plugins\com.st.stm32cube.common.mx_6.9.2.202309101412\\db\/mcu/
2023-11-07 12:57:03,104 [INFO] ApiDb:274 - Set plugin database path to: C:\ST\STM32CubeIDE_1.13.2\STM32CubeIDE\plugins\com.st.stm32cube.common.mx_6.9.2.202309101412\\db\/plugins/boardmanager/
2023-11-07 12:57:03,104 [INFO] ApiDb:261 - Set plugin images path to: C:\ST\STM32CubeIDE_1.13.2\STM32CubeIDE\plugins\com.st.stm32cube.common.mx_6.9.2.202309101412\\db\/plugins/mcufinder/images/
2023-11-07 12:57:03,105 [WARN] DbFile:41 - Overriding database path with different value: C:\Users\Administrator\.stmcufinder\plugins\mcufinder/ => C:\Users\Administrator\.stmcufinder\plugins\mcufinder
2023-11-07 12:57:03,105 [INFO] ApiDb:250 - Set database path to: C:\Users\Administrator\.stmcufinder\plugins\mcufinder//mcu/
2023-11-07 12:57:03,105 [WARN] DbFile:41 - Overriding database path with different value: C:\Users\Administrator\.stmcufinder\plugins\mcufinder/ => C:\Users\Administrator\.stmcufinder\plugins\mcufinder
2023-11-07 12:57:03,105 [INFO] DbMcusAds:125 - Set database path to: C:\Users\Administrator\.stmcufinder\plugins\mcufinder//mcu/
2023-11-07 12:57:03,105 [WARN] DbFile:41 - Overriding database path with different value: C:\Users\Administrator\.stmcufinder\plugins\mcufinder/ => C:\Users\Administrator\.stmcufinder\plugins\mcufinder
2023-11-07 12:57:03,105 [WARN] DbFile:41 - Overriding database path with different value: C:\Users\Administrator\.stmcufinder\plugins\mcufinder/ => C:\Users\Administrator\.stmcufinder\plugins\mcufinder
2023-11-07 12:57:03,105 [INFO] CrossReferenceDbSqlite:203 - Set database path to: C:\Users\Administrator\.stmcufinder\plugins\mcufinder//mcu/cs/
2023-11-07 12:57:03,133 [INFO] ApplicationProperties:184 - Using Application install path: C:\ST\STM32CubeIDE_1.13.2\STM32CubeIDE\plugins\com.st.stm32cube.common.mx_6.9.2.202309101412
2023-11-07 12:57:03,135 [INFO] PluginManage:196 - Search for loadable plugins [exclusion list=, ]
2023-11-07 12:57:03,137 [INFO] PluginManage:310 - Check plugin analytics
2023-11-07 12:57:03,400 [INFO] AnalyticsPlugin:253 - Accepted Software Licenses: 
2023-11-07 12:57:03,400 [INFO] AnalyticsPlugin:255 - Accepted CMSIS Pack Licenses: 
2023-11-07 12:57:03,400 [INFO] AnalyticsPlugin:257 - Accepted Firmware Licenses: 
2023-11-07 12:57:03,405 [INFO] PluginManage:359 - Loaded plugin analytics (category:tool,tabindex:-1)
2023-11-07 12:57:03,406 [ERROR] ConfigurationRetriever:142 - IOException on connection: sw-center.st.com
2023-11-07 12:57:03,406 [INFO] PluginManage:310 - Check plugin cadmodel
2023-11-07 12:57:03,407 [ERROR] ConfigurationRetriever:142 - IOException on connection: sw-center.st.com
2023-11-07 12:57:03,408 [ERROR] ConfigurationRetriever:142 - IOException on connection: sw-center.st.com
2023-11-07 12:57:03,417 [INFO] CADModel:105 - Init CAD model plugin
2023-11-07 12:57:03,417 [INFO] PluginManage:359 - Loaded plugin cadmodel (category:power,tabindex:5)
2023-11-07 12:57:03,417 [INFO] PluginManage:310 - Check plugin clock
2023-11-07 12:57:03,435 [INFO] PluginManage:359 - Loaded plugin clock (category:base,tabindex:2)
2023-11-07 12:57:03,435 [INFO] PluginManage:310 - Check plugin ddr
2023-11-07 12:57:03,440 [INFO] PluginManage:359 - Loaded plugin ddr (category:tool,tabindex:6)
2023-11-07 12:57:03,440 [INFO] PluginManage:310 - Check plugin filemanager
2023-11-07 12:57:03,638 [INFO] PluginManage:359 - Loaded plugin filemanager (category:base,tabindex:10)
2023-11-07 12:57:03,638 [INFO] PluginManage:310 - Check plugin ipmanager
2023-11-07 12:57:03,647 [INFO] PluginManage:359 - Loaded plugin ipmanager (category:base,tabindex:5)
2023-11-07 12:57:03,647 [INFO] PluginManage:310 - Check plugin lpbam
2023-11-07 12:57:03,658 [INFO] PluginManage:359 - Loaded plugin lpbam (category:base,tabindex:0)
2023-11-07 12:57:03,658 [INFO] PluginManage:310 - Check plugin memorymap
2023-11-07 12:57:03,679 [INFO] PluginManage:359 - Loaded plugin memorymap (category:base,tabindex:4)
2023-11-07 12:57:03,680 [INFO] PluginManage:310 - Check plugin pinoutandconfiguration
2023-11-07 12:57:03,691 [INFO] PluginManage:359 - Loaded plugin pinoutandconfiguration (category:base,tabindex:1)
2023-11-07 12:57:03,691 [INFO] PluginManage:310 - Check plugin pinoutconfig
2023-11-07 12:57:03,816 [WARN] SupportedApi:132 - Cannot load RTOS API schema: s4s-elt-must-match.1: The content of 'definitions' must match (annotation?, (simpleType | complexType)?, (unique | key | keyref)*)). A problem was found starting at: attribute.
2023-11-07 12:57:04,167 [INFO] PluginManage:359 - Loaded plugin pinoutconfig (category:base,tabindex:0)
2023-11-07 12:57:04,168 [INFO] PluginManage:310 - Check plugin power
2023-11-07 12:57:04,231 [INFO] PluginManage:359 - Loaded plugin power (category:power,tabindex:4)
2023-11-07 12:57:04,232 [INFO] PluginManage:310 - Check plugin projectmanager
2023-11-07 12:57:04,273 [INFO] PluginManage:359 - Loaded plugin projectmanager (category:projectmanager,tabindex:3)
2023-11-07 12:57:04,273 [INFO] PluginManage:310 - Check plugin thirdparty
2023-11-07 12:57:04,671 [WARN] IntegrityCheckThread:84 - waiting for thirdparty lock release [integrity check]
2023-11-07 12:57:04,672 [INFO] PluginManage:359 - Loaded plugin thirdparty (category:base,tabindex:-1)
2023-11-07 12:57:04,672 [INFO] IntegrityCheckThread:86 - entering critical section [integrity check]
2023-11-07 12:57:04,672 [INFO] PluginManage:310 - Check plugin tools
2023-11-07 12:57:04,673 [INFO] ThirdPartyUpdaterWithRetryManager:70 - Updater plugin not ready yet. [1/15]
2023-11-07 12:57:04,681 [INFO] PluginManage:359 - Loaded plugin tools (category:base,tabindex:7)
2023-11-07 12:57:04,682 [INFO] PluginManage:310 - Check plugin tutovideos
2023-11-07 12:57:05,313 [INFO] PluginManage:359 - Loaded plugin tutovideos (category:base,tabindex:-1)
2023-11-07 12:57:05,313 [INFO] PluginManage:310 - Check plugin updater
2023-11-07 12:57:05,330 [INFO] PluginManage:359 - Loaded plugin updater (category:base,tabindex:12)
2023-11-07 12:57:05,331 [INFO] PluginManage:310 - Check plugin userauth
2023-11-07 12:57:05,338 [INFO] UserAuth:113 - Init User Auth plugin
2023-11-07 12:57:05,338 [INFO] PluginManage:359 - Loaded plugin userauth (category:base,tabindex:14)
2023-11-07 12:57:05,339 [INFO] PluginManage:283 - PluginManage : Loaded plugins [17]
2023-11-07 12:57:05,665 [INFO] PinOutPanel:1499 - setPackage(No Configuration,No Configuration)
2023-11-07 12:57:05,795 [INFO] CADModel:165 - CPN selected for project level
2023-11-07 12:57:05,795 [INFO] CADModel:114 - Register for checkConnection events
2023-11-07 12:57:05,823 [INFO] IPUIPlugin:80 - create IPUIPlugin
2023-11-07 12:57:05,823 [INFO] PluginManager:220 - loadIPPluginJar : add adc
2023-11-07 12:57:05,828 [INFO] IPUIPlugin:80 - create IPUIPlugin
2023-11-07 12:57:05,828 [INFO] PluginManager:220 - loadIPPluginJar : add aes
2023-11-07 12:57:05,832 [INFO] IPUIPlugin:80 - create IPUIPlugin
2023-11-07 12:57:05,832 [INFO] PluginManager:220 - loadIPPluginJar : add can
2023-11-07 12:57:05,834 [INFO] IPUIPlugin:80 - create IPUIPlugin
2023-11-07 12:57:05,834 [INFO] PluginManager:220 - loadIPPluginJar : add comp
2023-11-07 12:57:05,837 [INFO] IPUIPlugin:80 - create IPUIPlugin
2023-11-07 12:57:05,838 [INFO] PluginManager:220 - loadIPPluginJar : add cryp
2023-11-07 12:57:05,840 [INFO] IPUIPlugin:80 - create IPUIPlugin
2023-11-07 12:57:05,841 [INFO] PluginManager:220 - loadIPPluginJar : add dfsdm
2023-11-07 12:57:05,847 [INFO] IPUIPlugin:80 - create IPUIPlugin
2023-11-07 12:57:05,847 [INFO] PluginManager:220 - loadIPPluginJar : add dma
2023-11-07 12:57:05,851 [INFO] IPUIPlugin:80 - create IPUIPlugin
2023-11-07 12:57:05,851 [INFO] PluginManager:220 - loadIPPluginJar : add dma3
2023-11-07 12:57:05,854 [INFO] IPUIPlugin:80 - create IPUIPlugin
2023-11-07 12:57:05,854 [INFO] PluginManager:220 - loadIPPluginJar : add fatfs
2023-11-07 12:57:05,860 [INFO] IPUIPlugin:80 - create IPUIPlugin
2023-11-07 12:57:05,860 [INFO] PluginManager:220 - loadIPPluginJar : add fmc
2023-11-07 12:57:05,870 [INFO] IPUIPlugin:80 - create IPUIPlugin
2023-11-07 12:57:05,871 [INFO] PluginManager:220 - loadIPPluginJar : add freertos
2023-11-07 12:57:05,872 [INFO] IPUIPlugin:80 - create IPUIPlugin
2023-11-07 12:57:05,873 [INFO] PluginManager:220 - loadIPPluginJar : add genericplugin
2023-11-07 12:57:05,876 [INFO] IPUIPlugin:80 - create IPUIPlugin
2023-11-07 12:57:05,876 [INFO] PluginManager:220 - loadIPPluginJar : add gfxmmu
2023-11-07 12:57:05,883 [INFO] IPUIPlugin:80 - create IPUIPlugin
2023-11-07 12:57:05,883 [INFO] PluginManager:220 - loadIPPluginJar : add gic
2023-11-07 12:57:05,889 [INFO] IPUIPlugin:80 - create IPUIPlugin
2023-11-07 12:57:05,890 [INFO] PluginManager:220 - loadIPPluginJar : add gpio
2023-11-07 12:57:05,895 [INFO] IPUIPlugin:80 - create IPUIPlugin
2023-11-07 12:57:05,895 [INFO] PluginManager:220 - loadIPPluginJar : add gtzc
2023-11-07 12:57:05,898 [INFO] IPUIPlugin:80 - create IPUIPlugin
2023-11-07 12:57:05,899 [INFO] PluginManager:220 - loadIPPluginJar : add hash
2023-11-07 12:57:05,903 [INFO] IPUIPlugin:80 - create IPUIPlugin
2023-11-07 12:57:05,903 [INFO] PluginManager:220 - loadIPPluginJar : add i2c
2023-11-07 12:57:05,907 [INFO] IPUIPlugin:80 - create IPUIPlugin
2023-11-07 12:57:05,907 [INFO] PluginManager:220 - loadIPPluginJar : add i2s
2023-11-07 12:57:05,911 [INFO] IPUIPlugin:80 - create IPUIPlugin
2023-11-07 12:57:05,911 [INFO] PluginManager:220 - loadIPPluginJar : add i3c
2023-11-07 12:57:05,914 [INFO] IPUIPlugin:80 - create IPUIPlugin
2023-11-07 12:57:05,914 [INFO] PluginManager:220 - loadIPPluginJar : add ipddr
2023-11-07 12:57:05,926 [INFO] IPUIPlugin:80 - create IPUIPlugin
2023-11-07 12:57:05,926 [INFO] PluginManager:220 - loadIPPluginJar : add linkedlist
2023-11-07 12:57:05,930 [INFO] IPUIPlugin:80 - create IPUIPlugin
2023-11-07 12:57:05,930 [INFO] PluginManager:220 - loadIPPluginJar : add lorawan
2023-11-07 12:57:05,932 [INFO] IPUIPlugin:80 - create IPUIPlugin
2023-11-07 12:57:05,933 [INFO] PluginManager:220 - loadIPPluginJar : add ltdc
2023-11-07 12:57:05,941 [INFO] IPUIPlugin:80 - create IPUIPlugin
2023-11-07 12:57:05,941 [INFO] PluginManager:220 - loadIPPluginJar : add mdma
2023-11-07 12:57:05,947 [INFO] IPUIPlugin:80 - create IPUIPlugin
2023-11-07 12:57:05,947 [INFO] PluginManager:220 - loadIPPluginJar : add nvic
2023-11-07 12:57:05,951 [INFO] IPUIPlugin:80 - create IPUIPlugin
2023-11-07 12:57:05,951 [INFO] PluginManager:220 - loadIPPluginJar : add opamp
2023-11-07 12:57:05,955 [INFO] IPUIPlugin:80 - create IPUIPlugin
2023-11-07 12:57:05,955 [INFO] PluginManager:220 - loadIPPluginJar : add openamp
2023-11-07 12:57:05,959 [INFO] IPUIPlugin:80 - create IPUIPlugin
2023-11-07 12:57:05,960 [INFO] PluginManager:220 - loadIPPluginJar : add pdm2pcm
2023-11-07 12:57:05,966 [INFO] IPUIPlugin:80 - create IPUIPlugin
2023-11-07 12:57:05,969 [INFO] PluginManager:220 - loadIPPluginJar : add plateformsettings
2023-11-07 12:57:05,971 [INFO] IPUIPlugin:80 - create IPUIPlugin
2023-11-07 12:57:05,972 [INFO] PluginManager:220 - loadIPPluginJar : add quadspi
2023-11-07 12:57:05,977 [INFO] IPUIPlugin:80 - create IPUIPlugin
2023-11-07 12:57:05,977 [INFO] PluginManager:220 - loadIPPluginJar : add resmgrutility
2023-11-07 12:57:05,982 [INFO] IPUIPlugin:80 - create IPUIPlugin
2023-11-07 12:57:05,982 [INFO] PluginManager:220 - loadIPPluginJar : add sai
2023-11-07 12:57:05,984 [INFO] IPUIPlugin:80 - create IPUIPlugin
2023-11-07 12:57:05,984 [INFO] PluginManager:220 - loadIPPluginJar : add spi
2023-11-07 12:57:05,991 [INFO] IPUIPlugin:80 - create IPUIPlugin
2023-11-07 12:57:05,991 [INFO] PluginManager:220 - loadIPPluginJar : add stm32_wpan
2023-11-07 12:57:05,993 [INFO] IPUIPlugin:80 - create IPUIPlugin
2023-11-07 12:57:05,994 [INFO] PluginManager:220 - loadIPPluginJar : add tim
2023-11-07 12:57:05,998 [INFO] IPUIPlugin:80 - create IPUIPlugin
2023-11-07 12:57:05,999 [INFO] PluginManager:220 - loadIPPluginJar : add touchsensing
2023-11-07 12:57:06,002 [INFO] IPUIPlugin:80 - create IPUIPlugin
2023-11-07 12:57:06,002 [INFO] PluginManager:220 - loadIPPluginJar : add tracer_emb
2023-11-07 12:57:06,005 [INFO] IPUIPlugin:80 - create IPUIPlugin
2023-11-07 12:57:06,006 [INFO] PluginManager:220 - loadIPPluginJar : add ts
2023-11-07 12:57:06,008 [INFO] IPUIPlugin:80 - create IPUIPlugin
2023-11-07 12:57:06,008 [INFO] PluginManager:220 - loadIPPluginJar : add tsc
2023-11-07 12:57:06,011 [INFO] IPUIPlugin:80 - create IPUIPlugin
2023-11-07 12:57:06,012 [INFO] PluginManager:220 - loadIPPluginJar : add ucpd
2023-11-07 12:57:06,015 [INFO] IPUIPlugin:80 - create IPUIPlugin
2023-11-07 12:57:06,015 [INFO] PluginManager:220 - loadIPPluginJar : add usart
2023-11-07 12:57:06,019 [INFO] IPUIPlugin:80 - create IPUIPlugin
2023-11-07 12:57:06,019 [INFO] PluginManager:220 - loadIPPluginJar : add usbx
2023-11-07 12:57:06,145 [INFO] CADModel:165 - CPN selected for project level
2023-11-07 12:57:06,145 [INFO] CADModel:114 - Register for checkConnection events
2023-11-07 12:57:06,146 [FATAL] Updater:308 - Updater called before beeing initialized
2023-11-07 12:57:06,146 [ERROR] CADModel:125 - Updater not yet initialized, retry later 
2023-11-07 12:57:06,332 [INFO] CADModel:165 - CPN selected for project level
2023-11-07 12:57:06,332 [INFO] CADModel:114 - Register for checkConnection events
2023-11-07 12:57:06,333 [FATAL] Updater:308 - Updater called before beeing initialized
2023-11-07 12:57:06,333 [ERROR] CADModel:125 - Updater not yet initialized, retry later 
2023-11-07 12:57:06,337 [FATAL] Updater:308 - Updater called before beeing initialized
2023-11-07 12:57:06,445 [FATAL] Updater:308 - Updater called before beeing initialized
2023-11-07 12:57:06,451 [INFO] DbMcusAds:53 - JSON generation date=Thu Sep 30 12:25:09 IST 2021 (1632984909247)
2023-11-07 12:57:06,451 [FATAL] Updater:308 - Updater called before beeing initialized
2023-11-07 12:57:06,499 [WARN] DetailPanel:346 - Failed to get advertising image, set to default
2023-11-07 12:57:06,595 [FATAL] Updater:308 - Updater called before beeing initialized
2023-11-07 12:57:06,597 [FATAL] Updater:308 - Updater called before beeing initialized
2023-11-07 12:57:06,597 [FATAL] Updater:308 - Updater called before beeing initialized
2023-11-07 12:57:06,597 [WARN] DetailPanel:346 - Failed to get advertising image, set to default
2023-11-07 12:57:06,598 [FATAL] Updater:308 - Updater called before beeing initialized
2023-11-07 12:57:06,646 [ERROR] Updater:1120 - MainUpdater not yet initialized. External WinMGr cannot be set.
2023-11-07 12:57:06,648 [INFO] Updater:1056 - Updater Version found : 6.9.2
2023-11-07 12:57:06,668 [INFO] ApplicationProperties:184 - Using Application install path: C:\ST\STM32CubeIDE_1.13.2\STM32CubeIDE\plugins\com.st.stm32cube.common.mx_6.9.2.202309101412
2023-11-07 12:57:06,769 [ERROR] ServerAccessManage:1146 - Warning during Server Connection :  Unknown host sw-center.st.com
2023-11-07 12:57:06,777 [INFO] MainUpdater:2868 - connection check result : 22
2023-11-07 12:57:06,778 [INFO] MainUpdater:285 - Updater Check For Update Now.
2023-11-07 12:57:06,778 [INFO] MicroXplorer:498 - Change Database Version : DB.6.0.92
2023-11-07 12:57:06,794 [INFO] McuFinderGlobals:63 - Set McuFinder mode to 2 (CubeIDE integrated)
2023-11-07 12:57:06,794 [INFO] UserAuth:179 - activating auth plugin
2023-11-07 12:57:06,797 [INFO] UserAuth:393 - Internet connection configuration mode: 2
2023-11-07 12:57:06,996 [INFO] CheckServerUpdateThread:120 - End of CheckServer Thread
2023-11-07 12:57:07,837 [WARN] PackLoader:240 - Cannot read IP mode file for STMicroelectronics.X-CUBE-SMBUS.2.1.0
2023-11-07 12:57:07,876 [WARN] PackLoader:240 - Cannot read IP mode file for STMicroelectronics.X-CUBE-AZRTOS-F7.1.1.0
2023-11-07 12:57:07,891 [WARN] PackLoader:240 - Cannot read IP mode file for STMicroelectronics.FP-SNS-MOTENV1.4.3.2
2023-11-07 12:57:07,900 [WARN] PackLoader:240 - Cannot read IP mode file for STMicroelectronics.FP-SNS-FLIGHT1.5.0.2
2023-11-07 12:57:07,914 [WARN] PackLoader:240 - Cannot read IP mode file for STMicroelectronics.X-CUBE-DISPLAY.3.0.0
2023-11-07 12:57:07,936 [WARN] PackLoader:240 - Cannot read IP mode file for STMicroelectronics.X-CUBE-BLE1.7.0.0
2023-11-07 12:57:07,947 [WARN] PackLoader:240 - Cannot read IP mode file for emotas.I-CUBE-CANOPEN.1.3.0
2023-11-07 12:57:07,957 [WARN] PackLoader:240 - Cannot read IP mode file for STMicroelectronics.X-CUBE-TOUCHGFX.4.22.1
2023-11-07 12:57:07,972 [WARN] PackLoader:240 - Cannot read IP mode file for STMicroelectronics.FP-SNS-SMARTAG2.1.2.0
2023-11-07 12:57:08,006 [INFO] LogOutputStream:77 - [STDOUT_REDIRECT] 1 : Invalid condition id : UX_CORESTACK_Condition cause : null
2023-11-07 12:57:08,008 [INFO] LogOutputStream:77 - [STDOUT_REDIRECT] 1 : Invalid condition id : UX_CORESTACK_Condition cause : null
2023-11-07 12:57:08,012 [INFO] LogOutputStream:77 - [STDOUT_REDIRECT] 1 : Invalid condition id : UX_CORESTACK_Condition cause : null
2023-11-07 12:57:08,016 [INFO] LogOutputStream:77 - [STDOUT_REDIRECT] 1 : Invalid condition id : UX_CORESTACK_Condition cause : null
2023-11-07 12:57:08,020 [INFO] LogOutputStream:77 - [STDOUT_REDIRECT] 1 : Invalid condition id : UX_CORESTACK_Condition cause : null
2023-11-07 12:57:08,039 [WARN] PackLoader:240 - Cannot read IP mode file for STMicroelectronics.X-CUBE-AZRTOS-WL.2.0.0
2023-11-07 12:57:08,066 [WARN] PackLoader:240 - Cannot read IP mode file for WES.I-CUBE-Cesium.1.3.0
2023-11-07 12:57:08,082 [WARN] PackLoader:240 - Cannot read IP mode file for STMicroelectronics.X-CUBE-BLE2.3.3.0
2023-11-07 12:57:08,104 [WARN] PackLoader:240 - Cannot read IP mode file for STMicroelectronics.X-CUBE-ALGOBUILD.1.3.0
2023-11-07 12:57:08,173 [WARN] PackLoader:240 - Cannot read IP mode file for STMicroelectronics.X-CUBE-AZRTOS-G0.1.1.0
2023-11-07 12:57:08,195 [WARN] PackLoader:240 - Cannot read IP mode file for STMicroelectronics.X-CUBE-NFC4.3.0.0
2023-11-07 12:57:08,207 [WARN] PackLoader:240 - Cannot read IP mode file for STMicroelectronics.FP-ATR-SIGFOX1.3.2.0
2023-11-07 12:57:08,222 [WARN] PackLoader:240 - Cannot read IP mode file for STMicroelectronics.X-CUBE-GNSS1.6.0.0
2023-11-07 12:57:08,292 [WARN] PackLoader:240 - Cannot read IP mode file for STMicroelectronics.X-CUBE-AZRTOS-F4.1.1.0
2023-11-07 12:57:08,312 [WARN] PackLoader:240 - Cannot read IP mode file for wolfSSL.I-CUBE-wolfSSL.5.6.3
2023-11-07 12:57:08,370 [WARN] PackLoader:240 - Cannot read IP mode file for STMicroelectronics.X-CUBE-AZRTOS-L5.2.0.0
2023-11-07 12:57:08,389 [WARN] PackLoader:240 - Cannot read IP mode file for STMicroelectronics.X-CUBE-EEPRMA1.4.2.0
2023-11-07 12:57:08,403 [WARN] PackLoader:240 - Cannot read IP mode file for ITTIA_DB.I-CUBE-ITTIADB.8.8.0
2023-11-07 12:57:08,425 [WARN] PackLoader:240 - Cannot read IP mode file for STMicroelectronics.X-CUBE-BLEMGR.2.0.0
2023-11-07 12:57:08,468 [WARN] ConditionMgr:438 - getConditionDescription Invalid condition id : UX DEVICE CLASS RTOS Condition cause : null
2023-11-07 12:57:08,469 [WARN] ConditionMgr:438 - getConditionDescription Invalid condition id : UX DEVICE CLASS RTOS Condition cause : null
2023-11-07 12:57:08,477 [WARN] PackLoader:240 - Cannot read IP mode file for STMicroelectronics.X-CUBE-AZRTOS-H7.3.1.0
2023-11-07 12:57:08,479 [WARN] ConditionMgr:1039 - genDependencies : Invalid condition id : UX DEVICE CLASS RTOS Condition cause : null
2023-11-07 12:57:08,479 [WARN] ConditionMgr:1039 - genDependencies : Invalid condition id : UX DEVICE CLASS RTOS Condition cause : null
2023-11-07 12:57:08,480 [WARN] ConditionMgr:1039 - genDependencies : Invalid condition id : UX DEVICE CLASS RTOS Condition cause : null
2023-11-07 12:57:08,481 [WARN] ConditionMgr:1039 - genDependencies : Invalid condition id : UX DEVICE CLASS RTOS Condition cause : null
2023-11-07 12:57:08,481 [WARN] ConditionMgr:1039 - genDependencies : Invalid condition id : UX DEVICE CLASS RTOS Condition cause : null
2023-11-07 12:57:08,496 [WARN] PackLoader:240 - Cannot read IP mode file for STMicroelectronics.X-CUBE-NFC7.1.0.1
2023-11-07 12:57:08,517 [WARN] PackLoader:240 - Cannot read IP mode file for STMicroelectronics.X-CUBE-NFC6.3.0.0
2023-11-07 12:57:08,528 [WARN] PackLoader:240 - Cannot read IP mode file for STMicroelectronics.X-CUBE-AI.8.1.0
2023-11-07 12:57:08,572 [WARN] ConditionMgr:438 - getConditionDescription Invalid condition id : LAN8742 Phy interface Condition cause : null
2023-11-07 12:57:08,574 [WARN] PackLoader:240 - Cannot read IP mode file for STMicroelectronics.X-CUBE-AZRTOS-L4.2.0.0
2023-11-07 12:57:08,578 [WARN] ConditionMgr:1039 - genDependencies : Invalid condition id : LAN8742 Phy interface Condition cause : null
2023-11-07 12:57:08,579 [WARN] ConditionMgr:1039 - genDependencies : Invalid condition id : LAN8742 Phy interface Condition cause : null
2023-11-07 12:57:08,580 [WARN] ConditionMgr:1039 - genDependencies : Invalid condition id : LAN8742 Phy interface Condition cause : null
2023-11-07 12:57:08,606 [WARN] PackLoader:240 - Cannot read IP mode file for STMicroelectronics.X-CUBE-SFXS2LP1.4.0.0
2023-11-07 12:57:08,620 [WARN] PackLoader:240 - Cannot read IP mode file for STMicroelectronics.X-CUBE-ISPU.1.1.0
2023-11-07 12:57:08,652 [WARN] ConditionMgr:438 - getConditionDescription Invalid condition id : UX DEVICE CLASS RTOS Condition cause : null
2023-11-07 12:57:08,653 [WARN] ConditionMgr:438 - getConditionDescription Invalid condition id : UX DEVICE CLASS RTOS Condition cause : null
2023-11-07 12:57:08,680 [WARN] PackLoader:240 - Cannot read IP mode file for STMicroelectronics.X-CUBE-AZRTOS-WB.2.0.0
2023-11-07 12:57:08,681 [WARN] ConditionMgr:1039 - genDependencies : Invalid condition id : UX DEVICE CLASS RTOS Condition cause : null
2023-11-07 12:57:08,682 [WARN] ConditionMgr:1039 - genDependencies : Invalid condition id : UX DEVICE CLASS RTOS Condition cause : null
2023-11-07 12:57:08,683 [WARN] ConditionMgr:1039 - genDependencies : Invalid condition id : UX DEVICE CLASS RTOS Condition cause : null
2023-11-07 12:57:08,684 [WARN] ConditionMgr:1039 - genDependencies : Invalid condition id : UX DEVICE CLASS RTOS Condition cause : null
2023-11-07 12:57:08,684 [WARN] ConditionMgr:1039 - genDependencies : Invalid condition id : UX DEVICE CLASS RTOS Condition cause : null
2023-11-07 12:57:08,710 [WARN] PackLoader:240 - Cannot read IP mode file for STMicroelectronics.X-CUBE-SUBG2.5.0.0
2023-11-07 12:57:08,762 [WARN] PackLoader:240 - Cannot read IP mode file for STMicroelectronics.X-CUBE-TOF1.3.3.1
2023-11-07 12:57:08,827 [WARN] PackLoader:240 - Cannot read IP mode file for STMicroelectronics.X-CUBE-AZRTOS-G4.2.0.0
2023-11-07 12:57:08,859 [WARN] PackLoader:240 - Cannot read IP mode file for Infineon.AIROC-Wi-Fi-Bluetooth-STM32.1.5.1
2023-11-07 12:57:08,972 [WARN] PackLoader:240 - Cannot read IP mode file for STMicroelectronics.X-CUBE-MEMS1.10.0.0
2023-11-07 12:57:09,380 [WARN] PackLoader:240 - Cannot read IP mode file for STMicroelectronics.X-CUBE-FREERTOS.1.1.0
2023-11-07 12:57:09,393 [WARN] PackLoader:240 - Cannot read IP mode file for portGmbH.I-Cube-SoM-uGOAL.1.1.0
2023-11-07 12:57:09,403 [WARN] PackLoader:240 - Cannot read IP mode file for STMicroelectronics.X-CUBE-ALS.1.0.1
2023-11-07 12:57:09,413 [WARN] PackLoader:240 - Cannot read IP mode file for STMicroelectronics.FP-ATR-ASTRA1.2.0.0
2023-11-07 12:57:09,415 [INFO] ThirdParty:978 - Integrity check success = true
2023-11-07 12:57:09,416 [INFO] IntegrityCheckThread:100 - exiting critical section [integrity check]
2023-11-07 12:57:09,416 [INFO] IntegrityCheckThread:103 - End integrity checks thread
2023-11-07 12:57:28,494 [ERROR] LogOutputStream:75 - [STDERR_REDIRECT] SLF4J: Failed to load class "org.slf4j.impl.StaticLoggerBinder".
2023-11-07 12:57:28,495 [ERROR] LogOutputStream:75 - [STDERR_REDIRECT] SLF4J: Defaulting to no-operation (NOP) logger implementation
2023-11-07 12:57:28,498 [ERROR] LogOutputStream:75 - [STDERR_REDIRECT] SLF4J: See http://www.slf4j.org/codes.html#StaticLoggerBinder for further details.
